#2025 01 30 17:49:10.891#Z#DEBUG#4cb0d20b-df32-11ef-a429-eeee0a862118.mck-portal#flowable-async-job-executor-thread-4861#
[PollStageAppStatusExecution] 40222c8a-98bd-4fed-b461-7f2fe6cd77f8 [2025-01-30T17:48:51.029044] Uploading app package for app with guid 40222c8a-98bd-4fed-b461-7f2fe6cd77f8 (STDOUT, API)#
#2025 01 30 17:49:10.891#Z#DEBUG#4cb0d20b-df32-11ef-a429-eeee0a862118.mck-portal#flowable-async-job-executor-thread-4861#
[PollStageAppStatusExecution] 40222c8a-98bd-4fed-b461-7f2fe6cd77f8 [2025-01-30T17:48:51.279818] Updated app with guid 40222c8a-98bd-4fed-b461-7f2fe6cd77f8 ({"environment_variables"=>"[PRIVATE DATA HIDDEN]"}) (STDOUT, API)#
#2025 01 30 17:49:10.891#Z#DEBUG#4cb0d20b-df32-11ef-a429-eeee0a862118.mck-portal#flowable-async-job-executor-thread-4861#
[PollStageAppStatusExecution] 40222c8a-98bd-4fed-b461-7f2fe6cd77f8 [2025-01-30T17:49:01.330826] Stopping app with guid 40222c8a-98bd-4fed-b461-7f2fe6cd77f8 (STDOUT, API)#
#2025 01 30 17:49:10.891#Z#DEBUG#4cb0d20b-df32-11ef-a429-eeee0a862118.mck-portal#flowable-async-job-executor-thread-4861#
[PollStageAppStatusExecution] 40222c8a-98bd-4fed-b461-7f2fe6cd77f8 [2025-01-30T17:49:01.379094] Cell dd7059b6-aa51-49b4-97f9-0302b687b5ba stopping instance f1227810-b2b6-4181-49f9-6729 (STDOUT, CELL)#
#2025 01 30 17:49:10.891#Z#DEBUG#4cb0d20b-df32-11ef-a429-eeee0a862118.mck-portal#flowable-async-job-executor-thread-4861#
[PollStageAppStatusExecution] 40222c8a-98bd-4fed-b461-7f2fe6cd77f8 [2025-01-30T17:49:01.704290] Creating build for app with guid 40222c8a-98bd-4fed-b461-7f2fe6cd77f8 (STDOUT, API)#
#2025 01 30 17:49:10.891#Z#DEBUG#4cb0d20b-df32-11ef-a429-eeee0a862118.mck-portal#flowable-async-job-executor-thread-4861#
[PollStageAppStatusExecution] 40222c8a-98bd-4fed-b461-7f2fe6cd77f8 [2025-01-30T17:49:02.287498] Downloading zero_trust_sidecar_buildpack_1_6... (STDOUT, STG)#
#2025 01 30 17:49:10.891#Z#DEBUG#4cb0d20b-df32-11ef-a429-eeee0a862118.mck-portal#flowable-async-job-executor-thread-4861#
[PollStageAppStatusExecution] 40222c8a-98bd-4fed-b461-7f2fe6cd77f8 [2025-01-30T17:49:02.287501] Downloading staticfile_buildpack... (STDOUT, STG)#
#2025 01 30 17:49:10.891#Z#DEBUG#4cb0d20b-df32-11ef-a429-eeee0a862118.mck-portal#flowable-async-job-executor-thread-4861#
[PollStageAppStatusExecution] 40222c8a-98bd-4fed-b461-7f2fe6cd77f8 [2025-01-30T17:49:02.301639] Downloaded staticfile_buildpack (STDOUT, STG)#
#2025 01 30 17:49:10.892#Z#DEBUG#4cb0d20b-df32-11ef-a429-eeee0a862118.mck-portal#flowable-async-job-executor-thread-4861#
[PollStageAppStatusExecution] 40222c8a-98bd-4fed-b461-7f2fe6cd77f8 [2025-01-30T17:49:02.301664] Downloading sap_java_buildpack_1_109... (STDOUT, STG)#
#2025 01 30 17:49:10.892#Z#DEBUG#4cb0d20b-df32-11ef-a429-eeee0a862118.mck-portal#flowable-async-job-executor-thread-4861#
[PollStageAppStatusExecution] 40222c8a-98bd-4fed-b461-7f2fe6cd77f8 [2025-01-30T17:49:02.302811] Downloaded zero_trust_sidecar_buildpack_1_6 (STDOUT, STG)#
#2025 01 30 17:49:10.892#Z#DEBUG#4cb0d20b-df32-11ef-a429-eeee0a862118.mck-portal#flowable-async-job-executor-thread-4861#
[PollStageAppStatusExecution] 40222c8a-98bd-4fed-b461-7f2fe6cd77f8 [2025-01-30T17:49:02.302828] Downloading java_buildpack... (STDOUT, STG)#
#2025 01 30 17:49:10.892#Z#DEBUG#4cb0d20b-df32-11ef-a429-eeee0a862118.mck-portal#flowable-async-job-executor-thread-4861#
[PollStageAppStatusExecution] 40222c8a-98bd-4fed-b461-7f2fe6cd77f8 [2025-01-30T17:49:02.315315] Downloaded sap_java_buildpack_1_109 (STDOUT, STG)#
#2025 01 30 17:49:10.892#Z#DEBUG#4cb0d20b-df32-11ef-a429-eeee0a862118.mck-portal#flowable-async-job-executor-thread-4861#
[PollStageAppStatusExecution] 40222c8a-98bd-4fed-b461-7f2fe6cd77f8 [2025-01-30T17:49:02.315338] Downloading nodejs_buildpack... (STDOUT, STG)#
#2025 01 30 17:49:10.892#Z#DEBUG#4cb0d20b-df32-11ef-a429-eeee0a862118.mck-portal#flowable-async-job-executor-thread-4861#
[PollStageAppStatusExecution] 40222c8a-98bd-4fed-b461-7f2fe6cd77f8 [2025-01-30T17:49:02.316749] Downloaded java_buildpack (STDOUT, STG)#
#2025 01 30 17:49:10.892#Z#DEBUG#4cb0d20b-df32-11ef-a429-eeee0a862118.mck-portal#flowable-async-job-executor-thread-4861#
[PollStageAppStatusExecution] 40222c8a-98bd-4fed-b461-7f2fe6cd77f8 [2025-01-30T17:49:02.316778] Downloading go_buildpack... (STDOUT, STG)#
#2025 01 30 17:49:10.892#Z#DEBUG#4cb0d20b-df32-11ef-a429-eeee0a862118.mck-portal#flowable-async-job-executor-thread-4861#
[PollStageAppStatusExecution] 40222c8a-98bd-4fed-b461-7f2fe6cd77f8 [2025-01-30T17:49:02.329708] Downloaded nodejs_buildpack (STDOUT, STG)#
#2025 01 30 17:49:10.892#Z#DEBUG#4cb0d20b-df32-11ef-a429-eeee0a862118.mck-portal#flowable-async-job-executor-thread-4861#
[PollStageAppStatusExecution] 40222c8a-98bd-4fed-b461-7f2fe6cd77f8 [2025-01-30T17:49:02.329732] Downloading python_buildpack... (STDOUT, STG)#
#2025 01 30 17:49:10.892#Z#DEBUG#4cb0d20b-df32-11ef-a429-eeee0a862118.mck-portal#flowable-async-job-executor-thread-4861#
[PollStageAppStatusExecution] 40222c8a-98bd-4fed-b461-7f2fe6cd77f8 [2025-01-30T17:49:02.332204] Downloaded go_buildpack (STDOUT, STG)#
#2025 01 30 17:49:10.892#Z#DEBUG#4cb0d20b-df32-11ef-a429-eeee0a862118.mck-portal#flowable-async-job-executor-thread-4861#
[PollStageAppStatusExecution] 40222c8a-98bd-4fed-b461-7f2fe6cd77f8 [2025-01-30T17:49:02.332230] Downloading php_buildpack... (STDOUT, STG)#
#2025 01 30 17:49:10.892#Z#DEBUG#4cb0d20b-df32-11ef-a429-eeee0a862118.mck-portal#flowable-async-job-executor-thread-4861#
[PollStageAppStatusExecution] 40222c8a-98bd-4fed-b461-7f2fe6cd77f8 [2025-01-30T17:49:02.345037] Downloaded python_buildpack (STDOUT, STG)#
#2025 01 30 17:49:10.892#Z#DEBUG#4cb0d20b-df32-11ef-a429-eeee0a862118.mck-portal#flowable-async-job-executor-thread-4861#
[PollStageAppStatusExecution] 40222c8a-98bd-4fed-b461-7f2fe6cd77f8 [2025-01-30T17:49:02.345062] Downloading nginx_buildpack... (STDOUT, STG)#
#2025 01 30 17:49:10.892#Z#DEBUG#4cb0d20b-df32-11ef-a429-eeee0a862118.mck-portal#flowable-async-job-executor-thread-4861#
[PollStageAppStatusExecution] 40222c8a-98bd-4fed-b461-7f2fe6cd77f8 [2025-01-30T17:49:02.347872] Downloaded php_buildpack (STDOUT, STG)#
#2025 01 30 17:49:10.892#Z#DEBUG#4cb0d20b-df32-11ef-a429-eeee0a862118.mck-portal#flowable-async-job-executor-thread-4861#
[PollStageAppStatusExecution] 40222c8a-98bd-4fed-b461-7f2fe6cd77f8 [2025-01-30T17:49:02.347889] Downloading binary_buildpack... (STDOUT, STG)#
#2025 01 30 17:49:10.892#Z#DEBUG#4cb0d20b-df32-11ef-a429-eeee0a862118.mck-portal#flowable-async-job-executor-thread-4861#
[PollStageAppStatusExecution] 40222c8a-98bd-4fed-b461-7f2fe6cd77f8 [2025-01-30T17:49:02.359345] Downloaded nginx_buildpack (STDOUT, STG)#
#2025 01 30 17:49:10.892#Z#DEBUG#4cb0d20b-df32-11ef-a429-eeee0a862118.mck-portal#flowable-async-job-executor-thread-4861#
[PollStageAppStatusExecution] 40222c8a-98bd-4fed-b461-7f2fe6cd77f8 [2025-01-30T17:49:02.359373] Downloading sap_java_buildpack... (STDOUT, STG)#
#2025 01 30 17:49:10.892#Z#DEBUG#4cb0d20b-df32-11ef-a429-eeee0a862118.mck-portal#flowable-async-job-executor-thread-4861#
[PollStageAppStatusExecution] 40222c8a-98bd-4fed-b461-7f2fe6cd77f8 [2025-01-30T17:49:02.362537] Downloaded binary_buildpack (STDOUT, STG)#
#2025 01 30 17:49:10.892#Z#DEBUG#4cb0d20b-df32-11ef-a429-eeee0a862118.mck-portal#flowable-async-job-executor-thread-4861#
[PollStageAppStatusExecution] 40222c8a-98bd-4fed-b461-7f2fe6cd77f8 [2025-01-30T17:49:02.368792] Downloading sap_java_buildpack_jakarta_2_22... (STDOUT, STG)#
#2025 01 30 17:49:10.892#Z#DEBUG#4cb0d20b-df32-11ef-a429-eeee0a862118.mck-portal#flowable-async-job-executor-thread-4861#
[PollStageAppStatusExecution] 40222c8a-98bd-4fed-b461-7f2fe6cd77f8 [2025-01-30T17:49:02.372361] Downloaded sap_java_buildpack (STDOUT, STG)#
#2025 01 30 17:49:10.892#Z#DEBUG#4cb0d20b-df32-11ef-a429-eeee0a862118.mck-portal#flowable-async-job-executor-thread-4861#
[PollStageAppStatusExecution] 40222c8a-98bd-4fed-b461-7f2fe6cd77f8 [2025-01-30T17:49:02.372375] Downloading sap_java_buildpack_1_107... (STDOUT, STG)#
#2025 01 30 17:49:10.892#Z#DEBUG#4cb0d20b-df32-11ef-a429-eeee0a862118.mck-portal#flowable-async-job-executor-thread-4861#
[PollStageAppStatusExecution] 40222c8a-98bd-4fed-b461-7f2fe6cd77f8 [2025-01-30T17:49:02.379677] Downloaded sap_java_buildpack_jakarta_2_22 (STDOUT, STG)#
#2025 01 30 17:49:10.892#Z#DEBUG#4cb0d20b-df32-11ef-a429-eeee0a862118.mck-portal#flowable-async-job-executor-thread-4861#
[PollStageAppStatusExecution] 40222c8a-98bd-4fed-b461-7f2fe6cd77f8 [2025-01-30T17:49:02.379699] Downloading sap_java_buildpack_1_106... (STDOUT, STG)#
#2025 01 30 17:49:10.892#Z#DEBUG#4cb0d20b-df32-11ef-a429-eeee0a862118.mck-portal#flowable-async-job-executor-thread-4861#
[PollStageAppStatusExecution] 40222c8a-98bd-4fed-b461-7f2fe6cd77f8 [2025-01-30T17:49:02.386547] Downloaded sap_java_buildpack_1_107 (STDOUT, STG)#
#2025 01 30 17:49:10.892#Z#DEBUG#4cb0d20b-df32-11ef-a429-eeee0a862118.mck-portal#flowable-async-job-executor-thread-4861#
[PollStageAppStatusExecution] 40222c8a-98bd-4fed-b461-7f2fe6cd77f8 [2025-01-30T17:49:02.386571] Downloading sap_java_buildpack_jakarta... (STDOUT, STG)#
#2025 01 30 17:49:10.892#Z#DEBUG#4cb0d20b-df32-11ef-a429-eeee0a862118.mck-portal#flowable-async-job-executor-thread-4861#
[PollStageAppStatusExecution] 40222c8a-98bd-4fed-b461-7f2fe6cd77f8 [2025-01-30T17:49:02.394987] Downloaded sap_java_buildpack_1_106 (STDOUT, STG)#
#2025 01 30 17:49:10.892#Z#DEBUG#4cb0d20b-df32-11ef-a429-eeee0a862118.mck-portal#flowable-async-job-executor-thread-4861#
[PollStageAppStatusExecution] 40222c8a-98bd-4fed-b461-7f2fe6cd77f8 [2025-01-30T17:49:02.395007] Downloading sap_java_buildpack_jakarta_2_23... (STDOUT, STG)#
#2025 01 30 17:49:10.892#Z#DEBUG#4cb0d20b-df32-11ef-a429-eeee0a862118.mck-portal#flowable-async-job-executor-thread-4861#
[PollStageAppStatusExecution] 40222c8a-98bd-4fed-b461-7f2fe6cd77f8 [2025-01-30T17:49:02.401654] Downloaded sap_java_buildpack_jakarta (STDOUT, STG)#
#2025 01 30 17:49:10.892#Z#DEBUG#4cb0d20b-df32-11ef-a429-eeee0a862118.mck-portal#flowable-async-job-executor-thread-4861#
[PollStageAppStatusExecution] 40222c8a-98bd-4fed-b461-7f2fe6cd77f8 [2025-01-30T17:49:02.401670] Downloading zero_trust_sidecar_buildpack_1_3... (STDOUT, STG)#
#2025 01 30 17:49:10.892#Z#DEBUG#4cb0d20b-df32-11ef-a429-eeee0a862118.mck-portal#flowable-async-job-executor-thread-4861#
[PollStageAppStatusExecution] 40222c8a-98bd-4fed-b461-7f2fe6cd77f8 [2025-01-30T17:49:02.408993] Downloaded sap_java_buildpack_jakarta_2_23 (STDOUT, STG)#
#2025 01 30 17:49:10.892#Z#DEBUG#4cb0d20b-df32-11ef-a429-eeee0a862118.mck-portal#flowable-async-job-executor-thread-4861#
[PollStageAppStatusExecution] 40222c8a-98bd-4fed-b461-7f2fe6cd77f8 [2025-01-30T17:49:02.409037] Downloading sap_java_buildpack_jakarta_2_21... (STDOUT, STG)#
#2025 01 30 17:49:10.892#Z#DEBUG#4cb0d20b-df32-11ef-a429-eeee0a862118.mck-portal#flowable-async-job-executor-thread-4861#
[PollStageAppStatusExecution] 40222c8a-98bd-4fed-b461-7f2fe6cd77f8 [2025-01-30T17:49:02.416022] Downloaded zero_trust_sidecar_buildpack_1_3 (STDOUT, STG)#
#2025 01 30 17:49:10.892#Z#DEBUG#4cb0d20b-df32-11ef-a429-eeee0a862118.mck-portal#flowable-async-job-executor-thread-4861#
[PollStageAppStatusExecution] 40222c8a-98bd-4fed-b461-7f2fe6cd77f8 [2025-01-30T17:49:02.416048] Downloading zero_trust_sidecar_buildpack_1_5... (STDOUT, STG)#
#2025 01 30 17:49:10.892#Z#DEBUG#4cb0d20b-df32-11ef-a429-eeee0a862118.mck-portal#flowable-async-job-executor-thread-4861#
[PollStageAppStatusExecution] 40222c8a-98bd-4fed-b461-7f2fe6cd77f8 [2025-01-30T17:49:02.422714] Downloaded sap_java_buildpack_jakarta_2_21 (STDOUT, STG)#
#2025 01 30 17:49:10.892#Z#DEBUG#4cb0d20b-df32-11ef-a429-eeee0a862118.mck-portal#flowable-async-job-executor-thread-4861#
[PollStageAppStatusExecution] 40222c8a-98bd-4fed-b461-7f2fe6cd77f8 [2025-01-30T17:49:02.422733] Downloading zero_trust_sidecar_buildpack... (STDOUT, STG)#
#2025 01 30 17:49:10.892#Z#DEBUG#4cb0d20b-df32-11ef-a429-eeee0a862118.mck-portal#flowable-async-job-executor-thread-4861#
[PollStageAppStatusExecution] 40222c8a-98bd-4fed-b461-7f2fe6cd77f8 [2025-01-30T17:49:02.428920] Downloaded zero_trust_sidecar_buildpack_1_5 (STDOUT, STG)#
#2025 01 30 17:49:10.892#Z#DEBUG#4cb0d20b-df32-11ef-a429-eeee0a862118.mck-portal#flowable-async-job-executor-thread-4861#
[PollStageAppStatusExecution] 40222c8a-98bd-4fed-b461-7f2fe6cd77f8 [2025-01-30T17:49:02.437243] Downloaded zero_trust_sidecar_buildpack (STDOUT, STG)#
#2025 01 30 17:49:10.892#Z#DEBUG#4cb0d20b-df32-11ef-a429-eeee0a862118.mck-portal#flowable-async-job-executor-thread-4861#
[PollStageAppStatusExecution] 40222c8a-98bd-4fed-b461-7f2fe6cd77f8 [2025-01-30T17:49:02.437314] Cell b09315eb-f652-4637-906b-5c1abf821245 creating container for instance a8e17efb-e41c-44ad-a8ff-67796923b0bf (STDOUT, STG)#
#2025 01 30 17:49:10.892#Z#DEBUG#4cb0d20b-df32-11ef-a429-eeee0a862118.mck-portal#flowable-async-job-executor-thread-4861#
[PollStageAppStatusExecution] 40222c8a-98bd-4fed-b461-7f2fe6cd77f8 [2025-01-30T17:49:02.823095] Security group rules were updated (STDOUT, STG)#
#2025 01 30 17:49:10.892#Z#DEBUG#4cb0d20b-df32-11ef-a429-eeee0a862118.mck-portal#flowable-async-job-executor-thread-4861#
[PollStageAppStatusExecution] 40222c8a-98bd-4fed-b461-7f2fe6cd77f8 [2025-01-30T17:49:02.876709] Cell b09315eb-f652-4637-906b-5c1abf821245 successfully created container for instance a8e17efb-e41c-44ad-a8ff-67796923b0bf (STDOUT, STG)#
#2025 01 30 17:49:10.892#Z#DEBUG#4cb0d20b-df32-11ef-a429-eeee0a862118.mck-portal#flowable-async-job-executor-thread-4861#
[PollStageAppStatusExecution] 40222c8a-98bd-4fed-b461-7f2fe6cd77f8 [2025-01-30T17:49:03.113646] Downloading build artifacts cache... (STDOUT, STG)#
#2025 01 30 17:49:10.892#Z#DEBUG#4cb0d20b-df32-11ef-a429-eeee0a862118.mck-portal#flowable-async-job-executor-thread-4861#
[PollStageAppStatusExecution] 40222c8a-98bd-4fed-b461-7f2fe6cd77f8 [2025-01-30T17:49:03.113658] Downloading app package... (STDOUT, STG)#
#2025 01 30 17:49:10.892#Z#DEBUG#4cb0d20b-df32-11ef-a429-eeee0a862118.mck-portal#flowable-async-job-executor-thread-4861#
[PollStageAppStatusExecution] 40222c8a-98bd-4fed-b461-7f2fe6cd77f8 [2025-01-30T17:49:03.136205] Downloaded build artifacts cache (228B) (STDOUT, STG)#
#2025 01 30 17:49:10.892#Z#DEBUG#4cb0d20b-df32-11ef-a429-eeee0a862118.mck-portal#flowable-async-job-executor-thread-4861#
[PollStageAppStatusExecution] 40222c8a-98bd-4fed-b461-7f2fe6cd77f8 [2025-01-30T17:49:04.083842] Downloaded app package (7.6M) (STDOUT, STG)#
#2025 01 30 17:49:10.892#Z#DEBUG#4cb0d20b-df32-11ef-a429-eeee0a862118.mck-portal#flowable-async-job-executor-thread-4861#
[PollStageAppStatusExecution] 40222c8a-98bd-4fed-b461-7f2fe6cd77f8 [2025-01-30T17:49:04.720295] -----> Nodejs Buildpack version 1.8.30 (STDOUT, STG)#
#2025 01 30 17:49:10.892#Z#DEBUG#4cb0d20b-df32-11ef-a429-eeee0a862118.mck-portal#flowable-async-job-executor-thread-4861#
[PollStageAppStatusExecution] 40222c8a-98bd-4fed-b461-7f2fe6cd77f8 [2025-01-30T17:49:05.052804] -----> Bootstrapping python (STDOUT, STG)#
#2025 01 30 17:49:10.892#Z#DEBUG#4cb0d20b-df32-11ef-a429-eeee0a862118.mck-portal#flowable-async-job-executor-thread-4861#
[PollStageAppStatusExecution] 40222c8a-98bd-4fed-b461-7f2fe6cd77f8 [2025-01-30T17:49:05.052831] -----> Installing python 3.11.10 (STDOUT, STG)#
#2025 01 30 17:49:10.892#Z#DEBUG#4cb0d20b-df32-11ef-a429-eeee0a862118.mck-portal#flowable-async-job-executor-thread-4861#
[PollStageAppStatusExecution] 40222c8a-98bd-4fed-b461-7f2fe6cd77f8 [2025-01-30T17:49:05.052938] Copy [/tmp/buildpacks/82589c9a8ddc2533/dependencies/1702ca2a28e126415ac89dabbae15144/python_3.11.10_linux_x64_cflinuxfs4_3bbfe1c5.tgz] (STDOUT, STG)#
#2025 01 30 17:49:10.892#Z#DEBUG#4cb0d20b-df32-11ef-a429-eeee0a862118.mck-portal#flowable-async-job-executor-thread-4861#
[PollStageAppStatusExecution] 40222c8a-98bd-4fed-b461-7f2fe6cd77f8 [2025-01-30T17:49:08.688300] -----> Installing binaries (STDOUT, STG)#
#2025 01 30 17:49:10.892#Z#DEBUG#4cb0d20b-df32-11ef-a429-eeee0a862118.mck-portal#flowable-async-job-executor-thread-4861#
[PollStageAppStatusExecution] 40222c8a-98bd-4fed-b461-7f2fe6cd77f8 [2025-01-30T17:49:08.688908] engines.node (package.json): ^20 (STDOUT, STG)#
#2025 01 30 17:49:10.892#Z#DEBUG#4cb0d20b-df32-11ef-a429-eeee0a862118.mck-portal#flowable-async-job-executor-thread-4861#
[PollStageAppStatusExecution] 40222c8a-98bd-4fed-b461-7f2fe6cd77f8 [2025-01-30T17:49:08.688930] engines.npm (package.json): unspecified (use default) (STDOUT, STG)#
#2025 01 30 17:49:10.898#Z#DEBUG#4cb0d20b-df32-11ef-a429-eeee0a862118.mck-portal#flowable-async-job-executor-thread-4861#
[PollStageAppStatusExecution] 40222c8a-98bd-4fed-b461-7f2fe6cd77f8 [2025-01-30T17:49:08.688948] -----> Installing node 20.18.0 (STDOUT, STG)#
#2025 01 30 17:49:10.898#Z#DEBUG#4cb0d20b-df32-11ef-a429-eeee0a862118.mck-portal#flowable-async-job-executor-thread-4861#
[PollStageAppStatusExecution] 40222c8a-98bd-4fed-b461-7f2fe6cd77f8 [2025-01-30T17:49:08.689138] Copy [/tmp/buildpacks/82589c9a8ddc2533/dependencies/aa0b24acf498179e56ffe08b335562ce/node_20.18.0_linux_x64_cflinuxfs4_db6d7cd8.tgz] (STDOUT, STG)#
#2025 01 30 17:49:20.896#Z#DEBUG#4cb0d20b-df32-11ef-a429-eeee0a862118.mck-portal#flowable-async-job-executor-thread-4870#
[PollStageAppStatusExecution] 40222c8a-98bd-4fed-b461-7f2fe6cd77f8 [2025-01-30T17:49:10.583562] Using default npm version: 10.8.2 (STDOUT, STG)#
#2025 01 30 17:49:20.896#Z#DEBUG#4cb0d20b-df32-11ef-a429-eeee0a862118.mck-portal#flowable-async-job-executor-thread-4870#
[PollStageAppStatusExecution] 40222c8a-98bd-4fed-b461-7f2fe6cd77f8 [2025-01-30T17:49:10.583607] -----> Installing yarn 1.22.19 (STDOUT, STG)#
#2025 01 30 17:49:20.896#Z#DEBUG#4cb0d20b-df32-11ef-a429-eeee0a862118.mck-portal#flowable-async-job-executor-thread-4870#
[PollStageAppStatusExecution] 40222c8a-98bd-4fed-b461-7f2fe6cd77f8 [2025-01-30T17:49:10.583751] Copy [/tmp/buildpacks/82589c9a8ddc2533/dependencies/0f06052381cbcef1593bd279ca3d9458/yarn_1.22.19_linux_noarch_any-stack_32d0e82e.tgz] (STDOUT, STG)#
#2025 01 30 17:49:20.896#Z#DEBUG#4cb0d20b-df32-11ef-a429-eeee0a862118.mck-portal#flowable-async-job-executor-thread-4870#
[PollStageAppStatusExecution] 40222c8a-98bd-4fed-b461-7f2fe6cd77f8 [2025-01-30T17:49:10.879769] Installed yarn 1.22.19 (STDOUT, STG)#
#2025 01 30 17:49:20.896#Z#DEBUG#4cb0d20b-df32-11ef-a429-eeee0a862118.mck-portal#flowable-async-job-executor-thread-4870#
[PollStageAppStatusExecution] 40222c8a-98bd-4fed-b461-7f2fe6cd77f8 [2025-01-30T17:49:10.879781] -----> Creating runtime environment (STDOUT, STG)#
#2025 01 30 17:49:20.896#Z#DEBUG#4cb0d20b-df32-11ef-a429-eeee0a862118.mck-portal#flowable-async-job-executor-thread-4870#
[PollStageAppStatusExecution] 40222c8a-98bd-4fed-b461-7f2fe6cd77f8 [2025-01-30T17:49:10.881581] NODE_ENV=production (STDOUT, STG)#
#2025 01 30 17:49:20.896#Z#DEBUG#4cb0d20b-df32-11ef-a429-eeee0a862118.mck-portal#flowable-async-job-executor-thread-4870#
[PollStageAppStatusExecution] 40222c8a-98bd-4fed-b461-7f2fe6cd77f8 [2025-01-30T17:49:10.881592] NODE_HOME=/tmp/contents1593556808/deps/0/node (STDOUT, STG)#
#2025 01 30 17:49:20.896#Z#DEBUG#4cb0d20b-df32-11ef-a429-eeee0a862118.mck-portal#flowable-async-job-executor-thread-4870#
[PollStageAppStatusExecution] 40222c8a-98bd-4fed-b461-7f2fe6cd77f8 [2025-01-30T17:49:10.881595] NODE_MODULES_CACHE=true (STDOUT, STG)#
#2025 01 30 17:49:20.896#Z#DEBUG#4cb0d20b-df32-11ef-a429-eeee0a862118.mck-portal#flowable-async-job-executor-thread-4870#
[PollStageAppStatusExecution] 40222c8a-98bd-4fed-b461-7f2fe6cd77f8 [2025-01-30T17:49:10.881598] NODE_VERBOSE=false (STDOUT, STG)#
#2025 01 30 17:49:20.896#Z#DEBUG#4cb0d20b-df32-11ef-a429-eeee0a862118.mck-portal#flowable-async-job-executor-thread-4870#
[PollStageAppStatusExecution] 40222c8a-98bd-4fed-b461-7f2fe6cd77f8 [2025-01-30T17:49:10.881601] NPM_CONFIG_LOGLEVEL=error (STDOUT, STG)#
#2025 01 30 17:49:20.896#Z#DEBUG#4cb0d20b-df32-11ef-a429-eeee0a862118.mck-portal#flowable-async-job-executor-thread-4870#
[PollStageAppStatusExecution] 40222c8a-98bd-4fed-b461-7f2fe6cd77f8 [2025-01-30T17:49:10.881609] NPM_CONFIG_PRODUCTION=true (STDOUT, STG)#
#2025 01 30 17:49:20.896#Z#DEBUG#4cb0d20b-df32-11ef-a429-eeee0a862118.mck-portal#flowable-async-job-executor-thread-4870#
[PollStageAppStatusExecution] 40222c8a-98bd-4fed-b461-7f2fe6cd77f8 [2025-01-30T17:49:10.881701] -----> Building dependencies (STDOUT, STG)#
#2025 01 30 17:49:20.896#Z#DEBUG#4cb0d20b-df32-11ef-a429-eeee0a862118.mck-portal#flowable-async-job-executor-thread-4870#
[PollStageAppStatusExecution] 40222c8a-98bd-4fed-b461-7f2fe6cd77f8 [2025-01-30T17:49:10.881710] Prebuild detected (node_modules already exists) (STDOUT, STG)#
#2025 01 30 17:49:20.896#Z#DEBUG#4cb0d20b-df32-11ef-a429-eeee0a862118.mck-portal#flowable-async-job-executor-thread-4870#
[PollStageAppStatusExecution] 40222c8a-98bd-4fed-b461-7f2fe6cd77f8 [2025-01-30T17:49:10.881717] Rebuilding any native modules (STDOUT, STG)#
#2025 01 30 17:49:20.896#Z#DEBUG#4cb0d20b-df32-11ef-a429-eeee0a862118.mck-portal#flowable-async-job-executor-thread-4870#
[PollStageAppStatusExecution] 40222c8a-98bd-4fed-b461-7f2fe6cd77f8 [2025-01-30T17:49:11.535587] rebuilt dependencies successfully (STDOUT, STG)#
#2025 01 30 17:49:20.896#Z#DEBUG#4cb0d20b-df32-11ef-a429-eeee0a862118.mck-portal#flowable-async-job-executor-thread-4870#
[PollStageAppStatusExecution] 40222c8a-98bd-4fed-b461-7f2fe6cd77f8 [2025-01-30T17:49:11.537752] npm notice (STDOUT, STG)#
#2025 01 30 17:49:20.896#Z#DEBUG#4cb0d20b-df32-11ef-a429-eeee0a862118.mck-portal#flowable-async-job-executor-thread-4870#
[PollStageAppStatusExecution] 40222c8a-98bd-4fed-b461-7f2fe6cd77f8 [2025-01-30T17:49:11.537769] npm notice New major version of npm available! 10.8.2 -> 11.1.0 (STDOUT, STG)#
#2025 01 30 17:49:20.896#Z#DEBUG#4cb0d20b-df32-11ef-a429-eeee0a862118.mck-portal#flowable-async-job-executor-thread-4870#
[PollStageAppStatusExecution] 40222c8a-98bd-4fed-b461-7f2fe6cd77f8 [2025-01-30T17:49:11.537774] npm notice Changelog: https://github.com/npm/cli/releases/tag/v11.1.0 (STDOUT, STG)#
#2025 01 30 17:49:20.896#Z#DEBUG#4cb0d20b-df32-11ef-a429-eeee0a862118.mck-portal#flowable-async-job-executor-thread-4870#
[PollStageAppStatusExecution] 40222c8a-98bd-4fed-b461-7f2fe6cd77f8 [2025-01-30T17:49:11.537777] npm notice To update run: npm install -g npm@11.1.0 (STDOUT, STG)#
#2025 01 30 17:49:20.896#Z#DEBUG#4cb0d20b-df32-11ef-a429-eeee0a862118.mck-portal#flowable-async-job-executor-thread-4870#
[PollStageAppStatusExecution] 40222c8a-98bd-4fed-b461-7f2fe6cd77f8 [2025-01-30T17:49:11.537780] npm notice (STDOUT, STG)#
#2025 01 30 17:49:20.896#Z#DEBUG#4cb0d20b-df32-11ef-a429-eeee0a862118.mck-portal#flowable-async-job-executor-thread-4870#
[PollStageAppStatusExecution] 40222c8a-98bd-4fed-b461-7f2fe6cd77f8 [2025-01-30T17:49:11.549639] Installing any new modules (package.json + package-lock.json) (STDOUT, STG)#
#2025 01 30 17:49:20.896#Z#DEBUG#4cb0d20b-df32-11ef-a429-eeee0a862118.mck-portal#flowable-async-job-executor-thread-4870#
[PollStageAppStatusExecution] 40222c8a-98bd-4fed-b461-7f2fe6cd77f8 [2025-01-30T17:49:12.221668] up to date in 598ms (STDOUT, STG)#
#2025 01 30 17:49:20.896#Z#DEBUG#4cb0d20b-df32-11ef-a429-eeee0a862118.mck-portal#flowable-async-job-executor-thread-4870#
[PollStageAppStatusExecution] 40222c8a-98bd-4fed-b461-7f2fe6cd77f8 [2025-01-30T17:49:12.221768] 20 packages are looking for funding (STDOUT, STG)#
#2025 01 30 17:49:20.896#Z#DEBUG#4cb0d20b-df32-11ef-a429-eeee0a862118.mck-portal#flowable-async-job-executor-thread-4870#
[PollStageAppStatusExecution] 40222c8a-98bd-4fed-b461-7f2fe6cd77f8 [2025-01-30T17:49:12.221777] run `npm fund` for details (STDOUT, STG)#
#2025 01 30 17:49:20.896#Z#DEBUG#4cb0d20b-df32-11ef-a429-eeee0a862118.mck-portal#flowable-async-job-executor-thread-4870#
[PollStageAppStatusExecution] 40222c8a-98bd-4fed-b461-7f2fe6cd77f8 [2025-01-30T17:49:13.108299] Contrast Security no credentials found. Will not write environment files. (STDOUT, STG)#
#2025 01 30 17:49:30.906#Z#DEBUG#4cb0d20b-df32-11ef-a429-eeee0a862118.mck-portal#flowable-async-job-executor-thread-4878#
[PollStageAppStatusExecution] 40222c8a-98bd-4fed-b461-7f2fe6cd77f8 [2025-01-30T17:49:22.198777] Exit status 0 (STDOUT, STG)#
#2025 01 30 17:49:30.906#Z#DEBUG#4cb0d20b-df32-11ef-a429-eeee0a862118.mck-portal#flowable-async-job-executor-thread-4878#
[PollStageAppStatusExecution] 40222c8a-98bd-4fed-b461-7f2fe6cd77f8 [2025-01-30T17:49:22.198819] Uploading droplet, build artifacts cache... (STDOUT, STG)#
#2025 01 30 17:49:30.906#Z#DEBUG#4cb0d20b-df32-11ef-a429-eeee0a862118.mck-portal#flowable-async-job-executor-thread-4878#
[PollStageAppStatusExecution] 40222c8a-98bd-4fed-b461-7f2fe6cd77f8 [2025-01-30T17:49:22.198854] Uploading droplet... (STDOUT, STG)#
#2025 01 30 17:49:30.906#Z#DEBUG#4cb0d20b-df32-11ef-a429-eeee0a862118.mck-portal#flowable-async-job-executor-thread-4878#
[PollStageAppStatusExecution] 40222c8a-98bd-4fed-b461-7f2fe6cd77f8 [2025-01-30T17:49:22.198894] Uploading build artifacts cache... (STDOUT, STG)#
#2025 01 30 17:49:30.906#Z#DEBUG#4cb0d20b-df32-11ef-a429-eeee0a862118.mck-portal#flowable-async-job-executor-thread-4878#
[PollStageAppStatusExecution] 40222c8a-98bd-4fed-b461-7f2fe6cd77f8 [2025-01-30T17:49:22.223586] Uploaded build artifacts cache (227B) (STDOUT, STG)#
#2025 01 30 17:49:30.906#Z#DEBUG#4cb0d20b-df32-11ef-a429-eeee0a862118.mck-portal#flowable-async-job-executor-thread-4878#
[PollStageAppStatusExecution] 40222c8a-98bd-4fed-b461-7f2fe6cd77f8 [2025-01-30T17:49:23.005154] Creating droplet for app with guid 40222c8a-98bd-4fed-b461-7f2fe6cd77f8 (STDOUT, API)#
#2025 01 30 17:49:30.906#Z#DEBUG#4cb0d20b-df32-11ef-a429-eeee0a862118.mck-portal#flowable-async-job-executor-thread-4878#
[PollStageAppStatusExecution] 40222c8a-98bd-4fed-b461-7f2fe6cd77f8 [2025-01-30T17:49:27.074138] Uploaded droplet (52.5M) (STDOUT, STG)#
#2025 01 30 17:49:30.906#Z#DEBUG#4cb0d20b-df32-11ef-a429-eeee0a862118.mck-portal#flowable-async-job-executor-thread-4878#
[PollStageAppStatusExecution] 40222c8a-98bd-4fed-b461-7f2fe6cd77f8 [2025-01-30T17:49:27.091109] Uploading complete (STDOUT, STG)#
#2025 01 30 17:49:30.906#Z#DEBUG#4cb0d20b-df32-11ef-a429-eeee0a862118.mck-portal#flowable-async-job-executor-thread-4878#
[PollStageAppStatusExecution] 40222c8a-98bd-4fed-b461-7f2fe6cd77f8 [2025-01-30T17:49:27.522496] Cell b09315eb-f652-4637-906b-5c1abf821245 stopping instance a8e17efb-e41c-44ad-a8ff-67796923b0bf (STDOUT, STG)#
#2025 01 30 17:49:30.906#Z#DEBUG#4cb0d20b-df32-11ef-a429-eeee0a862118.mck-portal#flowable-async-job-executor-thread-4878#
[PollStageAppStatusExecution] 40222c8a-98bd-4fed-b461-7f2fe6cd77f8 [2025-01-30T17:49:27.522527] Cell b09315eb-f652-4637-906b-5c1abf821245 destroying container for instance a8e17efb-e41c-44ad-a8ff-67796923b0bf (STDOUT, STG)#
#2025 01 30 17:49:30.906#Z#DEBUG#4cb0d20b-df32-11ef-a429-eeee0a862118.mck-portal#flowable-async-job-executor-thread-4878#
[PollStageAppStatusExecution] 40222c8a-98bd-4fed-b461-7f2fe6cd77f8 [2025-01-30T17:49:29.447339] Cell b09315eb-f652-4637-906b-5c1abf821245 successfully destroyed container for instance a8e17efb-e41c-44ad-a8ff-67796923b0bf (STDOUT, STG)#
#2025 01 30 17:49:41.033#Z#DEBUG#4cb0d20b-df32-11ef-a429-eeee0a862118.mck-portal#flowable-async-job-executor-thread-4888#
[PollStartAppStatusExecution] 40222c8a-98bd-4fed-b461-7f2fe6cd77f8 [2025-01-30T17:49:30.997679] Updated app with guid 40222c8a-98bd-4fed-b461-7f2fe6cd77f8 ({:droplet_guid=>"f3a57fe4-c02e-4055-b8cb-ce1243d566fe"}) (STDOUT, API)#
#2025 01 30 17:49:41.033#Z#DEBUG#4cb0d20b-df32-11ef-a429-eeee0a862118.mck-portal#flowable-async-job-executor-thread-4888#
[PollStartAppStatusExecution] 40222c8a-98bd-4fed-b461-7f2fe6cd77f8 [2025-01-30T17:49:31.230864] Creating revision for app with guid 40222c8a-98bd-4fed-b461-7f2fe6cd77f8 (STDOUT, API)#
#2025 01 30 17:49:41.033#Z#DEBUG#4cb0d20b-df32-11ef-a429-eeee0a862118.mck-portal#flowable-async-job-executor-thread-4888#
[PollStartAppStatusExecution] 40222c8a-98bd-4fed-b461-7f2fe6cd77f8 [2025-01-30T17:49:31.267308] Starting app with guid 40222c8a-98bd-4fed-b461-7f2fe6cd77f8 (STDOUT, API)#
#2025 01 30 17:49:41.033#Z#DEBUG#4cb0d20b-df32-11ef-a429-eeee0a862118.mck-portal#flowable-async-job-executor-thread-4888#
[PollStartAppStatusExecution] 40222c8a-98bd-4fed-b461-7f2fe6cd77f8 [2025-01-30T17:49:31.427365] Cell dd7059b6-aa51-49b4-97f9-0302b687b5ba creating container for instance 3d0fd661-824f-4c91-5649-9d6d (STDOUT, CELL)#
#2025 01 30 17:49:41.033#Z#DEBUG#4cb0d20b-df32-11ef-a429-eeee0a862118.mck-portal#flowable-async-job-executor-thread-4888#
[PollStartAppStatusExecution] 40222c8a-98bd-4fed-b461-7f2fe6cd77f8 [2025-01-30T17:49:31.875534] Security group rules were updated (STDOUT, CELL)#
#2025 01 30 17:49:41.033#Z#DEBUG#4cb0d20b-df32-11ef-a429-eeee0a862118.mck-portal#flowable-async-job-executor-thread-4888#
[PollStartAppStatusExecution] 40222c8a-98bd-4fed-b461-7f2fe6cd77f8 [2025-01-30T17:49:31.950398] Cell dd7059b6-aa51-49b4-97f9-0302b687b5ba successfully created container for instance 3d0fd661-824f-4c91-5649-9d6d (STDOUT, CELL)#
#2025 01 30 17:49:41.033#Z#DEBUG#4cb0d20b-df32-11ef-a429-eeee0a862118.mck-portal#flowable-async-job-executor-thread-4888#
[PollStartAppStatusExecution] 40222c8a-98bd-4fed-b461-7f2fe6cd77f8 [2025-01-30T17:49:32.225239] Downloading droplet... (STDOUT, CELL)#
#2025 01 30 17:49:41.033#Z#DEBUG#4cb0d20b-df32-11ef-a429-eeee0a862118.mck-portal#flowable-async-job-executor-thread-4888#
[PollStartAppStatusExecution] 40222c8a-98bd-4fed-b461-7f2fe6cd77f8 [2025-01-30T17:49:35.622488] Downloaded droplet (52.5M) (STDOUT, CELL)#
#2025 01 30 17:49:41.033#Z#DEBUG#4cb0d20b-df32-11ef-a429-eeee0a862118.mck-portal#flowable-async-job-executor-thread-4888#
[PollStartAppStatusExecution] 40222c8a-98bd-4fed-b461-7f2fe6cd77f8 [2025-01-30T17:49:35.622637] Starting health monitoring of container (STDOUT, CELL)#
#2025 01 30 17:49:41.033#Z#DEBUG#4cb0d20b-df32-11ef-a429-eeee0a862118.mck-portal#flowable-async-job-executor-thread-4888#
[PollStartAppStatusExecution] 40222c8a-98bd-4fed-b461-7f2fe6cd77f8 [2025-01-30T17:49:35.686337] Invoking pre-start scripts. (STDOUT, APP/PROC/WEB)#
#2025 01 30 17:49:41.033#Z#DEBUG#4cb0d20b-df32-11ef-a429-eeee0a862118.mck-portal#flowable-async-job-executor-thread-4888#
[PollStartAppStatusExecution] 40222c8a-98bd-4fed-b461-7f2fe6cd77f8 [2025-01-30T17:49:35.897649] Invoking start command. (STDOUT, APP/PROC/WEB)#
#2025 01 30 17:49:41.033#Z#DEBUG#4cb0d20b-df32-11ef-a429-eeee0a862118.mck-portal#flowable-async-job-executor-thread-4888#
[PollStartAppStatusExecution] 40222c8a-98bd-4fed-b461-7f2fe6cd77f8 [2025-01-30T17:49:36.221233] > start (STDOUT, APP/PROC/WEB)#
#2025 01 30 17:49:41.033#Z#DEBUG#4cb0d20b-df32-11ef-a429-eeee0a862118.mck-portal#flowable-async-job-executor-thread-4888#
[PollStartAppStatusExecution] 40222c8a-98bd-4fed-b461-7f2fe6cd77f8 [2025-01-30T17:49:36.221262] > node node_modules/@sap/approuter/approuter.js (STDOUT, APP/PROC/WEB)#
#2025 01 30 17:49:41.033#Z#DEBUG#4cb0d20b-df32-11ef-a429-eeee0a862118.mck-portal#flowable-async-job-executor-thread-4888#
[PollStartAppStatusExecution] 40222c8a-98bd-4fed-b461-7f2fe6cd77f8 [2025-01-30T17:49:36.473853] {"written_at":"2025-01-30T17:49:36.471Z","written_ts":1738259376471000000,"csn_component":"-","correlation_id":"-","type":"log","logger":"nodejs-logger","layer":"/LoggingLibrary","level":"warning","container_id":"10.36.192.12","component_type":"application","component_id":"40222c8a-98bd-4fed-b461-7f2fe6cd77f8","component_name":"mck-portal","component_instance":-1,"source_instance":-1,"organization_id":"557795fb-ec02-41f6-b249-2b9c73ac8438","organization_name":"McKesson Corporation_discovery-sunrise","space_id":"2742a945-aac7-4753-a013-50fdd526e1db","space_name":"Datasphere_Dev","context_id":"","msg":"Dynamic log level switching not available"} (STDOUT, APP/PROC/WEB)#
#2025 01 30 17:49:41.033#Z#DEBUG#4cb0d20b-df32-11ef-a429-eeee0a862118.mck-portal#flowable-async-job-executor-thread-4888#
[PollStartAppStatusExecution] 40222c8a-98bd-4fed-b461-7f2fe6cd77f8 [2025-01-30T17:49:36.799883] {"written_at":"2025-01-30T17:49:36.799Z","written_ts":1738259376799000000,"csn_component":"-","correlation_id":"m6jmr34v","type":"log","logger":"nodejs-logger","layer":"/approuter","level":"info","container_id":"10.36.192.12","component_type":"application","component_id":"40222c8a-98bd-4fed-b461-7f2fe6cd77f8","component_name":"mck-portal","component_instance":-1,"source_instance":-1,"organization_id":"557795fb-ec02-41f6-b249-2b9c73ac8438","organization_name":"McKesson Corporation_discovery-sunrise","space_id":"2742a945-aac7-4753-a013-50fdd526e1db","space_name":"Datasphere_Dev","context_id":"m6jmr34v","msg":"Application router version 18.0.3"} (STDOUT, APP/PROC/WEB)#
#2025 01 30 17:49:41.033#Z#DEBUG#4cb0d20b-df32-11ef-a429-eeee0a862118.mck-portal#flowable-async-job-executor-thread-4888#
[PollStartAppStatusExecution] 40222c8a-98bd-4fed-b461-7f2fe6cd77f8 [2025-01-30T17:49:36.802627] {"written_at":"2025-01-30T17:49:36.802Z","written_ts":1738259376802000000,"csn_component":"-","correlation_id":"m6jmr34y","type":"log","logger":"nodejs-logger","layer":"/Configuration","level":"info","container_id":"10.36.192.12","component_type":"application","component_id":"40222c8a-98bd-4fed-b461-7f2fe6cd77f8","component_name":"mck-portal","component_instance":-1,"source_instance":-1,"organization_id":"557795fb-ec02-41f6-b249-2b9c73ac8438","organization_name":"McKesson Corporation_discovery-sunrise","space_id":"2742a945-aac7-4753-a013-50fdd526e1db","space_name":"Datasphere_Dev","context_id":"m6jmr34y","msg":"No COOKIES environment variable"} (STDOUT, APP/PROC/WEB)#
#2025 01 30 17:49:41.033#Z#DEBUG#4cb0d20b-df32-11ef-a429-eeee0a862118.mck-portal#flowable-async-job-executor-thread-4888#
[PollStartAppStatusExecution] 40222c8a-98bd-4fed-b461-7f2fe6cd77f8 [2025-01-30T17:49:36.842880] {"written_at":"2025-01-30T17:49:36.842Z","written_ts":1738259376842000000,"csn_component":"-","correlation_id":"m6jmr34v","type":"log","logger":"nodejs-logger","layer":"/approuter","level":"info","container_id":"10.36.192.12","component_type":"application","component_id":"40222c8a-98bd-4fed-b461-7f2fe6cd77f8","component_name":"mck-portal","component_instance":-1,"source_instance":-1,"organization_id":"557795fb-ec02-41f6-b249-2b9c73ac8438","organization_name":"McKesson Corporation_discovery-sunrise","space_id":"2742a945-aac7-4753-a013-50fdd526e1db","space_name":"Datasphere_Dev","context_id":"m6jmr34v","msg":"Application router is listening on port: 8080"} (STDOUT, APP/PROC/WEB)#
#2025 01 30 17:49:41.033#Z#DEBUG#4cb0d20b-df32-11ef-a429-eeee0a862118.mck-portal#flowable-async-job-executor-thread-4888#
[PollStartAppStatusExecution] 40222c8a-98bd-4fed-b461-7f2fe6cd77f8 [2025-01-30T17:49:38.417196] Container became healthy (STDOUT, CELL)#
#2025 01 30 17:49:41.033#Z#DEBUG#4cb0d20b-df32-11ef-a429-eeee0a862118.mck-portal#flowable-async-job-executor-thread-4888#
[PollStartAppStatusExecution] 40222c8a-98bd-4fed-b461-7f2fe6cd77f8 [2025-01-30T17:49:38.441220] Process became ready with guid 40222c8a-98bd-4fed-b461-7f2fe6cd77f8 payload: {"instance"=>"3d0fd661-824f-4c91-5649-9d6d", "index"=>0, "cell_id"=>"dd7059b6-aa51-49b4-97f9-0302b687b5ba", "ready"=>true, "version"=>"9d00e145-a2e3-4951-b103-8c5f82188f04"} (STDOUT, API)#
