#2025 08 07 22:03:58.887#Z#DEBUG#2fcaf4af-73da-11f0-a2d3-eeee0a8a6470.mck-portal-srv#flowable-async-job-executor-thread-5668#
[PollStageAppStatusExecution] 4d8f45b0-79dd-4bee-823d-05b0e2a2c48d [2025-08-07T22:03:32.647554] Uploading app package for app with guid 4d8f45b0-79dd-4bee-823d-05b0e2a2c48d (STDOUT, API)#
#2025 08 07 22:03:58.887#Z#DEBUG#2fcaf4af-73da-11f0-a2d3-eeee0a8a6470.mck-portal-srv#flowable-async-job-executor-thread-5668#
[PollStageAppStatusExecution] 4d8f45b0-79dd-4bee-823d-05b0e2a2c48d [2025-08-07T22:03:32.871572] Updated app with guid 4d8f45b0-79dd-4bee-823d-05b0e2a2c48d ({"environment_variables"=>"[PRIVATE DATA HIDDEN]"}) (STDOUT, API)#
#2025 08 07 22:03:58.887#Z#DEBUG#2fcaf4af-73da-11f0-a2d3-eeee0a8a6470.mck-portal-srv#flowable-async-job-executor-thread-5668#
[PollStageAppStatusExecution] 4d8f45b0-79dd-4bee-823d-05b0e2a2c48d [2025-08-07T22:03:49.113453] Stopping app with guid 4d8f45b0-79dd-4bee-823d-05b0e2a2c48d (STDOUT, API)#
#2025 08 07 22:03:58.887#Z#DEBUG#2fcaf4af-73da-11f0-a2d3-eeee0a8a6470.mck-portal-srv#flowable-async-job-executor-thread-5668#
[PollStageAppStatusExecution] 4d8f45b0-79dd-4bee-823d-05b0e2a2c48d [2025-08-07T22:03:49.180334] Cell 8d85bf7d-44ca-4251-84a1-be69fb207a6b stopping instance 03d25f92-a3dd-41d4-79ed-4aaa (STDOUT, CELL)#
#2025 08 07 22:03:58.887#Z#DEBUG#2fcaf4af-73da-11f0-a2d3-eeee0a8a6470.mck-portal-srv#flowable-async-job-executor-thread-5668#
[PollStageAppStatusExecution] 4d8f45b0-79dd-4bee-823d-05b0e2a2c48d [2025-08-07T22:03:49.352654] Creating build for app with guid 4d8f45b0-79dd-4bee-823d-05b0e2a2c48d (STDOUT, API)#
#2025 08 07 22:03:58.887#Z#DEBUG#2fcaf4af-73da-11f0-a2d3-eeee0a8a6470.mck-portal-srv#flowable-async-job-executor-thread-5668#
[PollStageAppStatusExecution] 4d8f45b0-79dd-4bee-823d-05b0e2a2c48d [2025-08-07T22:03:49.551374] Downloading nodejs_buildpack... (STDOUT, STG)#
#2025 08 07 22:03:58.887#Z#DEBUG#2fcaf4af-73da-11f0-a2d3-eeee0a8a6470.mck-portal-srv#flowable-async-job-executor-thread-5668#
[PollStageAppStatusExecution] 4d8f45b0-79dd-4bee-823d-05b0e2a2c48d [2025-08-07T22:03:49.570490] Downloaded nodejs_buildpack (STDOUT, STG)#
#2025 08 07 22:03:58.887#Z#DEBUG#2fcaf4af-73da-11f0-a2d3-eeee0a8a6470.mck-portal-srv#flowable-async-job-executor-thread-5668#
[PollStageAppStatusExecution] 4d8f45b0-79dd-4bee-823d-05b0e2a2c48d [2025-08-07T22:03:49.570564] Cell df17c5d1-a70b-403c-820c-7755bb96a69d creating container for instance f64f1e1e-7498-4e4f-a177-b01b654405ca (STDOUT, STG)#
#2025 08 07 22:03:58.887#Z#DEBUG#2fcaf4af-73da-11f0-a2d3-eeee0a8a6470.mck-portal-srv#flowable-async-job-executor-thread-5668#
[PollStageAppStatusExecution] 4d8f45b0-79dd-4bee-823d-05b0e2a2c48d [2025-08-07T22:03:49.930803] Security group rules were updated (STDOUT, STG)#
#2025 08 07 22:03:58.887#Z#DEBUG#2fcaf4af-73da-11f0-a2d3-eeee0a8a6470.mck-portal-srv#flowable-async-job-executor-thread-5668#
[PollStageAppStatusExecution] 4d8f45b0-79dd-4bee-823d-05b0e2a2c48d [2025-08-07T22:03:49.990395] Cell df17c5d1-a70b-403c-820c-7755bb96a69d successfully created container for instance f64f1e1e-7498-4e4f-a177-b01b654405ca (STDOUT, STG)#
#2025 08 07 22:03:58.887#Z#DEBUG#2fcaf4af-73da-11f0-a2d3-eeee0a8a6470.mck-portal-srv#flowable-async-job-executor-thread-5668#
[PollStageAppStatusExecution] 4d8f45b0-79dd-4bee-823d-05b0e2a2c48d [2025-08-07T22:03:50.535304] Downloading app package... (STDOUT, STG)#
#2025 08 07 22:03:58.887#Z#DEBUG#2fcaf4af-73da-11f0-a2d3-eeee0a8a6470.mck-portal-srv#flowable-async-job-executor-thread-5668#
[PollStageAppStatusExecution] 4d8f45b0-79dd-4bee-823d-05b0e2a2c48d [2025-08-07T22:03:50.535325] Downloading build artifacts cache... (STDOUT, STG)#
#2025 08 07 22:03:58.887#Z#DEBUG#2fcaf4af-73da-11f0-a2d3-eeee0a8a6470.mck-portal-srv#flowable-async-job-executor-thread-5668#
[PollStageAppStatusExecution] 4d8f45b0-79dd-4bee-823d-05b0e2a2c48d [2025-08-07T22:03:50.561268] Downloaded build artifacts cache (227B) (STDOUT, STG)#
#2025 08 07 22:03:58.887#Z#DEBUG#2fcaf4af-73da-11f0-a2d3-eeee0a8a6470.mck-portal-srv#flowable-async-job-executor-thread-5668#
[PollStageAppStatusExecution] 4d8f45b0-79dd-4bee-823d-05b0e2a2c48d [2025-08-07T22:03:54.294748] Downloaded app package (75.1M) (STDOUT, STG)#
#2025 08 07 22:03:58.887#Z#DEBUG#2fcaf4af-73da-11f0-a2d3-eeee0a8a6470.mck-portal-srv#flowable-async-job-executor-thread-5668#
[PollStageAppStatusExecution] 4d8f45b0-79dd-4bee-823d-05b0e2a2c48d [2025-08-07T22:03:54.356440] -----> Nodejs Buildpack version 1.8.39 (STDOUT, STG)#
#2025 08 07 22:03:58.887#Z#DEBUG#2fcaf4af-73da-11f0-a2d3-eeee0a8a6470.mck-portal-srv#flowable-async-job-executor-thread-5668#
[PollStageAppStatusExecution] 4d8f45b0-79dd-4bee-823d-05b0e2a2c48d [2025-08-07T22:03:55.118600] -----> Bootstrapping python (STDOUT, STG)#
#2025 08 07 22:03:58.887#Z#DEBUG#2fcaf4af-73da-11f0-a2d3-eeee0a8a6470.mck-portal-srv#flowable-async-job-executor-thread-5668#
[PollStageAppStatusExecution] 4d8f45b0-79dd-4bee-823d-05b0e2a2c48d [2025-08-07T22:03:55.118651] -----> Installing python 3.11.13 (STDOUT, STG)#
#2025 08 07 22:03:58.887#Z#DEBUG#2fcaf4af-73da-11f0-a2d3-eeee0a8a6470.mck-portal-srv#flowable-async-job-executor-thread-5668#
[PollStageAppStatusExecution] 4d8f45b0-79dd-4bee-823d-05b0e2a2c48d [2025-08-07T22:03:55.118677] Copy [/tmp/buildpacks/6ca7b63990364784/dependencies/28094bfda36b8c744219390b5b628ee3/python_3.11.13_linux_x64_cflinuxfs4_49160849.tgz] (STDOUT, STG)#
#2025 08 07 22:03:58.887#Z#DEBUG#2fcaf4af-73da-11f0-a2d3-eeee0a8a6470.mck-portal-srv#flowable-async-job-executor-thread-5668#
[PollStageAppStatusExecution] 4d8f45b0-79dd-4bee-823d-05b0e2a2c48d [2025-08-07T22:03:58.661500] -----> Installing binaries (STDOUT, STG)#
#2025 08 07 22:04:08.883#Z#DEBUG#2fcaf4af-73da-11f0-a2d3-eeee0a8a6470.mck-portal-srv#flowable-async-job-executor-thread-5674#
[PollStageAppStatusExecution] 4d8f45b0-79dd-4bee-823d-05b0e2a2c48d [2025-08-07T22:03:58.661665] engines.node (package.json): unspecified (STDOUT, STG)#
#2025 08 07 22:04:08.883#Z#DEBUG#2fcaf4af-73da-11f0-a2d3-eeee0a8a6470.mck-portal-srv#flowable-async-job-executor-thread-5674#
[PollStageAppStatusExecution] 4d8f45b0-79dd-4bee-823d-05b0e2a2c48d [2025-08-07T22:03:58.661690] engines.npm (package.json): unspecified (use default) (STDOUT, STG)#
#2025 08 07 22:04:08.883#Z#DEBUG#2fcaf4af-73da-11f0-a2d3-eeee0a8a6470.mck-portal-srv#flowable-async-job-executor-thread-5674#
[PollStageAppStatusExecution] 4d8f45b0-79dd-4bee-823d-05b0e2a2c48d [2025-08-07T22:03:58.661696] [31;1m**WARNING**[0m Node version not specified in package.json or .nvmrc. See: http://docs.cloudfoundry.org/buildpacks/node/node-tips.html (STDOUT, STG)#
#2025 08 07 22:04:08.883#Z#DEBUG#2fcaf4af-73da-11f0-a2d3-eeee0a8a6470.mck-portal-srv#flowable-async-job-executor-thread-5674#
[PollStageAppStatusExecution] 4d8f45b0-79dd-4bee-823d-05b0e2a2c48d [2025-08-07T22:03:58.661762] -----> Installing node 22.16.0 (STDOUT, STG)#
#2025 08 07 22:04:08.883#Z#DEBUG#2fcaf4af-73da-11f0-a2d3-eeee0a8a6470.mck-portal-srv#flowable-async-job-executor-thread-5674#
[PollStageAppStatusExecution] 4d8f45b0-79dd-4bee-823d-05b0e2a2c48d [2025-08-07T22:03:58.662003] Copy [/tmp/buildpacks/6ca7b63990364784/dependencies/0a5b2807f2f20788823b197d52c24f05/node_22.16.0_linux_x64_cflinuxfs4_13829c62.tgz] (STDOUT, STG)#
#2025 08 07 22:04:08.883#Z#DEBUG#2fcaf4af-73da-11f0-a2d3-eeee0a8a6470.mck-portal-srv#flowable-async-job-executor-thread-5674#
[PollStageAppStatusExecution] 4d8f45b0-79dd-4bee-823d-05b0e2a2c48d [2025-08-07T22:04:00.730131] Using default npm version: 10.9.2 (STDOUT, STG)#
#2025 08 07 22:04:08.883#Z#DEBUG#2fcaf4af-73da-11f0-a2d3-eeee0a8a6470.mck-portal-srv#flowable-async-job-executor-thread-5674#
[PollStageAppStatusExecution] 4d8f45b0-79dd-4bee-823d-05b0e2a2c48d [2025-08-07T22:04:00.730145] -----> Installing yarn 1.22.22 (STDOUT, STG)#
#2025 08 07 22:04:08.883#Z#DEBUG#2fcaf4af-73da-11f0-a2d3-eeee0a8a6470.mck-portal-srv#flowable-async-job-executor-thread-5674#
[PollStageAppStatusExecution] 4d8f45b0-79dd-4bee-823d-05b0e2a2c48d [2025-08-07T22:04:00.730224] Copy [/tmp/buildpacks/6ca7b63990364784/dependencies/ff849eb7696d3a7f463752a272c9a88e/yarn_1.22.22_linux_noarch_any-stack_83bda680.tgz] (STDOUT, STG)#
#2025 08 07 22:04:08.883#Z#DEBUG#2fcaf4af-73da-11f0-a2d3-eeee0a8a6470.mck-portal-srv#flowable-async-job-executor-thread-5674#
[PollStageAppStatusExecution] 4d8f45b0-79dd-4bee-823d-05b0e2a2c48d [2025-08-07T22:04:01.029487] Installed yarn 1.22.22 (STDOUT, STG)#
#2025 08 07 22:04:08.883#Z#DEBUG#2fcaf4af-73da-11f0-a2d3-eeee0a8a6470.mck-portal-srv#flowable-async-job-executor-thread-5674#
[PollStageAppStatusExecution] 4d8f45b0-79dd-4bee-823d-05b0e2a2c48d [2025-08-07T22:04:01.029528] -----> Creating runtime environment (STDOUT, STG)#
#2025 08 07 22:04:08.883#Z#DEBUG#2fcaf4af-73da-11f0-a2d3-eeee0a8a6470.mck-portal-srv#flowable-async-job-executor-thread-5674#
[PollStageAppStatusExecution] 4d8f45b0-79dd-4bee-823d-05b0e2a2c48d [2025-08-07T22:04:01.031062] NODE_ENV=production (STDOUT, STG)#
#2025 08 07 22:04:08.883#Z#DEBUG#2fcaf4af-73da-11f0-a2d3-eeee0a8a6470.mck-portal-srv#flowable-async-job-executor-thread-5674#
[PollStageAppStatusExecution] 4d8f45b0-79dd-4bee-823d-05b0e2a2c48d [2025-08-07T22:04:01.031093] NODE_HOME=/tmp/contents3824829457/deps/0/node (STDOUT, STG)#
#2025 08 07 22:04:08.883#Z#DEBUG#2fcaf4af-73da-11f0-a2d3-eeee0a8a6470.mck-portal-srv#flowable-async-job-executor-thread-5674#
[PollStageAppStatusExecution] 4d8f45b0-79dd-4bee-823d-05b0e2a2c48d [2025-08-07T22:04:01.031097] NODE_MODULES_CACHE=true (STDOUT, STG)#
#2025 08 07 22:04:08.883#Z#DEBUG#2fcaf4af-73da-11f0-a2d3-eeee0a8a6470.mck-portal-srv#flowable-async-job-executor-thread-5674#
[PollStageAppStatusExecution] 4d8f45b0-79dd-4bee-823d-05b0e2a2c48d [2025-08-07T22:04:01.031100] NODE_VERBOSE=false (STDOUT, STG)#
#2025 08 07 22:04:08.883#Z#DEBUG#2fcaf4af-73da-11f0-a2d3-eeee0a8a6470.mck-portal-srv#flowable-async-job-executor-thread-5674#
[PollStageAppStatusExecution] 4d8f45b0-79dd-4bee-823d-05b0e2a2c48d [2025-08-07T22:04:01.031103] NPM_CONFIG_LOGLEVEL=error (STDOUT, STG)#
#2025 08 07 22:04:08.883#Z#DEBUG#2fcaf4af-73da-11f0-a2d3-eeee0a8a6470.mck-portal-srv#flowable-async-job-executor-thread-5674#
[PollStageAppStatusExecution] 4d8f45b0-79dd-4bee-823d-05b0e2a2c48d [2025-08-07T22:04:01.031107] NPM_CONFIG_PRODUCTION=true (STDOUT, STG)#
#2025 08 07 22:04:08.883#Z#DEBUG#2fcaf4af-73da-11f0-a2d3-eeee0a8a6470.mck-portal-srv#flowable-async-job-executor-thread-5674#
[PollStageAppStatusExecution] 4d8f45b0-79dd-4bee-823d-05b0e2a2c48d [2025-08-07T22:04:01.031122] -----> Building dependencies (STDOUT, STG)#
#2025 08 07 22:04:08.883#Z#DEBUG#2fcaf4af-73da-11f0-a2d3-eeee0a8a6470.mck-portal-srv#flowable-async-job-executor-thread-5674#
[PollStageAppStatusExecution] 4d8f45b0-79dd-4bee-823d-05b0e2a2c48d [2025-08-07T22:04:01.031174] Prebuild detected (node_modules already exists) (STDOUT, STG)#
#2025 08 07 22:04:08.883#Z#DEBUG#2fcaf4af-73da-11f0-a2d3-eeee0a8a6470.mck-portal-srv#flowable-async-job-executor-thread-5674#
[PollStageAppStatusExecution] 4d8f45b0-79dd-4bee-823d-05b0e2a2c48d [2025-08-07T22:04:01.031177] Rebuilding any native modules (STDOUT, STG)#
#2025 08 07 22:04:08.883#Z#DEBUG#2fcaf4af-73da-11f0-a2d3-eeee0a8a6470.mck-portal-srv#flowable-async-job-executor-thread-5674#
[PollStageAppStatusExecution] 4d8f45b0-79dd-4bee-823d-05b0e2a2c48d [2025-08-07T22:04:02.063244] rebuilt dependencies successfully (STDOUT, STG)#
#2025 08 07 22:04:08.883#Z#DEBUG#2fcaf4af-73da-11f0-a2d3-eeee0a8a6470.mck-portal-srv#flowable-async-job-executor-thread-5674#
[PollStageAppStatusExecution] 4d8f45b0-79dd-4bee-823d-05b0e2a2c48d [2025-08-07T22:04:02.064266] npm notice (STDOUT, STG)#
#2025 08 07 22:04:08.883#Z#DEBUG#2fcaf4af-73da-11f0-a2d3-eeee0a8a6470.mck-portal-srv#flowable-async-job-executor-thread-5674#
[PollStageAppStatusExecution] 4d8f45b0-79dd-4bee-823d-05b0e2a2c48d [2025-08-07T22:04:02.064278] npm notice New major version of npm available! 10.9.2 -> 11.5.2 (STDOUT, STG)#
#2025 08 07 22:04:08.883#Z#DEBUG#2fcaf4af-73da-11f0-a2d3-eeee0a8a6470.mck-portal-srv#flowable-async-job-executor-thread-5674#
[PollStageAppStatusExecution] 4d8f45b0-79dd-4bee-823d-05b0e2a2c48d [2025-08-07T22:04:02.064282] npm notice Changelog: https://github.com/npm/cli/releases/tag/v11.5.2 (STDOUT, STG)#
#2025 08 07 22:04:08.883#Z#DEBUG#2fcaf4af-73da-11f0-a2d3-eeee0a8a6470.mck-portal-srv#flowable-async-job-executor-thread-5674#
[PollStageAppStatusExecution] 4d8f45b0-79dd-4bee-823d-05b0e2a2c48d [2025-08-07T22:04:02.064284] npm notice To update run: npm install -g npm@11.5.2 (STDOUT, STG)#
#2025 08 07 22:04:08.883#Z#DEBUG#2fcaf4af-73da-11f0-a2d3-eeee0a8a6470.mck-portal-srv#flowable-async-job-executor-thread-5674#
[PollStageAppStatusExecution] 4d8f45b0-79dd-4bee-823d-05b0e2a2c48d [2025-08-07T22:04:02.064289] npm notice (STDOUT, STG)#
#2025 08 07 22:04:08.883#Z#DEBUG#2fcaf4af-73da-11f0-a2d3-eeee0a8a6470.mck-portal-srv#flowable-async-job-executor-thread-5674#
[PollStageAppStatusExecution] 4d8f45b0-79dd-4bee-823d-05b0e2a2c48d [2025-08-07T22:04:02.132018] Installing any new modules (package.json + package-lock.json) (STDOUT, STG)#
#2025 08 07 22:04:08.883#Z#DEBUG#2fcaf4af-73da-11f0-a2d3-eeee0a8a6470.mck-portal-srv#flowable-async-job-executor-thread-5674#
[PollStageAppStatusExecution] 4d8f45b0-79dd-4bee-823d-05b0e2a2c48d [2025-08-07T22:04:03.481585] up to date in 1s (STDOUT, STG)#
#2025 08 07 22:04:08.883#Z#DEBUG#2fcaf4af-73da-11f0-a2d3-eeee0a8a6470.mck-portal-srv#flowable-async-job-executor-thread-5674#
[PollStageAppStatusExecution] 4d8f45b0-79dd-4bee-823d-05b0e2a2c48d [2025-08-07T22:04:03.481764] 25 packages are looking for funding (STDOUT, STG)#
#2025 08 07 22:04:08.883#Z#DEBUG#2fcaf4af-73da-11f0-a2d3-eeee0a8a6470.mck-portal-srv#flowable-async-job-executor-thread-5674#
[PollStageAppStatusExecution] 4d8f45b0-79dd-4bee-823d-05b0e2a2c48d [2025-08-07T22:04:03.481776] run `npm fund` for details (STDOUT, STG)#
#2025 08 07 22:04:08.883#Z#DEBUG#2fcaf4af-73da-11f0-a2d3-eeee0a8a6470.mck-portal-srv#flowable-async-job-executor-thread-5674#
[PollStageAppStatusExecution] 4d8f45b0-79dd-4bee-823d-05b0e2a2c48d [2025-08-07T22:04:04.760134] Contrast Security no credentials found. Will not write environment files. (STDOUT, STG)#
#2025 08 07 22:04:28.919#Z#DEBUG#2fcaf4af-73da-11f0-a2d3-eeee0a8a6470.mck-portal-srv#flowable-async-job-executor-thread-5686#
[PollStageAppStatusExecution] 4d8f45b0-79dd-4bee-823d-05b0e2a2c48d [2025-08-07T22:04:23.897001] Exit status 0 (STDOUT, STG)#
#2025 08 07 22:04:28.919#Z#DEBUG#2fcaf4af-73da-11f0-a2d3-eeee0a8a6470.mck-portal-srv#flowable-async-job-executor-thread-5686#
[PollStageAppStatusExecution] 4d8f45b0-79dd-4bee-823d-05b0e2a2c48d [2025-08-07T22:04:23.897040] Uploading droplet, build artifacts cache... (STDOUT, STG)#
#2025 08 07 22:04:28.919#Z#DEBUG#2fcaf4af-73da-11f0-a2d3-eeee0a8a6470.mck-portal-srv#flowable-async-job-executor-thread-5686#
[PollStageAppStatusExecution] 4d8f45b0-79dd-4bee-823d-05b0e2a2c48d [2025-08-07T22:04:23.897074] Uploading build artifacts cache... (STDOUT, STG)#
#2025 08 07 22:04:28.919#Z#DEBUG#2fcaf4af-73da-11f0-a2d3-eeee0a8a6470.mck-portal-srv#flowable-async-job-executor-thread-5686#
[PollStageAppStatusExecution] 4d8f45b0-79dd-4bee-823d-05b0e2a2c48d [2025-08-07T22:04:23.897105] Uploading droplet... (STDOUT, STG)#
#2025 08 07 22:04:28.919#Z#DEBUG#2fcaf4af-73da-11f0-a2d3-eeee0a8a6470.mck-portal-srv#flowable-async-job-executor-thread-5686#
[PollStageAppStatusExecution] 4d8f45b0-79dd-4bee-823d-05b0e2a2c48d [2025-08-07T22:04:23.925972] Uploaded build artifacts cache (225B) (STDOUT, STG)#
#2025 08 07 22:04:28.919#Z#DEBUG#2fcaf4af-73da-11f0-a2d3-eeee0a8a6470.mck-portal-srv#flowable-async-job-executor-thread-5686#
[PollStageAppStatusExecution] 4d8f45b0-79dd-4bee-823d-05b0e2a2c48d [2025-08-07T22:04:25.831535] Creating droplet for app with guid 4d8f45b0-79dd-4bee-823d-05b0e2a2c48d (STDOUT, API)#
#2025 08 07 22:04:28.919#Z#DEBUG#2fcaf4af-73da-11f0-a2d3-eeee0a8a6470.mck-portal-srv#flowable-async-job-executor-thread-5686#
[PollStageAppStatusExecution] 4d8f45b0-79dd-4bee-823d-05b0e2a2c48d [2025-08-07T22:04:27.965448] Uploaded droplet (125.6M) (STDOUT, STG)#
#2025 08 07 22:04:28.919#Z#DEBUG#2fcaf4af-73da-11f0-a2d3-eeee0a8a6470.mck-portal-srv#flowable-async-job-executor-thread-5686#
[PollStageAppStatusExecution] 4d8f45b0-79dd-4bee-823d-05b0e2a2c48d [2025-08-07T22:04:28.005769] Uploading complete (STDOUT, STG)#
#2025 08 07 22:04:28.919#Z#DEBUG#2fcaf4af-73da-11f0-a2d3-eeee0a8a6470.mck-portal-srv#flowable-async-job-executor-thread-5686#
[PollStageAppStatusExecution] 4d8f45b0-79dd-4bee-823d-05b0e2a2c48d [2025-08-07T22:04:28.394547] Cell df17c5d1-a70b-403c-820c-7755bb96a69d stopping instance f64f1e1e-7498-4e4f-a177-b01b654405ca (STDOUT, STG)#
#2025 08 07 22:04:28.919#Z#DEBUG#2fcaf4af-73da-11f0-a2d3-eeee0a8a6470.mck-portal-srv#flowable-async-job-executor-thread-5686#
[PollStageAppStatusExecution] 4d8f45b0-79dd-4bee-823d-05b0e2a2c48d [2025-08-07T22:04:28.394592] Cell df17c5d1-a70b-403c-820c-7755bb96a69d destroying container for instance f64f1e1e-7498-4e4f-a177-b01b654405ca (STDOUT, STG)#
#2025 08 07 22:04:39.033#Z#DEBUG#2fcaf4af-73da-11f0-a2d3-eeee0a8a6470.mck-portal-srv#flowable-async-job-executor-thread-5692#
[PollStartAppStatusExecution] 4d8f45b0-79dd-4bee-823d-05b0e2a2c48d [2025-08-07T22:04:28.993030] Updated app with guid 4d8f45b0-79dd-4bee-823d-05b0e2a2c48d ({:droplet_guid=>"4eca6f42-3ede-416d-af65-6c0561cd6bae"}) (STDOUT, API)#
#2025 08 07 22:04:39.033#Z#DEBUG#2fcaf4af-73da-11f0-a2d3-eeee0a8a6470.mck-portal-srv#flowable-async-job-executor-thread-5692#
[PollStartAppStatusExecution] 4d8f45b0-79dd-4bee-823d-05b0e2a2c48d [2025-08-07T22:04:29.218664] Creating revision for app with guid 4d8f45b0-79dd-4bee-823d-05b0e2a2c48d (STDOUT, API)#
#2025 08 07 22:04:39.033#Z#DEBUG#2fcaf4af-73da-11f0-a2d3-eeee0a8a6470.mck-portal-srv#flowable-async-job-executor-thread-5692#
[PollStartAppStatusExecution] 4d8f45b0-79dd-4bee-823d-05b0e2a2c48d [2025-08-07T22:04:29.256084] Starting app with guid 4d8f45b0-79dd-4bee-823d-05b0e2a2c48d (STDOUT, API)#
#2025 08 07 22:04:39.033#Z#DEBUG#2fcaf4af-73da-11f0-a2d3-eeee0a8a6470.mck-portal-srv#flowable-async-job-executor-thread-5692#
[PollStartAppStatusExecution] 4d8f45b0-79dd-4bee-823d-05b0e2a2c48d [2025-08-07T22:04:29.462854] Cell f145e43e-2ae4-4b6b-9a08-579003eb9823 creating container for instance 8eb6155e-e69b-4c6e-4b10-4e3f (STDOUT, CELL)#
#2025 08 07 22:04:39.033#Z#DEBUG#2fcaf4af-73da-11f0-a2d3-eeee0a8a6470.mck-portal-srv#flowable-async-job-executor-thread-5692#
[PollStartAppStatusExecution] 4d8f45b0-79dd-4bee-823d-05b0e2a2c48d [2025-08-07T22:04:29.867837] Security group rules were updated (STDOUT, CELL)#
#2025 08 07 22:04:39.033#Z#DEBUG#2fcaf4af-73da-11f0-a2d3-eeee0a8a6470.mck-portal-srv#flowable-async-job-executor-thread-5692#
[PollStartAppStatusExecution] 4d8f45b0-79dd-4bee-823d-05b0e2a2c48d [2025-08-07T22:04:29.923191] Cell f145e43e-2ae4-4b6b-9a08-579003eb9823 successfully created container for instance 8eb6155e-e69b-4c6e-4b10-4e3f (STDOUT, CELL)#
#2025 08 07 22:04:39.033#Z#DEBUG#2fcaf4af-73da-11f0-a2d3-eeee0a8a6470.mck-portal-srv#flowable-async-job-executor-thread-5692#
[PollStartAppStatusExecution] 4d8f45b0-79dd-4bee-823d-05b0e2a2c48d [2025-08-07T22:04:30.475815] Downloading droplet... (STDOUT, CELL)#
#2025 08 07 22:04:39.033#Z#DEBUG#2fcaf4af-73da-11f0-a2d3-eeee0a8a6470.mck-portal-srv#flowable-async-job-executor-thread-5692#
[PollStartAppStatusExecution] 4d8f45b0-79dd-4bee-823d-05b0e2a2c48d [2025-08-07T22:04:30.591668] Cell df17c5d1-a70b-403c-820c-7755bb96a69d successfully destroyed container for instance f64f1e1e-7498-4e4f-a177-b01b654405ca (STDOUT, STG)#
#2025 08 07 22:04:39.033#Z#DEBUG#2fcaf4af-73da-11f0-a2d3-eeee0a8a6470.mck-portal-srv#flowable-async-job-executor-thread-5692#
[PollStartAppStatusExecution] 4d8f45b0-79dd-4bee-823d-05b0e2a2c48d [2025-08-07T22:04:36.413197] Downloaded droplet (125.6M) (STDOUT, CELL)#
#2025 08 07 22:04:39.033#Z#DEBUG#2fcaf4af-73da-11f0-a2d3-eeee0a8a6470.mck-portal-srv#flowable-async-job-executor-thread-5692#
[PollStartAppStatusExecution] 4d8f45b0-79dd-4bee-823d-05b0e2a2c48d [2025-08-07T22:04:36.413423] Starting health monitoring of container (STDOUT, CELL)#
#2025 08 07 22:04:39.033#Z#DEBUG#2fcaf4af-73da-11f0-a2d3-eeee0a8a6470.mck-portal-srv#flowable-async-job-executor-thread-5692#
[PollStartAppStatusExecution] 4d8f45b0-79dd-4bee-823d-05b0e2a2c48d [2025-08-07T22:04:36.479621] Invoking pre-start scripts. (STDOUT, APP/PROC/WEB)#
#2025 08 07 22:04:39.033#Z#DEBUG#2fcaf4af-73da-11f0-a2d3-eeee0a8a6470.mck-portal-srv#flowable-async-job-executor-thread-5692#
[PollStartAppStatusExecution] 4d8f45b0-79dd-4bee-823d-05b0e2a2c48d [2025-08-07T22:04:36.673240] Invoking start command. (STDOUT, APP/PROC/WEB)#
#2025 08 07 22:04:39.033#Z#DEBUG#2fcaf4af-73da-11f0-a2d3-eeee0a8a6470.mck-portal-srv#flowable-async-job-executor-thread-5692#
[PollStartAppStatusExecution] 4d8f45b0-79dd-4bee-823d-05b0e2a2c48d [2025-08-07T22:04:37.039738] > mck-portal@1.0.0 start (STDOUT, APP/PROC/WEB)#
#2025 08 07 22:04:39.033#Z#DEBUG#2fcaf4af-73da-11f0-a2d3-eeee0a8a6470.mck-portal-srv#flowable-async-job-executor-thread-5692#
[PollStartAppStatusExecution] 4d8f45b0-79dd-4bee-823d-05b0e2a2c48d [2025-08-07T22:04:37.039756] > cds-serve (STDOUT, APP/PROC/WEB)#
#2025 08 07 22:04:39.033#Z#DEBUG#2fcaf4af-73da-11f0-a2d3-eeee0a8a6470.mck-portal-srv#flowable-async-job-executor-thread-5692#
[PollStartAppStatusExecution] 4d8f45b0-79dd-4bee-823d-05b0e2a2c48d [2025-08-07T22:04:37.244481] [cds] - loading server from { file: 'srv/server.js' } (STDOUT, APP/PROC/WEB)#
#2025 08 07 22:04:39.033#Z#DEBUG#2fcaf4af-73da-11f0-a2d3-eeee0a8a6470.mck-portal-srv#flowable-async-job-executor-thread-5692#
[PollStartAppStatusExecution] 4d8f45b0-79dd-4bee-823d-05b0e2a2c48d [2025-08-07T22:04:37.281566] CAP is Starting..... (STDOUT, APP/PROC/WEB)#
#2025 08 07 22:04:39.033#Z#DEBUG#2fcaf4af-73da-11f0-a2d3-eeee0a8a6470.mck-portal-srv#flowable-async-job-executor-thread-5692#
[PollStartAppStatusExecution] 4d8f45b0-79dd-4bee-823d-05b0e2a2c48d [2025-08-07T22:04:37.419704] Error calling updateMediaFile in bootstrap: TypeError: Cannot destructure property 'MediaFile' of 'cds.entities' as it is undefined. (STDERR, APP/PROC/WEB)#
#2025 08 07 22:04:39.033#Z#DEBUG#2fcaf4af-73da-11f0-a2d3-eeee0a8a6470.mck-portal-srv#flowable-async-job-executor-thread-5692#
[PollStartAppStatusExecution] 4d8f45b0-79dd-4bee-823d-05b0e2a2c48d [2025-08-07T22:04:37.419743] at updateMediaFile (/home/vcap/app/srv/server.js:11:13) (STDERR, APP/PROC/WEB)#
#2025 08 07 22:04:39.033#Z#DEBUG#2fcaf4af-73da-11f0-a2d3-eeee0a8a6470.mck-portal-srv#flowable-async-job-executor-thread-5692#
[PollStartAppStatusExecution] 4d8f45b0-79dd-4bee-823d-05b0e2a2c48d [2025-08-07T22:04:37.419748] at cds.<anonymous> (/home/vcap/app/srv/server.js:165:15) (STDERR, APP/PROC/WEB)#
#2025 08 07 22:04:39.033#Z#DEBUG#2fcaf4af-73da-11f0-a2d3-eeee0a8a6470.mck-portal-srv#flowable-async-job-executor-thread-5692#
[PollStartAppStatusExecution] 4d8f45b0-79dd-4bee-823d-05b0e2a2c48d [2025-08-07T22:04:37.419753] at cds.emit (node:events:530:35) (STDERR, APP/PROC/WEB)#
#2025 08 07 22:04:39.033#Z#DEBUG#2fcaf4af-73da-11f0-a2d3-eeee0a8a6470.mck-portal-srv#flowable-async-job-executor-thread-5692#
[PollStartAppStatusExecution] 4d8f45b0-79dd-4bee-823d-05b0e2a2c48d [2025-08-07T22:04:37.419759] at cds.emit (/home/vcap/app/node_modules/@sap/cds/lib/index.js:18:23) (STDERR, APP/PROC/WEB)#
#2025 08 07 22:04:39.033#Z#DEBUG#2fcaf4af-73da-11f0-a2d3-eeee0a8a6470.mck-portal-srv#flowable-async-job-executor-thread-5692#
[PollStartAppStatusExecution] 4d8f45b0-79dd-4bee-823d-05b0e2a2c48d [2025-08-07T22:04:37.419773] at cds_server (/home/vcap/app/node_modules/@sap/cds/server.js:39:7) (STDERR, APP/PROC/WEB)#
#2025 08 07 22:04:39.033#Z#DEBUG#2fcaf4af-73da-11f0-a2d3-eeee0a8a6470.mck-portal-srv#flowable-async-job-executor-thread-5692#
[PollStartAppStatusExecution] 4d8f45b0-79dd-4bee-823d-05b0e2a2c48d [2025-08-07T22:04:37.419777] at serve (/home/vcap/app/node_modules/@sap/cds/bin/serve.js:204:24) (STDERR, APP/PROC/WEB)#
#2025 08 07 22:04:39.033#Z#DEBUG#2fcaf4af-73da-11f0-a2d3-eeee0a8a6470.mck-portal-srv#flowable-async-job-executor-thread-5692#
[PollStartAppStatusExecution] 4d8f45b0-79dd-4bee-823d-05b0e2a2c48d [2025-08-07T22:04:37.746172] {"level":"info","logger":"cds","timestamp":"2025-08-07T22:04:37.745Z","layer":"cds","component_type":"application","container_id":"10.36.192.19","component_id":"4d8f45b0-79dd-4bee-823d-05b0e2a2c48d","component_name":"mck-portal-srv","component_instance":0,"source_instance":0,"organization_name":"McKesson Corporation_discovery-sunrise","organization_id":"557795fb-ec02-41f6-b249-2b9c73ac8438","space_name":"Datasphere_Dev","space_id":"2742a945-aac7-4753-a013-50fdd526e1db","msg":"loaded model from 1 file(s):\n","type":"log"} (STDOUT, APP/PROC/WEB)#
#2025 08 07 22:04:39.033#Z#DEBUG#2fcaf4af-73da-11f0-a2d3-eeee0a8a6470.mck-portal-srv#flowable-async-job-executor-thread-5692#
[PollStartAppStatusExecution] 4d8f45b0-79dd-4bee-823d-05b0e2a2c48d [2025-08-07T22:04:37.746201] srv/csn.json (STDOUT, APP/PROC/WEB)#
#2025 08 07 22:04:39.033#Z#DEBUG#2fcaf4af-73da-11f0-a2d3-eeee0a8a6470.mck-portal-srv#flowable-async-job-executor-thread-5692#
[PollStartAppStatusExecution] 4d8f45b0-79dd-4bee-823d-05b0e2a2c48d [2025-08-07T22:04:38.191155] {"level":"info","logger":"cds","timestamp":"2025-08-07T22:04:38.190Z","layer":"cds","component_type":"application","container_id":"10.36.192.19","component_id":"4d8f45b0-79dd-4bee-823d-05b0e2a2c48d","component_name":"mck-portal-srv","component_instance":0,"source_instance":0,"organization_name":"McKesson Corporation_discovery-sunrise","organization_id":"557795fb-ec02-41f6-b249-2b9c73ac8438","space_name":"Datasphere_Dev","space_id":"2742a945-aac7-4753-a013-50fdd526e1db","msg":"connect to db > hana {\n  database_id: '451e8954-27cd-4d2f-9402-3ca1944484c7',\n  host: '451e8954-27cd-4d2f-9402-3ca1944484c7.hana.prod-us20.hanacloud.ondemand.com',\n  port: '443',\n  driver: 'com.sap.db.jdbc.Driver',\n  url: 'jdbc:sap://451e8954-27cd-4d2f-9402-3ca1944484c7.hana.prod-us20.hanacloud.ondemand.com:443?encrypt=true&validateCertificate=true&currentschema=MCK_RQ2_301',\n  schema: 'MCK_RQ2_301',\n  certificate: '...',\n  hdi_user: 'MCK_RQ2_301_DB8P3SO5V9Z1XM0JA8K5QCSW1_DT',\n  hdi_password: '...',\n  user: 'MCK_RQ2_301_DB8P3SO5V9Z1XM0JA8K5QCSW1_RT',\n  password: '...'\n}","type":"log"} (STDOUT, APP/PROC/WEB)#
#2025 08 07 22:04:39.033#Z#DEBUG#2fcaf4af-73da-11f0-a2d3-eeee0a8a6470.mck-portal-srv#flowable-async-job-executor-thread-5692#
[PollStartAppStatusExecution] 4d8f45b0-79dd-4bee-823d-05b0e2a2c48d [2025-08-07T22:04:38.240747] {"level":"info","logger":"cds","timestamp":"2025-08-07T22:04:38.240Z","layer":"cds","component_type":"application","container_id":"10.36.192.19","component_id":"4d8f45b0-79dd-4bee-823d-05b0e2a2c48d","component_name":"mck-portal-srv","component_instance":0,"source_instance":0,"organization_name":"McKesson Corporation_discovery-sunrise","organization_id":"557795fb-ec02-41f6-b249-2b9c73ac8438","space_name":"Datasphere_Dev","space_id":"2742a945-aac7-4753-a013-50fdd526e1db","msg":"using auth strategy {\n  kind: 'xsuaa',\n  impl: 'node_modules/@sap/cds/lib/srv/middlewares/auth/jwt-auth'\n} \n","type":"log"} (STDOUT, APP/PROC/WEB)#
#2025 08 07 22:04:39.033#Z#DEBUG#2fcaf4af-73da-11f0-a2d3-eeee0a8a6470.mck-portal-srv#flowable-async-job-executor-thread-5692#
[PollStartAppStatusExecution] 4d8f45b0-79dd-4bee-823d-05b0e2a2c48d [2025-08-07T22:04:38.288636] {"level":"info","logger":"cds","timestamp":"2025-08-07T22:04:38.288Z","layer":"cds","component_type":"application","container_id":"10.36.192.19","component_id":"4d8f45b0-79dd-4bee-823d-05b0e2a2c48d","component_name":"mck-portal-srv","component_instance":0,"source_instance":0,"organization_name":"McKesson Corporation_discovery-sunrise","organization_id":"557795fb-ec02-41f6-b249-2b9c73ac8438","space_name":"Datasphere_Dev","space_id":"2742a945-aac7-4753-a013-50fdd526e1db","msg":"serving PROCESSING { impl: 'srv/service.js', path: '/odata/v4/processing' }","type":"log"} (STDOUT, APP/PROC/WEB)#
#2025 08 07 22:04:39.033#Z#DEBUG#2fcaf4af-73da-11f0-a2d3-eeee0a8a6470.mck-portal-srv#flowable-async-job-executor-thread-5692#
[PollStartAppStatusExecution] 4d8f45b0-79dd-4bee-823d-05b0e2a2c48d [2025-08-07T22:04:38.289382] {"level":"info","logger":"cds","timestamp":"2025-08-07T22:04:38.289Z","layer":"cds","component_type":"application","container_id":"10.36.192.19","component_id":"4d8f45b0-79dd-4bee-823d-05b0e2a2c48d","component_name":"mck-portal-srv","component_instance":0,"source_instance":0,"organization_name":"McKesson Corporation_discovery-sunrise","organization_id":"557795fb-ec02-41f6-b249-2b9c73ac8438","space_name":"Datasphere_Dev","space_id":"2742a945-aac7-4753-a013-50fdd526e1db","msg":"serving INVENTORY { impl: 'srv/service.js', path: '/odata/v4/inventory' }","type":"log"} (STDOUT, APP/PROC/WEB)#
#2025 08 07 22:04:39.033#Z#DEBUG#2fcaf4af-73da-11f0-a2d3-eeee0a8a6470.mck-portal-srv#flowable-async-job-executor-thread-5692#
[PollStartAppStatusExecution] 4d8f45b0-79dd-4bee-823d-05b0e2a2c48d [2025-08-07T22:04:38.290163] {"level":"info","logger":"cds","timestamp":"2025-08-07T22:04:38.289Z","layer":"cds","component_type":"application","container_id":"10.36.192.19","component_id":"4d8f45b0-79dd-4bee-823d-05b0e2a2c48d","component_name":"mck-portal-srv","component_instance":0,"source_instance":0,"organization_name":"McKesson Corporation_discovery-sunrise","organization_id":"557795fb-ec02-41f6-b249-2b9c73ac8438","space_name":"Datasphere_Dev","space_id":"2742a945-aac7-4753-a013-50fdd526e1db","msg":"serving SALES { impl: 'srv/service.js', path: '/odata/v4/sales' }","type":"log"} (STDOUT, APP/PROC/WEB)#
#2025 08 07 22:04:39.033#Z#DEBUG#2fcaf4af-73da-11f0-a2d3-eeee0a8a6470.mck-portal-srv#flowable-async-job-executor-thread-5692#
[PollStartAppStatusExecution] 4d8f45b0-79dd-4bee-823d-05b0e2a2c48d [2025-08-07T22:04:38.290489] {"level":"info","logger":"cds","timestamp":"2025-08-07T22:04:38.290Z","layer":"cds","component_type":"application","container_id":"10.36.192.19","component_id":"4d8f45b0-79dd-4bee-823d-05b0e2a2c48d","component_name":"mck-portal-srv","component_instance":0,"source_instance":0,"organization_name":"McKesson Corporation_discovery-sunrise","organization_id":"557795fb-ec02-41f6-b249-2b9c73ac8438","space_name":"Datasphere_Dev","space_id":"2742a945-aac7-4753-a013-50fdd526e1db","msg":"serving CUSTOMERS { impl: 'srv/service.js', path: '/odata/v4/customers' }","type":"log"} (STDOUT, APP/PROC/WEB)#
#2025 08 07 22:04:39.033#Z#DEBUG#2fcaf4af-73da-11f0-a2d3-eeee0a8a6470.mck-portal-srv#flowable-async-job-executor-thread-5692#
[PollStartAppStatusExecution] 4d8f45b0-79dd-4bee-823d-05b0e2a2c48d [2025-08-07T22:04:38.291268] {"level":"info","logger":"cds","timestamp":"2025-08-07T22:04:38.290Z","layer":"cds","component_type":"application","container_id":"10.36.192.19","component_id":"4d8f45b0-79dd-4bee-823d-05b0e2a2c48d","component_name":"mck-portal-srv","component_instance":0,"source_instance":0,"organization_name":"McKesson Corporation_discovery-sunrise","organization_id":"557795fb-ec02-41f6-b249-2b9c73ac8438","space_name":"Datasphere_Dev","space_id":"2742a945-aac7-4753-a013-50fdd526e1db","msg":"serving FINANCE { impl: 'srv/service.js', path: '/odata/v4/finance' }","type":"log"} (STDOUT, APP/PROC/WEB)#
#2025 08 07 22:04:39.033#Z#DEBUG#2fcaf4af-73da-11f0-a2d3-eeee0a8a6470.mck-portal-srv#flowable-async-job-executor-thread-5692#
[PollStartAppStatusExecution] 4d8f45b0-79dd-4bee-823d-05b0e2a2c48d [2025-08-07T22:04:38.291590] {"level":"info","logger":"cds","timestamp":"2025-08-07T22:04:38.291Z","layer":"cds","component_type":"application","container_id":"10.36.192.19","component_id":"4d8f45b0-79dd-4bee-823d-05b0e2a2c48d","component_name":"mck-portal-srv","component_instance":0,"source_instance":0,"organization_name":"McKesson Corporation_discovery-sunrise","organization_id":"557795fb-ec02-41f6-b249-2b9c73ac8438","space_name":"Datasphere_Dev","space_id":"2742a945-aac7-4753-a013-50fdd526e1db","msg":"serving MAINPAGE { impl: 'srv/service.js', path: '/odata/v4/mainpage' }","type":"log"} (STDOUT, APP/PROC/WEB)#
#2025 08 07 22:04:39.033#Z#DEBUG#2fcaf4af-73da-11f0-a2d3-eeee0a8a6470.mck-portal-srv#flowable-async-job-executor-thread-5692#
[PollStartAppStatusExecution] 4d8f45b0-79dd-4bee-823d-05b0e2a2c48d [2025-08-07T22:04:38.291937] {"level":"info","logger":"cds","timestamp":"2025-08-07T22:04:38.291Z","layer":"cds","component_type":"application","container_id":"10.36.192.19","component_id":"4d8f45b0-79dd-4bee-823d-05b0e2a2c48d","component_name":"mck-portal-srv","component_instance":0,"source_instance":0,"organization_name":"McKesson Corporation_discovery-sunrise","organization_id":"557795fb-ec02-41f6-b249-2b9c73ac8438","space_name":"Datasphere_Dev","space_id":"2742a945-aac7-4753-a013-50fdd526e1db","msg":"serving CatalogService { impl: 'srv/service.js', path: '/odata/v4/catalog' }","type":"log"} (STDOUT, APP/PROC/WEB)#
#2025 08 07 22:04:39.033#Z#DEBUG#2fcaf4af-73da-11f0-a2d3-eeee0a8a6470.mck-portal-srv#flowable-async-job-executor-thread-5692#
[PollStartAppStatusExecution] 4d8f45b0-79dd-4bee-823d-05b0e2a2c48d [2025-08-07T22:04:38.292238] {"level":"info","logger":"cds","timestamp":"2025-08-07T22:04:38.292Z","layer":"cds","component_type":"application","container_id":"10.36.192.19","component_id":"4d8f45b0-79dd-4bee-823d-05b0e2a2c48d","component_name":"mck-portal-srv","component_instance":0,"source_instance":0,"organization_name":"McKesson Corporation_discovery-sunrise","organization_id":"557795fb-ec02-41f6-b249-2b9c73ac8438","space_name":"Datasphere_Dev","space_id":"2742a945-aac7-4753-a013-50fdd526e1db","msg":"serving Media { impl: 'srv/service.js', path: '/odata/v4/media' }","type":"log"} (STDOUT, APP/PROC/WEB)#
#2025 08 07 22:04:39.033#Z#DEBUG#2fcaf4af-73da-11f0-a2d3-eeee0a8a6470.mck-portal-srv#flowable-async-job-executor-thread-5692#
[PollStartAppStatusExecution] 4d8f45b0-79dd-4bee-823d-05b0e2a2c48d [2025-08-07T22:04:38.292724] {"level":"info","logger":"cds","timestamp":"2025-08-07T22:04:38.292Z","layer":"cds","component_type":"application","container_id":"10.36.192.19","component_id":"4d8f45b0-79dd-4bee-823d-05b0e2a2c48d","component_name":"mck-portal-srv","component_instance":0,"source_instance":0,"organization_name":"McKesson Corporation_discovery-sunrise","organization_id":"557795fb-ec02-41f6-b249-2b9c73ac8438","space_name":"Datasphere_Dev","space_id":"2742a945-aac7-4753-a013-50fdd526e1db","msg":"serving OktaService { impl: 'srv/service.js', path: '/odata/v4/okta' }","type":"log"} (STDOUT, APP/PROC/WEB)#
#2025 08 07 22:04:39.033#Z#DEBUG#2fcaf4af-73da-11f0-a2d3-eeee0a8a6470.mck-portal-srv#flowable-async-job-executor-thread-5692#
[PollStartAppStatusExecution] 4d8f45b0-79dd-4bee-823d-05b0e2a2c48d [2025-08-07T22:04:38.298534] {"level":"info","logger":"cds","timestamp":"2025-08-07T22:04:38.298Z","layer":"cds","component_type":"application","container_id":"10.36.192.19","component_id":"4d8f45b0-79dd-4bee-823d-05b0e2a2c48d","component_name":"mck-portal-srv","component_instance":0,"source_instance":0,"organization_name":"McKesson Corporation_discovery-sunrise","organization_id":"557795fb-ec02-41f6-b249-2b9c73ac8438","space_name":"Datasphere_Dev","space_id":"2742a945-aac7-4753-a013-50fdd526e1db","msg":"server listening on { url: 'http://localhost:8080' }","type":"log"} (STDOUT, APP/PROC/WEB)#
#2025 08 07 22:04:39.033#Z#DEBUG#2fcaf4af-73da-11f0-a2d3-eeee0a8a6470.mck-portal-srv#flowable-async-job-executor-thread-5692#
[PollStartAppStatusExecution] 4d8f45b0-79dd-4bee-823d-05b0e2a2c48d [2025-08-07T22:04:38.298615] [cds] - server launched at 8/7/2025, 10:04:37 PM, version: 8.9.2, in: 1.028s (STDOUT, APP/PROC/WEB)#
#2025 08 07 22:04:48.971#Z#DEBUG#2fcaf4af-73da-11f0-a2d3-eeee0a8a6470.mck-portal-srv#flowable-async-job-executor-thread-5696#
[PollStartAppStatusExecution] 4d8f45b0-79dd-4bee-823d-05b0e2a2c48d [2025-08-07T22:04:39.430830] Container became healthy (STDOUT, CELL)#
#2025 08 07 22:04:48.971#Z#DEBUG#2fcaf4af-73da-11f0-a2d3-eeee0a8a6470.mck-portal-srv#flowable-async-job-executor-thread-5696#
[PollStartAppStatusExecution] 4d8f45b0-79dd-4bee-823d-05b0e2a2c48d [2025-08-07T22:04:39.457471] Process became ready with guid 4d8f45b0-79dd-4bee-823d-05b0e2a2c48d payload: {"instance"=>"8eb6155e-e69b-4c6e-4b10-4e3f", "index"=>0, "cell_id"=>"f145e43e-2ae4-4b6b-9a08-579003eb9823", "ready"=>true, "version"=>"c7d7bec0-c2bc-48d9-ab0e-02be25709109"} (STDOUT, API)#
