#2025 08 22 14:56:40.072#Z#DEBUG#fe43cb42-7f67-11f0-bc27-eeee0a9238bb.mck-portal-srv#flowable-async-job-executor-thread-1309#
[PollStageAppStatusExecution] 4d8f45b0-79dd-4bee-823d-05b0e2a2c48d [2025-08-22T14:45:52.426608] Updated app with guid 4d8f45b0-79dd-4bee-823d-05b0e2a2c48d ({"environment_variables"=>"[PRIVATE DATA HIDDEN]"}) (STDOUT, API)#
#2025 08 22 14:56:40.072#Z#DEBUG#fe43cb42-7f67-11f0-bc27-eeee0a9238bb.mck-portal-srv#flowable-async-job-executor-thread-1309#
[PollStageAppStatusExecution] 4d8f45b0-79dd-4bee-823d-05b0e2a2c48d [2025-08-22T14:46:42.844728] Uploading app package for app with guid 4d8f45b0-79dd-4bee-823d-05b0e2a2c48d (STDOUT, API)#
#2025 08 22 14:56:40.072#Z#DEBUG#fe43cb42-7f67-11f0-bc27-eeee0a9238bb.mck-portal-srv#flowable-async-job-executor-thread-1309#
[PollStageAppStatusExecution] 4d8f45b0-79dd-4bee-823d-05b0e2a2c48d [2025-08-22T14:46:43.058456] Updated app with guid 4d8f45b0-79dd-4bee-823d-05b0e2a2c48d ({"environment_variables"=>"[PRIVATE DATA HIDDEN]"}) (STDOUT, API)#
#2025 08 22 14:56:40.072#Z#DEBUG#fe43cb42-7f67-11f0-bc27-eeee0a9238bb.mck-portal-srv#flowable-async-job-executor-thread-1309#
[PollStageAppStatusExecution] 4d8f45b0-79dd-4bee-823d-05b0e2a2c48d [2025-08-22T14:46:58.541280] Stopping app with guid 4d8f45b0-79dd-4bee-823d-05b0e2a2c48d (STDOUT, API)#
#2025 08 22 14:56:40.072#Z#DEBUG#fe43cb42-7f67-11f0-bc27-eeee0a9238bb.mck-portal-srv#flowable-async-job-executor-thread-1309#
[PollStageAppStatusExecution] 4d8f45b0-79dd-4bee-823d-05b0e2a2c48d [2025-08-22T14:46:58.604551] Cell dd7059b6-aa51-49b4-97f9-0302b687b5ba stopping instance 89dfc927-a7da-4b08-5f9e-32c8 (STDOUT, CELL)#
#2025 08 22 14:56:40.072#Z#DEBUG#fe43cb42-7f67-11f0-bc27-eeee0a9238bb.mck-portal-srv#flowable-async-job-executor-thread-1309#
[PollStageAppStatusExecution] 4d8f45b0-79dd-4bee-823d-05b0e2a2c48d [2025-08-22T14:46:58.810599] Creating build for app with guid 4d8f45b0-79dd-4bee-823d-05b0e2a2c48d (STDOUT, API)#
#2025 08 22 14:56:40.072#Z#DEBUG#fe43cb42-7f67-11f0-bc27-eeee0a9238bb.mck-portal-srv#flowable-async-job-executor-thread-1309#
[PollStageAppStatusExecution] 4d8f45b0-79dd-4bee-823d-05b0e2a2c48d [2025-08-22T14:46:59.002271] Downloading nodejs_buildpack... (STDOUT, STG)#
#2025 08 22 14:56:40.072#Z#DEBUG#fe43cb42-7f67-11f0-bc27-eeee0a9238bb.mck-portal-srv#flowable-async-job-executor-thread-1309#
[PollStageAppStatusExecution] 4d8f45b0-79dd-4bee-823d-05b0e2a2c48d [2025-08-22T14:46:59.024183] Downloaded nodejs_buildpack (STDOUT, STG)#
#2025 08 22 14:56:40.072#Z#DEBUG#fe43cb42-7f67-11f0-bc27-eeee0a9238bb.mck-portal-srv#flowable-async-job-executor-thread-1309#
[PollStageAppStatusExecution] 4d8f45b0-79dd-4bee-823d-05b0e2a2c48d [2025-08-22T14:46:59.024288] Cell d3c2d833-c52a-4a34-bfdd-be595728952e creating container for instance 000fa8e5-2198-4259-a8ab-6f9163f0681e (STDOUT, STG)#
#2025 08 22 14:56:40.072#Z#DEBUG#fe43cb42-7f67-11f0-bc27-eeee0a9238bb.mck-portal-srv#flowable-async-job-executor-thread-1309#
[PollStageAppStatusExecution] 4d8f45b0-79dd-4bee-823d-05b0e2a2c48d [2025-08-22T14:46:59.403749] Security group rules were updated (STDOUT, STG)#
#2025 08 22 14:56:40.072#Z#DEBUG#fe43cb42-7f67-11f0-bc27-eeee0a9238bb.mck-portal-srv#flowable-async-job-executor-thread-1309#
[PollStageAppStatusExecution] 4d8f45b0-79dd-4bee-823d-05b0e2a2c48d [2025-08-22T14:46:59.466839] Cell d3c2d833-c52a-4a34-bfdd-be595728952e successfully created container for instance 000fa8e5-2198-4259-a8ab-6f9163f0681e (STDOUT, STG)#
#2025 08 22 14:56:40.072#Z#DEBUG#fe43cb42-7f67-11f0-bc27-eeee0a9238bb.mck-portal-srv#flowable-async-job-executor-thread-1309#
[PollStageAppStatusExecution] 4d8f45b0-79dd-4bee-823d-05b0e2a2c48d [2025-08-22T14:46:59.727439] Downloading build artifacts cache... (STDOUT, STG)#
#2025 08 22 14:56:40.072#Z#DEBUG#fe43cb42-7f67-11f0-bc27-eeee0a9238bb.mck-portal-srv#flowable-async-job-executor-thread-1309#
[PollStageAppStatusExecution] 4d8f45b0-79dd-4bee-823d-05b0e2a2c48d [2025-08-22T14:46:59.727485] Downloading app package... (STDOUT, STG)#
#2025 08 22 14:56:40.072#Z#DEBUG#fe43cb42-7f67-11f0-bc27-eeee0a9238bb.mck-portal-srv#flowable-async-job-executor-thread-1309#
[PollStageAppStatusExecution] 4d8f45b0-79dd-4bee-823d-05b0e2a2c48d [2025-08-22T14:46:59.750167] Downloaded build artifacts cache (228B) (STDOUT, STG)#
#2025 08 22 14:56:40.072#Z#DEBUG#fe43cb42-7f67-11f0-bc27-eeee0a9238bb.mck-portal-srv#flowable-async-job-executor-thread-1309#
[PollStageAppStatusExecution] 4d8f45b0-79dd-4bee-823d-05b0e2a2c48d [2025-08-22T14:47:03.592604] Downloaded app package (75.1M) (STDOUT, STG)#
#2025 08 22 14:56:40.072#Z#DEBUG#fe43cb42-7f67-11f0-bc27-eeee0a9238bb.mck-portal-srv#flowable-async-job-executor-thread-1309#
[PollStageAppStatusExecution] 4d8f45b0-79dd-4bee-823d-05b0e2a2c48d [2025-08-22T14:47:03.661432] -----> Nodejs Buildpack version 1.8.39 (STDOUT, STG)#
#2025 08 22 14:56:40.072#Z#DEBUG#fe43cb42-7f67-11f0-bc27-eeee0a9238bb.mck-portal-srv#flowable-async-job-executor-thread-1309#
[PollStageAppStatusExecution] 4d8f45b0-79dd-4bee-823d-05b0e2a2c48d [2025-08-22T14:47:04.527046] -----> Bootstrapping python (STDOUT, STG)#
#2025 08 22 14:56:40.072#Z#DEBUG#fe43cb42-7f67-11f0-bc27-eeee0a9238bb.mck-portal-srv#flowable-async-job-executor-thread-1309#
[PollStageAppStatusExecution] 4d8f45b0-79dd-4bee-823d-05b0e2a2c48d [2025-08-22T14:47:04.527082] -----> Installing python 3.11.13 (STDOUT, STG)#
#2025 08 22 14:56:40.072#Z#DEBUG#fe43cb42-7f67-11f0-bc27-eeee0a9238bb.mck-portal-srv#flowable-async-job-executor-thread-1309#
[PollStageAppStatusExecution] 4d8f45b0-79dd-4bee-823d-05b0e2a2c48d [2025-08-22T14:47:04.527152] Copy [/tmp/buildpacks/6ca7b63990364784/dependencies/28094bfda36b8c744219390b5b628ee3/python_3.11.13_linux_x64_cflinuxfs4_49160849.tgz] (STDOUT, STG)#
#2025 08 22 14:56:40.072#Z#DEBUG#fe43cb42-7f67-11f0-bc27-eeee0a9238bb.mck-portal-srv#flowable-async-job-executor-thread-1309#
[PollStageAppStatusExecution] 4d8f45b0-79dd-4bee-823d-05b0e2a2c48d [2025-08-22T14:47:08.093276] -----> Installing binaries (STDOUT, STG)#
#2025 08 22 14:56:40.072#Z#DEBUG#fe43cb42-7f67-11f0-bc27-eeee0a9238bb.mck-portal-srv#flowable-async-job-executor-thread-1309#
[PollStageAppStatusExecution] 4d8f45b0-79dd-4bee-823d-05b0e2a2c48d [2025-08-22T14:47:08.093625] engines.node (package.json): unspecified (STDOUT, STG)#
#2025 08 22 14:56:40.072#Z#DEBUG#fe43cb42-7f67-11f0-bc27-eeee0a9238bb.mck-portal-srv#flowable-async-job-executor-thread-1309#
[PollStageAppStatusExecution] 4d8f45b0-79dd-4bee-823d-05b0e2a2c48d [2025-08-22T14:47:08.093645] engines.npm (package.json): unspecified (use default) (STDOUT, STG)#
#2025 08 22 14:56:40.072#Z#DEBUG#fe43cb42-7f67-11f0-bc27-eeee0a9238bb.mck-portal-srv#flowable-async-job-executor-thread-1309#
[PollStageAppStatusExecution] 4d8f45b0-79dd-4bee-823d-05b0e2a2c48d [2025-08-22T14:47:08.093652] [31;1m**WARNING**[0m Node version not specified in package.json or .nvmrc. See: http://docs.cloudfoundry.org/buildpacks/node/node-tips.html (STDOUT, STG)#
#2025 08 22 14:56:40.072#Z#DEBUG#fe43cb42-7f67-11f0-bc27-eeee0a9238bb.mck-portal-srv#flowable-async-job-executor-thread-1309#
[PollStageAppStatusExecution] 4d8f45b0-79dd-4bee-823d-05b0e2a2c48d [2025-08-22T14:47:08.093661] -----> Installing node 22.16.0 (STDOUT, STG)#
#2025 08 22 14:56:40.072#Z#DEBUG#fe43cb42-7f67-11f0-bc27-eeee0a9238bb.mck-portal-srv#flowable-async-job-executor-thread-1309#
[PollStageAppStatusExecution] 4d8f45b0-79dd-4bee-823d-05b0e2a2c48d [2025-08-22T14:47:08.093746] Copy [/tmp/buildpacks/6ca7b63990364784/dependencies/0a5b2807f2f20788823b197d52c24f05/node_22.16.0_linux_x64_cflinuxfs4_13829c62.tgz] (STDOUT, STG)#
#2025 08 22 14:56:40.072#Z#DEBUG#fe43cb42-7f67-11f0-bc27-eeee0a9238bb.mck-portal-srv#flowable-async-job-executor-thread-1309#
[PollStageAppStatusExecution] 4d8f45b0-79dd-4bee-823d-05b0e2a2c48d [2025-08-22T14:47:10.222946] Using default npm version: 10.9.2 (STDOUT, STG)#
#2025 08 22 14:56:40.072#Z#DEBUG#fe43cb42-7f67-11f0-bc27-eeee0a9238bb.mck-portal-srv#flowable-async-job-executor-thread-1309#
[PollStageAppStatusExecution] 4d8f45b0-79dd-4bee-823d-05b0e2a2c48d [2025-08-22T14:47:10.222980] -----> Installing yarn 1.22.22 (STDOUT, STG)#
#2025 08 22 14:56:40.072#Z#DEBUG#fe43cb42-7f67-11f0-bc27-eeee0a9238bb.mck-portal-srv#flowable-async-job-executor-thread-1309#
[PollStageAppStatusExecution] 4d8f45b0-79dd-4bee-823d-05b0e2a2c48d [2025-08-22T14:47:10.223078] Copy [/tmp/buildpacks/6ca7b63990364784/dependencies/ff849eb7696d3a7f463752a272c9a88e/yarn_1.22.22_linux_noarch_any-stack_83bda680.tgz] (STDOUT, STG)#
#2025 08 22 14:56:40.072#Z#DEBUG#fe43cb42-7f67-11f0-bc27-eeee0a9238bb.mck-portal-srv#flowable-async-job-executor-thread-1309#
[PollStageAppStatusExecution] 4d8f45b0-79dd-4bee-823d-05b0e2a2c48d [2025-08-22T14:47:10.529572] Installed yarn 1.22.22 (STDOUT, STG)#
#2025 08 22 14:56:40.072#Z#DEBUG#fe43cb42-7f67-11f0-bc27-eeee0a9238bb.mck-portal-srv#flowable-async-job-executor-thread-1309#
[PollStageAppStatusExecution] 4d8f45b0-79dd-4bee-823d-05b0e2a2c48d [2025-08-22T14:47:10.529606] -----> Creating runtime environment (STDOUT, STG)#
#2025 08 22 14:56:40.072#Z#DEBUG#fe43cb42-7f67-11f0-bc27-eeee0a9238bb.mck-portal-srv#flowable-async-job-executor-thread-1309#
[PollStageAppStatusExecution] 4d8f45b0-79dd-4bee-823d-05b0e2a2c48d [2025-08-22T14:47:10.531555] NODE_ENV=production (STDOUT, STG)#
#2025 08 22 14:56:40.072#Z#DEBUG#fe43cb42-7f67-11f0-bc27-eeee0a9238bb.mck-portal-srv#flowable-async-job-executor-thread-1309#
[PollStageAppStatusExecution] 4d8f45b0-79dd-4bee-823d-05b0e2a2c48d [2025-08-22T14:47:10.531587] NODE_HOME=/tmp/contents824808370/deps/0/node (STDOUT, STG)#
#2025 08 22 14:56:40.072#Z#DEBUG#fe43cb42-7f67-11f0-bc27-eeee0a9238bb.mck-portal-srv#flowable-async-job-executor-thread-1309#
[PollStageAppStatusExecution] 4d8f45b0-79dd-4bee-823d-05b0e2a2c48d [2025-08-22T14:47:10.531591] NODE_MODULES_CACHE=true (STDOUT, STG)#
#2025 08 22 14:56:40.072#Z#DEBUG#fe43cb42-7f67-11f0-bc27-eeee0a9238bb.mck-portal-srv#flowable-async-job-executor-thread-1309#
[PollStageAppStatusExecution] 4d8f45b0-79dd-4bee-823d-05b0e2a2c48d [2025-08-22T14:47:10.531594] NODE_VERBOSE=false (STDOUT, STG)#
#2025 08 22 14:56:40.072#Z#DEBUG#fe43cb42-7f67-11f0-bc27-eeee0a9238bb.mck-portal-srv#flowable-async-job-executor-thread-1309#
[PollStageAppStatusExecution] 4d8f45b0-79dd-4bee-823d-05b0e2a2c48d [2025-08-22T14:47:10.531602] NPM_CONFIG_LOGLEVEL=error (STDOUT, STG)#
#2025 08 22 14:56:40.072#Z#DEBUG#fe43cb42-7f67-11f0-bc27-eeee0a9238bb.mck-portal-srv#flowable-async-job-executor-thread-1309#
[PollStageAppStatusExecution] 4d8f45b0-79dd-4bee-823d-05b0e2a2c48d [2025-08-22T14:47:10.531606] NPM_CONFIG_PRODUCTION=true (STDOUT, STG)#
#2025 08 22 14:56:40.072#Z#DEBUG#fe43cb42-7f67-11f0-bc27-eeee0a9238bb.mck-portal-srv#flowable-async-job-executor-thread-1309#
[PollStageAppStatusExecution] 4d8f45b0-79dd-4bee-823d-05b0e2a2c48d [2025-08-22T14:47:10.531609] -----> Building dependencies (STDOUT, STG)#
#2025 08 22 14:56:40.072#Z#DEBUG#fe43cb42-7f67-11f0-bc27-eeee0a9238bb.mck-portal-srv#flowable-async-job-executor-thread-1309#
[PollStageAppStatusExecution] 4d8f45b0-79dd-4bee-823d-05b0e2a2c48d [2025-08-22T14:47:10.531613] Prebuild detected (node_modules already exists) (STDOUT, STG)#
#2025 08 22 14:56:40.072#Z#DEBUG#fe43cb42-7f67-11f0-bc27-eeee0a9238bb.mck-portal-srv#flowable-async-job-executor-thread-1309#
[PollStageAppStatusExecution] 4d8f45b0-79dd-4bee-823d-05b0e2a2c48d [2025-08-22T14:47:10.531661] Rebuilding any native modules (STDOUT, STG)#
#2025 08 22 14:56:40.072#Z#DEBUG#fe43cb42-7f67-11f0-bc27-eeee0a9238bb.mck-portal-srv#flowable-async-job-executor-thread-1309#
[PollStageAppStatusExecution] 4d8f45b0-79dd-4bee-823d-05b0e2a2c48d [2025-08-22T14:47:11.411188] rebuilt dependencies successfully (STDOUT, STG)#
#2025 08 22 14:56:40.072#Z#DEBUG#fe43cb42-7f67-11f0-bc27-eeee0a9238bb.mck-portal-srv#flowable-async-job-executor-thread-1309#
[PollStageAppStatusExecution] 4d8f45b0-79dd-4bee-823d-05b0e2a2c48d [2025-08-22T14:47:11.412170] npm notice (STDOUT, STG)#
#2025 08 22 14:56:40.072#Z#DEBUG#fe43cb42-7f67-11f0-bc27-eeee0a9238bb.mck-portal-srv#flowable-async-job-executor-thread-1309#
[PollStageAppStatusExecution] 4d8f45b0-79dd-4bee-823d-05b0e2a2c48d [2025-08-22T14:47:11.412182] npm notice New major version of npm available! 10.9.2 -> 11.5.2 (STDOUT, STG)#
#2025 08 22 14:56:40.072#Z#DEBUG#fe43cb42-7f67-11f0-bc27-eeee0a9238bb.mck-portal-srv#flowable-async-job-executor-thread-1309#
[PollStageAppStatusExecution] 4d8f45b0-79dd-4bee-823d-05b0e2a2c48d [2025-08-22T14:47:11.412186] npm notice Changelog: https://github.com/npm/cli/releases/tag/v11.5.2 (STDOUT, STG)#
#2025 08 22 14:56:40.072#Z#DEBUG#fe43cb42-7f67-11f0-bc27-eeee0a9238bb.mck-portal-srv#flowable-async-job-executor-thread-1309#
[PollStageAppStatusExecution] 4d8f45b0-79dd-4bee-823d-05b0e2a2c48d [2025-08-22T14:47:11.412188] npm notice To update run: npm install -g npm@11.5.2 (STDOUT, STG)#
#2025 08 22 14:56:40.072#Z#DEBUG#fe43cb42-7f67-11f0-bc27-eeee0a9238bb.mck-portal-srv#flowable-async-job-executor-thread-1309#
[PollStageAppStatusExecution] 4d8f45b0-79dd-4bee-823d-05b0e2a2c48d [2025-08-22T14:47:11.412191] npm notice (STDOUT, STG)#
#2025 08 22 14:56:40.072#Z#DEBUG#fe43cb42-7f67-11f0-bc27-eeee0a9238bb.mck-portal-srv#flowable-async-job-executor-thread-1309#
[PollStageAppStatusExecution] 4d8f45b0-79dd-4bee-823d-05b0e2a2c48d [2025-08-22T14:47:11.477680] Installing any new modules (package.json + package-lock.json) (STDOUT, STG)#
#2025 08 22 14:56:40.072#Z#DEBUG#fe43cb42-7f67-11f0-bc27-eeee0a9238bb.mck-portal-srv#flowable-async-job-executor-thread-1309#
[PollStageAppStatusExecution] 4d8f45b0-79dd-4bee-823d-05b0e2a2c48d [2025-08-22T14:47:12.738483] up to date in 1s (STDOUT, STG)#
#2025 08 22 14:56:40.072#Z#DEBUG#fe43cb42-7f67-11f0-bc27-eeee0a9238bb.mck-portal-srv#flowable-async-job-executor-thread-1309#
[PollStageAppStatusExecution] 4d8f45b0-79dd-4bee-823d-05b0e2a2c48d [2025-08-22T14:47:12.738530] 25 packages are looking for funding (STDOUT, STG)#
#2025 08 22 14:56:40.072#Z#DEBUG#fe43cb42-7f67-11f0-bc27-eeee0a9238bb.mck-portal-srv#flowable-async-job-executor-thread-1309#
[PollStageAppStatusExecution] 4d8f45b0-79dd-4bee-823d-05b0e2a2c48d [2025-08-22T14:47:12.738535] run `npm fund` for details (STDOUT, STG)#
#2025 08 22 14:56:40.072#Z#DEBUG#fe43cb42-7f67-11f0-bc27-eeee0a9238bb.mck-portal-srv#flowable-async-job-executor-thread-1309#
[PollStageAppStatusExecution] 4d8f45b0-79dd-4bee-823d-05b0e2a2c48d [2025-08-22T14:47:14.066044] Contrast Security no credentials found. Will not write environment files. (STDOUT, STG)#
#2025 08 22 14:56:40.072#Z#DEBUG#fe43cb42-7f67-11f0-bc27-eeee0a9238bb.mck-portal-srv#flowable-async-job-executor-thread-1309#
[PollStageAppStatusExecution] 4d8f45b0-79dd-4bee-823d-05b0e2a2c48d [2025-08-22T14:47:33.381907] Exit status 0 (STDOUT, STG)#
#2025 08 22 14:56:40.072#Z#DEBUG#fe43cb42-7f67-11f0-bc27-eeee0a9238bb.mck-portal-srv#flowable-async-job-executor-thread-1309#
[PollStageAppStatusExecution] 4d8f45b0-79dd-4bee-823d-05b0e2a2c48d [2025-08-22T14:47:33.381992] Uploading droplet, build artifacts cache... (STDOUT, STG)#
#2025 08 22 14:56:40.072#Z#DEBUG#fe43cb42-7f67-11f0-bc27-eeee0a9238bb.mck-portal-srv#flowable-async-job-executor-thread-1309#
[PollStageAppStatusExecution] 4d8f45b0-79dd-4bee-823d-05b0e2a2c48d [2025-08-22T14:47:33.382049] Uploading droplet... (STDOUT, STG)#
#2025 08 22 14:56:40.072#Z#DEBUG#fe43cb42-7f67-11f0-bc27-eeee0a9238bb.mck-portal-srv#flowable-async-job-executor-thread-1309#
[PollStageAppStatusExecution] 4d8f45b0-79dd-4bee-823d-05b0e2a2c48d [2025-08-22T14:47:33.382118] Uploading build artifacts cache... (STDOUT, STG)#
#2025 08 22 14:56:40.072#Z#DEBUG#fe43cb42-7f67-11f0-bc27-eeee0a9238bb.mck-portal-srv#flowable-async-job-executor-thread-1309#
[PollStageAppStatusExecution] 4d8f45b0-79dd-4bee-823d-05b0e2a2c48d [2025-08-22T14:47:33.401410] Uploaded build artifacts cache (225B) (STDOUT, STG)#
#2025 08 22 14:56:40.072#Z#DEBUG#fe43cb42-7f67-11f0-bc27-eeee0a9238bb.mck-portal-srv#flowable-async-job-executor-thread-1309#
[PollStageAppStatusExecution] 4d8f45b0-79dd-4bee-823d-05b0e2a2c48d [2025-08-22T14:47:35.520255] Creating droplet for app with guid 4d8f45b0-79dd-4bee-823d-05b0e2a2c48d (STDOUT, API)#
#2025 08 22 14:56:40.072#Z#DEBUG#fe43cb42-7f67-11f0-bc27-eeee0a9238bb.mck-portal-srv#flowable-async-job-executor-thread-1309#
[PollStageAppStatusExecution] 4d8f45b0-79dd-4bee-823d-05b0e2a2c48d [2025-08-22T14:47:41.649523] Uploaded droplet (125.6M) (STDOUT, STG)#
#2025 08 22 14:56:40.072#Z#DEBUG#fe43cb42-7f67-11f0-bc27-eeee0a9238bb.mck-portal-srv#flowable-async-job-executor-thread-1309#
[PollStageAppStatusExecution] 4d8f45b0-79dd-4bee-823d-05b0e2a2c48d [2025-08-22T14:47:41.692451] Uploading complete (STDOUT, STG)#
#2025 08 22 14:56:40.072#Z#DEBUG#fe43cb42-7f67-11f0-bc27-eeee0a9238bb.mck-portal-srv#flowable-async-job-executor-thread-1309#
[PollStageAppStatusExecution] 4d8f45b0-79dd-4bee-823d-05b0e2a2c48d [2025-08-22T14:47:42.123744] Cell d3c2d833-c52a-4a34-bfdd-be595728952e stopping instance 000fa8e5-2198-4259-a8ab-6f9163f0681e (STDOUT, STG)#
#2025 08 22 14:56:40.072#Z#DEBUG#fe43cb42-7f67-11f0-bc27-eeee0a9238bb.mck-portal-srv#flowable-async-job-executor-thread-1309#
[PollStageAppStatusExecution] 4d8f45b0-79dd-4bee-823d-05b0e2a2c48d [2025-08-22T14:47:42.123788] Cell d3c2d833-c52a-4a34-bfdd-be595728952e destroying container for instance 000fa8e5-2198-4259-a8ab-6f9163f0681e (STDOUT, STG)#
#2025 08 22 14:56:40.072#Z#DEBUG#fe43cb42-7f67-11f0-bc27-eeee0a9238bb.mck-portal-srv#flowable-async-job-executor-thread-1309#
[PollStageAppStatusExecution] 4d8f45b0-79dd-4bee-823d-05b0e2a2c48d [2025-08-22T14:47:44.419088] Cell d3c2d833-c52a-4a34-bfdd-be595728952e successfully destroyed container for instance 000fa8e5-2198-4259-a8ab-6f9163f0681e (STDOUT, STG)#
#2025 08 22 14:56:40.072#Z#DEBUG#fe43cb42-7f67-11f0-bc27-eeee0a9238bb.mck-portal-srv#flowable-async-job-executor-thread-1309#
[PollStageAppStatusExecution] 4d8f45b0-79dd-4bee-823d-05b0e2a2c48d [2025-08-22T14:47:48.615783] Updated app with guid 4d8f45b0-79dd-4bee-823d-05b0e2a2c48d ({:droplet_guid=>"7a263f86-6807-4ae2-8b84-c127221f8dcf"}) (STDOUT, API)#
#2025 08 22 14:56:40.072#Z#DEBUG#fe43cb42-7f67-11f0-bc27-eeee0a9238bb.mck-portal-srv#flowable-async-job-executor-thread-1309#
[PollStageAppStatusExecution] 4d8f45b0-79dd-4bee-823d-05b0e2a2c48d [2025-08-22T14:47:48.829263] Creating revision for app with guid 4d8f45b0-79dd-4bee-823d-05b0e2a2c48d (STDOUT, API)#
#2025 08 22 14:56:40.072#Z#DEBUG#fe43cb42-7f67-11f0-bc27-eeee0a9238bb.mck-portal-srv#flowable-async-job-executor-thread-1309#
[PollStageAppStatusExecution] 4d8f45b0-79dd-4bee-823d-05b0e2a2c48d [2025-08-22T14:47:48.861751] Starting app with guid 4d8f45b0-79dd-4bee-823d-05b0e2a2c48d (STDOUT, API)#
#2025 08 22 14:56:40.072#Z#DEBUG#fe43cb42-7f67-11f0-bc27-eeee0a9238bb.mck-portal-srv#flowable-async-job-executor-thread-1309#
[PollStageAppStatusExecution] 4d8f45b0-79dd-4bee-823d-05b0e2a2c48d [2025-08-22T14:47:49.085768] Cell b4044827-ed3c-4639-ab39-2e8af1591c41 creating container for instance a98ab972-cd1d-4c1d-4f8c-befa (STDOUT, CELL)#
#2025 08 22 14:56:40.072#Z#DEBUG#fe43cb42-7f67-11f0-bc27-eeee0a9238bb.mck-portal-srv#flowable-async-job-executor-thread-1309#
[PollStageAppStatusExecution] 4d8f45b0-79dd-4bee-823d-05b0e2a2c48d [2025-08-22T14:47:49.486453] Security group rules were updated (STDOUT, CELL)#
#2025 08 22 14:56:40.072#Z#DEBUG#fe43cb42-7f67-11f0-bc27-eeee0a9238bb.mck-portal-srv#flowable-async-job-executor-thread-1309#
[PollStageAppStatusExecution] 4d8f45b0-79dd-4bee-823d-05b0e2a2c48d [2025-08-22T14:47:49.551886] Cell b4044827-ed3c-4639-ab39-2e8af1591c41 successfully created container for instance a98ab972-cd1d-4c1d-4f8c-befa (STDOUT, CELL)#
#2025 08 22 14:56:40.072#Z#DEBUG#fe43cb42-7f67-11f0-bc27-eeee0a9238bb.mck-portal-srv#flowable-async-job-executor-thread-1309#
[PollStageAppStatusExecution] 4d8f45b0-79dd-4bee-823d-05b0e2a2c48d [2025-08-22T14:47:49.899270] Downloading droplet... (STDOUT, CELL)#
#2025 08 22 14:56:40.072#Z#DEBUG#fe43cb42-7f67-11f0-bc27-eeee0a9238bb.mck-portal-srv#flowable-async-job-executor-thread-1309#
[PollStageAppStatusExecution] 4d8f45b0-79dd-4bee-823d-05b0e2a2c48d [2025-08-22T14:47:56.121896] Downloaded droplet (125.6M) (STDOUT, CELL)#
#2025 08 22 14:56:40.072#Z#DEBUG#fe43cb42-7f67-11f0-bc27-eeee0a9238bb.mck-portal-srv#flowable-async-job-executor-thread-1309#
[PollStageAppStatusExecution] 4d8f45b0-79dd-4bee-823d-05b0e2a2c48d [2025-08-22T14:47:56.122007] Starting health monitoring of container (STDOUT, CELL)#
#2025 08 22 14:56:40.072#Z#DEBUG#fe43cb42-7f67-11f0-bc27-eeee0a9238bb.mck-portal-srv#flowable-async-job-executor-thread-1309#
[PollStageAppStatusExecution] 4d8f45b0-79dd-4bee-823d-05b0e2a2c48d [2025-08-22T14:47:56.184764] Invoking pre-start scripts. (STDOUT, APP/PROC/WEB)#
#2025 08 22 14:56:40.072#Z#DEBUG#fe43cb42-7f67-11f0-bc27-eeee0a9238bb.mck-portal-srv#flowable-async-job-executor-thread-1309#
[PollStageAppStatusExecution] 4d8f45b0-79dd-4bee-823d-05b0e2a2c48d [2025-08-22T14:47:56.376108] Invoking start command. (STDOUT, APP/PROC/WEB)#
#2025 08 22 14:56:40.072#Z#DEBUG#fe43cb42-7f67-11f0-bc27-eeee0a9238bb.mck-portal-srv#flowable-async-job-executor-thread-1309#
[PollStageAppStatusExecution] 4d8f45b0-79dd-4bee-823d-05b0e2a2c48d [2025-08-22T14:47:56.749500] > mck-portal@1.0.0 start (STDOUT, APP/PROC/WEB)#
#2025 08 22 14:56:40.072#Z#DEBUG#fe43cb42-7f67-11f0-bc27-eeee0a9238bb.mck-portal-srv#flowable-async-job-executor-thread-1309#
[PollStageAppStatusExecution] 4d8f45b0-79dd-4bee-823d-05b0e2a2c48d [2025-08-22T14:47:56.749526] > cds-serve (STDOUT, APP/PROC/WEB)#
#2025 08 22 14:56:40.072#Z#DEBUG#fe43cb42-7f67-11f0-bc27-eeee0a9238bb.mck-portal-srv#flowable-async-job-executor-thread-1309#
[PollStageAppStatusExecution] 4d8f45b0-79dd-4bee-823d-05b0e2a2c48d [2025-08-22T14:47:56.957276] [cds] - loading server from { file: 'srv/server.js' } (STDOUT, APP/PROC/WEB)#
#2025 08 22 14:56:40.072#Z#DEBUG#fe43cb42-7f67-11f0-bc27-eeee0a9238bb.mck-portal-srv#flowable-async-job-executor-thread-1309#
[PollStageAppStatusExecution] 4d8f45b0-79dd-4bee-823d-05b0e2a2c48d [2025-08-22T14:47:56.993128] CAP is Starting..... (STDOUT, APP/PROC/WEB)#
#2025 08 22 14:56:40.072#Z#DEBUG#fe43cb42-7f67-11f0-bc27-eeee0a9238bb.mck-portal-srv#flowable-async-job-executor-thread-1309#
[PollStageAppStatusExecution] 4d8f45b0-79dd-4bee-823d-05b0e2a2c48d [2025-08-22T14:47:57.127673] Error calling updateMediaFile in bootstrap: TypeError: Cannot destructure property 'MediaFile' of 'cds.entities' as it is undefined. (STDERR, APP/PROC/WEB)#
#2025 08 22 14:56:40.072#Z#DEBUG#fe43cb42-7f67-11f0-bc27-eeee0a9238bb.mck-portal-srv#flowable-async-job-executor-thread-1309#
[PollStageAppStatusExecution] 4d8f45b0-79dd-4bee-823d-05b0e2a2c48d [2025-08-22T14:47:57.127699] at updateMediaFile (/home/vcap/app/srv/server.js:11:13) (STDERR, APP/PROC/WEB)#
#2025 08 22 14:56:40.072#Z#DEBUG#fe43cb42-7f67-11f0-bc27-eeee0a9238bb.mck-portal-srv#flowable-async-job-executor-thread-1309#
[PollStageAppStatusExecution] 4d8f45b0-79dd-4bee-823d-05b0e2a2c48d [2025-08-22T14:47:57.127702] at cds.<anonymous> (/home/vcap/app/srv/server.js:165:15) (STDERR, APP/PROC/WEB)#
#2025 08 22 14:56:40.072#Z#DEBUG#fe43cb42-7f67-11f0-bc27-eeee0a9238bb.mck-portal-srv#flowable-async-job-executor-thread-1309#
[PollStageAppStatusExecution] 4d8f45b0-79dd-4bee-823d-05b0e2a2c48d [2025-08-22T14:47:57.127706] at cds.emit (node:events:530:35) (STDERR, APP/PROC/WEB)#
#2025 08 22 14:56:40.072#Z#DEBUG#fe43cb42-7f67-11f0-bc27-eeee0a9238bb.mck-portal-srv#flowable-async-job-executor-thread-1309#
[PollStageAppStatusExecution] 4d8f45b0-79dd-4bee-823d-05b0e2a2c48d [2025-08-22T14:47:57.127720] at cds.emit (/home/vcap/app/node_modules/@sap/cds/lib/index.js:18:23) (STDERR, APP/PROC/WEB)#
#2025 08 22 14:56:40.072#Z#DEBUG#fe43cb42-7f67-11f0-bc27-eeee0a9238bb.mck-portal-srv#flowable-async-job-executor-thread-1309#
[PollStageAppStatusExecution] 4d8f45b0-79dd-4bee-823d-05b0e2a2c48d [2025-08-22T14:47:57.127723] at cds_server (/home/vcap/app/node_modules/@sap/cds/server.js:39:7) (STDERR, APP/PROC/WEB)#
#2025 08 22 14:56:40.072#Z#DEBUG#fe43cb42-7f67-11f0-bc27-eeee0a9238bb.mck-portal-srv#flowable-async-job-executor-thread-1309#
[PollStageAppStatusExecution] 4d8f45b0-79dd-4bee-823d-05b0e2a2c48d [2025-08-22T14:47:57.127726] at serve (/home/vcap/app/node_modules/@sap/cds/bin/serve.js:204:24) (STDERR, APP/PROC/WEB)#
#2025 08 22 14:56:40.072#Z#DEBUG#fe43cb42-7f67-11f0-bc27-eeee0a9238bb.mck-portal-srv#flowable-async-job-executor-thread-1309#
[PollStageAppStatusExecution] 4d8f45b0-79dd-4bee-823d-05b0e2a2c48d [2025-08-22T14:47:57.409564] {"level":"info","logger":"cds","timestamp":"2025-08-22T14:47:57.408Z","layer":"cds","component_type":"application","container_id":"10.36.192.21","component_id":"4d8f45b0-79dd-4bee-823d-05b0e2a2c48d","component_name":"mck-portal-srv","component_instance":0,"source_instance":0,"organization_name":"McKesson Corporation_discovery-sunrise","organization_id":"557795fb-ec02-41f6-b249-2b9c73ac8438","space_name":"Datasphere_Dev","space_id":"2742a945-aac7-4753-a013-50fdd526e1db","msg":"loaded model from 1 file(s):\n","type":"log"} (STDOUT, APP/PROC/WEB)#
#2025 08 22 14:56:40.072#Z#DEBUG#fe43cb42-7f67-11f0-bc27-eeee0a9238bb.mck-portal-srv#flowable-async-job-executor-thread-1309#
[PollStageAppStatusExecution] 4d8f45b0-79dd-4bee-823d-05b0e2a2c48d [2025-08-22T14:47:57.409594] srv/csn.json (STDOUT, APP/PROC/WEB)#
#2025 08 22 14:56:40.072#Z#DEBUG#fe43cb42-7f67-11f0-bc27-eeee0a9238bb.mck-portal-srv#flowable-async-job-executor-thread-1309#
[PollStageAppStatusExecution] 4d8f45b0-79dd-4bee-823d-05b0e2a2c48d [2025-08-22T14:47:57.825654] {"level":"info","logger":"cds","timestamp":"2025-08-22T14:47:57.824Z","layer":"cds","component_type":"application","container_id":"10.36.192.21","component_id":"4d8f45b0-79dd-4bee-823d-05b0e2a2c48d","component_name":"mck-portal-srv","component_instance":0,"source_instance":0,"organization_name":"McKesson Corporation_discovery-sunrise","organization_id":"557795fb-ec02-41f6-b249-2b9c73ac8438","space_name":"Datasphere_Dev","space_id":"2742a945-aac7-4753-a013-50fdd526e1db","msg":"connect to db > hana {\n  database_id: '451e8954-27cd-4d2f-9402-3ca1944484c7',\n  host: '451e8954-27cd-4d2f-9402-3ca1944484c7.hana.prod-us20.hanacloud.ondemand.com',\n  port: '443',\n  driver: 'com.sap.db.jdbc.Driver',\n  url: 'jdbc:sap://451e8954-27cd-4d2f-9402-3ca1944484c7.hana.prod-us20.hanacloud.ondemand.com:443?encrypt=true&validateCertificate=true&currentschema=MCK_RQ2_301',\n  schema: 'MCK_RQ2_301',\n  certificate: '...',\n  hdi_user: 'MCK_RQ2_301_DB8P3SO5V9Z1XM0JA8K5QCSW1_DT',\n  hdi_password: '...',\n  user: 'MCK_RQ2_301_DB8P3SO5V9Z1XM0JA8K5QCSW1_RT',\n  password: '...'\n}","type":"log"} (STDOUT, APP/PROC/WEB)#
#2025 08 22 14:56:40.072#Z#DEBUG#fe43cb42-7f67-11f0-bc27-eeee0a9238bb.mck-portal-srv#flowable-async-job-executor-thread-1309#
[PollStageAppStatusExecution] 4d8f45b0-79dd-4bee-823d-05b0e2a2c48d [2025-08-22T14:47:57.872440] {"level":"info","logger":"cds","timestamp":"2025-08-22T14:47:57.871Z","layer":"cds","component_type":"application","container_id":"10.36.192.21","component_id":"4d8f45b0-79dd-4bee-823d-05b0e2a2c48d","component_name":"mck-portal-srv","component_instance":0,"source_instance":0,"organization_name":"McKesson Corporation_discovery-sunrise","organization_id":"557795fb-ec02-41f6-b249-2b9c73ac8438","space_name":"Datasphere_Dev","space_id":"2742a945-aac7-4753-a013-50fdd526e1db","msg":"using auth strategy {\n  kind: 'xsuaa',\n  impl: 'node_modules/@sap/cds/lib/srv/middlewares/auth/jwt-auth'\n} \n","type":"log"} (STDOUT, APP/PROC/WEB)#
#2025 08 22 14:56:40.073#Z#DEBUG#fe43cb42-7f67-11f0-bc27-eeee0a9238bb.mck-portal-srv#flowable-async-job-executor-thread-1309#
[PollStageAppStatusExecution] 4d8f45b0-79dd-4bee-823d-05b0e2a2c48d [2025-08-22T14:47:57.919234] {"level":"info","logger":"cds","timestamp":"2025-08-22T14:47:57.918Z","layer":"cds","component_type":"application","container_id":"10.36.192.21","component_id":"4d8f45b0-79dd-4bee-823d-05b0e2a2c48d","component_name":"mck-portal-srv","component_instance":0,"source_instance":0,"organization_name":"McKesson Corporation_discovery-sunrise","organization_id":"557795fb-ec02-41f6-b249-2b9c73ac8438","space_name":"Datasphere_Dev","space_id":"2742a945-aac7-4753-a013-50fdd526e1db","msg":"serving PROCESSING { impl: 'srv/service.js', path: '/odata/v4/processing' }","type":"log"} (STDOUT, APP/PROC/WEB)#
#2025 08 22 14:56:40.073#Z#DEBUG#fe43cb42-7f67-11f0-bc27-eeee0a9238bb.mck-portal-srv#flowable-async-job-executor-thread-1309#
[PollStageAppStatusExecution] 4d8f45b0-79dd-4bee-823d-05b0e2a2c48d [2025-08-22T14:47:57.919973] {"level":"info","logger":"cds","timestamp":"2025-08-22T14:47:57.919Z","layer":"cds","component_type":"application","container_id":"10.36.192.21","component_id":"4d8f45b0-79dd-4bee-823d-05b0e2a2c48d","component_name":"mck-portal-srv","component_instance":0,"source_instance":0,"organization_name":"McKesson Corporation_discovery-sunrise","organization_id":"557795fb-ec02-41f6-b249-2b9c73ac8438","space_name":"Datasphere_Dev","space_id":"2742a945-aac7-4753-a013-50fdd526e1db","msg":"serving INVENTORY { impl: 'srv/service.js', path: '/odata/v4/inventory' }","type":"log"} (STDOUT, APP/PROC/WEB)#
#2025 08 22 14:56:40.073#Z#DEBUG#fe43cb42-7f67-11f0-bc27-eeee0a9238bb.mck-portal-srv#flowable-async-job-executor-thread-1309#
[PollStageAppStatusExecution] 4d8f45b0-79dd-4bee-823d-05b0e2a2c48d [2025-08-22T14:47:57.920665] {"level":"info","logger":"cds","timestamp":"2025-08-22T14:47:57.920Z","layer":"cds","component_type":"application","container_id":"10.36.192.21","component_id":"4d8f45b0-79dd-4bee-823d-05b0e2a2c48d","component_name":"mck-portal-srv","component_instance":0,"source_instance":0,"organization_name":"McKesson Corporation_discovery-sunrise","organization_id":"557795fb-ec02-41f6-b249-2b9c73ac8438","space_name":"Datasphere_Dev","space_id":"2742a945-aac7-4753-a013-50fdd526e1db","msg":"serving SALES { impl: 'srv/service.js', path: '/odata/v4/sales' }","type":"log"} (STDOUT, APP/PROC/WEB)#
#2025 08 22 14:56:40.073#Z#DEBUG#fe43cb42-7f67-11f0-bc27-eeee0a9238bb.mck-portal-srv#flowable-async-job-executor-thread-1309#
[PollStageAppStatusExecution] 4d8f45b0-79dd-4bee-823d-05b0e2a2c48d [2025-08-22T14:47:57.921027] {"level":"info","logger":"cds","timestamp":"2025-08-22T14:47:57.920Z","layer":"cds","component_type":"application","container_id":"10.36.192.21","component_id":"4d8f45b0-79dd-4bee-823d-05b0e2a2c48d","component_name":"mck-portal-srv","component_instance":0,"source_instance":0,"organization_name":"McKesson Corporation_discovery-sunrise","organization_id":"557795fb-ec02-41f6-b249-2b9c73ac8438","space_name":"Datasphere_Dev","space_id":"2742a945-aac7-4753-a013-50fdd526e1db","msg":"serving CUSTOMERS { impl: 'srv/service.js', path: '/odata/v4/customers' }","type":"log"} (STDOUT, APP/PROC/WEB)#
#2025 08 22 14:56:40.073#Z#DEBUG#fe43cb42-7f67-11f0-bc27-eeee0a9238bb.mck-portal-srv#flowable-async-job-executor-thread-1309#
[PollStageAppStatusExecution] 4d8f45b0-79dd-4bee-823d-05b0e2a2c48d [2025-08-22T14:47:57.921767] {"level":"info","logger":"cds","timestamp":"2025-08-22T14:47:57.921Z","layer":"cds","component_type":"application","container_id":"10.36.192.21","component_id":"4d8f45b0-79dd-4bee-823d-05b0e2a2c48d","component_name":"mck-portal-srv","component_instance":0,"source_instance":0,"organization_name":"McKesson Corporation_discovery-sunrise","organization_id":"557795fb-ec02-41f6-b249-2b9c73ac8438","space_name":"Datasphere_Dev","space_id":"2742a945-aac7-4753-a013-50fdd526e1db","msg":"serving FINANCE { impl: 'srv/service.js', path: '/odata/v4/finance' }","type":"log"} (STDOUT, APP/PROC/WEB)#
#2025 08 22 14:56:40.073#Z#DEBUG#fe43cb42-7f67-11f0-bc27-eeee0a9238bb.mck-portal-srv#flowable-async-job-executor-thread-1309#
[PollStageAppStatusExecution] 4d8f45b0-79dd-4bee-823d-05b0e2a2c48d [2025-08-22T14:47:57.922182] {"level":"info","logger":"cds","timestamp":"2025-08-22T14:47:57.921Z","layer":"cds","component_type":"application","container_id":"10.36.192.21","component_id":"4d8f45b0-79dd-4bee-823d-05b0e2a2c48d","component_name":"mck-portal-srv","component_instance":0,"source_instance":0,"organization_name":"McKesson Corporation_discovery-sunrise","organization_id":"557795fb-ec02-41f6-b249-2b9c73ac8438","space_name":"Datasphere_Dev","space_id":"2742a945-aac7-4753-a013-50fdd526e1db","msg":"serving MAINPAGE { impl: 'srv/service.js', path: '/odata/v4/mainpage' }","type":"log"} (STDOUT, APP/PROC/WEB)#
#2025 08 22 14:56:40.073#Z#DEBUG#fe43cb42-7f67-11f0-bc27-eeee0a9238bb.mck-portal-srv#flowable-async-job-executor-thread-1309#
[PollStageAppStatusExecution] 4d8f45b0-79dd-4bee-823d-05b0e2a2c48d [2025-08-22T14:47:57.922569] {"level":"info","logger":"cds","timestamp":"2025-08-22T14:47:57.922Z","layer":"cds","component_type":"application","container_id":"10.36.192.21","component_id":"4d8f45b0-79dd-4bee-823d-05b0e2a2c48d","component_name":"mck-portal-srv","component_instance":0,"source_instance":0,"organization_name":"McKesson Corporation_discovery-sunrise","organization_id":"557795fb-ec02-41f6-b249-2b9c73ac8438","space_name":"Datasphere_Dev","space_id":"2742a945-aac7-4753-a013-50fdd526e1db","msg":"serving CatalogService { impl: 'srv/service.js', path: '/odata/v4/catalog' }","type":"log"} (STDOUT, APP/PROC/WEB)#
#2025 08 22 14:56:40.073#Z#DEBUG#fe43cb42-7f67-11f0-bc27-eeee0a9238bb.mck-portal-srv#flowable-async-job-executor-thread-1309#
[PollStageAppStatusExecution] 4d8f45b0-79dd-4bee-823d-05b0e2a2c48d [2025-08-22T14:47:57.922883] {"level":"info","logger":"cds","timestamp":"2025-08-22T14:47:57.922Z","layer":"cds","component_type":"application","container_id":"10.36.192.21","component_id":"4d8f45b0-79dd-4bee-823d-05b0e2a2c48d","component_name":"mck-portal-srv","component_instance":0,"source_instance":0,"organization_name":"McKesson Corporation_discovery-sunrise","organization_id":"557795fb-ec02-41f6-b249-2b9c73ac8438","space_name":"Datasphere_Dev","space_id":"2742a945-aac7-4753-a013-50fdd526e1db","msg":"serving Media { impl: 'srv/service.js', path: '/odata/v4/media' }","type":"log"} (STDOUT, APP/PROC/WEB)#
#2025 08 22 14:56:40.073#Z#DEBUG#fe43cb42-7f67-11f0-bc27-eeee0a9238bb.mck-portal-srv#flowable-async-job-executor-thread-1309#
[PollStageAppStatusExecution] 4d8f45b0-79dd-4bee-823d-05b0e2a2c48d [2025-08-22T14:47:57.923368] {"level":"info","logger":"cds","timestamp":"2025-08-22T14:47:57.923Z","layer":"cds","component_type":"application","container_id":"10.36.192.21","component_id":"4d8f45b0-79dd-4bee-823d-05b0e2a2c48d","component_name":"mck-portal-srv","component_instance":0,"source_instance":0,"organization_name":"McKesson Corporation_discovery-sunrise","organization_id":"557795fb-ec02-41f6-b249-2b9c73ac8438","space_name":"Datasphere_Dev","space_id":"2742a945-aac7-4753-a013-50fdd526e1db","msg":"serving OktaService { impl: 'srv/service.js', path: '/odata/v4/okta' }","type":"log"} (STDOUT, APP/PROC/WEB)#
#2025 08 22 14:56:40.073#Z#DEBUG#fe43cb42-7f67-11f0-bc27-eeee0a9238bb.mck-portal-srv#flowable-async-job-executor-thread-1309#
[PollStageAppStatusExecution] 4d8f45b0-79dd-4bee-823d-05b0e2a2c48d [2025-08-22T14:47:57.928655] {"level":"info","logger":"cds","timestamp":"2025-08-22T14:47:57.928Z","layer":"cds","component_type":"application","container_id":"10.36.192.21","component_id":"4d8f45b0-79dd-4bee-823d-05b0e2a2c48d","component_name":"mck-portal-srv","component_instance":0,"source_instance":0,"organization_name":"McKesson Corporation_discovery-sunrise","organization_id":"557795fb-ec02-41f6-b249-2b9c73ac8438","space_name":"Datasphere_Dev","space_id":"2742a945-aac7-4753-a013-50fdd526e1db","msg":"server listening on { url: 'http://localhost:8080' }","type":"log"} (STDOUT, APP/PROC/WEB)#
#2025 08 22 14:56:40.073#Z#DEBUG#fe43cb42-7f67-11f0-bc27-eeee0a9238bb.mck-portal-srv#flowable-async-job-executor-thread-1309#
[PollStageAppStatusExecution] 4d8f45b0-79dd-4bee-823d-05b0e2a2c48d [2025-08-22T14:47:57.928849] [cds] - server launched at 8/22/2025, 2:47:56 PM, version: 8.9.2, in: 946.415ms (STDOUT, APP/PROC/WEB)#
#2025 08 22 14:56:40.073#Z#DEBUG#fe43cb42-7f67-11f0-bc27-eeee0a9238bb.mck-portal-srv#flowable-async-job-executor-thread-1309#
[PollStageAppStatusExecution] 4d8f45b0-79dd-4bee-823d-05b0e2a2c48d [2025-08-22T14:47:59.166609] Container became healthy (STDOUT, CELL)#
#2025 08 22 14:56:40.073#Z#DEBUG#fe43cb42-7f67-11f0-bc27-eeee0a9238bb.mck-portal-srv#flowable-async-job-executor-thread-1309#
[PollStageAppStatusExecution] 4d8f45b0-79dd-4bee-823d-05b0e2a2c48d [2025-08-22T14:47:59.198868] Process became ready with guid 4d8f45b0-79dd-4bee-823d-05b0e2a2c48d payload: {"instance"=>"a98ab972-cd1d-4c1d-4f8c-befa", "index"=>0, "cell_id"=>"b4044827-ed3c-4639-ab39-2e8af1591c41", "ready"=>true, "version"=>"64caaba7-f554-495f-9048-bd4e250fdec9"} (STDOUT, API)#
#2025 08 22 14:56:40.073#Z#DEBUG#fe43cb42-7f67-11f0-bc27-eeee0a9238bb.mck-portal-srv#flowable-async-job-executor-thread-1309#
[PollStageAppStatusExecution] 4d8f45b0-79dd-4bee-823d-05b0e2a2c48d [2025-08-22T14:48:04.938571] Cell dd7059b6-aa51-49b4-97f9-0302b687b5ba destroying container for instance 89dfc927-a7da-4b08-5f9e-32c8 (STDOUT, CELL)#
#2025 08 22 14:56:40.073#Z#DEBUG#fe43cb42-7f67-11f0-bc27-eeee0a9238bb.mck-portal-srv#flowable-async-job-executor-thread-1309#
[PollStageAppStatusExecution] 4d8f45b0-79dd-4bee-823d-05b0e2a2c48d [2025-08-22T14:48:05.074443] Exit status 137 (STDOUT, PROXY)#
#2025 08 22 14:56:40.073#Z#DEBUG#fe43cb42-7f67-11f0-bc27-eeee0a9238bb.mck-portal-srv#flowable-async-job-executor-thread-1309#
[PollStageAppStatusExecution] 4d8f45b0-79dd-4bee-823d-05b0e2a2c48d [2025-08-22T14:48:07.144286] Cell dd7059b6-aa51-49b4-97f9-0302b687b5ba successfully destroyed container for instance 89dfc927-a7da-4b08-5f9e-32c8 (STDOUT, CELL)#
#2025 08 22 14:56:40.073#Z#DEBUG#fe43cb42-7f67-11f0-bc27-eeee0a9238bb.mck-portal-srv#flowable-async-job-executor-thread-1309#
[PollStageAppStatusExecution] 4d8f45b0-79dd-4bee-823d-05b0e2a2c48d [2025-08-22T14:55:33.258346] Updated app with guid 4d8f45b0-79dd-4bee-823d-05b0e2a2c48d ({"environment_variables"=>"[PRIVATE DATA HIDDEN]"}) (STDOUT, API)#
#2025 08 22 14:56:40.073#Z#DEBUG#fe43cb42-7f67-11f0-bc27-eeee0a9238bb.mck-portal-srv#flowable-async-job-executor-thread-1309#
[PollStageAppStatusExecution] 4d8f45b0-79dd-4bee-823d-05b0e2a2c48d [2025-08-22T14:56:15.134303] Uploading app package for app with guid 4d8f45b0-79dd-4bee-823d-05b0e2a2c48d (STDOUT, API)#
#2025 08 22 14:56:40.073#Z#DEBUG#fe43cb42-7f67-11f0-bc27-eeee0a9238bb.mck-portal-srv#flowable-async-job-executor-thread-1309#
[PollStageAppStatusExecution] 4d8f45b0-79dd-4bee-823d-05b0e2a2c48d [2025-08-22T14:56:15.389575] Updated app with guid 4d8f45b0-79dd-4bee-823d-05b0e2a2c48d ({"environment_variables"=>"[PRIVATE DATA HIDDEN]"}) (STDOUT, API)#
#2025 08 22 14:56:40.073#Z#DEBUG#fe43cb42-7f67-11f0-bc27-eeee0a9238bb.mck-portal-srv#flowable-async-job-executor-thread-1309#
[PollStageAppStatusExecution] 4d8f45b0-79dd-4bee-823d-05b0e2a2c48d [2025-08-22T14:56:31.054352] Stopping app with guid 4d8f45b0-79dd-4bee-823d-05b0e2a2c48d (STDOUT, API)#
#2025 08 22 14:56:40.073#Z#DEBUG#fe43cb42-7f67-11f0-bc27-eeee0a9238bb.mck-portal-srv#flowable-async-job-executor-thread-1309#
[PollStageAppStatusExecution] 4d8f45b0-79dd-4bee-823d-05b0e2a2c48d [2025-08-22T14:56:31.101962] Cell b4044827-ed3c-4639-ab39-2e8af1591c41 stopping instance a98ab972-cd1d-4c1d-4f8c-befa (STDOUT, CELL)#
#2025 08 22 14:56:40.073#Z#DEBUG#fe43cb42-7f67-11f0-bc27-eeee0a9238bb.mck-portal-srv#flowable-async-job-executor-thread-1309#
[PollStageAppStatusExecution] 4d8f45b0-79dd-4bee-823d-05b0e2a2c48d [2025-08-22T14:56:31.655401] Creating build for app with guid 4d8f45b0-79dd-4bee-823d-05b0e2a2c48d (STDOUT, API)#
#2025 08 22 14:56:40.073#Z#DEBUG#fe43cb42-7f67-11f0-bc27-eeee0a9238bb.mck-portal-srv#flowable-async-job-executor-thread-1309#
[PollStageAppStatusExecution] 4d8f45b0-79dd-4bee-823d-05b0e2a2c48d [2025-08-22T14:56:31.846476] Downloading nodejs_buildpack... (STDOUT, STG)#
#2025 08 22 14:56:40.073#Z#DEBUG#fe43cb42-7f67-11f0-bc27-eeee0a9238bb.mck-portal-srv#flowable-async-job-executor-thread-1309#
[PollStageAppStatusExecution] 4d8f45b0-79dd-4bee-823d-05b0e2a2c48d [2025-08-22T14:56:31.863449] Downloaded nodejs_buildpack (STDOUT, STG)#
#2025 08 22 14:56:40.073#Z#DEBUG#fe43cb42-7f67-11f0-bc27-eeee0a9238bb.mck-portal-srv#flowable-async-job-executor-thread-1309#
[PollStageAppStatusExecution] 4d8f45b0-79dd-4bee-823d-05b0e2a2c48d [2025-08-22T14:56:31.863513] Cell df17c5d1-a70b-403c-820c-7755bb96a69d creating container for instance e0d51b89-a808-45b3-a2df-a27f4046fd05 (STDOUT, STG)#
#2025 08 22 14:56:40.073#Z#DEBUG#fe43cb42-7f67-11f0-bc27-eeee0a9238bb.mck-portal-srv#flowable-async-job-executor-thread-1309#
[PollStageAppStatusExecution] 4d8f45b0-79dd-4bee-823d-05b0e2a2c48d [2025-08-22T14:56:32.267548] Security group rules were updated (STDOUT, STG)#
#2025 08 22 14:56:40.073#Z#DEBUG#fe43cb42-7f67-11f0-bc27-eeee0a9238bb.mck-portal-srv#flowable-async-job-executor-thread-1309#
[PollStageAppStatusExecution] 4d8f45b0-79dd-4bee-823d-05b0e2a2c48d [2025-08-22T14:56:32.323279] Cell df17c5d1-a70b-403c-820c-7755bb96a69d successfully created container for instance e0d51b89-a808-45b3-a2df-a27f4046fd05 (STDOUT, STG)#
#2025 08 22 14:56:40.073#Z#DEBUG#fe43cb42-7f67-11f0-bc27-eeee0a9238bb.mck-portal-srv#flowable-async-job-executor-thread-1309#
[PollStageAppStatusExecution] 4d8f45b0-79dd-4bee-823d-05b0e2a2c48d [2025-08-22T14:56:32.662340] Downloading app package... (STDOUT, STG)#
#2025 08 22 14:56:40.073#Z#DEBUG#fe43cb42-7f67-11f0-bc27-eeee0a9238bb.mck-portal-srv#flowable-async-job-executor-thread-1309#
[PollStageAppStatusExecution] 4d8f45b0-79dd-4bee-823d-05b0e2a2c48d [2025-08-22T14:56:32.662429] Downloading build artifacts cache... (STDOUT, STG)#
#2025 08 22 14:56:40.073#Z#DEBUG#fe43cb42-7f67-11f0-bc27-eeee0a9238bb.mck-portal-srv#flowable-async-job-executor-thread-1309#
[PollStageAppStatusExecution] 4d8f45b0-79dd-4bee-823d-05b0e2a2c48d [2025-08-22T14:56:32.691750] Downloaded build artifacts cache (225B) (STDOUT, STG)#
#2025 08 22 14:56:40.073#Z#DEBUG#fe43cb42-7f67-11f0-bc27-eeee0a9238bb.mck-portal-srv#flowable-async-job-executor-thread-1309#
[PollStageAppStatusExecution] 4d8f45b0-79dd-4bee-823d-05b0e2a2c48d [2025-08-22T14:56:36.585388] Downloaded app package (75.1M) (STDOUT, STG)#
#2025 08 22 14:56:40.073#Z#DEBUG#fe43cb42-7f67-11f0-bc27-eeee0a9238bb.mck-portal-srv#flowable-async-job-executor-thread-1309#
[PollStageAppStatusExecution] 4d8f45b0-79dd-4bee-823d-05b0e2a2c48d [2025-08-22T14:56:36.654262] -----> Nodejs Buildpack version 1.8.39 (STDOUT, STG)#
#2025 08 22 14:56:40.073#Z#DEBUG#fe43cb42-7f67-11f0-bc27-eeee0a9238bb.mck-portal-srv#flowable-async-job-executor-thread-1309#
[PollStageAppStatusExecution] 4d8f45b0-79dd-4bee-823d-05b0e2a2c48d [2025-08-22T14:56:37.477082] -----> Bootstrapping python (STDOUT, STG)#
#2025 08 22 14:56:40.073#Z#DEBUG#fe43cb42-7f67-11f0-bc27-eeee0a9238bb.mck-portal-srv#flowable-async-job-executor-thread-1309#
[PollStageAppStatusExecution] 4d8f45b0-79dd-4bee-823d-05b0e2a2c48d [2025-08-22T14:56:37.477370] -----> Installing python 3.11.13 (STDOUT, STG)#
#2025 08 22 14:56:40.073#Z#DEBUG#fe43cb42-7f67-11f0-bc27-eeee0a9238bb.mck-portal-srv#flowable-async-job-executor-thread-1309#
[PollStageAppStatusExecution] 4d8f45b0-79dd-4bee-823d-05b0e2a2c48d [2025-08-22T14:56:37.477581] Copy [/tmp/buildpacks/6ca7b63990364784/dependencies/28094bfda36b8c744219390b5b628ee3/python_3.11.13_linux_x64_cflinuxfs4_49160849.tgz] (STDOUT, STG)#
#2025 08 22 14:56:50.128#Z#DEBUG#fe43cb42-7f67-11f0-bc27-eeee0a9238bb.mck-portal-srv#flowable-async-job-executor-thread-408#
[PollStageAppStatusExecution] 4d8f45b0-79dd-4bee-823d-05b0e2a2c48d [2025-08-22T14:56:41.070255] -----> Installing binaries (STDOUT, STG)#
#2025 08 22 14:56:50.128#Z#DEBUG#fe43cb42-7f67-11f0-bc27-eeee0a9238bb.mck-portal-srv#flowable-async-job-executor-thread-408#
[PollStageAppStatusExecution] 4d8f45b0-79dd-4bee-823d-05b0e2a2c48d [2025-08-22T14:56:41.070424] engines.node (package.json): unspecified (STDOUT, STG)#
#2025 08 22 14:56:50.128#Z#DEBUG#fe43cb42-7f67-11f0-bc27-eeee0a9238bb.mck-portal-srv#flowable-async-job-executor-thread-408#
[PollStageAppStatusExecution] 4d8f45b0-79dd-4bee-823d-05b0e2a2c48d [2025-08-22T14:56:41.070456] engines.npm (package.json): unspecified (use default) (STDOUT, STG)#
#2025 08 22 14:56:50.128#Z#DEBUG#fe43cb42-7f67-11f0-bc27-eeee0a9238bb.mck-portal-srv#flowable-async-job-executor-thread-408#
[PollStageAppStatusExecution] 4d8f45b0-79dd-4bee-823d-05b0e2a2c48d [2025-08-22T14:56:41.070464] [31;1m**WARNING**[0m Node version not specified in package.json or .nvmrc. See: http://docs.cloudfoundry.org/buildpacks/node/node-tips.html (STDOUT, STG)#
#2025 08 22 14:56:50.128#Z#DEBUG#fe43cb42-7f67-11f0-bc27-eeee0a9238bb.mck-portal-srv#flowable-async-job-executor-thread-408#
[PollStageAppStatusExecution] 4d8f45b0-79dd-4bee-823d-05b0e2a2c48d [2025-08-22T14:56:41.070478] -----> Installing node 22.16.0 (STDOUT, STG)#
#2025 08 22 14:56:50.128#Z#DEBUG#fe43cb42-7f67-11f0-bc27-eeee0a9238bb.mck-portal-srv#flowable-async-job-executor-thread-408#
[PollStageAppStatusExecution] 4d8f45b0-79dd-4bee-823d-05b0e2a2c48d [2025-08-22T14:56:41.070563] Copy [/tmp/buildpacks/6ca7b63990364784/dependencies/0a5b2807f2f20788823b197d52c24f05/node_22.16.0_linux_x64_cflinuxfs4_13829c62.tgz] (STDOUT, STG)#
#2025 08 22 14:56:50.128#Z#DEBUG#fe43cb42-7f67-11f0-bc27-eeee0a9238bb.mck-portal-srv#flowable-async-job-executor-thread-408#
[PollStageAppStatusExecution] 4d8f45b0-79dd-4bee-823d-05b0e2a2c48d [2025-08-22T14:56:43.198133] Using default npm version: 10.9.2 (STDOUT, STG)#
#2025 08 22 14:56:50.128#Z#DEBUG#fe43cb42-7f67-11f0-bc27-eeee0a9238bb.mck-portal-srv#flowable-async-job-executor-thread-408#
[PollStageAppStatusExecution] 4d8f45b0-79dd-4bee-823d-05b0e2a2c48d [2025-08-22T14:56:43.198157] -----> Installing yarn 1.22.22 (STDOUT, STG)#
#2025 08 22 14:56:50.128#Z#DEBUG#fe43cb42-7f67-11f0-bc27-eeee0a9238bb.mck-portal-srv#flowable-async-job-executor-thread-408#
[PollStageAppStatusExecution] 4d8f45b0-79dd-4bee-823d-05b0e2a2c48d [2025-08-22T14:56:43.198361] Copy [/tmp/buildpacks/6ca7b63990364784/dependencies/ff849eb7696d3a7f463752a272c9a88e/yarn_1.22.22_linux_noarch_any-stack_83bda680.tgz] (STDOUT, STG)#
#2025 08 22 14:56:50.128#Z#DEBUG#fe43cb42-7f67-11f0-bc27-eeee0a9238bb.mck-portal-srv#flowable-async-job-executor-thread-408#
[PollStageAppStatusExecution] 4d8f45b0-79dd-4bee-823d-05b0e2a2c48d [2025-08-22T14:56:43.508230] Installed yarn 1.22.22 (STDOUT, STG)#
#2025 08 22 14:56:50.128#Z#DEBUG#fe43cb42-7f67-11f0-bc27-eeee0a9238bb.mck-portal-srv#flowable-async-job-executor-thread-408#
[PollStageAppStatusExecution] 4d8f45b0-79dd-4bee-823d-05b0e2a2c48d [2025-08-22T14:56:43.508269] -----> Creating runtime environment (STDOUT, STG)#
#2025 08 22 14:56:50.128#Z#DEBUG#fe43cb42-7f67-11f0-bc27-eeee0a9238bb.mck-portal-srv#flowable-async-job-executor-thread-408#
[PollStageAppStatusExecution] 4d8f45b0-79dd-4bee-823d-05b0e2a2c48d [2025-08-22T14:56:43.510103] NODE_ENV=production (STDOUT, STG)#
#2025 08 22 14:56:50.128#Z#DEBUG#fe43cb42-7f67-11f0-bc27-eeee0a9238bb.mck-portal-srv#flowable-async-job-executor-thread-408#
[PollStageAppStatusExecution] 4d8f45b0-79dd-4bee-823d-05b0e2a2c48d [2025-08-22T14:56:43.510128] NODE_HOME=/tmp/contents3346621993/deps/0/node (STDOUT, STG)#
#2025 08 22 14:56:50.128#Z#DEBUG#fe43cb42-7f67-11f0-bc27-eeee0a9238bb.mck-portal-srv#flowable-async-job-executor-thread-408#
[PollStageAppStatusExecution] 4d8f45b0-79dd-4bee-823d-05b0e2a2c48d [2025-08-22T14:56:43.510131] NODE_MODULES_CACHE=true (STDOUT, STG)#
#2025 08 22 14:56:50.128#Z#DEBUG#fe43cb42-7f67-11f0-bc27-eeee0a9238bb.mck-portal-srv#flowable-async-job-executor-thread-408#
[PollStageAppStatusExecution] 4d8f45b0-79dd-4bee-823d-05b0e2a2c48d [2025-08-22T14:56:43.510134] NODE_VERBOSE=false (STDOUT, STG)#
#2025 08 22 14:56:50.128#Z#DEBUG#fe43cb42-7f67-11f0-bc27-eeee0a9238bb.mck-portal-srv#flowable-async-job-executor-thread-408#
[PollStageAppStatusExecution] 4d8f45b0-79dd-4bee-823d-05b0e2a2c48d [2025-08-22T14:56:43.510139] NPM_CONFIG_LOGLEVEL=error (STDOUT, STG)#
#2025 08 22 14:56:50.128#Z#DEBUG#fe43cb42-7f67-11f0-bc27-eeee0a9238bb.mck-portal-srv#flowable-async-job-executor-thread-408#
[PollStageAppStatusExecution] 4d8f45b0-79dd-4bee-823d-05b0e2a2c48d [2025-08-22T14:56:43.510144] NPM_CONFIG_PRODUCTION=true (STDOUT, STG)#
#2025 08 22 14:56:50.128#Z#DEBUG#fe43cb42-7f67-11f0-bc27-eeee0a9238bb.mck-portal-srv#flowable-async-job-executor-thread-408#
[PollStageAppStatusExecution] 4d8f45b0-79dd-4bee-823d-05b0e2a2c48d [2025-08-22T14:56:43.510147] -----> Building dependencies (STDOUT, STG)#
#2025 08 22 14:56:50.128#Z#DEBUG#fe43cb42-7f67-11f0-bc27-eeee0a9238bb.mck-portal-srv#flowable-async-job-executor-thread-408#
[PollStageAppStatusExecution] 4d8f45b0-79dd-4bee-823d-05b0e2a2c48d [2025-08-22T14:56:43.510149] Prebuild detected (node_modules already exists) (STDOUT, STG)#
#2025 08 22 14:56:50.128#Z#DEBUG#fe43cb42-7f67-11f0-bc27-eeee0a9238bb.mck-portal-srv#flowable-async-job-executor-thread-408#
[PollStageAppStatusExecution] 4d8f45b0-79dd-4bee-823d-05b0e2a2c48d [2025-08-22T14:56:43.510151] Rebuilding any native modules (STDOUT, STG)#
#2025 08 22 14:56:50.128#Z#DEBUG#fe43cb42-7f67-11f0-bc27-eeee0a9238bb.mck-portal-srv#flowable-async-job-executor-thread-408#
[PollStageAppStatusExecution] 4d8f45b0-79dd-4bee-823d-05b0e2a2c48d [2025-08-22T14:56:44.409046] rebuilt dependencies successfully (STDOUT, STG)#
#2025 08 22 14:56:50.128#Z#DEBUG#fe43cb42-7f67-11f0-bc27-eeee0a9238bb.mck-portal-srv#flowable-async-job-executor-thread-408#
[PollStageAppStatusExecution] 4d8f45b0-79dd-4bee-823d-05b0e2a2c48d [2025-08-22T14:56:44.410045] npm notice (STDOUT, STG)#
#2025 08 22 14:56:50.128#Z#DEBUG#fe43cb42-7f67-11f0-bc27-eeee0a9238bb.mck-portal-srv#flowable-async-job-executor-thread-408#
[PollStageAppStatusExecution] 4d8f45b0-79dd-4bee-823d-05b0e2a2c48d [2025-08-22T14:56:44.410073] npm notice New major version of npm available! 10.9.2 -> 11.5.2 (STDOUT, STG)#
#2025 08 22 14:56:50.128#Z#DEBUG#fe43cb42-7f67-11f0-bc27-eeee0a9238bb.mck-portal-srv#flowable-async-job-executor-thread-408#
[PollStageAppStatusExecution] 4d8f45b0-79dd-4bee-823d-05b0e2a2c48d [2025-08-22T14:56:44.410077] npm notice Changelog: https://github.com/npm/cli/releases/tag/v11.5.2 (STDOUT, STG)#
#2025 08 22 14:56:50.128#Z#DEBUG#fe43cb42-7f67-11f0-bc27-eeee0a9238bb.mck-portal-srv#flowable-async-job-executor-thread-408#
[PollStageAppStatusExecution] 4d8f45b0-79dd-4bee-823d-05b0e2a2c48d [2025-08-22T14:56:44.410081] npm notice To update run: npm install -g npm@11.5.2 (STDOUT, STG)#
#2025 08 22 14:56:50.128#Z#DEBUG#fe43cb42-7f67-11f0-bc27-eeee0a9238bb.mck-portal-srv#flowable-async-job-executor-thread-408#
[PollStageAppStatusExecution] 4d8f45b0-79dd-4bee-823d-05b0e2a2c48d [2025-08-22T14:56:44.410084] npm notice (STDOUT, STG)#
#2025 08 22 14:56:50.128#Z#DEBUG#fe43cb42-7f67-11f0-bc27-eeee0a9238bb.mck-portal-srv#flowable-async-job-executor-thread-408#
[PollStageAppStatusExecution] 4d8f45b0-79dd-4bee-823d-05b0e2a2c48d [2025-08-22T14:56:44.477159] Installing any new modules (package.json + package-lock.json) (STDOUT, STG)#
#2025 08 22 14:56:50.128#Z#DEBUG#fe43cb42-7f67-11f0-bc27-eeee0a9238bb.mck-portal-srv#flowable-async-job-executor-thread-408#
[PollStageAppStatusExecution] 4d8f45b0-79dd-4bee-823d-05b0e2a2c48d [2025-08-22T14:56:45.917546] up to date in 1s (STDOUT, STG)#
#2025 08 22 14:56:50.128#Z#DEBUG#fe43cb42-7f67-11f0-bc27-eeee0a9238bb.mck-portal-srv#flowable-async-job-executor-thread-408#
[PollStageAppStatusExecution] 4d8f45b0-79dd-4bee-823d-05b0e2a2c48d [2025-08-22T14:56:45.917628] 25 packages are looking for funding (STDOUT, STG)#
#2025 08 22 14:56:50.128#Z#DEBUG#fe43cb42-7f67-11f0-bc27-eeee0a9238bb.mck-portal-srv#flowable-async-job-executor-thread-408#
[PollStageAppStatusExecution] 4d8f45b0-79dd-4bee-823d-05b0e2a2c48d [2025-08-22T14:56:45.917641] run `npm fund` for details (STDOUT, STG)#
#2025 08 22 14:56:50.128#Z#DEBUG#fe43cb42-7f67-11f0-bc27-eeee0a9238bb.mck-portal-srv#flowable-async-job-executor-thread-408#
[PollStageAppStatusExecution] 4d8f45b0-79dd-4bee-823d-05b0e2a2c48d [2025-08-22T14:56:47.318864] Contrast Security no credentials found. Will not write environment files. (STDOUT, STG)#
#2025 08 22 14:57:10.162#Z#DEBUG#fe43cb42-7f67-11f0-bc27-eeee0a9238bb.mck-portal-srv#flowable-async-job-executor-thread-1331#
[PollStageAppStatusExecution] 4d8f45b0-79dd-4bee-823d-05b0e2a2c48d [2025-08-22T14:57:06.818013] Exit status 0 (STDOUT, STG)#
#2025 08 22 14:57:10.162#Z#DEBUG#fe43cb42-7f67-11f0-bc27-eeee0a9238bb.mck-portal-srv#flowable-async-job-executor-thread-1331#
[PollStageAppStatusExecution] 4d8f45b0-79dd-4bee-823d-05b0e2a2c48d [2025-08-22T14:57:06.818074] Uploading droplet, build artifacts cache... (STDOUT, STG)#
#2025 08 22 14:57:10.162#Z#DEBUG#fe43cb42-7f67-11f0-bc27-eeee0a9238bb.mck-portal-srv#flowable-async-job-executor-thread-1331#
[PollStageAppStatusExecution] 4d8f45b0-79dd-4bee-823d-05b0e2a2c48d [2025-08-22T14:57:06.818128] Uploading droplet... (STDOUT, STG)#
#2025 08 22 14:57:10.162#Z#DEBUG#fe43cb42-7f67-11f0-bc27-eeee0a9238bb.mck-portal-srv#flowable-async-job-executor-thread-1331#
[PollStageAppStatusExecution] 4d8f45b0-79dd-4bee-823d-05b0e2a2c48d [2025-08-22T14:57:06.818185] Uploading build artifacts cache... (STDOUT, STG)#
#2025 08 22 14:57:10.162#Z#DEBUG#fe43cb42-7f67-11f0-bc27-eeee0a9238bb.mck-portal-srv#flowable-async-job-executor-thread-1331#
[PollStageAppStatusExecution] 4d8f45b0-79dd-4bee-823d-05b0e2a2c48d [2025-08-22T14:57:06.837620] Uploaded build artifacts cache (227B) (STDOUT, STG)#
#2025 08 22 14:57:10.162#Z#DEBUG#fe43cb42-7f67-11f0-bc27-eeee0a9238bb.mck-portal-srv#flowable-async-job-executor-thread-1331#
[PollStageAppStatusExecution] 4d8f45b0-79dd-4bee-823d-05b0e2a2c48d [2025-08-22T14:57:09.262904] Creating droplet for app with guid 4d8f45b0-79dd-4bee-823d-05b0e2a2c48d (STDOUT, API)#
#2025 08 22 14:57:20.282#Z#DEBUG#fe43cb42-7f67-11f0-bc27-eeee0a9238bb.mck-portal-srv#flowable-async-job-executor-thread-1339#
[PollStageAppStatusExecution] 4d8f45b0-79dd-4bee-823d-05b0e2a2c48d [2025-08-22T14:57:11.395433] Uploaded droplet (125.6M) (STDOUT, STG)#
#2025 08 22 14:57:20.282#Z#DEBUG#fe43cb42-7f67-11f0-bc27-eeee0a9238bb.mck-portal-srv#flowable-async-job-executor-thread-1339#
[PollStageAppStatusExecution] 4d8f45b0-79dd-4bee-823d-05b0e2a2c48d [2025-08-22T14:57:11.442698] Uploading complete (STDOUT, STG)#
#2025 08 22 14:57:20.282#Z#DEBUG#fe43cb42-7f67-11f0-bc27-eeee0a9238bb.mck-portal-srv#flowable-async-job-executor-thread-1339#
[PollStageAppStatusExecution] 4d8f45b0-79dd-4bee-823d-05b0e2a2c48d [2025-08-22T14:57:11.799526] Cell df17c5d1-a70b-403c-820c-7755bb96a69d stopping instance e0d51b89-a808-45b3-a2df-a27f4046fd05 (STDOUT, STG)#
#2025 08 22 14:57:20.282#Z#DEBUG#fe43cb42-7f67-11f0-bc27-eeee0a9238bb.mck-portal-srv#flowable-async-job-executor-thread-1339#
[PollStageAppStatusExecution] 4d8f45b0-79dd-4bee-823d-05b0e2a2c48d [2025-08-22T14:57:11.799572] Cell df17c5d1-a70b-403c-820c-7755bb96a69d destroying container for instance e0d51b89-a808-45b3-a2df-a27f4046fd05 (STDOUT, STG)#
#2025 08 22 14:57:20.282#Z#DEBUG#fe43cb42-7f67-11f0-bc27-eeee0a9238bb.mck-portal-srv#flowable-async-job-executor-thread-1339#
[PollStageAppStatusExecution] 4d8f45b0-79dd-4bee-823d-05b0e2a2c48d [2025-08-22T14:57:13.961579] Cell df17c5d1-a70b-403c-820c-7755bb96a69d successfully destroyed container for instance e0d51b89-a808-45b3-a2df-a27f4046fd05 (STDOUT, STG)#
#2025 08 22 14:57:30.248#Z#DEBUG#fe43cb42-7f67-11f0-bc27-eeee0a9238bb.mck-portal-srv#flowable-async-job-executor-thread-419#
[PollStartAppStatusExecution] 4d8f45b0-79dd-4bee-823d-05b0e2a2c48d [2025-08-22T14:57:20.354956] Updated app with guid 4d8f45b0-79dd-4bee-823d-05b0e2a2c48d ({:droplet_guid=>"3a1bea25-fbaf-4cbc-8c13-cfb1eca9e5f3"}) (STDOUT, API)#
#2025 08 22 14:57:30.248#Z#DEBUG#fe43cb42-7f67-11f0-bc27-eeee0a9238bb.mck-portal-srv#flowable-async-job-executor-thread-419#
[PollStartAppStatusExecution] 4d8f45b0-79dd-4bee-823d-05b0e2a2c48d [2025-08-22T14:57:20.544666] Creating revision for app with guid 4d8f45b0-79dd-4bee-823d-05b0e2a2c48d (STDOUT, API)#
#2025 08 22 14:57:30.248#Z#DEBUG#fe43cb42-7f67-11f0-bc27-eeee0a9238bb.mck-portal-srv#flowable-async-job-executor-thread-419#
[PollStartAppStatusExecution] 4d8f45b0-79dd-4bee-823d-05b0e2a2c48d [2025-08-22T14:57:20.579536] Starting app with guid 4d8f45b0-79dd-4bee-823d-05b0e2a2c48d (STDOUT, API)#
#2025 08 22 14:57:30.248#Z#DEBUG#fe43cb42-7f67-11f0-bc27-eeee0a9238bb.mck-portal-srv#flowable-async-job-executor-thread-419#
[PollStartAppStatusExecution] 4d8f45b0-79dd-4bee-823d-05b0e2a2c48d [2025-08-22T14:57:20.781809] Cell dd42d37e-f7c3-4900-8198-42b64eb2ea00 creating container for instance fb32a3ab-4b4b-4830-5823-c69d (STDOUT, CELL)#
#2025 08 22 14:57:30.248#Z#DEBUG#fe43cb42-7f67-11f0-bc27-eeee0a9238bb.mck-portal-srv#flowable-async-job-executor-thread-419#
[PollStartAppStatusExecution] 4d8f45b0-79dd-4bee-823d-05b0e2a2c48d [2025-08-22T14:57:21.272270] Security group rules were updated (STDOUT, CELL)#
#2025 08 22 14:57:30.248#Z#DEBUG#fe43cb42-7f67-11f0-bc27-eeee0a9238bb.mck-portal-srv#flowable-async-job-executor-thread-419#
[PollStartAppStatusExecution] 4d8f45b0-79dd-4bee-823d-05b0e2a2c48d [2025-08-22T14:57:21.339991] Cell dd42d37e-f7c3-4900-8198-42b64eb2ea00 successfully created container for instance fb32a3ab-4b4b-4830-5823-c69d (STDOUT, CELL)#
#2025 08 22 14:57:30.248#Z#DEBUG#fe43cb42-7f67-11f0-bc27-eeee0a9238bb.mck-portal-srv#flowable-async-job-executor-thread-419#
[PollStartAppStatusExecution] 4d8f45b0-79dd-4bee-823d-05b0e2a2c48d [2025-08-22T14:57:21.851790] Downloading droplet... (STDOUT, CELL)#
#2025 08 22 14:57:30.248#Z#DEBUG#fe43cb42-7f67-11f0-bc27-eeee0a9238bb.mck-portal-srv#flowable-async-job-executor-thread-419#
[PollStartAppStatusExecution] 4d8f45b0-79dd-4bee-823d-05b0e2a2c48d [2025-08-22T14:57:28.271168] Downloaded droplet (125.6M) (STDOUT, CELL)#
#2025 08 22 14:57:30.248#Z#DEBUG#fe43cb42-7f67-11f0-bc27-eeee0a9238bb.mck-portal-srv#flowable-async-job-executor-thread-419#
[PollStartAppStatusExecution] 4d8f45b0-79dd-4bee-823d-05b0e2a2c48d [2025-08-22T14:57:28.271386] Starting health monitoring of container (STDOUT, CELL)#
#2025 08 22 14:57:30.248#Z#DEBUG#fe43cb42-7f67-11f0-bc27-eeee0a9238bb.mck-portal-srv#flowable-async-job-executor-thread-419#
[PollStartAppStatusExecution] 4d8f45b0-79dd-4bee-823d-05b0e2a2c48d [2025-08-22T14:57:28.342464] Invoking pre-start scripts. (STDOUT, APP/PROC/WEB)#
#2025 08 22 14:57:30.248#Z#DEBUG#fe43cb42-7f67-11f0-bc27-eeee0a9238bb.mck-portal-srv#flowable-async-job-executor-thread-419#
[PollStartAppStatusExecution] 4d8f45b0-79dd-4bee-823d-05b0e2a2c48d [2025-08-22T14:57:28.538232] Invoking start command. (STDOUT, APP/PROC/WEB)#
#2025 08 22 14:57:30.248#Z#DEBUG#fe43cb42-7f67-11f0-bc27-eeee0a9238bb.mck-portal-srv#flowable-async-job-executor-thread-419#
[PollStartAppStatusExecution] 4d8f45b0-79dd-4bee-823d-05b0e2a2c48d [2025-08-22T14:57:28.943197] > mck-portal@1.0.0 start (STDOUT, APP/PROC/WEB)#
#2025 08 22 14:57:30.248#Z#DEBUG#fe43cb42-7f67-11f0-bc27-eeee0a9238bb.mck-portal-srv#flowable-async-job-executor-thread-419#
[PollStartAppStatusExecution] 4d8f45b0-79dd-4bee-823d-05b0e2a2c48d [2025-08-22T14:57:28.943233] > cds-serve (STDOUT, APP/PROC/WEB)#
#2025 08 22 14:57:30.248#Z#DEBUG#fe43cb42-7f67-11f0-bc27-eeee0a9238bb.mck-portal-srv#flowable-async-job-executor-thread-419#
[PollStartAppStatusExecution] 4d8f45b0-79dd-4bee-823d-05b0e2a2c48d [2025-08-22T14:57:29.172193] [cds] - loading server from { file: 'srv/server.js' } (STDOUT, APP/PROC/WEB)#
#2025 08 22 14:57:30.248#Z#DEBUG#fe43cb42-7f67-11f0-bc27-eeee0a9238bb.mck-portal-srv#flowable-async-job-executor-thread-419#
[PollStartAppStatusExecution] 4d8f45b0-79dd-4bee-823d-05b0e2a2c48d [2025-08-22T14:57:29.210826] CAP is Starting..... (STDOUT, APP/PROC/WEB)#
#2025 08 22 14:57:30.248#Z#DEBUG#fe43cb42-7f67-11f0-bc27-eeee0a9238bb.mck-portal-srv#flowable-async-job-executor-thread-419#
[PollStartAppStatusExecution] 4d8f45b0-79dd-4bee-823d-05b0e2a2c48d [2025-08-22T14:57:29.346743] Error calling updateMediaFile in bootstrap: TypeError: Cannot destructure property 'MediaFile' of 'cds.entities' as it is undefined. (STDERR, APP/PROC/WEB)#
#2025 08 22 14:57:30.248#Z#DEBUG#fe43cb42-7f67-11f0-bc27-eeee0a9238bb.mck-portal-srv#flowable-async-job-executor-thread-419#
[PollStartAppStatusExecution] 4d8f45b0-79dd-4bee-823d-05b0e2a2c48d [2025-08-22T14:57:29.346793] at updateMediaFile (/home/vcap/app/srv/server.js:11:13) (STDERR, APP/PROC/WEB)#
#2025 08 22 14:57:30.248#Z#DEBUG#fe43cb42-7f67-11f0-bc27-eeee0a9238bb.mck-portal-srv#flowable-async-job-executor-thread-419#
[PollStartAppStatusExecution] 4d8f45b0-79dd-4bee-823d-05b0e2a2c48d [2025-08-22T14:57:29.346797] at cds.<anonymous> (/home/vcap/app/srv/server.js:165:15) (STDERR, APP/PROC/WEB)#
#2025 08 22 14:57:30.248#Z#DEBUG#fe43cb42-7f67-11f0-bc27-eeee0a9238bb.mck-portal-srv#flowable-async-job-executor-thread-419#
[PollStartAppStatusExecution] 4d8f45b0-79dd-4bee-823d-05b0e2a2c48d [2025-08-22T14:57:29.346801] at cds.emit (node:events:530:35) (STDERR, APP/PROC/WEB)#
#2025 08 22 14:57:30.248#Z#DEBUG#fe43cb42-7f67-11f0-bc27-eeee0a9238bb.mck-portal-srv#flowable-async-job-executor-thread-419#
[PollStartAppStatusExecution] 4d8f45b0-79dd-4bee-823d-05b0e2a2c48d [2025-08-22T14:57:29.346807] at cds.emit (/home/vcap/app/node_modules/@sap/cds/lib/index.js:18:23) (STDERR, APP/PROC/WEB)#
#2025 08 22 14:57:30.248#Z#DEBUG#fe43cb42-7f67-11f0-bc27-eeee0a9238bb.mck-portal-srv#flowable-async-job-executor-thread-419#
[PollStartAppStatusExecution] 4d8f45b0-79dd-4bee-823d-05b0e2a2c48d [2025-08-22T14:57:29.346810] at cds_server (/home/vcap/app/node_modules/@sap/cds/server.js:39:7) (STDERR, APP/PROC/WEB)#
#2025 08 22 14:57:30.248#Z#DEBUG#fe43cb42-7f67-11f0-bc27-eeee0a9238bb.mck-portal-srv#flowable-async-job-executor-thread-419#
[PollStartAppStatusExecution] 4d8f45b0-79dd-4bee-823d-05b0e2a2c48d [2025-08-22T14:57:29.346813] at serve (/home/vcap/app/node_modules/@sap/cds/bin/serve.js:204:24) (STDERR, APP/PROC/WEB)#
#2025 08 22 14:57:30.248#Z#DEBUG#fe43cb42-7f67-11f0-bc27-eeee0a9238bb.mck-portal-srv#flowable-async-job-executor-thread-419#
[PollStartAppStatusExecution] 4d8f45b0-79dd-4bee-823d-05b0e2a2c48d [2025-08-22T14:57:29.657385] {"level":"info","logger":"cds","timestamp":"2025-08-22T14:57:29.656Z","layer":"cds","component_type":"application","container_id":"10.36.192.13","component_id":"4d8f45b0-79dd-4bee-823d-05b0e2a2c48d","component_name":"mck-portal-srv","component_instance":0,"source_instance":0,"organization_name":"McKesson Corporation_discovery-sunrise","organization_id":"557795fb-ec02-41f6-b249-2b9c73ac8438","space_name":"Datasphere_Dev","space_id":"2742a945-aac7-4753-a013-50fdd526e1db","msg":"loaded model from 1 file(s):\n","type":"log"} (STDOUT, APP/PROC/WEB)#
#2025 08 22 14:57:30.248#Z#DEBUG#fe43cb42-7f67-11f0-bc27-eeee0a9238bb.mck-portal-srv#flowable-async-job-executor-thread-419#
[PollStartAppStatusExecution] 4d8f45b0-79dd-4bee-823d-05b0e2a2c48d [2025-08-22T14:57:29.657442] srv/csn.json (STDOUT, APP/PROC/WEB)#
#2025 08 22 14:57:40.237#Z#DEBUG#fe43cb42-7f67-11f0-bc27-eeee0a9238bb.mck-portal-srv#flowable-async-job-executor-thread-1344#
[PollStartAppStatusExecution] 4d8f45b0-79dd-4bee-823d-05b0e2a2c48d [2025-08-22T14:57:30.115981] {"level":"info","logger":"cds","timestamp":"2025-08-22T14:57:30.114Z","layer":"cds","component_type":"application","container_id":"10.36.192.13","component_id":"4d8f45b0-79dd-4bee-823d-05b0e2a2c48d","component_name":"mck-portal-srv","component_instance":0,"source_instance":0,"organization_name":"McKesson Corporation_discovery-sunrise","organization_id":"557795fb-ec02-41f6-b249-2b9c73ac8438","space_name":"Datasphere_Dev","space_id":"2742a945-aac7-4753-a013-50fdd526e1db","msg":"connect to db > hana {\n  database_id: '451e8954-27cd-4d2f-9402-3ca1944484c7',\n  host: '451e8954-27cd-4d2f-9402-3ca1944484c7.hana.prod-us20.hanacloud.ondemand.com',\n  port: '443',\n  driver: 'com.sap.db.jdbc.Driver',\n  url: 'jdbc:sap://451e8954-27cd-4d2f-9402-3ca1944484c7.hana.prod-us20.hanacloud.ondemand.com:443?encrypt=true&validateCertificate=true&currentschema=MCK_RQ2_301',\n  schema: 'MCK_RQ2_301',\n  certificate: '...',\n  hdi_user: 'MCK_RQ2_301_DB8P3SO5V9Z1XM0JA8K5QCSW1_DT',\n  hdi_password: '...',\n  user: 'MCK_RQ2_301_DB8P3SO5V9Z1XM0JA8K5QCSW1_RT',\n  password: '...'\n}","type":"log"} (STDOUT, APP/PROC/WEB)#
#2025 08 22 14:57:40.237#Z#DEBUG#fe43cb42-7f67-11f0-bc27-eeee0a9238bb.mck-portal-srv#flowable-async-job-executor-thread-1344#
[PollStartAppStatusExecution] 4d8f45b0-79dd-4bee-823d-05b0e2a2c48d [2025-08-22T14:57:30.163008] {"level":"info","logger":"cds","timestamp":"2025-08-22T14:57:30.162Z","layer":"cds","component_type":"application","container_id":"10.36.192.13","component_id":"4d8f45b0-79dd-4bee-823d-05b0e2a2c48d","component_name":"mck-portal-srv","component_instance":0,"source_instance":0,"organization_name":"McKesson Corporation_discovery-sunrise","organization_id":"557795fb-ec02-41f6-b249-2b9c73ac8438","space_name":"Datasphere_Dev","space_id":"2742a945-aac7-4753-a013-50fdd526e1db","msg":"using auth strategy {\n  kind: 'xsuaa',\n  impl: 'node_modules/@sap/cds/lib/srv/middlewares/auth/jwt-auth'\n} \n","type":"log"} (STDOUT, APP/PROC/WEB)#
#2025 08 22 14:57:40.237#Z#DEBUG#fe43cb42-7f67-11f0-bc27-eeee0a9238bb.mck-portal-srv#flowable-async-job-executor-thread-1344#
[PollStartAppStatusExecution] 4d8f45b0-79dd-4bee-823d-05b0e2a2c48d [2025-08-22T14:57:30.211213] {"level":"info","logger":"cds","timestamp":"2025-08-22T14:57:30.210Z","layer":"cds","component_type":"application","container_id":"10.36.192.13","component_id":"4d8f45b0-79dd-4bee-823d-05b0e2a2c48d","component_name":"mck-portal-srv","component_instance":0,"source_instance":0,"organization_name":"McKesson Corporation_discovery-sunrise","organization_id":"557795fb-ec02-41f6-b249-2b9c73ac8438","space_name":"Datasphere_Dev","space_id":"2742a945-aac7-4753-a013-50fdd526e1db","msg":"serving PROCESSING { impl: 'srv/service.js', path: '/odata/v4/processing' }","type":"log"} (STDOUT, APP/PROC/WEB)#
#2025 08 22 14:57:40.237#Z#DEBUG#fe43cb42-7f67-11f0-bc27-eeee0a9238bb.mck-portal-srv#flowable-async-job-executor-thread-1344#
[PollStartAppStatusExecution] 4d8f45b0-79dd-4bee-823d-05b0e2a2c48d [2025-08-22T14:57:30.212073] {"level":"info","logger":"cds","timestamp":"2025-08-22T14:57:30.211Z","layer":"cds","component_type":"application","container_id":"10.36.192.13","component_id":"4d8f45b0-79dd-4bee-823d-05b0e2a2c48d","component_name":"mck-portal-srv","component_instance":0,"source_instance":0,"organization_name":"McKesson Corporation_discovery-sunrise","organization_id":"557795fb-ec02-41f6-b249-2b9c73ac8438","space_name":"Datasphere_Dev","space_id":"2742a945-aac7-4753-a013-50fdd526e1db","msg":"serving INVENTORY { impl: 'srv/service.js', path: '/odata/v4/inventory' }","type":"log"} (STDOUT, APP/PROC/WEB)#
#2025 08 22 14:57:40.237#Z#DEBUG#fe43cb42-7f67-11f0-bc27-eeee0a9238bb.mck-portal-srv#flowable-async-job-executor-thread-1344#
[PollStartAppStatusExecution] 4d8f45b0-79dd-4bee-823d-05b0e2a2c48d [2025-08-22T14:57:30.212582] {"level":"info","logger":"cds","timestamp":"2025-08-22T14:57:30.212Z","layer":"cds","component_type":"application","container_id":"10.36.192.13","component_id":"4d8f45b0-79dd-4bee-823d-05b0e2a2c48d","component_name":"mck-portal-srv","component_instance":0,"source_instance":0,"organization_name":"McKesson Corporation_discovery-sunrise","organization_id":"557795fb-ec02-41f6-b249-2b9c73ac8438","space_name":"Datasphere_Dev","space_id":"2742a945-aac7-4753-a013-50fdd526e1db","msg":"serving SALES { impl: 'srv/service.js', path: '/odata/v4/sales' }","type":"log"} (STDOUT, APP/PROC/WEB)#
#2025 08 22 14:57:40.237#Z#DEBUG#fe43cb42-7f67-11f0-bc27-eeee0a9238bb.mck-portal-srv#flowable-async-job-executor-thread-1344#
[PollStartAppStatusExecution] 4d8f45b0-79dd-4bee-823d-05b0e2a2c48d [2025-08-22T14:57:30.212905] {"level":"info","logger":"cds","timestamp":"2025-08-22T14:57:30.212Z","layer":"cds","component_type":"application","container_id":"10.36.192.13","component_id":"4d8f45b0-79dd-4bee-823d-05b0e2a2c48d","component_name":"mck-portal-srv","component_instance":0,"source_instance":0,"organization_name":"McKesson Corporation_discovery-sunrise","organization_id":"557795fb-ec02-41f6-b249-2b9c73ac8438","space_name":"Datasphere_Dev","space_id":"2742a945-aac7-4753-a013-50fdd526e1db","msg":"serving CUSTOMERS { impl: 'srv/service.js', path: '/odata/v4/customers' }","type":"log"} (STDOUT, APP/PROC/WEB)#
#2025 08 22 14:57:40.237#Z#DEBUG#fe43cb42-7f67-11f0-bc27-eeee0a9238bb.mck-portal-srv#flowable-async-job-executor-thread-1344#
[PollStartAppStatusExecution] 4d8f45b0-79dd-4bee-823d-05b0e2a2c48d [2025-08-22T14:57:30.213739] {"level":"info","logger":"cds","timestamp":"2025-08-22T14:57:30.213Z","layer":"cds","component_type":"application","container_id":"10.36.192.13","component_id":"4d8f45b0-79dd-4bee-823d-05b0e2a2c48d","component_name":"mck-portal-srv","component_instance":0,"source_instance":0,"organization_name":"McKesson Corporation_discovery-sunrise","organization_id":"557795fb-ec02-41f6-b249-2b9c73ac8438","space_name":"Datasphere_Dev","space_id":"2742a945-aac7-4753-a013-50fdd526e1db","msg":"serving FINANCE { impl: 'srv/service.js', path: '/odata/v4/finance' }","type":"log"} (STDOUT, APP/PROC/WEB)#
#2025 08 22 14:57:40.237#Z#DEBUG#fe43cb42-7f67-11f0-bc27-eeee0a9238bb.mck-portal-srv#flowable-async-job-executor-thread-1344#
[PollStartAppStatusExecution] 4d8f45b0-79dd-4bee-823d-05b0e2a2c48d [2025-08-22T14:57:30.214049] {"level":"info","logger":"cds","timestamp":"2025-08-22T14:57:30.213Z","layer":"cds","component_type":"application","container_id":"10.36.192.13","component_id":"4d8f45b0-79dd-4bee-823d-05b0e2a2c48d","component_name":"mck-portal-srv","component_instance":0,"source_instance":0,"organization_name":"McKesson Corporation_discovery-sunrise","organization_id":"557795fb-ec02-41f6-b249-2b9c73ac8438","space_name":"Datasphere_Dev","space_id":"2742a945-aac7-4753-a013-50fdd526e1db","msg":"serving MAINPAGE { impl: 'srv/service.js', path: '/odata/v4/mainpage' }","type":"log"} (STDOUT, APP/PROC/WEB)#
#2025 08 22 14:57:40.237#Z#DEBUG#fe43cb42-7f67-11f0-bc27-eeee0a9238bb.mck-portal-srv#flowable-async-job-executor-thread-1344#
[PollStartAppStatusExecution] 4d8f45b0-79dd-4bee-823d-05b0e2a2c48d [2025-08-22T14:57:30.214445] {"level":"info","logger":"cds","timestamp":"2025-08-22T14:57:30.214Z","layer":"cds","component_type":"application","container_id":"10.36.192.13","component_id":"4d8f45b0-79dd-4bee-823d-05b0e2a2c48d","component_name":"mck-portal-srv","component_instance":0,"source_instance":0,"organization_name":"McKesson Corporation_discovery-sunrise","organization_id":"557795fb-ec02-41f6-b249-2b9c73ac8438","space_name":"Datasphere_Dev","space_id":"2742a945-aac7-4753-a013-50fdd526e1db","msg":"serving CatalogService { impl: 'srv/service.js', path: '/odata/v4/catalog' }","type":"log"} (STDOUT, APP/PROC/WEB)#
#2025 08 22 14:57:40.237#Z#DEBUG#fe43cb42-7f67-11f0-bc27-eeee0a9238bb.mck-portal-srv#flowable-async-job-executor-thread-1344#
[PollStartAppStatusExecution] 4d8f45b0-79dd-4bee-823d-05b0e2a2c48d [2025-08-22T14:57:30.214749] {"level":"info","logger":"cds","timestamp":"2025-08-22T14:57:30.214Z","layer":"cds","component_type":"application","container_id":"10.36.192.13","component_id":"4d8f45b0-79dd-4bee-823d-05b0e2a2c48d","component_name":"mck-portal-srv","component_instance":0,"source_instance":0,"organization_name":"McKesson Corporation_discovery-sunrise","organization_id":"557795fb-ec02-41f6-b249-2b9c73ac8438","space_name":"Datasphere_Dev","space_id":"2742a945-aac7-4753-a013-50fdd526e1db","msg":"serving Media { impl: 'srv/service.js', path: '/odata/v4/media' }","type":"log"} (STDOUT, APP/PROC/WEB)#
#2025 08 22 14:57:40.237#Z#DEBUG#fe43cb42-7f67-11f0-bc27-eeee0a9238bb.mck-portal-srv#flowable-async-job-executor-thread-1344#
[PollStartAppStatusExecution] 4d8f45b0-79dd-4bee-823d-05b0e2a2c48d [2025-08-22T14:57:30.215202] {"level":"info","logger":"cds","timestamp":"2025-08-22T14:57:30.215Z","layer":"cds","component_type":"application","container_id":"10.36.192.13","component_id":"4d8f45b0-79dd-4bee-823d-05b0e2a2c48d","component_name":"mck-portal-srv","component_instance":0,"source_instance":0,"organization_name":"McKesson Corporation_discovery-sunrise","organization_id":"557795fb-ec02-41f6-b249-2b9c73ac8438","space_name":"Datasphere_Dev","space_id":"2742a945-aac7-4753-a013-50fdd526e1db","msg":"serving OktaService { impl: 'srv/service.js', path: '/odata/v4/okta' }","type":"log"} (STDOUT, APP/PROC/WEB)#
#2025 08 22 14:57:40.237#Z#DEBUG#fe43cb42-7f67-11f0-bc27-eeee0a9238bb.mck-portal-srv#flowable-async-job-executor-thread-1344#
[PollStartAppStatusExecution] 4d8f45b0-79dd-4bee-823d-05b0e2a2c48d [2025-08-22T14:57:30.226378] {"level":"info","logger":"cds","timestamp":"2025-08-22T14:57:30.226Z","layer":"cds","component_type":"application","container_id":"10.36.192.13","component_id":"4d8f45b0-79dd-4bee-823d-05b0e2a2c48d","component_name":"mck-portal-srv","component_instance":0,"source_instance":0,"organization_name":"McKesson Corporation_discovery-sunrise","organization_id":"557795fb-ec02-41f6-b249-2b9c73ac8438","space_name":"Datasphere_Dev","space_id":"2742a945-aac7-4753-a013-50fdd526e1db","msg":"server listening on { url: 'http://localhost:8080' }","type":"log"} (STDOUT, APP/PROC/WEB)#
#2025 08 22 14:57:40.237#Z#DEBUG#fe43cb42-7f67-11f0-bc27-eeee0a9238bb.mck-portal-srv#flowable-async-job-executor-thread-1344#
[PollStartAppStatusExecution] 4d8f45b0-79dd-4bee-823d-05b0e2a2c48d [2025-08-22T14:57:30.226502] [cds] - server launched at 8/22/2025, 2:57:29 PM, version: 8.9.2, in: 1.028s (STDOUT, APP/PROC/WEB)#
#2025 08 22 14:57:40.237#Z#DEBUG#fe43cb42-7f67-11f0-bc27-eeee0a9238bb.mck-portal-srv#flowable-async-job-executor-thread-1344#
[PollStartAppStatusExecution] 4d8f45b0-79dd-4bee-823d-05b0e2a2c48d [2025-08-22T14:57:31.532680] Container became healthy (STDOUT, CELL)#
#2025 08 22 14:57:40.237#Z#DEBUG#fe43cb42-7f67-11f0-bc27-eeee0a9238bb.mck-portal-srv#flowable-async-job-executor-thread-1344#
[PollStartAppStatusExecution] 4d8f45b0-79dd-4bee-823d-05b0e2a2c48d [2025-08-22T14:57:31.557523] Process became ready with guid 4d8f45b0-79dd-4bee-823d-05b0e2a2c48d payload: {"instance"=>"fb32a3ab-4b4b-4830-5823-c69d", "index"=>0, "cell_id"=>"dd42d37e-f7c3-4900-8198-42b64eb2ea00", "ready"=>true, "version"=>"14d82773-65ef-47dd-b0ae-41138e097186"} (STDOUT, API)#
#2025 08 22 14:57:40.237#Z#DEBUG#fe43cb42-7f67-11f0-bc27-eeee0a9238bb.mck-portal-srv#flowable-async-job-executor-thread-1344#
[PollStartAppStatusExecution] 4d8f45b0-79dd-4bee-823d-05b0e2a2c48d [2025-08-22T14:57:37.503020] Cell b4044827-ed3c-4639-ab39-2e8af1591c41 destroying container for instance a98ab972-cd1d-4c1d-4f8c-befa (STDOUT, CELL)#
#2025 08 22 14:57:40.237#Z#DEBUG#fe43cb42-7f67-11f0-bc27-eeee0a9238bb.mck-portal-srv#flowable-async-job-executor-thread-1344#
[PollStartAppStatusExecution] 4d8f45b0-79dd-4bee-823d-05b0e2a2c48d [2025-08-22T14:57:37.631786] Exit status 137 (STDOUT, PROXY)#
#2025 08 22 14:57:40.237#Z#DEBUG#fe43cb42-7f67-11f0-bc27-eeee0a9238bb.mck-portal-srv#flowable-async-job-executor-thread-1344#
[PollStartAppStatusExecution] 4d8f45b0-79dd-4bee-823d-05b0e2a2c48d [2025-08-22T14:57:39.520468] Cell b4044827-ed3c-4639-ab39-2e8af1591c41 successfully destroyed container for instance a98ab972-cd1d-4c1d-4f8c-befa (STDOUT, CELL)#
