#2025 10 09 05:03:43.729#Z#DEBUG#1f21dfed-a4cd-11f0-8dea-eeee0a9cba2e.mck-portal#flowable-async-job-executor-thread-6664#
[PollStageAppStatusExecution] 6e422593-95d5-4699-8c5d-f8ad235afff5 [2025-10-09T05:02:48.249015] Updated app with guid 6e422593-95d5-4699-8c5d-f8ad235afff5 ({"lifecycle"=>{"data"=>{"buildpacks"=>[]}, "type"=>"buildpack"}}) (STDOUT, API)#
#2025 10 09 05:03:43.729#Z#DEBUG#1f21dfed-a4cd-11f0-8dea-eeee0a9cba2e.mck-portal#flowable-async-job-executor-thread-6664#
[PollStageAppStatusExecution] 6e422593-95d5-4699-8c5d-f8ad235afff5 [2025-10-09T05:02:48.344943] Updating process: "web" (STDOUT, API)#
#2025 10 09 05:03:43.729#Z#DEBUG#1f21dfed-a4cd-11f0-8dea-eeee0a9cba2e.mck-portal#flowable-async-job-executor-thread-6664#
[PollStageAppStatusExecution] 6e422593-95d5-4699-8c5d-f8ad235afff5 [2025-10-09T05:03:24.106248] Uploading app package for app with guid 6e422593-95d5-4699-8c5d-f8ad235afff5 (STDOUT, API)#
#2025 10 09 05:03:43.729#Z#DEBUG#1f21dfed-a4cd-11f0-8dea-eeee0a9cba2e.mck-portal#flowable-async-job-executor-thread-6664#
[PollStageAppStatusExecution] 6e422593-95d5-4699-8c5d-f8ad235afff5 [2025-10-09T05:03:24.368850] Updated app with guid 6e422593-95d5-4699-8c5d-f8ad235afff5 ({"environment_variables"=>"[PRIVATE DATA HIDDEN]"}) (STDOUT, API)#
#2025 10 09 05:03:43.729#Z#DEBUG#1f21dfed-a4cd-11f0-8dea-eeee0a9cba2e.mck-portal#flowable-async-job-executor-thread-6664#
[PollStageAppStatusExecution] 6e422593-95d5-4699-8c5d-f8ad235afff5 [2025-10-09T05:03:34.130374] Stopping app with guid 6e422593-95d5-4699-8c5d-f8ad235afff5 (STDOUT, API)#
#2025 10 09 05:03:43.729#Z#DEBUG#1f21dfed-a4cd-11f0-8dea-eeee0a9cba2e.mck-portal#flowable-async-job-executor-thread-6664#
[PollStageAppStatusExecution] 6e422593-95d5-4699-8c5d-f8ad235afff5 [2025-10-09T05:03:34.220071] Cell cc99ab35-e8b1-4251-b775-32bb4a302193 stopping instance 18f3b80b-969b-4958-61bf-e4a4 (STDOUT, CELL)#
#2025 10 09 05:03:43.729#Z#DEBUG#1f21dfed-a4cd-11f0-8dea-eeee0a9cba2e.mck-portal#flowable-async-job-executor-thread-6664#
[PollStageAppStatusExecution] 6e422593-95d5-4699-8c5d-f8ad235afff5 [2025-10-09T05:03:34.440347] Creating build for app with guid 6e422593-95d5-4699-8c5d-f8ad235afff5 (STDOUT, API)#
#2025 10 09 05:03:43.729#Z#DEBUG#1f21dfed-a4cd-11f0-8dea-eeee0a9cba2e.mck-portal#flowable-async-job-executor-thread-6664#
[PollStageAppStatusExecution] 6e422593-95d5-4699-8c5d-f8ad235afff5 [2025-10-09T05:03:34.818581] Downloading zero_trust_sidecar_buildpack_1_11... (STDOUT, STG)#
#2025 10 09 05:03:43.729#Z#DEBUG#1f21dfed-a4cd-11f0-8dea-eeee0a9cba2e.mck-portal#flowable-async-job-executor-thread-6664#
[PollStageAppStatusExecution] 6e422593-95d5-4699-8c5d-f8ad235afff5 [2025-10-09T05:03:34.818606] Downloading php_buildpack... (STDOUT, STG)#
#2025 10 09 05:03:43.729#Z#DEBUG#1f21dfed-a4cd-11f0-8dea-eeee0a9cba2e.mck-portal#flowable-async-job-executor-thread-6664#
[PollStageAppStatusExecution] 6e422593-95d5-4699-8c5d-f8ad235afff5 [2025-10-09T05:03:34.818618] Downloading java_buildpack... (STDOUT, STG)#
#2025 10 09 05:03:43.729#Z#DEBUG#1f21dfed-a4cd-11f0-8dea-eeee0a9cba2e.mck-portal#flowable-async-job-executor-thread-6664#
[PollStageAppStatusExecution] 6e422593-95d5-4699-8c5d-f8ad235afff5 [2025-10-09T05:03:34.818650] Downloading sap_java_buildpack_jakarta_2_40... (STDOUT, STG)#
#2025 10 09 05:03:43.729#Z#DEBUG#1f21dfed-a4cd-11f0-8dea-eeee0a9cba2e.mck-portal#flowable-async-job-executor-thread-6664#
[PollStageAppStatusExecution] 6e422593-95d5-4699-8c5d-f8ad235afff5 [2025-10-09T05:03:34.818672] Downloading go_buildpack... (STDOUT, STG)#
#2025 10 09 05:03:43.729#Z#DEBUG#1f21dfed-a4cd-11f0-8dea-eeee0a9cba2e.mck-portal#flowable-async-job-executor-thread-6664#
[PollStageAppStatusExecution] 6e422593-95d5-4699-8c5d-f8ad235afff5 [2025-10-09T05:03:34.833249] Downloaded java_buildpack (STDOUT, STG)#
#2025 10 09 05:03:43.729#Z#DEBUG#1f21dfed-a4cd-11f0-8dea-eeee0a9cba2e.mck-portal#flowable-async-job-executor-thread-6664#
[PollStageAppStatusExecution] 6e422593-95d5-4699-8c5d-f8ad235afff5 [2025-10-09T05:03:34.834489] Downloaded zero_trust_sidecar_buildpack_1_11 (STDOUT, STG)#
#2025 10 09 05:03:43.729#Z#DEBUG#1f21dfed-a4cd-11f0-8dea-eeee0a9cba2e.mck-portal#flowable-async-job-executor-thread-6664#
[PollStageAppStatusExecution] 6e422593-95d5-4699-8c5d-f8ad235afff5 [2025-10-09T05:03:34.834504] Downloading staticfile_buildpack... (STDOUT, STG)#
#2025 10 09 05:03:43.729#Z#DEBUG#1f21dfed-a4cd-11f0-8dea-eeee0a9cba2e.mck-portal#flowable-async-job-executor-thread-6664#
[PollStageAppStatusExecution] 6e422593-95d5-4699-8c5d-f8ad235afff5 [2025-10-09T05:03:34.834690] Downloaded sap_java_buildpack_jakarta_2_40 (STDOUT, STG)#
#2025 10 09 05:03:43.729#Z#DEBUG#1f21dfed-a4cd-11f0-8dea-eeee0a9cba2e.mck-portal#flowable-async-job-executor-thread-6664#
[PollStageAppStatusExecution] 6e422593-95d5-4699-8c5d-f8ad235afff5 [2025-10-09T05:03:34.834709] Downloading zero_trust_sidecar_buildpack_1_9... (STDOUT, STG)#
#2025 10 09 05:03:43.729#Z#DEBUG#1f21dfed-a4cd-11f0-8dea-eeee0a9cba2e.mck-portal#flowable-async-job-executor-thread-6664#
[PollStageAppStatusExecution] 6e422593-95d5-4699-8c5d-f8ad235afff5 [2025-10-09T05:03:34.834741] Downloaded go_buildpack (STDOUT, STG)#
#2025 10 09 05:03:43.729#Z#DEBUG#1f21dfed-a4cd-11f0-8dea-eeee0a9cba2e.mck-portal#flowable-async-job-executor-thread-6664#
[PollStageAppStatusExecution] 6e422593-95d5-4699-8c5d-f8ad235afff5 [2025-10-09T05:03:34.834761] Downloading sap_java_buildpack_jakarta_2_39... (STDOUT, STG)#
#2025 10 09 05:03:43.729#Z#DEBUG#1f21dfed-a4cd-11f0-8dea-eeee0a9cba2e.mck-portal#flowable-async-job-executor-thread-6664#
[PollStageAppStatusExecution] 6e422593-95d5-4699-8c5d-f8ad235afff5 [2025-10-09T05:03:34.835458] Downloaded php_buildpack (STDOUT, STG)#
#2025 10 09 05:03:43.729#Z#DEBUG#1f21dfed-a4cd-11f0-8dea-eeee0a9cba2e.mck-portal#flowable-async-job-executor-thread-6664#
[PollStageAppStatusExecution] 6e422593-95d5-4699-8c5d-f8ad235afff5 [2025-10-09T05:03:34.835473] Downloading sap_java_buildpack_jakarta_2_38... (STDOUT, STG)#
#2025 10 09 05:03:43.729#Z#DEBUG#1f21dfed-a4cd-11f0-8dea-eeee0a9cba2e.mck-portal#flowable-async-job-executor-thread-6664#
[PollStageAppStatusExecution] 6e422593-95d5-4699-8c5d-f8ad235afff5 [2025-10-09T05:03:34.844521] Downloading nodejs_buildpack... (STDOUT, STG)#
#2025 10 09 05:03:43.729#Z#DEBUG#1f21dfed-a4cd-11f0-8dea-eeee0a9cba2e.mck-portal#flowable-async-job-executor-thread-6664#
[PollStageAppStatusExecution] 6e422593-95d5-4699-8c5d-f8ad235afff5 [2025-10-09T05:03:34.845746] Downloaded sap_java_buildpack_jakarta_2_39 (STDOUT, STG)#
#2025 10 09 05:03:43.729#Z#DEBUG#1f21dfed-a4cd-11f0-8dea-eeee0a9cba2e.mck-portal#flowable-async-job-executor-thread-6664#
[PollStageAppStatusExecution] 6e422593-95d5-4699-8c5d-f8ad235afff5 [2025-10-09T05:03:34.845760] Downloading python_buildpack... (STDOUT, STG)#
#2025 10 09 05:03:43.729#Z#DEBUG#1f21dfed-a4cd-11f0-8dea-eeee0a9cba2e.mck-portal#flowable-async-job-executor-thread-6664#
[PollStageAppStatusExecution] 6e422593-95d5-4699-8c5d-f8ad235afff5 [2025-10-09T05:03:34.846924] Downloaded staticfile_buildpack (STDOUT, STG)#
#2025 10 09 05:03:43.729#Z#DEBUG#1f21dfed-a4cd-11f0-8dea-eeee0a9cba2e.mck-portal#flowable-async-job-executor-thread-6664#
[PollStageAppStatusExecution] 6e422593-95d5-4699-8c5d-f8ad235afff5 [2025-10-09T05:03:34.846936] Downloading zero_trust_sidecar_buildpack... (STDOUT, STG)#
#2025 10 09 05:03:43.729#Z#DEBUG#1f21dfed-a4cd-11f0-8dea-eeee0a9cba2e.mck-portal#flowable-async-job-executor-thread-6664#
[PollStageAppStatusExecution] 6e422593-95d5-4699-8c5d-f8ad235afff5 [2025-10-09T05:03:34.847120] Downloaded sap_java_buildpack_jakarta_2_38 (STDOUT, STG)#
#2025 10 09 05:03:43.729#Z#DEBUG#1f21dfed-a4cd-11f0-8dea-eeee0a9cba2e.mck-portal#flowable-async-job-executor-thread-6664#
[PollStageAppStatusExecution] 6e422593-95d5-4699-8c5d-f8ad235afff5 [2025-10-09T05:03:34.847135] Downloading sap_java_buildpack... (STDOUT, STG)#
#2025 10 09 05:03:43.729#Z#DEBUG#1f21dfed-a4cd-11f0-8dea-eeee0a9cba2e.mck-portal#flowable-async-job-executor-thread-6664#
[PollStageAppStatusExecution] 6e422593-95d5-4699-8c5d-f8ad235afff5 [2025-10-09T05:03:34.849412] Downloaded zero_trust_sidecar_buildpack_1_9 (STDOUT, STG)#
#2025 10 09 05:03:43.729#Z#DEBUG#1f21dfed-a4cd-11f0-8dea-eeee0a9cba2e.mck-portal#flowable-async-job-executor-thread-6664#
[PollStageAppStatusExecution] 6e422593-95d5-4699-8c5d-f8ad235afff5 [2025-10-09T05:03:34.849426] Downloading zero_trust_sidecar_buildpack_1_10... (STDOUT, STG)#
#2025 10 09 05:03:43.729#Z#DEBUG#1f21dfed-a4cd-11f0-8dea-eeee0a9cba2e.mck-portal#flowable-async-job-executor-thread-6664#
[PollStageAppStatusExecution] 6e422593-95d5-4699-8c5d-f8ad235afff5 [2025-10-09T05:03:34.855678] Downloaded nodejs_buildpack (STDOUT, STG)#
#2025 10 09 05:03:43.729#Z#DEBUG#1f21dfed-a4cd-11f0-8dea-eeee0a9cba2e.mck-portal#flowable-async-job-executor-thread-6664#
[PollStageAppStatusExecution] 6e422593-95d5-4699-8c5d-f8ad235afff5 [2025-10-09T05:03:34.855692] Downloading nginx_buildpack... (STDOUT, STG)#
#2025 10 09 05:03:43.729#Z#DEBUG#1f21dfed-a4cd-11f0-8dea-eeee0a9cba2e.mck-portal#flowable-async-job-executor-thread-6664#
[PollStageAppStatusExecution] 6e422593-95d5-4699-8c5d-f8ad235afff5 [2025-10-09T05:03:34.858636] Downloaded python_buildpack (STDOUT, STG)#
#2025 10 09 05:03:43.729#Z#DEBUG#1f21dfed-a4cd-11f0-8dea-eeee0a9cba2e.mck-portal#flowable-async-job-executor-thread-6664#
[PollStageAppStatusExecution] 6e422593-95d5-4699-8c5d-f8ad235afff5 [2025-10-09T05:03:34.858650] Downloading sap_java_buildpack_to_be_removed... (STDOUT, STG)#
#2025 10 09 05:03:43.729#Z#DEBUG#1f21dfed-a4cd-11f0-8dea-eeee0a9cba2e.mck-portal#flowable-async-job-executor-thread-6664#
[PollStageAppStatusExecution] 6e422593-95d5-4699-8c5d-f8ad235afff5 [2025-10-09T05:03:34.858854] Downloaded sap_java_buildpack (STDOUT, STG)#
#2025 10 09 05:03:43.729#Z#DEBUG#1f21dfed-a4cd-11f0-8dea-eeee0a9cba2e.mck-portal#flowable-async-job-executor-thread-6664#
[PollStageAppStatusExecution] 6e422593-95d5-4699-8c5d-f8ad235afff5 [2025-10-09T05:03:34.858867] Downloading binary_buildpack... (STDOUT, STG)#
#2025 10 09 05:03:43.729#Z#DEBUG#1f21dfed-a4cd-11f0-8dea-eeee0a9cba2e.mck-portal#flowable-async-job-executor-thread-6664#
[PollStageAppStatusExecution] 6e422593-95d5-4699-8c5d-f8ad235afff5 [2025-10-09T05:03:34.859886] Downloaded zero_trust_sidecar_buildpack (STDOUT, STG)#
#2025 10 09 05:03:43.729#Z#DEBUG#1f21dfed-a4cd-11f0-8dea-eeee0a9cba2e.mck-portal#flowable-async-job-executor-thread-6664#
[PollStageAppStatusExecution] 6e422593-95d5-4699-8c5d-f8ad235afff5 [2025-10-09T05:03:34.859898] Downloading sap_java_buildpack_jakarta... (STDOUT, STG)#
#2025 10 09 05:03:43.729#Z#DEBUG#1f21dfed-a4cd-11f0-8dea-eeee0a9cba2e.mck-portal#flowable-async-job-executor-thread-6664#
[PollStageAppStatusExecution] 6e422593-95d5-4699-8c5d-f8ad235afff5 [2025-10-09T05:03:34.861539] Downloaded zero_trust_sidecar_buildpack_1_10 (STDOUT, STG)#
#2025 10 09 05:03:43.729#Z#DEBUG#1f21dfed-a4cd-11f0-8dea-eeee0a9cba2e.mck-portal#flowable-async-job-executor-thread-6664#
[PollStageAppStatusExecution] 6e422593-95d5-4699-8c5d-f8ad235afff5 [2025-10-09T05:03:34.868274] Downloaded nginx_buildpack (STDOUT, STG)#
#2025 10 09 05:03:43.729#Z#DEBUG#1f21dfed-a4cd-11f0-8dea-eeee0a9cba2e.mck-portal#flowable-async-job-executor-thread-6664#
[PollStageAppStatusExecution] 6e422593-95d5-4699-8c5d-f8ad235afff5 [2025-10-09T05:03:34.870471] Downloaded sap_java_buildpack_to_be_removed (STDOUT, STG)#
#2025 10 09 05:03:43.729#Z#DEBUG#1f21dfed-a4cd-11f0-8dea-eeee0a9cba2e.mck-portal#flowable-async-job-executor-thread-6664#
[PollStageAppStatusExecution] 6e422593-95d5-4699-8c5d-f8ad235afff5 [2025-10-09T05:03:34.871772] Downloaded binary_buildpack (STDOUT, STG)#
#2025 10 09 05:03:43.729#Z#DEBUG#1f21dfed-a4cd-11f0-8dea-eeee0a9cba2e.mck-portal#flowable-async-job-executor-thread-6664#
[PollStageAppStatusExecution] 6e422593-95d5-4699-8c5d-f8ad235afff5 [2025-10-09T05:03:34.874342] Downloaded sap_java_buildpack_jakarta (STDOUT, STG)#
#2025 10 09 05:03:43.729#Z#DEBUG#1f21dfed-a4cd-11f0-8dea-eeee0a9cba2e.mck-portal#flowable-async-job-executor-thread-6664#
[PollStageAppStatusExecution] 6e422593-95d5-4699-8c5d-f8ad235afff5 [2025-10-09T05:03:34.874397] Cell 8a12f4da-7108-4400-8388-096573fd4265 creating container for instance ba67fdf9-ae2a-4ebf-93aa-c4e045809f7e (STDOUT, STG)#
#2025 10 09 05:03:43.729#Z#DEBUG#1f21dfed-a4cd-11f0-8dea-eeee0a9cba2e.mck-portal#flowable-async-job-executor-thread-6664#
[PollStageAppStatusExecution] 6e422593-95d5-4699-8c5d-f8ad235afff5 [2025-10-09T05:03:35.242213] Security group rules were updated (STDOUT, STG)#
#2025 10 09 05:03:43.729#Z#DEBUG#1f21dfed-a4cd-11f0-8dea-eeee0a9cba2e.mck-portal#flowable-async-job-executor-thread-6664#
[PollStageAppStatusExecution] 6e422593-95d5-4699-8c5d-f8ad235afff5 [2025-10-09T05:03:35.315369] Cell 8a12f4da-7108-4400-8388-096573fd4265 successfully created container for instance ba67fdf9-ae2a-4ebf-93aa-c4e045809f7e (STDOUT, STG)#
#2025 10 09 05:03:43.729#Z#DEBUG#1f21dfed-a4cd-11f0-8dea-eeee0a9cba2e.mck-portal#flowable-async-job-executor-thread-6664#
[PollStageAppStatusExecution] 6e422593-95d5-4699-8c5d-f8ad235afff5 [2025-10-09T05:03:35.822079] Downloading app package... (STDOUT, STG)#
#2025 10 09 05:03:43.729#Z#DEBUG#1f21dfed-a4cd-11f0-8dea-eeee0a9cba2e.mck-portal#flowable-async-job-executor-thread-6664#
[PollStageAppStatusExecution] 6e422593-95d5-4699-8c5d-f8ad235afff5 [2025-10-09T05:03:35.822089] Downloading build artifacts cache... (STDOUT, STG)#
#2025 10 09 05:03:43.729#Z#DEBUG#1f21dfed-a4cd-11f0-8dea-eeee0a9cba2e.mck-portal#flowable-async-job-executor-thread-6664#
[PollStageAppStatusExecution] 6e422593-95d5-4699-8c5d-f8ad235afff5 [2025-10-09T05:03:35.856015] Downloaded build artifacts cache (225B) (STDOUT, STG)#
#2025 10 09 05:03:43.729#Z#DEBUG#1f21dfed-a4cd-11f0-8dea-eeee0a9cba2e.mck-portal#flowable-async-job-executor-thread-6664#
[PollStageAppStatusExecution] 6e422593-95d5-4699-8c5d-f8ad235afff5 [2025-10-09T05:03:36.677675] Downloaded app package (7.6M) (STDOUT, STG)#
#2025 10 09 05:03:43.729#Z#DEBUG#1f21dfed-a4cd-11f0-8dea-eeee0a9cba2e.mck-portal#flowable-async-job-executor-thread-6664#
[PollStageAppStatusExecution] 6e422593-95d5-4699-8c5d-f8ad235afff5 [2025-10-09T05:03:37.205407] -----> Nodejs Buildpack version 1.8.39 (STDOUT, STG)#
#2025 10 09 05:03:43.729#Z#DEBUG#1f21dfed-a4cd-11f0-8dea-eeee0a9cba2e.mck-portal#flowable-async-job-executor-thread-6664#
[PollStageAppStatusExecution] 6e422593-95d5-4699-8c5d-f8ad235afff5 [2025-10-09T05:03:37.492688] -----> Bootstrapping python (STDOUT, STG)#
#2025 10 09 05:03:43.729#Z#DEBUG#1f21dfed-a4cd-11f0-8dea-eeee0a9cba2e.mck-portal#flowable-async-job-executor-thread-6664#
[PollStageAppStatusExecution] 6e422593-95d5-4699-8c5d-f8ad235afff5 [2025-10-09T05:03:37.492706] -----> Installing python 3.11.13 (STDOUT, STG)#
#2025 10 09 05:03:43.729#Z#DEBUG#1f21dfed-a4cd-11f0-8dea-eeee0a9cba2e.mck-portal#flowable-async-job-executor-thread-6664#
[PollStageAppStatusExecution] 6e422593-95d5-4699-8c5d-f8ad235afff5 [2025-10-09T05:03:37.492728] Copy [/tmp/buildpacks/6ca7b63990364784/dependencies/28094bfda36b8c744219390b5b628ee3/python_3.11.13_linux_x64_cflinuxfs4_49160849.tgz] (STDOUT, STG)#
#2025 10 09 05:03:43.729#Z#DEBUG#1f21dfed-a4cd-11f0-8dea-eeee0a9cba2e.mck-portal#flowable-async-job-executor-thread-6664#
[PollStageAppStatusExecution] 6e422593-95d5-4699-8c5d-f8ad235afff5 [2025-10-09T05:03:40.570826] -----> Installing binaries (STDOUT, STG)#
#2025 10 09 05:03:43.729#Z#DEBUG#1f21dfed-a4cd-11f0-8dea-eeee0a9cba2e.mck-portal#flowable-async-job-executor-thread-6664#
[PollStageAppStatusExecution] 6e422593-95d5-4699-8c5d-f8ad235afff5 [2025-10-09T05:03:40.571007] engines.node (package.json): ^20 (STDOUT, STG)#
#2025 10 09 05:03:43.729#Z#DEBUG#1f21dfed-a4cd-11f0-8dea-eeee0a9cba2e.mck-portal#flowable-async-job-executor-thread-6664#
[PollStageAppStatusExecution] 6e422593-95d5-4699-8c5d-f8ad235afff5 [2025-10-09T05:03:40.571017] engines.npm (package.json): unspecified (use default) (STDOUT, STG)#
#2025 10 09 05:03:43.729#Z#DEBUG#1f21dfed-a4cd-11f0-8dea-eeee0a9cba2e.mck-portal#flowable-async-job-executor-thread-6664#
[PollStageAppStatusExecution] 6e422593-95d5-4699-8c5d-f8ad235afff5 [2025-10-09T05:03:40.571337] -----> Installing node 20.19.3 (STDOUT, STG)#
#2025 10 09 05:03:43.729#Z#DEBUG#1f21dfed-a4cd-11f0-8dea-eeee0a9cba2e.mck-portal#flowable-async-job-executor-thread-6664#
[PollStageAppStatusExecution] 6e422593-95d5-4699-8c5d-f8ad235afff5 [2025-10-09T05:03:40.571561] Copy [/tmp/buildpacks/6ca7b63990364784/dependencies/6a0b3fcebc33ffce62ab5303e4529de6/node_20.19.3_linux_x64_cflinuxfs4_cae347d1.tgz] (STDOUT, STG)#
#2025 10 09 05:03:43.729#Z#DEBUG#1f21dfed-a4cd-11f0-8dea-eeee0a9cba2e.mck-portal#flowable-async-job-executor-thread-6664#
[PollStageAppStatusExecution] 6e422593-95d5-4699-8c5d-f8ad235afff5 [2025-10-09T05:03:42.191134] Using default npm version: 10.8.2 (STDOUT, STG)#
#2025 10 09 05:03:43.729#Z#DEBUG#1f21dfed-a4cd-11f0-8dea-eeee0a9cba2e.mck-portal#flowable-async-job-executor-thread-6664#
[PollStageAppStatusExecution] 6e422593-95d5-4699-8c5d-f8ad235afff5 [2025-10-09T05:03:42.191142] -----> Installing yarn 1.22.22 (STDOUT, STG)#
#2025 10 09 05:03:43.729#Z#DEBUG#1f21dfed-a4cd-11f0-8dea-eeee0a9cba2e.mck-portal#flowable-async-job-executor-thread-6664#
[PollStageAppStatusExecution] 6e422593-95d5-4699-8c5d-f8ad235afff5 [2025-10-09T05:03:42.191422] Copy [/tmp/buildpacks/6ca7b63990364784/dependencies/ff849eb7696d3a7f463752a272c9a88e/yarn_1.22.22_linux_noarch_any-stack_83bda680.tgz] (STDOUT, STG)#
#2025 10 09 05:03:43.729#Z#DEBUG#1f21dfed-a4cd-11f0-8dea-eeee0a9cba2e.mck-portal#flowable-async-job-executor-thread-6664#
[PollStageAppStatusExecution] 6e422593-95d5-4699-8c5d-f8ad235afff5 [2025-10-09T05:03:42.451863] Installed yarn 1.22.22 (STDOUT, STG)#
#2025 10 09 05:03:43.729#Z#DEBUG#1f21dfed-a4cd-11f0-8dea-eeee0a9cba2e.mck-portal#flowable-async-job-executor-thread-6664#
[PollStageAppStatusExecution] 6e422593-95d5-4699-8c5d-f8ad235afff5 [2025-10-09T05:03:42.451885] -----> Creating runtime environment (STDOUT, STG)#
#2025 10 09 05:03:43.729#Z#DEBUG#1f21dfed-a4cd-11f0-8dea-eeee0a9cba2e.mck-portal#flowable-async-job-executor-thread-6664#
[PollStageAppStatusExecution] 6e422593-95d5-4699-8c5d-f8ad235afff5 [2025-10-09T05:03:42.453436] NODE_ENV=production (STDOUT, STG)#
#2025 10 09 05:03:43.729#Z#DEBUG#1f21dfed-a4cd-11f0-8dea-eeee0a9cba2e.mck-portal#flowable-async-job-executor-thread-6664#
[PollStageAppStatusExecution] 6e422593-95d5-4699-8c5d-f8ad235afff5 [2025-10-09T05:03:42.453446] NODE_HOME=/tmp/contents3679087014/deps/0/node (STDOUT, STG)#
#2025 10 09 05:03:43.729#Z#DEBUG#1f21dfed-a4cd-11f0-8dea-eeee0a9cba2e.mck-portal#flowable-async-job-executor-thread-6664#
[PollStageAppStatusExecution] 6e422593-95d5-4699-8c5d-f8ad235afff5 [2025-10-09T05:03:42.453449] NODE_MODULES_CACHE=true (STDOUT, STG)#
#2025 10 09 05:03:43.729#Z#DEBUG#1f21dfed-a4cd-11f0-8dea-eeee0a9cba2e.mck-portal#flowable-async-job-executor-thread-6664#
[PollStageAppStatusExecution] 6e422593-95d5-4699-8c5d-f8ad235afff5 [2025-10-09T05:03:42.453452] NODE_VERBOSE=false (STDOUT, STG)#
#2025 10 09 05:03:43.729#Z#DEBUG#1f21dfed-a4cd-11f0-8dea-eeee0a9cba2e.mck-portal#flowable-async-job-executor-thread-6664#
[PollStageAppStatusExecution] 6e422593-95d5-4699-8c5d-f8ad235afff5 [2025-10-09T05:03:42.453456] NPM_CONFIG_LOGLEVEL=error (STDOUT, STG)#
#2025 10 09 05:03:43.729#Z#DEBUG#1f21dfed-a4cd-11f0-8dea-eeee0a9cba2e.mck-portal#flowable-async-job-executor-thread-6664#
[PollStageAppStatusExecution] 6e422593-95d5-4699-8c5d-f8ad235afff5 [2025-10-09T05:03:42.453458] NPM_CONFIG_PRODUCTION=true (STDOUT, STG)#
#2025 10 09 05:03:43.729#Z#DEBUG#1f21dfed-a4cd-11f0-8dea-eeee0a9cba2e.mck-portal#flowable-async-job-executor-thread-6664#
[PollStageAppStatusExecution] 6e422593-95d5-4699-8c5d-f8ad235afff5 [2025-10-09T05:03:42.453467] -----> Building dependencies (STDOUT, STG)#
#2025 10 09 05:03:43.729#Z#DEBUG#1f21dfed-a4cd-11f0-8dea-eeee0a9cba2e.mck-portal#flowable-async-job-executor-thread-6664#
[PollStageAppStatusExecution] 6e422593-95d5-4699-8c5d-f8ad235afff5 [2025-10-09T05:03:42.453469] Prebuild detected (node_modules already exists) (STDOUT, STG)#
#2025 10 09 05:03:43.729#Z#DEBUG#1f21dfed-a4cd-11f0-8dea-eeee0a9cba2e.mck-portal#flowable-async-job-executor-thread-6664#
[PollStageAppStatusExecution] 6e422593-95d5-4699-8c5d-f8ad235afff5 [2025-10-09T05:03:42.453542] Rebuilding any native modules (STDOUT, STG)#
#2025 10 09 05:03:43.729#Z#DEBUG#1f21dfed-a4cd-11f0-8dea-eeee0a9cba2e.mck-portal#flowable-async-job-executor-thread-6664#
[PollStageAppStatusExecution] 6e422593-95d5-4699-8c5d-f8ad235afff5 [2025-10-09T05:03:43.037777] rebuilt dependencies successfully (STDOUT, STG)#
#2025 10 09 05:03:43.729#Z#DEBUG#1f21dfed-a4cd-11f0-8dea-eeee0a9cba2e.mck-portal#flowable-async-job-executor-thread-6664#
[PollStageAppStatusExecution] 6e422593-95d5-4699-8c5d-f8ad235afff5 [2025-10-09T05:03:43.039780] npm notice (STDOUT, STG)#
#2025 10 09 05:03:43.729#Z#DEBUG#1f21dfed-a4cd-11f0-8dea-eeee0a9cba2e.mck-portal#flowable-async-job-executor-thread-6664#
[PollStageAppStatusExecution] 6e422593-95d5-4699-8c5d-f8ad235afff5 [2025-10-09T05:03:43.039792] npm notice New major version of npm available! 10.8.2 -> 11.6.2 (STDOUT, STG)#
#2025 10 09 05:03:43.729#Z#DEBUG#1f21dfed-a4cd-11f0-8dea-eeee0a9cba2e.mck-portal#flowable-async-job-executor-thread-6664#
[PollStageAppStatusExecution] 6e422593-95d5-4699-8c5d-f8ad235afff5 [2025-10-09T05:03:43.039797] npm notice Changelog: https://github.com/npm/cli/releases/tag/v11.6.2 (STDOUT, STG)#
#2025 10 09 05:03:43.729#Z#DEBUG#1f21dfed-a4cd-11f0-8dea-eeee0a9cba2e.mck-portal#flowable-async-job-executor-thread-6664#
[PollStageAppStatusExecution] 6e422593-95d5-4699-8c5d-f8ad235afff5 [2025-10-09T05:03:43.039799] npm notice To update run: npm install -g npm@11.6.2 (STDOUT, STG)#
#2025 10 09 05:03:43.729#Z#DEBUG#1f21dfed-a4cd-11f0-8dea-eeee0a9cba2e.mck-portal#flowable-async-job-executor-thread-6664#
[PollStageAppStatusExecution] 6e422593-95d5-4699-8c5d-f8ad235afff5 [2025-10-09T05:03:43.039801] npm notice (STDOUT, STG)#
#2025 10 09 05:03:43.729#Z#DEBUG#1f21dfed-a4cd-11f0-8dea-eeee0a9cba2e.mck-portal#flowable-async-job-executor-thread-6664#
[PollStageAppStatusExecution] 6e422593-95d5-4699-8c5d-f8ad235afff5 [2025-10-09T05:03:43.048249] Installing any new modules (package.json + package-lock.json) (STDOUT, STG)#
#2025 10 09 05:03:53.780#Z#DEBUG#1f21dfed-a4cd-11f0-8dea-eeee0a9cba2e.mck-portal#flowable-async-job-executor-thread-16711#
[PollStageAppStatusExecution] 6e422593-95d5-4699-8c5d-f8ad235afff5 [2025-10-09T05:03:43.641028] up to date in 530ms (STDOUT, STG)#
#2025 10 09 05:03:53.780#Z#DEBUG#1f21dfed-a4cd-11f0-8dea-eeee0a9cba2e.mck-portal#flowable-async-job-executor-thread-16711#
[PollStageAppStatusExecution] 6e422593-95d5-4699-8c5d-f8ad235afff5 [2025-10-09T05:03:43.641168] 20 packages are looking for funding (STDOUT, STG)#
#2025 10 09 05:03:53.780#Z#DEBUG#1f21dfed-a4cd-11f0-8dea-eeee0a9cba2e.mck-portal#flowable-async-job-executor-thread-16711#
[PollStageAppStatusExecution] 6e422593-95d5-4699-8c5d-f8ad235afff5 [2025-10-09T05:03:43.641175] run `npm fund` for details (STDOUT, STG)#
#2025 10 09 05:03:53.780#Z#DEBUG#1f21dfed-a4cd-11f0-8dea-eeee0a9cba2e.mck-portal#flowable-async-job-executor-thread-16711#
[PollStageAppStatusExecution] 6e422593-95d5-4699-8c5d-f8ad235afff5 [2025-10-09T05:03:44.411320] Contrast Security no credentials found. Will not write environment files. (STDOUT, STG)#
#2025 10 09 05:03:53.780#Z#DEBUG#1f21dfed-a4cd-11f0-8dea-eeee0a9cba2e.mck-portal#flowable-async-job-executor-thread-16711#
[PollStageAppStatusExecution] 6e422593-95d5-4699-8c5d-f8ad235afff5 [2025-10-09T05:03:52.772935] Exit status 0 (STDOUT, STG)#
#2025 10 09 05:03:53.780#Z#DEBUG#1f21dfed-a4cd-11f0-8dea-eeee0a9cba2e.mck-portal#flowable-async-job-executor-thread-16711#
[PollStageAppStatusExecution] 6e422593-95d5-4699-8c5d-f8ad235afff5 [2025-10-09T05:03:52.772960] Uploading droplet, build artifacts cache... (STDOUT, STG)#
#2025 10 09 05:03:53.780#Z#DEBUG#1f21dfed-a4cd-11f0-8dea-eeee0a9cba2e.mck-portal#flowable-async-job-executor-thread-16711#
[PollStageAppStatusExecution] 6e422593-95d5-4699-8c5d-f8ad235afff5 [2025-10-09T05:03:52.772993] Uploading droplet... (STDOUT, STG)#
#2025 10 09 05:03:53.780#Z#DEBUG#1f21dfed-a4cd-11f0-8dea-eeee0a9cba2e.mck-portal#flowable-async-job-executor-thread-16711#
[PollStageAppStatusExecution] 6e422593-95d5-4699-8c5d-f8ad235afff5 [2025-10-09T05:03:52.773009] Uploading build artifacts cache... (STDOUT, STG)#
#2025 10 09 05:03:53.780#Z#DEBUG#1f21dfed-a4cd-11f0-8dea-eeee0a9cba2e.mck-portal#flowable-async-job-executor-thread-16711#
[PollStageAppStatusExecution] 6e422593-95d5-4699-8c5d-f8ad235afff5 [2025-10-09T05:03:52.805883] Uploaded build artifacts cache (225B) (STDOUT, STG)#
#2025 10 09 05:04:03.883#Z#DEBUG#1f21dfed-a4cd-11f0-8dea-eeee0a9cba2e.mck-portal#flowable-async-job-executor-thread-6671#
[PollStageAppStatusExecution] 6e422593-95d5-4699-8c5d-f8ad235afff5 [2025-10-09T05:03:53.593658] Creating droplet for app with guid 6e422593-95d5-4699-8c5d-f8ad235afff5 (STDOUT, API)#
#2025 10 09 05:04:03.883#Z#DEBUG#1f21dfed-a4cd-11f0-8dea-eeee0a9cba2e.mck-portal#flowable-async-job-executor-thread-6671#
[PollStageAppStatusExecution] 6e422593-95d5-4699-8c5d-f8ad235afff5 [2025-10-09T05:03:54.695928] Uploaded droplet (52.9M) (STDOUT, STG)#
#2025 10 09 05:04:03.883#Z#DEBUG#1f21dfed-a4cd-11f0-8dea-eeee0a9cba2e.mck-portal#flowable-async-job-executor-thread-6671#
[PollStageAppStatusExecution] 6e422593-95d5-4699-8c5d-f8ad235afff5 [2025-10-09T05:03:54.711053] Uploading complete (STDOUT, STG)#
#2025 10 09 05:04:03.883#Z#DEBUG#1f21dfed-a4cd-11f0-8dea-eeee0a9cba2e.mck-portal#flowable-async-job-executor-thread-6671#
[PollStageAppStatusExecution] 6e422593-95d5-4699-8c5d-f8ad235afff5 [2025-10-09T05:03:54.985752] Cell 8a12f4da-7108-4400-8388-096573fd4265 stopping instance ba67fdf9-ae2a-4ebf-93aa-c4e045809f7e (STDOUT, STG)#
#2025 10 09 05:04:03.883#Z#DEBUG#1f21dfed-a4cd-11f0-8dea-eeee0a9cba2e.mck-portal#flowable-async-job-executor-thread-6671#
[PollStageAppStatusExecution] 6e422593-95d5-4699-8c5d-f8ad235afff5 [2025-10-09T05:03:54.985782] Cell 8a12f4da-7108-4400-8388-096573fd4265 destroying container for instance ba67fdf9-ae2a-4ebf-93aa-c4e045809f7e (STDOUT, STG)#
#2025 10 09 05:04:03.883#Z#DEBUG#1f21dfed-a4cd-11f0-8dea-eeee0a9cba2e.mck-portal#flowable-async-job-executor-thread-6671#
[PollStageAppStatusExecution] 6e422593-95d5-4699-8c5d-f8ad235afff5 [2025-10-09T05:03:57.610765] Cell 8a12f4da-7108-4400-8388-096573fd4265 successfully destroyed container for instance ba67fdf9-ae2a-4ebf-93aa-c4e045809f7e (STDOUT, STG)#
#2025 10 09 05:04:14.003#Z#DEBUG#1f21dfed-a4cd-11f0-8dea-eeee0a9cba2e.mck-portal#flowable-async-job-executor-thread-16719#
[PollStartAppStatusExecution] 6e422593-95d5-4699-8c5d-f8ad235afff5 [2025-10-09T05:04:03.960634] Updated app with guid 6e422593-95d5-4699-8c5d-f8ad235afff5 ({:droplet_guid=>"08cb4e4b-3ba0-482b-b465-153204eb6d29"}) (STDOUT, API)#
#2025 10 09 05:04:14.003#Z#DEBUG#1f21dfed-a4cd-11f0-8dea-eeee0a9cba2e.mck-portal#flowable-async-job-executor-thread-16719#
[PollStartAppStatusExecution] 6e422593-95d5-4699-8c5d-f8ad235afff5 [2025-10-09T05:04:04.247777] Creating revision for app with guid 6e422593-95d5-4699-8c5d-f8ad235afff5 (STDOUT, API)#
#2025 10 09 05:04:14.003#Z#DEBUG#1f21dfed-a4cd-11f0-8dea-eeee0a9cba2e.mck-portal#flowable-async-job-executor-thread-16719#
[PollStartAppStatusExecution] 6e422593-95d5-4699-8c5d-f8ad235afff5 [2025-10-09T05:04:04.286358] Starting app with guid 6e422593-95d5-4699-8c5d-f8ad235afff5 (STDOUT, API)#
#2025 10 09 05:04:14.003#Z#DEBUG#1f21dfed-a4cd-11f0-8dea-eeee0a9cba2e.mck-portal#flowable-async-job-executor-thread-16719#
[PollStartAppStatusExecution] 6e422593-95d5-4699-8c5d-f8ad235afff5 [2025-10-09T05:04:04.513290] Cell b72a42ee-0cec-4675-aa3b-5bedce9be4e5 creating container for instance bfa003ba-b14d-4ffa-42a5-ad94 (STDOUT, CELL)#
#2025 10 09 05:04:14.003#Z#DEBUG#1f21dfed-a4cd-11f0-8dea-eeee0a9cba2e.mck-portal#flowable-async-job-executor-thread-16719#
[PollStartAppStatusExecution] 6e422593-95d5-4699-8c5d-f8ad235afff5 [2025-10-09T05:04:04.896172] Security group rules were updated (STDOUT, CELL)#
#2025 10 09 05:04:14.003#Z#DEBUG#1f21dfed-a4cd-11f0-8dea-eeee0a9cba2e.mck-portal#flowable-async-job-executor-thread-16719#
[PollStartAppStatusExecution] 6e422593-95d5-4699-8c5d-f8ad235afff5 [2025-10-09T05:04:04.961143] Cell b72a42ee-0cec-4675-aa3b-5bedce9be4e5 successfully created container for instance bfa003ba-b14d-4ffa-42a5-ad94 (STDOUT, CELL)#
#2025 10 09 05:04:14.003#Z#DEBUG#1f21dfed-a4cd-11f0-8dea-eeee0a9cba2e.mck-portal#flowable-async-job-executor-thread-16719#
[PollStartAppStatusExecution] 6e422593-95d5-4699-8c5d-f8ad235afff5 [2025-10-09T05:04:05.262722] Downloading droplet... (STDOUT, CELL)#
#2025 10 09 05:04:14.003#Z#DEBUG#1f21dfed-a4cd-11f0-8dea-eeee0a9cba2e.mck-portal#flowable-async-job-executor-thread-16719#
[PollStartAppStatusExecution] 6e422593-95d5-4699-8c5d-f8ad235afff5 [2025-10-09T05:04:08.350119] Downloaded droplet (52.9M) (STDOUT, CELL)#
#2025 10 09 05:04:14.003#Z#DEBUG#1f21dfed-a4cd-11f0-8dea-eeee0a9cba2e.mck-portal#flowable-async-job-executor-thread-16719#
[PollStartAppStatusExecution] 6e422593-95d5-4699-8c5d-f8ad235afff5 [2025-10-09T05:04:08.350224] Starting health monitoring of container (STDOUT, CELL)#
#2025 10 09 05:04:14.003#Z#DEBUG#1f21dfed-a4cd-11f0-8dea-eeee0a9cba2e.mck-portal#flowable-async-job-executor-thread-16719#
[PollStartAppStatusExecution] 6e422593-95d5-4699-8c5d-f8ad235afff5 [2025-10-09T05:04:08.402229] Invoking pre-start scripts. (STDOUT, APP/PROC/WEB)#
#2025 10 09 05:04:14.003#Z#DEBUG#1f21dfed-a4cd-11f0-8dea-eeee0a9cba2e.mck-portal#flowable-async-job-executor-thread-16719#
[PollStartAppStatusExecution] 6e422593-95d5-4699-8c5d-f8ad235afff5 [2025-10-09T05:04:08.574296] Invoking start command. (STDOUT, APP/PROC/WEB)#
#2025 10 09 05:04:14.003#Z#DEBUG#1f21dfed-a4cd-11f0-8dea-eeee0a9cba2e.mck-portal#flowable-async-job-executor-thread-16719#
[PollStartAppStatusExecution] 6e422593-95d5-4699-8c5d-f8ad235afff5 [2025-10-09T05:04:08.862277] > start (STDOUT, APP/PROC/WEB)#
#2025 10 09 05:04:14.003#Z#DEBUG#1f21dfed-a4cd-11f0-8dea-eeee0a9cba2e.mck-portal#flowable-async-job-executor-thread-16719#
[PollStartAppStatusExecution] 6e422593-95d5-4699-8c5d-f8ad235afff5 [2025-10-09T05:04:08.862291] > node node_modules/@sap/approuter/approuter.js (STDOUT, APP/PROC/WEB)#
#2025 10 09 05:04:14.003#Z#DEBUG#1f21dfed-a4cd-11f0-8dea-eeee0a9cba2e.mck-portal#flowable-async-job-executor-thread-16719#
[PollStartAppStatusExecution] 6e422593-95d5-4699-8c5d-f8ad235afff5 [2025-10-09T05:04:09.081101] {"written_at":"2025-10-09T05:04:09.079Z","written_ts":1759986249079000000,"csn_component":"-","correlation_id":"-","type":"log","logger":"nodejs-logger","layer":"/LoggingLibrary","level":"warning","container_id":"10.36.193.16","component_type":"application","component_id":"6e422593-95d5-4699-8c5d-f8ad235afff5","component_name":"mck-portal","component_instance":-1,"source_instance":-1,"organization_id":"557795fb-ec02-41f6-b249-2b9c73ac8438","organization_name":"McKesson Corporation_discovery-sunrise","space_id":"2742a945-aac7-4753-a013-50fdd526e1db","space_name":"Datasphere_Dev","context_id":"","msg":"Dynamic log level switching not available"} (STDOUT, APP/PROC/WEB)#
#2025 10 09 05:04:14.003#Z#DEBUG#1f21dfed-a4cd-11f0-8dea-eeee0a9cba2e.mck-portal#flowable-async-job-executor-thread-16719#
[PollStartAppStatusExecution] 6e422593-95d5-4699-8c5d-f8ad235afff5 [2025-10-09T05:04:09.370266] {"written_at":"2025-10-09T05:04:09.369Z","written_ts":1759986249369000000,"csn_component":"-","correlation_id":"mgiyddax","type":"log","logger":"nodejs-logger","layer":"/approuter","level":"info","container_id":"10.36.193.16","component_type":"application","component_id":"6e422593-95d5-4699-8c5d-f8ad235afff5","component_name":"mck-portal","component_instance":-1,"source_instance":-1,"organization_id":"557795fb-ec02-41f6-b249-2b9c73ac8438","organization_name":"McKesson Corporation_discovery-sunrise","space_id":"2742a945-aac7-4753-a013-50fdd526e1db","space_name":"Datasphere_Dev","context_id":"mgiyddax","msg":"Application router version 18.0.3"} (STDOUT, APP/PROC/WEB)#
#2025 10 09 05:04:14.003#Z#DEBUG#1f21dfed-a4cd-11f0-8dea-eeee0a9cba2e.mck-portal#flowable-async-job-executor-thread-16719#
[PollStartAppStatusExecution] 6e422593-95d5-4699-8c5d-f8ad235afff5 [2025-10-09T05:04:09.373076] {"written_at":"2025-10-09T05:04:09.372Z","written_ts":1759986249372000000,"csn_component":"-","correlation_id":"mgiyddb0","type":"log","logger":"nodejs-logger","layer":"/Configuration","level":"info","container_id":"10.36.193.16","component_type":"application","component_id":"6e422593-95d5-4699-8c5d-f8ad235afff5","component_name":"mck-portal","component_instance":-1,"source_instance":-1,"organization_id":"557795fb-ec02-41f6-b249-2b9c73ac8438","organization_name":"McKesson Corporation_discovery-sunrise","space_id":"2742a945-aac7-4753-a013-50fdd526e1db","space_name":"Datasphere_Dev","context_id":"mgiyddb0","msg":"No COOKIES environment variable"} (STDOUT, APP/PROC/WEB)#
#2025 10 09 05:04:14.003#Z#DEBUG#1f21dfed-a4cd-11f0-8dea-eeee0a9cba2e.mck-portal#flowable-async-job-executor-thread-16719#
[PollStartAppStatusExecution] 6e422593-95d5-4699-8c5d-f8ad235afff5 [2025-10-09T05:04:09.408259] {"written_at":"2025-10-09T05:04:09.407Z","written_ts":1759986249407000000,"csn_component":"-","correlation_id":"mgiyddax","type":"log","logger":"nodejs-logger","layer":"/approuter","level":"info","container_id":"10.36.193.16","component_type":"application","component_id":"6e422593-95d5-4699-8c5d-f8ad235afff5","component_name":"mck-portal","component_instance":-1,"source_instance":-1,"organization_id":"557795fb-ec02-41f6-b249-2b9c73ac8438","organization_name":"McKesson Corporation_discovery-sunrise","space_id":"2742a945-aac7-4753-a013-50fdd526e1db","space_name":"Datasphere_Dev","context_id":"mgiyddax","msg":"Application router is listening on port: 8080"} (STDOUT, APP/PROC/WEB)#
#2025 10 09 05:04:14.003#Z#DEBUG#1f21dfed-a4cd-11f0-8dea-eeee0a9cba2e.mck-portal#flowable-async-job-executor-thread-16719#
[PollStartAppStatusExecution] 6e422593-95d5-4699-8c5d-f8ad235afff5 [2025-10-09T05:04:10.952646] Container became healthy (STDOUT, CELL)#
#2025 10 09 05:04:14.003#Z#DEBUG#1f21dfed-a4cd-11f0-8dea-eeee0a9cba2e.mck-portal#flowable-async-job-executor-thread-16719#
[PollStartAppStatusExecution] 6e422593-95d5-4699-8c5d-f8ad235afff5 [2025-10-09T05:04:10.988418] Process became ready with guid 6e422593-95d5-4699-8c5d-f8ad235afff5 payload: {"instance"=>"bfa003ba-b14d-4ffa-42a5-ad94", "index"=>0, "cell_id"=>"b72a42ee-0cec-4675-aa3b-5bedce9be4e5", "ready"=>true, "version"=>"3627e871-db01-44e8-ba15-7020397c205f"} (STDOUT, API)#
