#2025 11 06 20:24:09.699#Z#DEBUG#6912d395-bb4e-11f0-ab0d-eeee0a94b1ab.mck-portal#flowable-async-job-executor-thread-5412#
[PollStartAppStatusExecution] 6e422593-95d5-4699-8c5d-f8ad235afff5 [2025-11-06T20:17:51.468569] Updated app with guid 6e422593-95d5-4699-8c5d-f8ad235afff5 ({"lifecycle"=>{"data"=>{"buildpacks"=>[]}, "type"=>"buildpack"}}) (STDOUT, API)#
#2025 11 06 20:24:09.699#Z#DEBUG#6912d395-bb4e-11f0-ab0d-eeee0a94b1ab.mck-portal#flowable-async-job-executor-thread-5412#
[PollStartAppStatusExecution] 6e422593-95d5-4699-8c5d-f8ad235afff5 [2025-11-06T20:17:51.573656] Updating process: "web" (STDOUT, API)#
#2025 11 06 20:24:09.699#Z#DEBUG#6912d395-bb4e-11f0-ab0d-eeee0a94b1ab.mck-portal#flowable-async-job-executor-thread-5412#
[PollStartAppStatusExecution] 6e422593-95d5-4699-8c5d-f8ad235afff5 [2025-11-06T20:18:29.143268] Uploading app package for app with guid 6e422593-95d5-4699-8c5d-f8ad235afff5 (STDOUT, API)#
#2025 11 06 20:24:09.699#Z#DEBUG#6912d395-bb4e-11f0-ab0d-eeee0a94b1ab.mck-portal#flowable-async-job-executor-thread-5412#
[PollStartAppStatusExecution] 6e422593-95d5-4699-8c5d-f8ad235afff5 [2025-11-06T20:18:29.390829] Updated app with guid 6e422593-95d5-4699-8c5d-f8ad235afff5 ({"environment_variables"=>"[PRIVATE DATA HIDDEN]"}) (STDOUT, API)#
#2025 11 06 20:24:09.699#Z#DEBUG#6912d395-bb4e-11f0-ab0d-eeee0a94b1ab.mck-portal#flowable-async-job-executor-thread-5412#
[PollStartAppStatusExecution] 6e422593-95d5-4699-8c5d-f8ad235afff5 [2025-11-06T20:18:39.323616] Stopping app with guid 6e422593-95d5-4699-8c5d-f8ad235afff5 (STDOUT, API)#
#2025 11 06 20:24:09.699#Z#DEBUG#6912d395-bb4e-11f0-ab0d-eeee0a94b1ab.mck-portal#flowable-async-job-executor-thread-5412#
[PollStartAppStatusExecution] 6e422593-95d5-4699-8c5d-f8ad235afff5 [2025-11-06T20:18:39.411584] Cell d3c2d833-c52a-4a34-bfdd-be595728952e stopping instance 43096daf-b8db-4dc9-72aa-5f8f (STDOUT, CELL)#
#2025 11 06 20:24:09.699#Z#DEBUG#6912d395-bb4e-11f0-ab0d-eeee0a94b1ab.mck-portal#flowable-async-job-executor-thread-5412#
[PollStartAppStatusExecution] 6e422593-95d5-4699-8c5d-f8ad235afff5 [2025-11-06T20:18:39.593363] Creating build for app with guid 6e422593-95d5-4699-8c5d-f8ad235afff5 (STDOUT, API)#
#2025 11 06 20:24:09.699#Z#DEBUG#6912d395-bb4e-11f0-ab0d-eeee0a94b1ab.mck-portal#flowable-async-job-executor-thread-5412#
[PollStartAppStatusExecution] 6e422593-95d5-4699-8c5d-f8ad235afff5 [2025-11-06T20:18:40.090195] Downloading zero_trust_sidecar_buildpack_1_11... (STDOUT, STG)#
#2025 11 06 20:24:09.699#Z#DEBUG#6912d395-bb4e-11f0-ab0d-eeee0a94b1ab.mck-portal#flowable-async-job-executor-thread-5412#
[PollStartAppStatusExecution] 6e422593-95d5-4699-8c5d-f8ad235afff5 [2025-11-06T20:18:40.090218] Downloading nodejs_buildpack... (STDOUT, STG)#
#2025 11 06 20:24:09.699#Z#DEBUG#6912d395-bb4e-11f0-ab0d-eeee0a94b1ab.mck-portal#flowable-async-job-executor-thread-5412#
[PollStartAppStatusExecution] 6e422593-95d5-4699-8c5d-f8ad235afff5 [2025-11-06T20:18:40.090237] Downloading staticfile_buildpack... (STDOUT, STG)#
#2025 11 06 20:24:09.699#Z#DEBUG#6912d395-bb4e-11f0-ab0d-eeee0a94b1ab.mck-portal#flowable-async-job-executor-thread-5412#
[PollStartAppStatusExecution] 6e422593-95d5-4699-8c5d-f8ad235afff5 [2025-11-06T20:18:40.090277] Downloading java_buildpack... (STDOUT, STG)#
#2025 11 06 20:24:09.699#Z#DEBUG#6912d395-bb4e-11f0-ab0d-eeee0a94b1ab.mck-portal#flowable-async-job-executor-thread-5412#
[PollStartAppStatusExecution] 6e422593-95d5-4699-8c5d-f8ad235afff5 [2025-11-06T20:18:40.090330] Downloading sap_java_buildpack_jakarta... (STDOUT, STG)#
#2025 11 06 20:24:09.699#Z#DEBUG#6912d395-bb4e-11f0-ab0d-eeee0a94b1ab.mck-portal#flowable-async-job-executor-thread-5412#
[PollStartAppStatusExecution] 6e422593-95d5-4699-8c5d-f8ad235afff5 [2025-11-06T20:18:40.106075] Downloaded nodejs_buildpack (STDOUT, STG)#
#2025 11 06 20:24:09.699#Z#DEBUG#6912d395-bb4e-11f0-ab0d-eeee0a94b1ab.mck-portal#flowable-async-job-executor-thread-5412#
[PollStartAppStatusExecution] 6e422593-95d5-4699-8c5d-f8ad235afff5 [2025-11-06T20:18:40.106103] Downloading php_buildpack... (STDOUT, STG)#
#2025 11 06 20:24:09.699#Z#DEBUG#6912d395-bb4e-11f0-ab0d-eeee0a94b1ab.mck-portal#flowable-async-job-executor-thread-5412#
[PollStartAppStatusExecution] 6e422593-95d5-4699-8c5d-f8ad235afff5 [2025-11-06T20:18:40.107442] Downloaded sap_java_buildpack_jakarta (STDOUT, STG)#
#2025 11 06 20:24:09.699#Z#DEBUG#6912d395-bb4e-11f0-ab0d-eeee0a94b1ab.mck-portal#flowable-async-job-executor-thread-5412#
[PollStartAppStatusExecution] 6e422593-95d5-4699-8c5d-f8ad235afff5 [2025-11-06T20:18:40.107464] Downloading go_buildpack... (STDOUT, STG)#
#2025 11 06 20:24:09.699#Z#DEBUG#6912d395-bb4e-11f0-ab0d-eeee0a94b1ab.mck-portal#flowable-async-job-executor-thread-5412#
[PollStartAppStatusExecution] 6e422593-95d5-4699-8c5d-f8ad235afff5 [2025-11-06T20:18:40.108316] Downloaded staticfile_buildpack (STDOUT, STG)#
#2025 11 06 20:24:09.699#Z#DEBUG#6912d395-bb4e-11f0-ab0d-eeee0a94b1ab.mck-portal#flowable-async-job-executor-thread-5412#
[PollStartAppStatusExecution] 6e422593-95d5-4699-8c5d-f8ad235afff5 [2025-11-06T20:18:40.108334] Downloading python_buildpack... (STDOUT, STG)#
#2025 11 06 20:24:09.699#Z#DEBUG#6912d395-bb4e-11f0-ab0d-eeee0a94b1ab.mck-portal#flowable-async-job-executor-thread-5412#
[PollStartAppStatusExecution] 6e422593-95d5-4699-8c5d-f8ad235afff5 [2025-11-06T20:18:40.108725] Downloaded java_buildpack (STDOUT, STG)#
#2025 11 06 20:24:09.699#Z#DEBUG#6912d395-bb4e-11f0-ab0d-eeee0a94b1ab.mck-portal#flowable-async-job-executor-thread-5412#
[PollStartAppStatusExecution] 6e422593-95d5-4699-8c5d-f8ad235afff5 [2025-11-06T20:18:40.108744] Downloading binary_buildpack... (STDOUT, STG)#
#2025 11 06 20:24:09.699#Z#DEBUG#6912d395-bb4e-11f0-ab0d-eeee0a94b1ab.mck-portal#flowable-async-job-executor-thread-5412#
[PollStartAppStatusExecution] 6e422593-95d5-4699-8c5d-f8ad235afff5 [2025-11-06T20:18:40.109166] Downloaded zero_trust_sidecar_buildpack_1_11 (STDOUT, STG)#
#2025 11 06 20:24:09.699#Z#DEBUG#6912d395-bb4e-11f0-ab0d-eeee0a94b1ab.mck-portal#flowable-async-job-executor-thread-5412#
[PollStartAppStatusExecution] 6e422593-95d5-4699-8c5d-f8ad235afff5 [2025-11-06T20:18:40.109187] Downloading nginx_buildpack... (STDOUT, STG)#
#2025 11 06 20:24:09.699#Z#DEBUG#6912d395-bb4e-11f0-ab0d-eeee0a94b1ab.mck-portal#flowable-async-job-executor-thread-5412#
[PollStartAppStatusExecution] 6e422593-95d5-4699-8c5d-f8ad235afff5 [2025-11-06T20:18:40.116741] Downloaded php_buildpack (STDOUT, STG)#
#2025 11 06 20:24:09.699#Z#DEBUG#6912d395-bb4e-11f0-ab0d-eeee0a94b1ab.mck-portal#flowable-async-job-executor-thread-5412#
[PollStartAppStatusExecution] 6e422593-95d5-4699-8c5d-f8ad235afff5 [2025-11-06T20:18:40.118921] Downloaded python_buildpack (STDOUT, STG)#
#2025 11 06 20:24:09.699#Z#DEBUG#6912d395-bb4e-11f0-ab0d-eeee0a94b1ab.mck-portal#flowable-async-job-executor-thread-5412#
[PollStartAppStatusExecution] 6e422593-95d5-4699-8c5d-f8ad235afff5 [2025-11-06T20:18:40.118945] Downloading zero_trust_sidecar_buildpack_1_10... (STDOUT, STG)#
#2025 11 06 20:24:09.699#Z#DEBUG#6912d395-bb4e-11f0-ab0d-eeee0a94b1ab.mck-portal#flowable-async-job-executor-thread-5412#
[PollStartAppStatusExecution] 6e422593-95d5-4699-8c5d-f8ad235afff5 [2025-11-06T20:18:40.120934] Downloaded nginx_buildpack (STDOUT, STG)#
#2025 11 06 20:24:09.699#Z#DEBUG#6912d395-bb4e-11f0-ab0d-eeee0a94b1ab.mck-portal#flowable-async-job-executor-thread-5412#
[PollStartAppStatusExecution] 6e422593-95d5-4699-8c5d-f8ad235afff5 [2025-11-06T20:18:40.120951] Downloading sap_java_buildpack_jakarta_2_42... (STDOUT, STG)#
#2025 11 06 20:24:09.699#Z#DEBUG#6912d395-bb4e-11f0-ab0d-eeee0a94b1ab.mck-portal#flowable-async-job-executor-thread-5412#
[PollStartAppStatusExecution] 6e422593-95d5-4699-8c5d-f8ad235afff5 [2025-11-06T20:18:40.122] Downloaded binary_buildpack (STDOUT, STG)#
#2025 11 06 20:24:09.699#Z#DEBUG#6912d395-bb4e-11f0-ab0d-eeee0a94b1ab.mck-portal#flowable-async-job-executor-thread-5412#
[PollStartAppStatusExecution] 6e422593-95d5-4699-8c5d-f8ad235afff5 [2025-11-06T20:18:40.122022] Downloaded go_buildpack (STDOUT, STG)#
#2025 11 06 20:24:09.699#Z#DEBUG#6912d395-bb4e-11f0-ab0d-eeee0a94b1ab.mck-portal#flowable-async-job-executor-thread-5412#
[PollStartAppStatusExecution] 6e422593-95d5-4699-8c5d-f8ad235afff5 [2025-11-06T20:18:40.122032] Downloading sap_java_buildpack_jakarta_2_41... (STDOUT, STG)#
#2025 11 06 20:24:09.699#Z#DEBUG#6912d395-bb4e-11f0-ab0d-eeee0a94b1ab.mck-portal#flowable-async-job-executor-thread-5412#
[PollStartAppStatusExecution] 6e422593-95d5-4699-8c5d-f8ad235afff5 [2025-11-06T20:18:40.122038] Downloading sap_java_buildpack_jakarta_2_40... (STDOUT, STG)#
#2025 11 06 20:24:09.699#Z#DEBUG#6912d395-bb4e-11f0-ab0d-eeee0a94b1ab.mck-portal#flowable-async-job-executor-thread-5412#
[PollStartAppStatusExecution] 6e422593-95d5-4699-8c5d-f8ad235afff5 [2025-11-06T20:18:40.128648] Downloading zero_trust_sidecar_buildpack_1_9... (STDOUT, STG)#
#2025 11 06 20:24:09.699#Z#DEBUG#6912d395-bb4e-11f0-ab0d-eeee0a94b1ab.mck-portal#flowable-async-job-executor-thread-5412#
[PollStartAppStatusExecution] 6e422593-95d5-4699-8c5d-f8ad235afff5 [2025-11-06T20:18:40.132754] Downloaded sap_java_buildpack_jakarta_2_40 (STDOUT, STG)#
#2025 11 06 20:24:09.699#Z#DEBUG#6912d395-bb4e-11f0-ab0d-eeee0a94b1ab.mck-portal#flowable-async-job-executor-thread-5412#
[PollStartAppStatusExecution] 6e422593-95d5-4699-8c5d-f8ad235afff5 [2025-11-06T20:18:40.132776] Downloading sap_java_buildpack_to_be_removed... (STDOUT, STG)#
#2025 11 06 20:24:09.699#Z#DEBUG#6912d395-bb4e-11f0-ab0d-eeee0a94b1ab.mck-portal#flowable-async-job-executor-thread-5412#
[PollStartAppStatusExecution] 6e422593-95d5-4699-8c5d-f8ad235afff5 [2025-11-06T20:18:40.132837] Downloaded zero_trust_sidecar_buildpack_1_10 (STDOUT, STG)#
#2025 11 06 20:24:09.699#Z#DEBUG#6912d395-bb4e-11f0-ab0d-eeee0a94b1ab.mck-portal#flowable-async-job-executor-thread-5412#
[PollStartAppStatusExecution] 6e422593-95d5-4699-8c5d-f8ad235afff5 [2025-11-06T20:18:40.132853] Downloading zero_trust_sidecar_buildpack... (STDOUT, STG)#
#2025 11 06 20:24:09.699#Z#DEBUG#6912d395-bb4e-11f0-ab0d-eeee0a94b1ab.mck-portal#flowable-async-job-executor-thread-5412#
[PollStartAppStatusExecution] 6e422593-95d5-4699-8c5d-f8ad235afff5 [2025-11-06T20:18:40.134964] Downloaded sap_java_buildpack_jakarta_2_42 (STDOUT, STG)#
#2025 11 06 20:24:09.699#Z#DEBUG#6912d395-bb4e-11f0-ab0d-eeee0a94b1ab.mck-portal#flowable-async-job-executor-thread-5412#
[PollStartAppStatusExecution] 6e422593-95d5-4699-8c5d-f8ad235afff5 [2025-11-06T20:18:40.141571] Downloaded sap_java_buildpack_jakarta_2_41 (STDOUT, STG)#
#2025 11 06 20:24:09.699#Z#DEBUG#6912d395-bb4e-11f0-ab0d-eeee0a94b1ab.mck-portal#flowable-async-job-executor-thread-5412#
[PollStartAppStatusExecution] 6e422593-95d5-4699-8c5d-f8ad235afff5 [2025-11-06T20:18:40.143] Downloaded zero_trust_sidecar_buildpack_1_9 (STDOUT, STG)#
#2025 11 06 20:24:09.699#Z#DEBUG#6912d395-bb4e-11f0-ab0d-eeee0a94b1ab.mck-portal#flowable-async-job-executor-thread-5412#
[PollStartAppStatusExecution] 6e422593-95d5-4699-8c5d-f8ad235afff5 [2025-11-06T20:18:40.147837] Downloaded zero_trust_sidecar_buildpack (STDOUT, STG)#
#2025 11 06 20:24:09.699#Z#DEBUG#6912d395-bb4e-11f0-ab0d-eeee0a94b1ab.mck-portal#flowable-async-job-executor-thread-5412#
[PollStartAppStatusExecution] 6e422593-95d5-4699-8c5d-f8ad235afff5 [2025-11-06T20:18:40.149136] Downloaded sap_java_buildpack_to_be_removed (STDOUT, STG)#
#2025 11 06 20:24:09.699#Z#DEBUG#6912d395-bb4e-11f0-ab0d-eeee0a94b1ab.mck-portal#flowable-async-job-executor-thread-5412#
[PollStartAppStatusExecution] 6e422593-95d5-4699-8c5d-f8ad235afff5 [2025-11-06T20:18:40.149216] Cell c69f69fd-7b4a-4e38-97ee-d79dab0fed51 creating container for instance d14e1c83-2b3e-4baa-8159-8abbacf26b0c (STDOUT, STG)#
#2025 11 06 20:24:09.699#Z#DEBUG#6912d395-bb4e-11f0-ab0d-eeee0a94b1ab.mck-portal#flowable-async-job-executor-thread-5412#
[PollStartAppStatusExecution] 6e422593-95d5-4699-8c5d-f8ad235afff5 [2025-11-06T20:18:40.777414] Security group rules were updated (STDOUT, STG)#
#2025 11 06 20:24:09.699#Z#DEBUG#6912d395-bb4e-11f0-ab0d-eeee0a94b1ab.mck-portal#flowable-async-job-executor-thread-5412#
[PollStartAppStatusExecution] 6e422593-95d5-4699-8c5d-f8ad235afff5 [2025-11-06T20:18:40.879802] Cell c69f69fd-7b4a-4e38-97ee-d79dab0fed51 successfully created container for instance d14e1c83-2b3e-4baa-8159-8abbacf26b0c (STDOUT, STG)#
#2025 11 06 20:24:09.699#Z#DEBUG#6912d395-bb4e-11f0-ab0d-eeee0a94b1ab.mck-portal#flowable-async-job-executor-thread-5412#
[PollStartAppStatusExecution] 6e422593-95d5-4699-8c5d-f8ad235afff5 [2025-11-06T20:18:41.020389] Downloading app package... (STDOUT, STG)#
#2025 11 06 20:24:09.699#Z#DEBUG#6912d395-bb4e-11f0-ab0d-eeee0a94b1ab.mck-portal#flowable-async-job-executor-thread-5412#
[PollStartAppStatusExecution] 6e422593-95d5-4699-8c5d-f8ad235afff5 [2025-11-06T20:18:41.020417] Downloading build artifacts cache... (STDOUT, STG)#
#2025 11 06 20:24:09.699#Z#DEBUG#6912d395-bb4e-11f0-ab0d-eeee0a94b1ab.mck-portal#flowable-async-job-executor-thread-5412#
[PollStartAppStatusExecution] 6e422593-95d5-4699-8c5d-f8ad235afff5 [2025-11-06T20:18:41.043159] Downloaded build artifacts cache (226B) (STDOUT, STG)#
#2025 11 06 20:24:09.699#Z#DEBUG#6912d395-bb4e-11f0-ab0d-eeee0a94b1ab.mck-portal#flowable-async-job-executor-thread-5412#
[PollStartAppStatusExecution] 6e422593-95d5-4699-8c5d-f8ad235afff5 [2025-11-06T20:18:41.383896] Downloaded app package (2.5M) (STDOUT, STG)#
#2025 11 06 20:24:09.699#Z#DEBUG#6912d395-bb4e-11f0-ab0d-eeee0a94b1ab.mck-portal#flowable-async-job-executor-thread-5412#
[PollStartAppStatusExecution] 6e422593-95d5-4699-8c5d-f8ad235afff5 [2025-11-06T20:18:41.923826] -----> Nodejs Buildpack version 1.8.39 (STDOUT, STG)#
#2025 11 06 20:24:09.699#Z#DEBUG#6912d395-bb4e-11f0-ab0d-eeee0a94b1ab.mck-portal#flowable-async-job-executor-thread-5412#
[PollStartAppStatusExecution] 6e422593-95d5-4699-8c5d-f8ad235afff5 [2025-11-06T20:18:42.041582] -----> Bootstrapping python (STDOUT, STG)#
#2025 11 06 20:24:09.699#Z#DEBUG#6912d395-bb4e-11f0-ab0d-eeee0a94b1ab.mck-portal#flowable-async-job-executor-thread-5412#
[PollStartAppStatusExecution] 6e422593-95d5-4699-8c5d-f8ad235afff5 [2025-11-06T20:18:42.041594] -----> Installing python 3.11.13 (STDOUT, STG)#
#2025 11 06 20:24:09.699#Z#DEBUG#6912d395-bb4e-11f0-ab0d-eeee0a94b1ab.mck-portal#flowable-async-job-executor-thread-5412#
[PollStartAppStatusExecution] 6e422593-95d5-4699-8c5d-f8ad235afff5 [2025-11-06T20:18:42.041869] Copy [/tmp/buildpacks/6ca7b63990364784/dependencies/28094bfda36b8c744219390b5b628ee3/python_3.11.13_linux_x64_cflinuxfs4_49160849.tgz] (STDOUT, STG)#
#2025 11 06 20:24:09.699#Z#DEBUG#6912d395-bb4e-11f0-ab0d-eeee0a94b1ab.mck-portal#flowable-async-job-executor-thread-5412#
[PollStartAppStatusExecution] 6e422593-95d5-4699-8c5d-f8ad235afff5 [2025-11-06T20:18:45.906376] -----> Installing binaries (STDOUT, STG)#
#2025 11 06 20:24:09.699#Z#DEBUG#6912d395-bb4e-11f0-ab0d-eeee0a94b1ab.mck-portal#flowable-async-job-executor-thread-5412#
[PollStartAppStatusExecution] 6e422593-95d5-4699-8c5d-f8ad235afff5 [2025-11-06T20:18:45.906954] engines.node (package.json): ^20 (STDOUT, STG)#
#2025 11 06 20:24:09.699#Z#DEBUG#6912d395-bb4e-11f0-ab0d-eeee0a94b1ab.mck-portal#flowable-async-job-executor-thread-5412#
[PollStartAppStatusExecution] 6e422593-95d5-4699-8c5d-f8ad235afff5 [2025-11-06T20:18:45.907067] engines.npm (package.json): unspecified (use default) (STDOUT, STG)#
#2025 11 06 20:24:09.699#Z#DEBUG#6912d395-bb4e-11f0-ab0d-eeee0a94b1ab.mck-portal#flowable-async-job-executor-thread-5412#
[PollStartAppStatusExecution] 6e422593-95d5-4699-8c5d-f8ad235afff5 [2025-11-06T20:18:45.907244] -----> Installing node 20.19.3 (STDOUT, STG)#
#2025 11 06 20:24:09.699#Z#DEBUG#6912d395-bb4e-11f0-ab0d-eeee0a94b1ab.mck-portal#flowable-async-job-executor-thread-5412#
[PollStartAppStatusExecution] 6e422593-95d5-4699-8c5d-f8ad235afff5 [2025-11-06T20:18:45.907651] Copy [/tmp/buildpacks/6ca7b63990364784/dependencies/6a0b3fcebc33ffce62ab5303e4529de6/node_20.19.3_linux_x64_cflinuxfs4_cae347d1.tgz] (STDOUT, STG)#
#2025 11 06 20:24:09.699#Z#DEBUG#6912d395-bb4e-11f0-ab0d-eeee0a94b1ab.mck-portal#flowable-async-job-executor-thread-5412#
[PollStartAppStatusExecution] 6e422593-95d5-4699-8c5d-f8ad235afff5 [2025-11-06T20:18:47.980740] Using default npm version: 10.8.2 (STDOUT, STG)#
#2025 11 06 20:24:09.699#Z#DEBUG#6912d395-bb4e-11f0-ab0d-eeee0a94b1ab.mck-portal#flowable-async-job-executor-thread-5412#
[PollStartAppStatusExecution] 6e422593-95d5-4699-8c5d-f8ad235afff5 [2025-11-06T20:18:47.980784] -----> Installing yarn 1.22.22 (STDOUT, STG)#
#2025 11 06 20:24:09.699#Z#DEBUG#6912d395-bb4e-11f0-ab0d-eeee0a94b1ab.mck-portal#flowable-async-job-executor-thread-5412#
[PollStartAppStatusExecution] 6e422593-95d5-4699-8c5d-f8ad235afff5 [2025-11-06T20:18:47.981081] Copy [/tmp/buildpacks/6ca7b63990364784/dependencies/ff849eb7696d3a7f463752a272c9a88e/yarn_1.22.22_linux_noarch_any-stack_83bda680.tgz] (STDOUT, STG)#
#2025 11 06 20:24:09.699#Z#DEBUG#6912d395-bb4e-11f0-ab0d-eeee0a94b1ab.mck-portal#flowable-async-job-executor-thread-5412#
[PollStartAppStatusExecution] 6e422593-95d5-4699-8c5d-f8ad235afff5 [2025-11-06T20:18:48.314428] Installed yarn 1.22.22 (STDOUT, STG)#
#2025 11 06 20:24:09.699#Z#DEBUG#6912d395-bb4e-11f0-ab0d-eeee0a94b1ab.mck-portal#flowable-async-job-executor-thread-5412#
[PollStartAppStatusExecution] 6e422593-95d5-4699-8c5d-f8ad235afff5 [2025-11-06T20:18:48.314457] -----> Creating runtime environment (STDOUT, STG)#
#2025 11 06 20:24:09.699#Z#DEBUG#6912d395-bb4e-11f0-ab0d-eeee0a94b1ab.mck-portal#flowable-async-job-executor-thread-5412#
[PollStartAppStatusExecution] 6e422593-95d5-4699-8c5d-f8ad235afff5 [2025-11-06T20:18:48.316343] NODE_ENV=production (STDOUT, STG)#
#2025 11 06 20:24:09.699#Z#DEBUG#6912d395-bb4e-11f0-ab0d-eeee0a94b1ab.mck-portal#flowable-async-job-executor-thread-5412#
[PollStartAppStatusExecution] 6e422593-95d5-4699-8c5d-f8ad235afff5 [2025-11-06T20:18:48.316371] NODE_HOME=/tmp/contents3735922112/deps/0/node (STDOUT, STG)#
#2025 11 06 20:24:09.699#Z#DEBUG#6912d395-bb4e-11f0-ab0d-eeee0a94b1ab.mck-portal#flowable-async-job-executor-thread-5412#
[PollStartAppStatusExecution] 6e422593-95d5-4699-8c5d-f8ad235afff5 [2025-11-06T20:18:48.316375] NODE_MODULES_CACHE=true (STDOUT, STG)#
#2025 11 06 20:24:09.699#Z#DEBUG#6912d395-bb4e-11f0-ab0d-eeee0a94b1ab.mck-portal#flowable-async-job-executor-thread-5412#
[PollStartAppStatusExecution] 6e422593-95d5-4699-8c5d-f8ad235afff5 [2025-11-06T20:18:48.316378] NODE_VERBOSE=false (STDOUT, STG)#
#2025 11 06 20:24:09.699#Z#DEBUG#6912d395-bb4e-11f0-ab0d-eeee0a94b1ab.mck-portal#flowable-async-job-executor-thread-5412#
[PollStartAppStatusExecution] 6e422593-95d5-4699-8c5d-f8ad235afff5 [2025-11-06T20:18:48.316381] NPM_CONFIG_LOGLEVEL=error (STDOUT, STG)#
#2025 11 06 20:24:09.699#Z#DEBUG#6912d395-bb4e-11f0-ab0d-eeee0a94b1ab.mck-portal#flowable-async-job-executor-thread-5412#
[PollStartAppStatusExecution] 6e422593-95d5-4699-8c5d-f8ad235afff5 [2025-11-06T20:18:48.316387] NPM_CONFIG_PRODUCTION=true (STDOUT, STG)#
#2025 11 06 20:24:09.699#Z#DEBUG#6912d395-bb4e-11f0-ab0d-eeee0a94b1ab.mck-portal#flowable-async-job-executor-thread-5412#
[PollStartAppStatusExecution] 6e422593-95d5-4699-8c5d-f8ad235afff5 [2025-11-06T20:18:48.316460] -----> Building dependencies (STDOUT, STG)#
#2025 11 06 20:24:09.699#Z#DEBUG#6912d395-bb4e-11f0-ab0d-eeee0a94b1ab.mck-portal#flowable-async-job-executor-thread-5412#
[PollStartAppStatusExecution] 6e422593-95d5-4699-8c5d-f8ad235afff5 [2025-11-06T20:18:48.316463] Prebuild detected (node_modules already exists) (STDOUT, STG)#
#2025 11 06 20:24:09.699#Z#DEBUG#6912d395-bb4e-11f0-ab0d-eeee0a94b1ab.mck-portal#flowable-async-job-executor-thread-5412#
[PollStartAppStatusExecution] 6e422593-95d5-4699-8c5d-f8ad235afff5 [2025-11-06T20:18:48.316503] Rebuilding any native modules (STDOUT, STG)#
#2025 11 06 20:24:09.699#Z#DEBUG#6912d395-bb4e-11f0-ab0d-eeee0a94b1ab.mck-portal#flowable-async-job-executor-thread-5412#
[PollStartAppStatusExecution] 6e422593-95d5-4699-8c5d-f8ad235afff5 [2025-11-06T20:18:48.784592] rebuilt dependencies successfully (STDOUT, STG)#
#2025 11 06 20:24:09.699#Z#DEBUG#6912d395-bb4e-11f0-ab0d-eeee0a94b1ab.mck-portal#flowable-async-job-executor-thread-5412#
[PollStartAppStatusExecution] 6e422593-95d5-4699-8c5d-f8ad235afff5 [2025-11-06T20:18:48.798291] Installing any new modules (package.json + package-lock.json) (STDOUT, STG)#
#2025 11 06 20:24:09.699#Z#DEBUG#6912d395-bb4e-11f0-ab0d-eeee0a94b1ab.mck-portal#flowable-async-job-executor-thread-5412#
[PollStartAppStatusExecution] 6e422593-95d5-4699-8c5d-f8ad235afff5 [2025-11-06T20:18:51.863614] added 207 packages in 3s (STDOUT, STG)#
#2025 11 06 20:24:09.699#Z#DEBUG#6912d395-bb4e-11f0-ab0d-eeee0a94b1ab.mck-portal#flowable-async-job-executor-thread-5412#
[PollStartAppStatusExecution] 6e422593-95d5-4699-8c5d-f8ad235afff5 [2025-11-06T20:18:51.863645] 20 packages are looking for funding (STDOUT, STG)#
#2025 11 06 20:24:09.699#Z#DEBUG#6912d395-bb4e-11f0-ab0d-eeee0a94b1ab.mck-portal#flowable-async-job-executor-thread-5412#
[PollStartAppStatusExecution] 6e422593-95d5-4699-8c5d-f8ad235afff5 [2025-11-06T20:18:51.863651] run `npm fund` for details (STDOUT, STG)#
#2025 11 06 20:24:09.699#Z#DEBUG#6912d395-bb4e-11f0-ab0d-eeee0a94b1ab.mck-portal#flowable-async-job-executor-thread-5412#
[PollStartAppStatusExecution] 6e422593-95d5-4699-8c5d-f8ad235afff5 [2025-11-06T20:18:52.844570] Contrast Security no credentials found. Will not write environment files. (STDOUT, STG)#
#2025 11 06 20:24:09.699#Z#DEBUG#6912d395-bb4e-11f0-ab0d-eeee0a94b1ab.mck-portal#flowable-async-job-executor-thread-5412#
[PollStartAppStatusExecution] 6e422593-95d5-4699-8c5d-f8ad235afff5 [2025-11-06T20:19:02.229336] Exit status 0 (STDOUT, STG)#
#2025 11 06 20:24:09.699#Z#DEBUG#6912d395-bb4e-11f0-ab0d-eeee0a94b1ab.mck-portal#flowable-async-job-executor-thread-5412#
[PollStartAppStatusExecution] 6e422593-95d5-4699-8c5d-f8ad235afff5 [2025-11-06T20:19:02.229395] Uploading droplet, build artifacts cache... (STDOUT, STG)#
#2025 11 06 20:24:09.699#Z#DEBUG#6912d395-bb4e-11f0-ab0d-eeee0a94b1ab.mck-portal#flowable-async-job-executor-thread-5412#
[PollStartAppStatusExecution] 6e422593-95d5-4699-8c5d-f8ad235afff5 [2025-11-06T20:19:02.229439] Uploading droplet... (STDOUT, STG)#
#2025 11 06 20:24:09.699#Z#DEBUG#6912d395-bb4e-11f0-ab0d-eeee0a94b1ab.mck-portal#flowable-async-job-executor-thread-5412#
[PollStartAppStatusExecution] 6e422593-95d5-4699-8c5d-f8ad235afff5 [2025-11-06T20:19:02.229465] Uploading build artifacts cache... (STDOUT, STG)#
#2025 11 06 20:24:09.699#Z#DEBUG#6912d395-bb4e-11f0-ab0d-eeee0a94b1ab.mck-portal#flowable-async-job-executor-thread-5412#
[PollStartAppStatusExecution] 6e422593-95d5-4699-8c5d-f8ad235afff5 [2025-11-06T20:19:02.275195] Uploaded build artifacts cache (229B) (STDOUT, STG)#
#2025 11 06 20:24:09.699#Z#DEBUG#6912d395-bb4e-11f0-ab0d-eeee0a94b1ab.mck-portal#flowable-async-job-executor-thread-5412#
[PollStartAppStatusExecution] 6e422593-95d5-4699-8c5d-f8ad235afff5 [2025-11-06T20:19:02.840821] Creating droplet for app with guid 6e422593-95d5-4699-8c5d-f8ad235afff5 (STDOUT, API)#
#2025 11 06 20:24:09.699#Z#DEBUG#6912d395-bb4e-11f0-ab0d-eeee0a94b1ab.mck-portal#flowable-async-job-executor-thread-5412#
[PollStartAppStatusExecution] 6e422593-95d5-4699-8c5d-f8ad235afff5 [2025-11-06T20:19:05.893285] Uploaded droplet (52.9M) (STDOUT, STG)#
#2025 11 06 20:24:09.699#Z#DEBUG#6912d395-bb4e-11f0-ab0d-eeee0a94b1ab.mck-portal#flowable-async-job-executor-thread-5412#
[PollStartAppStatusExecution] 6e422593-95d5-4699-8c5d-f8ad235afff5 [2025-11-06T20:19:05.914039] Uploading complete (STDOUT, STG)#
#2025 11 06 20:24:09.699#Z#DEBUG#6912d395-bb4e-11f0-ab0d-eeee0a94b1ab.mck-portal#flowable-async-job-executor-thread-5412#
[PollStartAppStatusExecution] 6e422593-95d5-4699-8c5d-f8ad235afff5 [2025-11-06T20:19:06.054621] Cell c69f69fd-7b4a-4e38-97ee-d79dab0fed51 stopping instance d14e1c83-2b3e-4baa-8159-8abbacf26b0c (STDOUT, STG)#
#2025 11 06 20:24:09.699#Z#DEBUG#6912d395-bb4e-11f0-ab0d-eeee0a94b1ab.mck-portal#flowable-async-job-executor-thread-5412#
[PollStartAppStatusExecution] 6e422593-95d5-4699-8c5d-f8ad235afff5 [2025-11-06T20:19:06.054657] Cell c69f69fd-7b4a-4e38-97ee-d79dab0fed51 destroying container for instance d14e1c83-2b3e-4baa-8159-8abbacf26b0c (STDOUT, STG)#
#2025 11 06 20:24:09.699#Z#DEBUG#6912d395-bb4e-11f0-ab0d-eeee0a94b1ab.mck-portal#flowable-async-job-executor-thread-5412#
[PollStartAppStatusExecution] 6e422593-95d5-4699-8c5d-f8ad235afff5 [2025-11-06T20:19:08.254458] Cell c69f69fd-7b4a-4e38-97ee-d79dab0fed51 successfully destroyed container for instance d14e1c83-2b3e-4baa-8159-8abbacf26b0c (STDOUT, STG)#
#2025 11 06 20:24:09.699#Z#DEBUG#6912d395-bb4e-11f0-ab0d-eeee0a94b1ab.mck-portal#flowable-async-job-executor-thread-5412#
[PollStartAppStatusExecution] 6e422593-95d5-4699-8c5d-f8ad235afff5 [2025-11-06T20:19:09.353395] Updated app with guid 6e422593-95d5-4699-8c5d-f8ad235afff5 ({:droplet_guid=>"27c25e3f-cbf3-4614-9b33-6fd6cd815efa"}) (STDOUT, API)#
#2025 11 06 20:24:09.699#Z#DEBUG#6912d395-bb4e-11f0-ab0d-eeee0a94b1ab.mck-portal#flowable-async-job-executor-thread-5412#
[PollStartAppStatusExecution] 6e422593-95d5-4699-8c5d-f8ad235afff5 [2025-11-06T20:19:09.577422] Creating revision for app with guid 6e422593-95d5-4699-8c5d-f8ad235afff5 (STDOUT, API)#
#2025 11 06 20:24:09.699#Z#DEBUG#6912d395-bb4e-11f0-ab0d-eeee0a94b1ab.mck-portal#flowable-async-job-executor-thread-5412#
[PollStartAppStatusExecution] 6e422593-95d5-4699-8c5d-f8ad235afff5 [2025-11-06T20:19:09.615102] Starting app with guid 6e422593-95d5-4699-8c5d-f8ad235afff5 (STDOUT, API)#
#2025 11 06 20:24:09.699#Z#DEBUG#6912d395-bb4e-11f0-ab0d-eeee0a94b1ab.mck-portal#flowable-async-job-executor-thread-5412#
[PollStartAppStatusExecution] 6e422593-95d5-4699-8c5d-f8ad235afff5 [2025-11-06T20:19:09.842831] Cell dd7059b6-aa51-49b4-97f9-0302b687b5ba creating container for instance 98bb8241-4e27-4d3c-7e5d-5206 (STDOUT, CELL)#
#2025 11 06 20:24:09.699#Z#DEBUG#6912d395-bb4e-11f0-ab0d-eeee0a94b1ab.mck-portal#flowable-async-job-executor-thread-5412#
[PollStartAppStatusExecution] 6e422593-95d5-4699-8c5d-f8ad235afff5 [2025-11-06T20:19:10.299426] Security group rules were updated (STDOUT, CELL)#
#2025 11 06 20:24:09.699#Z#DEBUG#6912d395-bb4e-11f0-ab0d-eeee0a94b1ab.mck-portal#flowable-async-job-executor-thread-5412#
[PollStartAppStatusExecution] 6e422593-95d5-4699-8c5d-f8ad235afff5 [2025-11-06T20:19:10.372894] Cell dd7059b6-aa51-49b4-97f9-0302b687b5ba successfully created container for instance 98bb8241-4e27-4d3c-7e5d-5206 (STDOUT, CELL)#
#2025 11 06 20:24:09.699#Z#DEBUG#6912d395-bb4e-11f0-ab0d-eeee0a94b1ab.mck-portal#flowable-async-job-executor-thread-5412#
[PollStartAppStatusExecution] 6e422593-95d5-4699-8c5d-f8ad235afff5 [2025-11-06T20:19:10.458117] Downloading droplet... (STDOUT, CELL)#
#2025 11 06 20:24:09.699#Z#DEBUG#6912d395-bb4e-11f0-ab0d-eeee0a94b1ab.mck-portal#flowable-async-job-executor-thread-5412#
[PollStartAppStatusExecution] 6e422593-95d5-4699-8c5d-f8ad235afff5 [2025-11-06T20:19:13.890882] Downloaded droplet (52.9M) (STDOUT, CELL)#
#2025 11 06 20:24:09.699#Z#DEBUG#6912d395-bb4e-11f0-ab0d-eeee0a94b1ab.mck-portal#flowable-async-job-executor-thread-5412#
[PollStartAppStatusExecution] 6e422593-95d5-4699-8c5d-f8ad235afff5 [2025-11-06T20:19:13.891027] Starting health monitoring of container (STDOUT, CELL)#
#2025 11 06 20:24:09.699#Z#DEBUG#6912d395-bb4e-11f0-ab0d-eeee0a94b1ab.mck-portal#flowable-async-job-executor-thread-5412#
[PollStartAppStatusExecution] 6e422593-95d5-4699-8c5d-f8ad235afff5 [2025-11-06T20:19:13.972537] Invoking pre-start scripts. (STDOUT, APP/PROC/WEB)#
#2025 11 06 20:24:09.699#Z#DEBUG#6912d395-bb4e-11f0-ab0d-eeee0a94b1ab.mck-portal#flowable-async-job-executor-thread-5412#
[PollStartAppStatusExecution] 6e422593-95d5-4699-8c5d-f8ad235afff5 [2025-11-06T20:19:14.173062] Invoking start command. (STDOUT, APP/PROC/WEB)#
#2025 11 06 20:24:09.699#Z#DEBUG#6912d395-bb4e-11f0-ab0d-eeee0a94b1ab.mck-portal#flowable-async-job-executor-thread-5412#
[PollStartAppStatusExecution] 6e422593-95d5-4699-8c5d-f8ad235afff5 [2025-11-06T20:19:14.516581] > start (STDOUT, APP/PROC/WEB)#
#2025 11 06 20:24:09.699#Z#DEBUG#6912d395-bb4e-11f0-ab0d-eeee0a94b1ab.mck-portal#flowable-async-job-executor-thread-5412#
[PollStartAppStatusExecution] 6e422593-95d5-4699-8c5d-f8ad235afff5 [2025-11-06T20:19:14.516618] > node node_modules/@sap/approuter/approuter.js (STDOUT, APP/PROC/WEB)#
#2025 11 06 20:24:09.699#Z#DEBUG#6912d395-bb4e-11f0-ab0d-eeee0a94b1ab.mck-portal#flowable-async-job-executor-thread-5412#
[PollStartAppStatusExecution] 6e422593-95d5-4699-8c5d-f8ad235afff5 [2025-11-06T20:19:14.762065] {"written_at":"2025-11-06T20:19:14.760Z","written_ts":1762460354760000000,"csn_component":"-","correlation_id":"-","type":"log","logger":"nodejs-logger","layer":"/LoggingLibrary","level":"warning","container_id":"10.36.192.12","component_type":"application","component_id":"6e422593-95d5-4699-8c5d-f8ad235afff5","component_name":"mck-portal","component_instance":-1,"source_instance":-1,"organization_id":"557795fb-ec02-41f6-b249-2b9c73ac8438","organization_name":"McKesson Corporation_discovery-sunrise","space_id":"2742a945-aac7-4753-a013-50fdd526e1db","space_name":"Datasphere_Dev","context_id":"","msg":"Dynamic log level switching not available"} (STDOUT, APP/PROC/WEB)#
#2025 11 06 20:24:09.699#Z#DEBUG#6912d395-bb4e-11f0-ab0d-eeee0a94b1ab.mck-portal#flowable-async-job-executor-thread-5412#
[PollStartAppStatusExecution] 6e422593-95d5-4699-8c5d-f8ad235afff5 [2025-11-06T20:19:15.071823] {"written_at":"2025-11-06T20:19:15.071Z","written_ts":1762460355071000000,"csn_component":"-","correlation_id":"mhnve1hb","type":"log","logger":"nodejs-logger","layer":"/approuter","level":"info","container_id":"10.36.192.12","component_type":"application","component_id":"6e422593-95d5-4699-8c5d-f8ad235afff5","component_name":"mck-portal","component_instance":-1,"source_instance":-1,"organization_id":"557795fb-ec02-41f6-b249-2b9c73ac8438","organization_name":"McKesson Corporation_discovery-sunrise","space_id":"2742a945-aac7-4753-a013-50fdd526e1db","space_name":"Datasphere_Dev","context_id":"mhnve1hb","msg":"Application router version 18.0.3"} (STDOUT, APP/PROC/WEB)#
#2025 11 06 20:24:09.699#Z#DEBUG#6912d395-bb4e-11f0-ab0d-eeee0a94b1ab.mck-portal#flowable-async-job-executor-thread-5412#
[PollStartAppStatusExecution] 6e422593-95d5-4699-8c5d-f8ad235afff5 [2025-11-06T20:19:15.074512] {"written_at":"2025-11-06T20:19:15.074Z","written_ts":1762460355074000000,"csn_component":"-","correlation_id":"mhnve1he","type":"log","logger":"nodejs-logger","layer":"/Configuration","level":"info","container_id":"10.36.192.12","component_type":"application","component_id":"6e422593-95d5-4699-8c5d-f8ad235afff5","component_name":"mck-portal","component_instance":-1,"source_instance":-1,"organization_id":"557795fb-ec02-41f6-b249-2b9c73ac8438","organization_name":"McKesson Corporation_discovery-sunrise","space_id":"2742a945-aac7-4753-a013-50fdd526e1db","space_name":"Datasphere_Dev","context_id":"mhnve1he","msg":"No COOKIES environment variable"} (STDOUT, APP/PROC/WEB)#
#2025 11 06 20:24:09.699#Z#DEBUG#6912d395-bb4e-11f0-ab0d-eeee0a94b1ab.mck-portal#flowable-async-job-executor-thread-5412#
[PollStartAppStatusExecution] 6e422593-95d5-4699-8c5d-f8ad235afff5 [2025-11-06T20:19:15.114144] {"written_at":"2025-11-06T20:19:15.113Z","written_ts":1762460355113000000,"csn_component":"-","correlation_id":"mhnve1hb","type":"log","logger":"nodejs-logger","layer":"/approuter","level":"info","container_id":"10.36.192.12","component_type":"application","component_id":"6e422593-95d5-4699-8c5d-f8ad235afff5","component_name":"mck-portal","component_instance":-1,"source_instance":-1,"organization_id":"557795fb-ec02-41f6-b249-2b9c73ac8438","organization_name":"McKesson Corporation_discovery-sunrise","space_id":"2742a945-aac7-4753-a013-50fdd526e1db","space_name":"Datasphere_Dev","context_id":"mhnve1hb","msg":"Application router is listening on port: 8080"} (STDOUT, APP/PROC/WEB)#
#2025 11 06 20:24:09.699#Z#DEBUG#6912d395-bb4e-11f0-ab0d-eeee0a94b1ab.mck-portal#flowable-async-job-executor-thread-5412#
[PollStartAppStatusExecution] 6e422593-95d5-4699-8c5d-f8ad235afff5 [2025-11-06T20:19:16.213390] Container became healthy (STDOUT, CELL)#
#2025 11 06 20:24:09.699#Z#DEBUG#6912d395-bb4e-11f0-ab0d-eeee0a94b1ab.mck-portal#flowable-async-job-executor-thread-5412#
[PollStartAppStatusExecution] 6e422593-95d5-4699-8c5d-f8ad235afff5 [2025-11-06T20:19:16.233629] Process became ready with guid 6e422593-95d5-4699-8c5d-f8ad235afff5 payload: {"instance"=>"98bb8241-4e27-4d3c-7e5d-5206", "index"=>0, "cell_id"=>"dd7059b6-aa51-49b4-97f9-0302b687b5ba", "ready"=>true, "version"=>"ca182d42-62a8-4cde-a55d-237738f0e6fa"} (STDOUT, API)#
#2025 11 06 20:24:09.699#Z#DEBUG#6912d395-bb4e-11f0-ab0d-eeee0a94b1ab.mck-portal#flowable-async-job-executor-thread-5412#
[PollStartAppStatusExecution] 6e422593-95d5-4699-8c5d-f8ad235afff5 [2025-11-06T20:19:45.532313] Cell d3c2d833-c52a-4a34-bfdd-be595728952e destroying container for instance 43096daf-b8db-4dc9-72aa-5f8f (STDOUT, CELL)#
#2025 11 06 20:24:09.699#Z#DEBUG#6912d395-bb4e-11f0-ab0d-eeee0a94b1ab.mck-portal#flowable-async-job-executor-thread-5412#
[PollStartAppStatusExecution] 6e422593-95d5-4699-8c5d-f8ad235afff5 [2025-11-06T20:19:45.673564] Exit status 137 (STDOUT, PROXY)#
#2025 11 06 20:24:09.699#Z#DEBUG#6912d395-bb4e-11f0-ab0d-eeee0a94b1ab.mck-portal#flowable-async-job-executor-thread-5412#
[PollStartAppStatusExecution] 6e422593-95d5-4699-8c5d-f8ad235afff5 [2025-11-06T20:19:47.334167] Cell d3c2d833-c52a-4a34-bfdd-be595728952e successfully destroyed container for instance 43096daf-b8db-4dc9-72aa-5f8f (STDOUT, CELL)#
#2025 11 06 20:24:09.699#Z#DEBUG#6912d395-bb4e-11f0-ab0d-eeee0a94b1ab.mck-portal#flowable-async-job-executor-thread-5412#
[PollStartAppStatusExecution] 6e422593-95d5-4699-8c5d-f8ad235afff5 [2025-11-06T20:23:36.684092] Updated app with guid 6e422593-95d5-4699-8c5d-f8ad235afff5 ({"lifecycle"=>{"data"=>{"buildpacks"=>[]}, "type"=>"buildpack"}}) (STDOUT, API)#
#2025 11 06 20:24:09.699#Z#DEBUG#6912d395-bb4e-11f0-ab0d-eeee0a94b1ab.mck-portal#flowable-async-job-executor-thread-5412#
[PollStartAppStatusExecution] 6e422593-95d5-4699-8c5d-f8ad235afff5 [2025-11-06T20:23:36.809610] Updating process: "web" (STDOUT, API)#
#2025 11 06 20:24:09.699#Z#DEBUG#6912d395-bb4e-11f0-ab0d-eeee0a94b1ab.mck-portal#flowable-async-job-executor-thread-5412#
[PollStartAppStatusExecution] 6e422593-95d5-4699-8c5d-f8ad235afff5 [2025-11-06T20:24:02.216013] Stopping app with guid 6e422593-95d5-4699-8c5d-f8ad235afff5 (STDOUT, API)#
#2025 11 06 20:24:09.699#Z#DEBUG#6912d395-bb4e-11f0-ab0d-eeee0a94b1ab.mck-portal#flowable-async-job-executor-thread-5412#
[PollStartAppStatusExecution] 6e422593-95d5-4699-8c5d-f8ad235afff5 [2025-11-06T20:24:02.292147] Cell dd7059b6-aa51-49b4-97f9-0302b687b5ba stopping instance 98bb8241-4e27-4d3c-7e5d-5206 (STDOUT, CELL)#
#2025 11 06 20:24:09.699#Z#DEBUG#6912d395-bb4e-11f0-ab0d-eeee0a94b1ab.mck-portal#flowable-async-job-executor-thread-5412#
[PollStartAppStatusExecution] 6e422593-95d5-4699-8c5d-f8ad235afff5 [2025-11-06T20:24:02.660480] Starting app with guid 6e422593-95d5-4699-8c5d-f8ad235afff5 (STDOUT, API)#
#2025 11 06 20:24:09.699#Z#DEBUG#6912d395-bb4e-11f0-ab0d-eeee0a94b1ab.mck-portal#flowable-async-job-executor-thread-5412#
[PollStartAppStatusExecution] 6e422593-95d5-4699-8c5d-f8ad235afff5 [2025-11-06T20:24:02.858481] Cell c69f69fd-7b4a-4e38-97ee-d79dab0fed51 creating container for instance 7584e445-7fc6-4d4a-4839-df35 (STDOUT, CELL)#
#2025 11 06 20:24:09.699#Z#DEBUG#6912d395-bb4e-11f0-ab0d-eeee0a94b1ab.mck-portal#flowable-async-job-executor-thread-5412#
[PollStartAppStatusExecution] 6e422593-95d5-4699-8c5d-f8ad235afff5 [2025-11-06T20:24:03.434440] Security group rules were updated (STDOUT, CELL)#
#2025 11 06 20:24:09.699#Z#DEBUG#6912d395-bb4e-11f0-ab0d-eeee0a94b1ab.mck-portal#flowable-async-job-executor-thread-5412#
[PollStartAppStatusExecution] 6e422593-95d5-4699-8c5d-f8ad235afff5 [2025-11-06T20:24:03.510030] Cell c69f69fd-7b4a-4e38-97ee-d79dab0fed51 successfully created container for instance 7584e445-7fc6-4d4a-4839-df35 (STDOUT, CELL)#
#2025 11 06 20:24:09.699#Z#DEBUG#6912d395-bb4e-11f0-ab0d-eeee0a94b1ab.mck-portal#flowable-async-job-executor-thread-5412#
[PollStartAppStatusExecution] 6e422593-95d5-4699-8c5d-f8ad235afff5 [2025-11-06T20:24:03.625714] Downloading droplet... (STDOUT, CELL)#
#2025 11 06 20:24:09.699#Z#DEBUG#6912d395-bb4e-11f0-ab0d-eeee0a94b1ab.mck-portal#flowable-async-job-executor-thread-5412#
[PollStartAppStatusExecution] 6e422593-95d5-4699-8c5d-f8ad235afff5 [2025-11-06T20:24:07.275433] Downloaded droplet (52.9M) (STDOUT, CELL)#
#2025 11 06 20:24:09.699#Z#DEBUG#6912d395-bb4e-11f0-ab0d-eeee0a94b1ab.mck-portal#flowable-async-job-executor-thread-5412#
[PollStartAppStatusExecution] 6e422593-95d5-4699-8c5d-f8ad235afff5 [2025-11-06T20:24:07.275604] Starting health monitoring of container (STDOUT, CELL)#
#2025 11 06 20:24:09.699#Z#DEBUG#6912d395-bb4e-11f0-ab0d-eeee0a94b1ab.mck-portal#flowable-async-job-executor-thread-5412#
[PollStartAppStatusExecution] 6e422593-95d5-4699-8c5d-f8ad235afff5 [2025-11-06T20:24:07.366020] Invoking pre-start scripts. (STDOUT, APP/PROC/WEB)#
#2025 11 06 20:24:09.699#Z#DEBUG#6912d395-bb4e-11f0-ab0d-eeee0a94b1ab.mck-portal#flowable-async-job-executor-thread-5412#
[PollStartAppStatusExecution] 6e422593-95d5-4699-8c5d-f8ad235afff5 [2025-11-06T20:24:07.586016] Invoking start command. (STDOUT, APP/PROC/WEB)#
#2025 11 06 20:24:09.699#Z#DEBUG#6912d395-bb4e-11f0-ab0d-eeee0a94b1ab.mck-portal#flowable-async-job-executor-thread-5412#
[PollStartAppStatusExecution] 6e422593-95d5-4699-8c5d-f8ad235afff5 [2025-11-06T20:24:07.923983] > start (STDOUT, APP/PROC/WEB)#
#2025 11 06 20:24:09.699#Z#DEBUG#6912d395-bb4e-11f0-ab0d-eeee0a94b1ab.mck-portal#flowable-async-job-executor-thread-5412#
[PollStartAppStatusExecution] 6e422593-95d5-4699-8c5d-f8ad235afff5 [2025-11-06T20:24:07.924002] > node node_modules/@sap/approuter/approuter.js (STDOUT, APP/PROC/WEB)#
#2025 11 06 20:24:09.699#Z#DEBUG#6912d395-bb4e-11f0-ab0d-eeee0a94b1ab.mck-portal#flowable-async-job-executor-thread-5412#
[PollStartAppStatusExecution] 6e422593-95d5-4699-8c5d-f8ad235afff5 [2025-11-06T20:24:08.186995] {"written_at":"2025-11-06T20:24:08.184Z","written_ts":1762460648184000000,"csn_component":"-","correlation_id":"-","type":"log","logger":"nodejs-logger","layer":"/LoggingLibrary","level":"warning","container_id":"10.36.193.14","component_type":"application","component_id":"6e422593-95d5-4699-8c5d-f8ad235afff5","component_name":"mck-portal","component_instance":-1,"source_instance":-1,"organization_id":"557795fb-ec02-41f6-b249-2b9c73ac8438","organization_name":"McKesson Corporation_discovery-sunrise","space_id":"2742a945-aac7-4753-a013-50fdd526e1db","space_name":"Datasphere_Dev","context_id":"","msg":"Dynamic log level switching not available"} (STDOUT, APP/PROC/WEB)#
#2025 11 06 20:24:09.699#Z#DEBUG#6912d395-bb4e-11f0-ab0d-eeee0a94b1ab.mck-portal#flowable-async-job-executor-thread-5412#
[PollStartAppStatusExecution] 6e422593-95d5-4699-8c5d-f8ad235afff5 [2025-11-06T20:24:08.525826] {"written_at":"2025-11-06T20:24:08.525Z","written_ts":1762460648525000000,"csn_component":"-","correlation_id":"mhnvkbwt","type":"log","logger":"nodejs-logger","layer":"/approuter","level":"info","container_id":"10.36.193.14","component_type":"application","component_id":"6e422593-95d5-4699-8c5d-f8ad235afff5","component_name":"mck-portal","component_instance":-1,"source_instance":-1,"organization_id":"557795fb-ec02-41f6-b249-2b9c73ac8438","organization_name":"McKesson Corporation_discovery-sunrise","space_id":"2742a945-aac7-4753-a013-50fdd526e1db","space_name":"Datasphere_Dev","context_id":"mhnvkbwt","msg":"Application router version 18.0.3"} (STDOUT, APP/PROC/WEB)#
#2025 11 06 20:24:09.699#Z#DEBUG#6912d395-bb4e-11f0-ab0d-eeee0a94b1ab.mck-portal#flowable-async-job-executor-thread-5412#
[PollStartAppStatusExecution] 6e422593-95d5-4699-8c5d-f8ad235afff5 [2025-11-06T20:24:08.528980] {"written_at":"2025-11-06T20:24:08.528Z","written_ts":1762460648528000000,"csn_component":"-","correlation_id":"mhnvkbww","type":"log","logger":"nodejs-logger","layer":"/Configuration","level":"info","container_id":"10.36.193.14","component_type":"application","component_id":"6e422593-95d5-4699-8c5d-f8ad235afff5","component_name":"mck-portal","component_instance":-1,"source_instance":-1,"organization_id":"557795fb-ec02-41f6-b249-2b9c73ac8438","organization_name":"McKesson Corporation_discovery-sunrise","space_id":"2742a945-aac7-4753-a013-50fdd526e1db","space_name":"Datasphere_Dev","context_id":"mhnvkbww","msg":"No COOKIES environment variable"} (STDOUT, APP/PROC/WEB)#
#2025 11 06 20:24:09.699#Z#DEBUG#6912d395-bb4e-11f0-ab0d-eeee0a94b1ab.mck-portal#flowable-async-job-executor-thread-5412#
[PollStartAppStatusExecution] 6e422593-95d5-4699-8c5d-f8ad235afff5 [2025-11-06T20:24:08.571628] {"written_at":"2025-11-06T20:24:08.571Z","written_ts":1762460648571000000,"csn_component":"-","correlation_id":"mhnvkbwt","type":"log","logger":"nodejs-logger","layer":"/approuter","level":"info","container_id":"10.36.193.14","component_type":"application","component_id":"6e422593-95d5-4699-8c5d-f8ad235afff5","component_name":"mck-portal","component_instance":-1,"source_instance":-1,"organization_id":"557795fb-ec02-41f6-b249-2b9c73ac8438","organization_name":"McKesson Corporation_discovery-sunrise","space_id":"2742a945-aac7-4753-a013-50fdd526e1db","space_name":"Datasphere_Dev","context_id":"mhnvkbwt","msg":"Application router is listening on port: 8080"} (STDOUT, APP/PROC/WEB)#
#2025 11 06 20:24:19.647#Z#DEBUG#6912d395-bb4e-11f0-ab0d-eeee0a94b1ab.mck-portal#flowable-async-job-executor-thread-13062#
[PollStartAppStatusExecution] 6e422593-95d5-4699-8c5d-f8ad235afff5 [2025-11-06T20:24:10.240408] Container became healthy (STDOUT, CELL)#
#2025 11 06 20:24:19.647#Z#DEBUG#6912d395-bb4e-11f0-ab0d-eeee0a94b1ab.mck-portal#flowable-async-job-executor-thread-13062#
[PollStartAppStatusExecution] 6e422593-95d5-4699-8c5d-f8ad235afff5 [2025-11-06T20:24:10.284061] Process became ready with guid 6e422593-95d5-4699-8c5d-f8ad235afff5 payload: {"instance"=>"7584e445-7fc6-4d4a-4839-df35", "index"=>0, "cell_id"=>"c69f69fd-7b4a-4e38-97ee-d79dab0fed51", "ready"=>true, "version"=>"2e0e4b73-08cd-4f1d-81b8-76a05e7c0129"} (STDOUT, API)#
