#2025 09 14 03:26:31.542#Z#DEBUG#68edd706-911a-11f0-b7df-eeee0a962857.mck-portal#flowable-async-job-executor-thread-4654#
[PollStageAppStatusExecution] 6e422593-95d5-4699-8c5d-f8ad235afff5 [2025-09-14T03:26:11.874303] Uploading app package for app with guid 6e422593-95d5-4699-8c5d-f8ad235afff5 (STDOUT, API)#
#2025 09 14 03:26:31.542#Z#DEBUG#68edd706-911a-11f0-b7df-eeee0a962857.mck-portal#flowable-async-job-executor-thread-4654#
[PollStageAppStatusExecution] 6e422593-95d5-4699-8c5d-f8ad235afff5 [2025-09-14T03:26:12.105776] Updated app with guid 6e422593-95d5-4699-8c5d-f8ad235afff5 ({"environment_variables"=>"[PRIVATE DATA HIDDEN]"}) (STDOUT, API)#
#2025 09 14 03:26:31.542#Z#DEBUG#68edd706-911a-11f0-b7df-eeee0a962857.mck-portal#flowable-async-job-executor-thread-4654#
[PollStageAppStatusExecution] 6e422593-95d5-4699-8c5d-f8ad235afff5 [2025-09-14T03:26:21.747937] Stopping app with guid 6e422593-95d5-4699-8c5d-f8ad235afff5 (STDOUT, API)#
#2025 09 14 03:26:31.542#Z#DEBUG#68edd706-911a-11f0-b7df-eeee0a962857.mck-portal#flowable-async-job-executor-thread-4654#
[PollStageAppStatusExecution] 6e422593-95d5-4699-8c5d-f8ad235afff5 [2025-09-14T03:26:21.803923] Cell f3586a5f-5e3c-4bf8-b1be-4b7127277bf7 stopping instance 0ecb1264-69d2-47e3-648b-9c75 (STDOUT, CELL)#
#2025 09 14 03:26:31.542#Z#DEBUG#68edd706-911a-11f0-b7df-eeee0a962857.mck-portal#flowable-async-job-executor-thread-4654#
[PollStageAppStatusExecution] 6e422593-95d5-4699-8c5d-f8ad235afff5 [2025-09-14T03:26:22.010461] Creating build for app with guid 6e422593-95d5-4699-8c5d-f8ad235afff5 (STDOUT, API)#
#2025 09 14 03:26:31.542#Z#DEBUG#68edd706-911a-11f0-b7df-eeee0a962857.mck-portal#flowable-async-job-executor-thread-4654#
[PollStageAppStatusExecution] 6e422593-95d5-4699-8c5d-f8ad235afff5 [2025-09-14T03:26:22.598716] Downloading zero_trust_sidecar_buildpack_1_10... (STDOUT, STG)#
#2025 09 14 03:26:31.542#Z#DEBUG#68edd706-911a-11f0-b7df-eeee0a962857.mck-portal#flowable-async-job-executor-thread-4654#
[PollStageAppStatusExecution] 6e422593-95d5-4699-8c5d-f8ad235afff5 [2025-09-14T03:26:22.598763] Downloading sap_java_buildpack... (STDOUT, STG)#
#2025 09 14 03:26:31.542#Z#DEBUG#68edd706-911a-11f0-b7df-eeee0a962857.mck-portal#flowable-async-job-executor-thread-4654#
[PollStageAppStatusExecution] 6e422593-95d5-4699-8c5d-f8ad235afff5 [2025-09-14T03:26:22.598788] Downloading go_buildpack... (STDOUT, STG)#
#2025 09 14 03:26:31.542#Z#DEBUG#68edd706-911a-11f0-b7df-eeee0a962857.mck-portal#flowable-async-job-executor-thread-4654#
[PollStageAppStatusExecution] 6e422593-95d5-4699-8c5d-f8ad235afff5 [2025-09-14T03:26:22.598913] Downloading java_buildpack... (STDOUT, STG)#
#2025 09 14 03:26:31.542#Z#DEBUG#68edd706-911a-11f0-b7df-eeee0a962857.mck-portal#flowable-async-job-executor-thread-4654#
[PollStageAppStatusExecution] 6e422593-95d5-4699-8c5d-f8ad235afff5 [2025-09-14T03:26:22.607848] Downloading python_buildpack... (STDOUT, STG)#
#2025 09 14 03:26:31.542#Z#DEBUG#68edd706-911a-11f0-b7df-eeee0a962857.mck-portal#flowable-async-job-executor-thread-4654#
[PollStageAppStatusExecution] 6e422593-95d5-4699-8c5d-f8ad235afff5 [2025-09-14T03:26:22.616806] Downloaded go_buildpack (STDOUT, STG)#
#2025 09 14 03:26:31.542#Z#DEBUG#68edd706-911a-11f0-b7df-eeee0a962857.mck-portal#flowable-async-job-executor-thread-4654#
[PollStageAppStatusExecution] 6e422593-95d5-4699-8c5d-f8ad235afff5 [2025-09-14T03:26:22.616831] Downloading php_buildpack... (STDOUT, STG)#
#2025 09 14 03:26:31.542#Z#DEBUG#68edd706-911a-11f0-b7df-eeee0a962857.mck-portal#flowable-async-job-executor-thread-4654#
[PollStageAppStatusExecution] 6e422593-95d5-4699-8c5d-f8ad235afff5 [2025-09-14T03:26:22.616833] Downloaded sap_java_buildpack (STDOUT, STG)#
#2025 09 14 03:26:31.542#Z#DEBUG#68edd706-911a-11f0-b7df-eeee0a962857.mck-portal#flowable-async-job-executor-thread-4654#
[PollStageAppStatusExecution] 6e422593-95d5-4699-8c5d-f8ad235afff5 [2025-09-14T03:26:22.616847] Downloaded java_buildpack (STDOUT, STG)#
#2025 09 14 03:26:31.542#Z#DEBUG#68edd706-911a-11f0-b7df-eeee0a962857.mck-portal#flowable-async-job-executor-thread-4654#
[PollStageAppStatusExecution] 6e422593-95d5-4699-8c5d-f8ad235afff5 [2025-09-14T03:26:22.616866] Downloading nginx_buildpack... (STDOUT, STG)#
#2025 09 14 03:26:31.542#Z#DEBUG#68edd706-911a-11f0-b7df-eeee0a962857.mck-portal#flowable-async-job-executor-thread-4654#
[PollStageAppStatusExecution] 6e422593-95d5-4699-8c5d-f8ad235afff5 [2025-09-14T03:26:22.616892] Downloading binary_buildpack... (STDOUT, STG)#
#2025 09 14 03:26:31.542#Z#DEBUG#68edd706-911a-11f0-b7df-eeee0a962857.mck-portal#flowable-async-job-executor-thread-4654#
[PollStageAppStatusExecution] 6e422593-95d5-4699-8c5d-f8ad235afff5 [2025-09-14T03:26:22.616912] Downloaded zero_trust_sidecar_buildpack_1_10 (STDOUT, STG)#
#2025 09 14 03:26:31.542#Z#DEBUG#68edd706-911a-11f0-b7df-eeee0a962857.mck-portal#flowable-async-job-executor-thread-4654#
[PollStageAppStatusExecution] 6e422593-95d5-4699-8c5d-f8ad235afff5 [2025-09-14T03:26:22.617001] Downloading sap_java_buildpack_jakarta_2_36... (STDOUT, STG)#
#2025 09 14 03:26:31.542#Z#DEBUG#68edd706-911a-11f0-b7df-eeee0a962857.mck-portal#flowable-async-job-executor-thread-4654#
[PollStageAppStatusExecution] 6e422593-95d5-4699-8c5d-f8ad235afff5 [2025-09-14T03:26:22.624583] Downloaded python_buildpack (STDOUT, STG)#
#2025 09 14 03:26:31.542#Z#DEBUG#68edd706-911a-11f0-b7df-eeee0a962857.mck-portal#flowable-async-job-executor-thread-4654#
[PollStageAppStatusExecution] 6e422593-95d5-4699-8c5d-f8ad235afff5 [2025-09-14T03:26:22.624626] Downloading sap_java_buildpack_1_115... (STDOUT, STG)#
#2025 09 14 03:26:31.542#Z#DEBUG#68edd706-911a-11f0-b7df-eeee0a962857.mck-portal#flowable-async-job-executor-thread-4654#
[PollStageAppStatusExecution] 6e422593-95d5-4699-8c5d-f8ad235afff5 [2025-09-14T03:26:22.631113] Downloaded binary_buildpack (STDOUT, STG)#
#2025 09 14 03:26:31.542#Z#DEBUG#68edd706-911a-11f0-b7df-eeee0a962857.mck-portal#flowable-async-job-executor-thread-4654#
[PollStageAppStatusExecution] 6e422593-95d5-4699-8c5d-f8ad235afff5 [2025-09-14T03:26:22.631139] Downloading sap_java_buildpack_1_114... (STDOUT, STG)#
#2025 09 14 03:26:31.542#Z#DEBUG#68edd706-911a-11f0-b7df-eeee0a962857.mck-portal#flowable-async-job-executor-thread-4654#
[PollStageAppStatusExecution] 6e422593-95d5-4699-8c5d-f8ad235afff5 [2025-09-14T03:26:22.632508] Downloaded php_buildpack (STDOUT, STG)#
#2025 09 14 03:26:31.542#Z#DEBUG#68edd706-911a-11f0-b7df-eeee0a962857.mck-portal#flowable-async-job-executor-thread-4654#
[PollStageAppStatusExecution] 6e422593-95d5-4699-8c5d-f8ad235afff5 [2025-09-14T03:26:22.632531] Downloading sap_java_buildpack_jakarta... (STDOUT, STG)#
#2025 09 14 03:26:31.542#Z#DEBUG#68edd706-911a-11f0-b7df-eeee0a962857.mck-portal#flowable-async-job-executor-thread-4654#
[PollStageAppStatusExecution] 6e422593-95d5-4699-8c5d-f8ad235afff5 [2025-09-14T03:26:22.632643] Downloaded sap_java_buildpack_jakarta_2_36 (STDOUT, STG)#
#2025 09 14 03:26:31.542#Z#DEBUG#68edd706-911a-11f0-b7df-eeee0a962857.mck-portal#flowable-async-job-executor-thread-4654#
[PollStageAppStatusExecution] 6e422593-95d5-4699-8c5d-f8ad235afff5 [2025-09-14T03:26:22.632670] Downloading sap_java_buildpack_jakarta_2_38... (STDOUT, STG)#
#2025 09 14 03:26:31.542#Z#DEBUG#68edd706-911a-11f0-b7df-eeee0a962857.mck-portal#flowable-async-job-executor-thread-4654#
[PollStageAppStatusExecution] 6e422593-95d5-4699-8c5d-f8ad235afff5 [2025-09-14T03:26:22.632848] Downloaded nginx_buildpack (STDOUT, STG)#
#2025 09 14 03:26:31.542#Z#DEBUG#68edd706-911a-11f0-b7df-eeee0a962857.mck-portal#flowable-async-job-executor-thread-4654#
[PollStageAppStatusExecution] 6e422593-95d5-4699-8c5d-f8ad235afff5 [2025-09-14T03:26:22.632943] Downloading sap_java_buildpack_jakarta_2_37... (STDOUT, STG)#
#2025 09 14 03:26:31.542#Z#DEBUG#68edd706-911a-11f0-b7df-eeee0a962857.mck-portal#flowable-async-job-executor-thread-4654#
[PollStageAppStatusExecution] 6e422593-95d5-4699-8c5d-f8ad235afff5 [2025-09-14T03:26:22.639441] Downloaded sap_java_buildpack_1_115 (STDOUT, STG)#
#2025 09 14 03:26:31.542#Z#DEBUG#68edd706-911a-11f0-b7df-eeee0a962857.mck-portal#flowable-async-job-executor-thread-4654#
[PollStageAppStatusExecution] 6e422593-95d5-4699-8c5d-f8ad235afff5 [2025-09-14T03:26:22.639462] Downloading staticfile_buildpack... (STDOUT, STG)#
#2025 09 14 03:26:31.542#Z#DEBUG#68edd706-911a-11f0-b7df-eeee0a962857.mck-portal#flowable-async-job-executor-thread-4654#
[PollStageAppStatusExecution] 6e422593-95d5-4699-8c5d-f8ad235afff5 [2025-09-14T03:26:22.644861] Downloaded sap_java_buildpack_1_114 (STDOUT, STG)#
#2025 09 14 03:26:31.542#Z#DEBUG#68edd706-911a-11f0-b7df-eeee0a962857.mck-portal#flowable-async-job-executor-thread-4654#
[PollStageAppStatusExecution] 6e422593-95d5-4699-8c5d-f8ad235afff5 [2025-09-14T03:26:22.644889] Downloading zero_trust_sidecar_buildpack... (STDOUT, STG)#
#2025 09 14 03:26:31.542#Z#DEBUG#68edd706-911a-11f0-b7df-eeee0a962857.mck-portal#flowable-async-job-executor-thread-4654#
[PollStageAppStatusExecution] 6e422593-95d5-4699-8c5d-f8ad235afff5 [2025-09-14T03:26:22.646848] Downloaded sap_java_buildpack_jakarta (STDOUT, STG)#
#2025 09 14 03:26:31.542#Z#DEBUG#68edd706-911a-11f0-b7df-eeee0a962857.mck-portal#flowable-async-job-executor-thread-4654#
[PollStageAppStatusExecution] 6e422593-95d5-4699-8c5d-f8ad235afff5 [2025-09-14T03:26:22.646873] Downloading zero_trust_sidecar_buildpack_1_9... (STDOUT, STG)#
#2025 09 14 03:26:31.542#Z#DEBUG#68edd706-911a-11f0-b7df-eeee0a962857.mck-portal#flowable-async-job-executor-thread-4654#
[PollStageAppStatusExecution] 6e422593-95d5-4699-8c5d-f8ad235afff5 [2025-09-14T03:26:22.646903] Downloaded sap_java_buildpack_jakarta_2_38 (STDOUT, STG)#
#2025 09 14 03:26:31.542#Z#DEBUG#68edd706-911a-11f0-b7df-eeee0a962857.mck-portal#flowable-async-job-executor-thread-4654#
[PollStageAppStatusExecution] 6e422593-95d5-4699-8c5d-f8ad235afff5 [2025-09-14T03:26:22.646924] Downloading zero_trust_sidecar_buildpack_1_8... (STDOUT, STG)#
#2025 09 14 03:26:31.542#Z#DEBUG#68edd706-911a-11f0-b7df-eeee0a962857.mck-portal#flowable-async-job-executor-thread-4654#
[PollStageAppStatusExecution] 6e422593-95d5-4699-8c5d-f8ad235afff5 [2025-09-14T03:26:22.647604] Downloaded sap_java_buildpack_jakarta_2_37 (STDOUT, STG)#
#2025 09 14 03:26:31.542#Z#DEBUG#68edd706-911a-11f0-b7df-eeee0a962857.mck-portal#flowable-async-job-executor-thread-4654#
[PollStageAppStatusExecution] 6e422593-95d5-4699-8c5d-f8ad235afff5 [2025-09-14T03:26:22.647629] Downloading nodejs_buildpack... (STDOUT, STG)#
#2025 09 14 03:26:31.542#Z#DEBUG#68edd706-911a-11f0-b7df-eeee0a962857.mck-portal#flowable-async-job-executor-thread-4654#
[PollStageAppStatusExecution] 6e422593-95d5-4699-8c5d-f8ad235afff5 [2025-09-14T03:26:22.653466] Downloaded staticfile_buildpack (STDOUT, STG)#
#2025 09 14 03:26:31.542#Z#DEBUG#68edd706-911a-11f0-b7df-eeee0a962857.mck-portal#flowable-async-job-executor-thread-4654#
[PollStageAppStatusExecution] 6e422593-95d5-4699-8c5d-f8ad235afff5 [2025-09-14T03:26:22.657795] Downloaded zero_trust_sidecar_buildpack (STDOUT, STG)#
#2025 09 14 03:26:31.542#Z#DEBUG#68edd706-911a-11f0-b7df-eeee0a962857.mck-portal#flowable-async-job-executor-thread-4654#
[PollStageAppStatusExecution] 6e422593-95d5-4699-8c5d-f8ad235afff5 [2025-09-14T03:26:22.661531] Downloaded zero_trust_sidecar_buildpack_1_9 (STDOUT, STG)#
#2025 09 14 03:26:31.542#Z#DEBUG#68edd706-911a-11f0-b7df-eeee0a962857.mck-portal#flowable-async-job-executor-thread-4654#
[PollStageAppStatusExecution] 6e422593-95d5-4699-8c5d-f8ad235afff5 [2025-09-14T03:26:22.662211] Downloaded zero_trust_sidecar_buildpack_1_8 (STDOUT, STG)#
#2025 09 14 03:26:31.542#Z#DEBUG#68edd706-911a-11f0-b7df-eeee0a962857.mck-portal#flowable-async-job-executor-thread-4654#
[PollStageAppStatusExecution] 6e422593-95d5-4699-8c5d-f8ad235afff5 [2025-09-14T03:26:22.662641] Downloaded nodejs_buildpack (STDOUT, STG)#
#2025 09 14 03:26:31.542#Z#DEBUG#68edd706-911a-11f0-b7df-eeee0a962857.mck-portal#flowable-async-job-executor-thread-4654#
[PollStageAppStatusExecution] 6e422593-95d5-4699-8c5d-f8ad235afff5 [2025-09-14T03:26:22.662748] Cell e6c3e8c8-8e8c-418c-8cb9-acf3ba55158a creating container for instance a69cdb17-686d-49bc-a166-ab39b287a978 (STDOUT, STG)#
#2025 09 14 03:26:31.542#Z#DEBUG#68edd706-911a-11f0-b7df-eeee0a962857.mck-portal#flowable-async-job-executor-thread-4654#
[PollStageAppStatusExecution] 6e422593-95d5-4699-8c5d-f8ad235afff5 [2025-09-14T03:26:23.170700] Security group rules were updated (STDOUT, STG)#
#2025 09 14 03:26:31.542#Z#DEBUG#68edd706-911a-11f0-b7df-eeee0a962857.mck-portal#flowable-async-job-executor-thread-4654#
[PollStageAppStatusExecution] 6e422593-95d5-4699-8c5d-f8ad235afff5 [2025-09-14T03:26:23.251228] Cell e6c3e8c8-8e8c-418c-8cb9-acf3ba55158a successfully created container for instance a69cdb17-686d-49bc-a166-ab39b287a978 (STDOUT, STG)#
#2025 09 14 03:26:31.542#Z#DEBUG#68edd706-911a-11f0-b7df-eeee0a962857.mck-portal#flowable-async-job-executor-thread-4654#
[PollStageAppStatusExecution] 6e422593-95d5-4699-8c5d-f8ad235afff5 [2025-09-14T03:26:23.590141] Downloading app package... (STDOUT, STG)#
#2025 09 14 03:26:31.542#Z#DEBUG#68edd706-911a-11f0-b7df-eeee0a962857.mck-portal#flowable-async-job-executor-thread-4654#
[PollStageAppStatusExecution] 6e422593-95d5-4699-8c5d-f8ad235afff5 [2025-09-14T03:26:23.590179] Downloading build artifacts cache... (STDOUT, STG)#
#2025 09 14 03:26:31.542#Z#DEBUG#68edd706-911a-11f0-b7df-eeee0a962857.mck-portal#flowable-async-job-executor-thread-4654#
[PollStageAppStatusExecution] 6e422593-95d5-4699-8c5d-f8ad235afff5 [2025-09-14T03:26:23.627862] Downloaded build artifacts cache (226B) (STDOUT, STG)#
#2025 09 14 03:26:31.542#Z#DEBUG#68edd706-911a-11f0-b7df-eeee0a962857.mck-portal#flowable-async-job-executor-thread-4654#
[PollStageAppStatusExecution] 6e422593-95d5-4699-8c5d-f8ad235afff5 [2025-09-14T03:26:24.620524] Downloaded app package (7.6M) (STDOUT, STG)#
#2025 09 14 03:26:31.542#Z#DEBUG#68edd706-911a-11f0-b7df-eeee0a962857.mck-portal#flowable-async-job-executor-thread-4654#
[PollStageAppStatusExecution] 6e422593-95d5-4699-8c5d-f8ad235afff5 [2025-09-14T03:26:25.316721] -----> Nodejs Buildpack version 1.8.39 (STDOUT, STG)#
#2025 09 14 03:26:31.542#Z#DEBUG#68edd706-911a-11f0-b7df-eeee0a962857.mck-portal#flowable-async-job-executor-thread-4654#
[PollStageAppStatusExecution] 6e422593-95d5-4699-8c5d-f8ad235afff5 [2025-09-14T03:26:25.717644] -----> Bootstrapping python (STDOUT, STG)#
#2025 09 14 03:26:31.542#Z#DEBUG#68edd706-911a-11f0-b7df-eeee0a962857.mck-portal#flowable-async-job-executor-thread-4654#
[PollStageAppStatusExecution] 6e422593-95d5-4699-8c5d-f8ad235afff5 [2025-09-14T03:26:25.717669] -----> Installing python 3.11.13 (STDOUT, STG)#
#2025 09 14 03:26:31.542#Z#DEBUG#68edd706-911a-11f0-b7df-eeee0a962857.mck-portal#flowable-async-job-executor-thread-4654#
[PollStageAppStatusExecution] 6e422593-95d5-4699-8c5d-f8ad235afff5 [2025-09-14T03:26:25.717686] Copy [/tmp/buildpacks/6ca7b63990364784/dependencies/28094bfda36b8c744219390b5b628ee3/python_3.11.13_linux_x64_cflinuxfs4_49160849.tgz] (STDOUT, STG)#
#2025 09 14 03:26:31.542#Z#DEBUG#68edd706-911a-11f0-b7df-eeee0a962857.mck-portal#flowable-async-job-executor-thread-4654#
[PollStageAppStatusExecution] 6e422593-95d5-4699-8c5d-f8ad235afff5 [2025-09-14T03:26:29.497094] -----> Installing binaries (STDOUT, STG)#
#2025 09 14 03:26:31.542#Z#DEBUG#68edd706-911a-11f0-b7df-eeee0a962857.mck-portal#flowable-async-job-executor-thread-4654#
[PollStageAppStatusExecution] 6e422593-95d5-4699-8c5d-f8ad235afff5 [2025-09-14T03:26:29.497151] engines.node (package.json): ^20 (STDOUT, STG)#
#2025 09 14 03:26:31.542#Z#DEBUG#68edd706-911a-11f0-b7df-eeee0a962857.mck-portal#flowable-async-job-executor-thread-4654#
[PollStageAppStatusExecution] 6e422593-95d5-4699-8c5d-f8ad235afff5 [2025-09-14T03:26:29.497162] engines.npm (package.json): unspecified (use default) (STDOUT, STG)#
#2025 09 14 03:26:31.542#Z#DEBUG#68edd706-911a-11f0-b7df-eeee0a962857.mck-portal#flowable-async-job-executor-thread-4654#
[PollStageAppStatusExecution] 6e422593-95d5-4699-8c5d-f8ad235afff5 [2025-09-14T03:26:29.497408] -----> Installing node 20.19.3 (STDOUT, STG)#
#2025 09 14 03:26:31.542#Z#DEBUG#68edd706-911a-11f0-b7df-eeee0a962857.mck-portal#flowable-async-job-executor-thread-4654#
[PollStageAppStatusExecution] 6e422593-95d5-4699-8c5d-f8ad235afff5 [2025-09-14T03:26:29.497667] Copy [/tmp/buildpacks/6ca7b63990364784/dependencies/6a0b3fcebc33ffce62ab5303e4529de6/node_20.19.3_linux_x64_cflinuxfs4_cae347d1.tgz] (STDOUT, STG)#
#2025 09 14 03:26:41.474#Z#DEBUG#68edd706-911a-11f0-b7df-eeee0a962857.mck-portal#flowable-async-job-executor-thread-4597#
[PollStageAppStatusExecution] 6e422593-95d5-4699-8c5d-f8ad235afff5 [2025-09-14T03:26:31.464226] Using default npm version: 10.8.2 (STDOUT, STG)#
#2025 09 14 03:26:41.474#Z#DEBUG#68edd706-911a-11f0-b7df-eeee0a962857.mck-portal#flowable-async-job-executor-thread-4597#
[PollStageAppStatusExecution] 6e422593-95d5-4699-8c5d-f8ad235afff5 [2025-09-14T03:26:31.464258] -----> Installing yarn 1.22.22 (STDOUT, STG)#
#2025 09 14 03:26:41.474#Z#DEBUG#68edd706-911a-11f0-b7df-eeee0a962857.mck-portal#flowable-async-job-executor-thread-4597#
[PollStageAppStatusExecution] 6e422593-95d5-4699-8c5d-f8ad235afff5 [2025-09-14T03:26:31.464383] Copy [/tmp/buildpacks/6ca7b63990364784/dependencies/ff849eb7696d3a7f463752a272c9a88e/yarn_1.22.22_linux_noarch_any-stack_83bda680.tgz] (STDOUT, STG)#
#2025 09 14 03:26:41.474#Z#DEBUG#68edd706-911a-11f0-b7df-eeee0a962857.mck-portal#flowable-async-job-executor-thread-4597#
[PollStageAppStatusExecution] 6e422593-95d5-4699-8c5d-f8ad235afff5 [2025-09-14T03:26:31.780059] Installed yarn 1.22.22 (STDOUT, STG)#
#2025 09 14 03:26:41.474#Z#DEBUG#68edd706-911a-11f0-b7df-eeee0a962857.mck-portal#flowable-async-job-executor-thread-4597#
[PollStageAppStatusExecution] 6e422593-95d5-4699-8c5d-f8ad235afff5 [2025-09-14T03:26:31.780099] -----> Creating runtime environment (STDOUT, STG)#
#2025 09 14 03:26:41.474#Z#DEBUG#68edd706-911a-11f0-b7df-eeee0a962857.mck-portal#flowable-async-job-executor-thread-4597#
[PollStageAppStatusExecution] 6e422593-95d5-4699-8c5d-f8ad235afff5 [2025-09-14T03:26:31.782248] NODE_ENV=production (STDOUT, STG)#
#2025 09 14 03:26:41.474#Z#DEBUG#68edd706-911a-11f0-b7df-eeee0a962857.mck-portal#flowable-async-job-executor-thread-4597#
[PollStageAppStatusExecution] 6e422593-95d5-4699-8c5d-f8ad235afff5 [2025-09-14T03:26:31.782269] NODE_HOME=/tmp/contents2678928609/deps/0/node (STDOUT, STG)#
#2025 09 14 03:26:41.474#Z#DEBUG#68edd706-911a-11f0-b7df-eeee0a962857.mck-portal#flowable-async-job-executor-thread-4597#
[PollStageAppStatusExecution] 6e422593-95d5-4699-8c5d-f8ad235afff5 [2025-09-14T03:26:31.782273] NODE_MODULES_CACHE=true (STDOUT, STG)#
#2025 09 14 03:26:41.474#Z#DEBUG#68edd706-911a-11f0-b7df-eeee0a962857.mck-portal#flowable-async-job-executor-thread-4597#
[PollStageAppStatusExecution] 6e422593-95d5-4699-8c5d-f8ad235afff5 [2025-09-14T03:26:31.782276] NODE_VERBOSE=false (STDOUT, STG)#
#2025 09 14 03:26:41.474#Z#DEBUG#68edd706-911a-11f0-b7df-eeee0a962857.mck-portal#flowable-async-job-executor-thread-4597#
[PollStageAppStatusExecution] 6e422593-95d5-4699-8c5d-f8ad235afff5 [2025-09-14T03:26:31.782280] NPM_CONFIG_LOGLEVEL=error (STDOUT, STG)#
#2025 09 14 03:26:41.474#Z#DEBUG#68edd706-911a-11f0-b7df-eeee0a962857.mck-portal#flowable-async-job-executor-thread-4597#
[PollStageAppStatusExecution] 6e422593-95d5-4699-8c5d-f8ad235afff5 [2025-09-14T03:26:31.782285] NPM_CONFIG_PRODUCTION=true (STDOUT, STG)#
#2025 09 14 03:26:41.474#Z#DEBUG#68edd706-911a-11f0-b7df-eeee0a962857.mck-portal#flowable-async-job-executor-thread-4597#
[PollStageAppStatusExecution] 6e422593-95d5-4699-8c5d-f8ad235afff5 [2025-09-14T03:26:31.782335] -----> Building dependencies (STDOUT, STG)#
#2025 09 14 03:26:41.474#Z#DEBUG#68edd706-911a-11f0-b7df-eeee0a962857.mck-portal#flowable-async-job-executor-thread-4597#
[PollStageAppStatusExecution] 6e422593-95d5-4699-8c5d-f8ad235afff5 [2025-09-14T03:26:31.782339] Prebuild detected (node_modules already exists) (STDOUT, STG)#
#2025 09 14 03:26:41.474#Z#DEBUG#68edd706-911a-11f0-b7df-eeee0a962857.mck-portal#flowable-async-job-executor-thread-4597#
[PollStageAppStatusExecution] 6e422593-95d5-4699-8c5d-f8ad235afff5 [2025-09-14T03:26:31.782343] Rebuilding any native modules (STDOUT, STG)#
#2025 09 14 03:26:41.474#Z#DEBUG#68edd706-911a-11f0-b7df-eeee0a962857.mck-portal#flowable-async-job-executor-thread-4597#
[PollStageAppStatusExecution] 6e422593-95d5-4699-8c5d-f8ad235afff5 [2025-09-14T03:26:32.533455] rebuilt dependencies successfully (STDOUT, STG)#
#2025 09 14 03:26:41.474#Z#DEBUG#68edd706-911a-11f0-b7df-eeee0a962857.mck-portal#flowable-async-job-executor-thread-4597#
[PollStageAppStatusExecution] 6e422593-95d5-4699-8c5d-f8ad235afff5 [2025-09-14T03:26:32.535960] npm notice (STDOUT, STG)#
#2025 09 14 03:26:41.474#Z#DEBUG#68edd706-911a-11f0-b7df-eeee0a962857.mck-portal#flowable-async-job-executor-thread-4597#
[PollStageAppStatusExecution] 6e422593-95d5-4699-8c5d-f8ad235afff5 [2025-09-14T03:26:32.535985] npm notice New major version of npm available! 10.8.2 -> 11.6.0 (STDOUT, STG)#
#2025 09 14 03:26:41.474#Z#DEBUG#68edd706-911a-11f0-b7df-eeee0a962857.mck-portal#flowable-async-job-executor-thread-4597#
[PollStageAppStatusExecution] 6e422593-95d5-4699-8c5d-f8ad235afff5 [2025-09-14T03:26:32.535992] npm notice Changelog: https://github.com/npm/cli/releases/tag/v11.6.0 (STDOUT, STG)#
#2025 09 14 03:26:41.474#Z#DEBUG#68edd706-911a-11f0-b7df-eeee0a962857.mck-portal#flowable-async-job-executor-thread-4597#
[PollStageAppStatusExecution] 6e422593-95d5-4699-8c5d-f8ad235afff5 [2025-09-14T03:26:32.535997] npm notice To update run: npm install -g npm@11.6.0 (STDOUT, STG)#
#2025 09 14 03:26:41.474#Z#DEBUG#68edd706-911a-11f0-b7df-eeee0a962857.mck-portal#flowable-async-job-executor-thread-4597#
[PollStageAppStatusExecution] 6e422593-95d5-4699-8c5d-f8ad235afff5 [2025-09-14T03:26:32.536] npm notice (STDOUT, STG)#
#2025 09 14 03:26:41.474#Z#DEBUG#68edd706-911a-11f0-b7df-eeee0a962857.mck-portal#flowable-async-job-executor-thread-4597#
[PollStageAppStatusExecution] 6e422593-95d5-4699-8c5d-f8ad235afff5 [2025-09-14T03:26:32.552557] Installing any new modules (package.json + package-lock.json) (STDOUT, STG)#
#2025 09 14 03:26:41.474#Z#DEBUG#68edd706-911a-11f0-b7df-eeee0a962857.mck-portal#flowable-async-job-executor-thread-4597#
[PollStageAppStatusExecution] 6e422593-95d5-4699-8c5d-f8ad235afff5 [2025-09-14T03:26:33.352233] up to date in 718ms (STDOUT, STG)#
#2025 09 14 03:26:41.474#Z#DEBUG#68edd706-911a-11f0-b7df-eeee0a962857.mck-portal#flowable-async-job-executor-thread-4597#
[PollStageAppStatusExecution] 6e422593-95d5-4699-8c5d-f8ad235afff5 [2025-09-14T03:26:33.352550] 20 packages are looking for funding (STDOUT, STG)#
#2025 09 14 03:26:41.474#Z#DEBUG#68edd706-911a-11f0-b7df-eeee0a962857.mck-portal#flowable-async-job-executor-thread-4597#
[PollStageAppStatusExecution] 6e422593-95d5-4699-8c5d-f8ad235afff5 [2025-09-14T03:26:33.352577] run `npm fund` for details (STDOUT, STG)#
#2025 09 14 03:26:41.474#Z#DEBUG#68edd706-911a-11f0-b7df-eeee0a962857.mck-portal#flowable-async-job-executor-thread-4597#
[PollStageAppStatusExecution] 6e422593-95d5-4699-8c5d-f8ad235afff5 [2025-09-14T03:26:34.375390] Contrast Security no credentials found. Will not write environment files. (STDOUT, STG)#
#2025 09 14 03:26:41.474#Z#DEBUG#68edd706-911a-11f0-b7df-eeee0a962857.mck-portal#flowable-async-job-executor-thread-4597#
[PollStageAppStatusExecution] 6e422593-95d5-4699-8c5d-f8ad235afff5 [2025-09-14T03:26:31.464226] Using default npm version: 10.8.2 (STDOUT, STG)#
#2025 09 14 03:26:41.474#Z#DEBUG#68edd706-911a-11f0-b7df-eeee0a962857.mck-portal#flowable-async-job-executor-thread-4597#
[PollStageAppStatusExecution] 6e422593-95d5-4699-8c5d-f8ad235afff5 [2025-09-14T03:26:31.464258] -----> Installing yarn 1.22.22 (STDOUT, STG)#
#2025 09 14 03:26:41.474#Z#DEBUG#68edd706-911a-11f0-b7df-eeee0a962857.mck-portal#flowable-async-job-executor-thread-4597#
[PollStageAppStatusExecution] 6e422593-95d5-4699-8c5d-f8ad235afff5 [2025-09-14T03:26:31.464383] Copy [/tmp/buildpacks/6ca7b63990364784/dependencies/ff849eb7696d3a7f463752a272c9a88e/yarn_1.22.22_linux_noarch_any-stack_83bda680.tgz] (STDOUT, STG)#
#2025 09 14 03:26:41.474#Z#DEBUG#68edd706-911a-11f0-b7df-eeee0a962857.mck-portal#flowable-async-job-executor-thread-4597#
[PollStageAppStatusExecution] 6e422593-95d5-4699-8c5d-f8ad235afff5 [2025-09-14T03:26:31.780059] Installed yarn 1.22.22 (STDOUT, STG)#
#2025 09 14 03:26:41.474#Z#DEBUG#68edd706-911a-11f0-b7df-eeee0a962857.mck-portal#flowable-async-job-executor-thread-4597#
[PollStageAppStatusExecution] 6e422593-95d5-4699-8c5d-f8ad235afff5 [2025-09-14T03:26:31.780099] -----> Creating runtime environment (STDOUT, STG)#
#2025 09 14 03:26:41.474#Z#DEBUG#68edd706-911a-11f0-b7df-eeee0a962857.mck-portal#flowable-async-job-executor-thread-4597#
[PollStageAppStatusExecution] 6e422593-95d5-4699-8c5d-f8ad235afff5 [2025-09-14T03:26:31.782248] NODE_ENV=production (STDOUT, STG)#
#2025 09 14 03:26:41.474#Z#DEBUG#68edd706-911a-11f0-b7df-eeee0a962857.mck-portal#flowable-async-job-executor-thread-4597#
[PollStageAppStatusExecution] 6e422593-95d5-4699-8c5d-f8ad235afff5 [2025-09-14T03:26:31.782269] NODE_HOME=/tmp/contents2678928609/deps/0/node (STDOUT, STG)#
#2025 09 14 03:26:41.474#Z#DEBUG#68edd706-911a-11f0-b7df-eeee0a962857.mck-portal#flowable-async-job-executor-thread-4597#
[PollStageAppStatusExecution] 6e422593-95d5-4699-8c5d-f8ad235afff5 [2025-09-14T03:26:31.782273] NODE_MODULES_CACHE=true (STDOUT, STG)#
#2025 09 14 03:26:41.474#Z#DEBUG#68edd706-911a-11f0-b7df-eeee0a962857.mck-portal#flowable-async-job-executor-thread-4597#
[PollStageAppStatusExecution] 6e422593-95d5-4699-8c5d-f8ad235afff5 [2025-09-14T03:26:31.782276] NODE_VERBOSE=false (STDOUT, STG)#
#2025 09 14 03:26:41.474#Z#DEBUG#68edd706-911a-11f0-b7df-eeee0a962857.mck-portal#flowable-async-job-executor-thread-4597#
[PollStageAppStatusExecution] 6e422593-95d5-4699-8c5d-f8ad235afff5 [2025-09-14T03:26:31.782280] NPM_CONFIG_LOGLEVEL=error (STDOUT, STG)#
#2025 09 14 03:26:41.474#Z#DEBUG#68edd706-911a-11f0-b7df-eeee0a962857.mck-portal#flowable-async-job-executor-thread-4597#
[PollStageAppStatusExecution] 6e422593-95d5-4699-8c5d-f8ad235afff5 [2025-09-14T03:26:31.782285] NPM_CONFIG_PRODUCTION=true (STDOUT, STG)#
#2025 09 14 03:26:41.474#Z#DEBUG#68edd706-911a-11f0-b7df-eeee0a962857.mck-portal#flowable-async-job-executor-thread-4597#
[PollStageAppStatusExecution] 6e422593-95d5-4699-8c5d-f8ad235afff5 [2025-09-14T03:26:31.782335] -----> Building dependencies (STDOUT, STG)#
#2025 09 14 03:26:41.474#Z#DEBUG#68edd706-911a-11f0-b7df-eeee0a962857.mck-portal#flowable-async-job-executor-thread-4597#
[PollStageAppStatusExecution] 6e422593-95d5-4699-8c5d-f8ad235afff5 [2025-09-14T03:26:31.782339] Prebuild detected (node_modules already exists) (STDOUT, STG)#
#2025 09 14 03:26:41.474#Z#DEBUG#68edd706-911a-11f0-b7df-eeee0a962857.mck-portal#flowable-async-job-executor-thread-4597#
[PollStageAppStatusExecution] 6e422593-95d5-4699-8c5d-f8ad235afff5 [2025-09-14T03:26:31.782343] Rebuilding any native modules (STDOUT, STG)#
#2025 09 14 03:26:41.474#Z#DEBUG#68edd706-911a-11f0-b7df-eeee0a962857.mck-portal#flowable-async-job-executor-thread-4597#
[PollStageAppStatusExecution] 6e422593-95d5-4699-8c5d-f8ad235afff5 [2025-09-14T03:26:32.533455] rebuilt dependencies successfully (STDOUT, STG)#
#2025 09 14 03:26:41.474#Z#DEBUG#68edd706-911a-11f0-b7df-eeee0a962857.mck-portal#flowable-async-job-executor-thread-4597#
[PollStageAppStatusExecution] 6e422593-95d5-4699-8c5d-f8ad235afff5 [2025-09-14T03:26:32.535960] npm notice (STDOUT, STG)#
#2025 09 14 03:26:41.474#Z#DEBUG#68edd706-911a-11f0-b7df-eeee0a962857.mck-portal#flowable-async-job-executor-thread-4597#
[PollStageAppStatusExecution] 6e422593-95d5-4699-8c5d-f8ad235afff5 [2025-09-14T03:26:32.535985] npm notice New major version of npm available! 10.8.2 -> 11.6.0 (STDOUT, STG)#
#2025 09 14 03:26:41.474#Z#DEBUG#68edd706-911a-11f0-b7df-eeee0a962857.mck-portal#flowable-async-job-executor-thread-4597#
[PollStageAppStatusExecution] 6e422593-95d5-4699-8c5d-f8ad235afff5 [2025-09-14T03:26:32.535992] npm notice Changelog: https://github.com/npm/cli/releases/tag/v11.6.0 (STDOUT, STG)#
#2025 09 14 03:26:41.474#Z#DEBUG#68edd706-911a-11f0-b7df-eeee0a962857.mck-portal#flowable-async-job-executor-thread-4597#
[PollStageAppStatusExecution] 6e422593-95d5-4699-8c5d-f8ad235afff5 [2025-09-14T03:26:32.535997] npm notice To update run: npm install -g npm@11.6.0 (STDOUT, STG)#
#2025 09 14 03:26:41.474#Z#DEBUG#68edd706-911a-11f0-b7df-eeee0a962857.mck-portal#flowable-async-job-executor-thread-4597#
[PollStageAppStatusExecution] 6e422593-95d5-4699-8c5d-f8ad235afff5 [2025-09-14T03:26:32.536] npm notice (STDOUT, STG)#
#2025 09 14 03:26:41.474#Z#DEBUG#68edd706-911a-11f0-b7df-eeee0a962857.mck-portal#flowable-async-job-executor-thread-4597#
[PollStageAppStatusExecution] 6e422593-95d5-4699-8c5d-f8ad235afff5 [2025-09-14T03:26:32.552557] Installing any new modules (package.json + package-lock.json) (STDOUT, STG)#
#2025 09 14 03:26:41.474#Z#DEBUG#68edd706-911a-11f0-b7df-eeee0a962857.mck-portal#flowable-async-job-executor-thread-4597#
[PollStageAppStatusExecution] 6e422593-95d5-4699-8c5d-f8ad235afff5 [2025-09-14T03:26:33.352233] up to date in 718ms (STDOUT, STG)#
#2025 09 14 03:26:41.474#Z#DEBUG#68edd706-911a-11f0-b7df-eeee0a962857.mck-portal#flowable-async-job-executor-thread-4597#
[PollStageAppStatusExecution] 6e422593-95d5-4699-8c5d-f8ad235afff5 [2025-09-14T03:26:33.352550] 20 packages are looking for funding (STDOUT, STG)#
#2025 09 14 03:26:41.474#Z#DEBUG#68edd706-911a-11f0-b7df-eeee0a962857.mck-portal#flowable-async-job-executor-thread-4597#
[PollStageAppStatusExecution] 6e422593-95d5-4699-8c5d-f8ad235afff5 [2025-09-14T03:26:33.352577] run `npm fund` for details (STDOUT, STG)#
#2025 09 14 03:26:41.474#Z#DEBUG#68edd706-911a-11f0-b7df-eeee0a962857.mck-portal#flowable-async-job-executor-thread-4597#
[PollStageAppStatusExecution] 6e422593-95d5-4699-8c5d-f8ad235afff5 [2025-09-14T03:26:34.375390] Contrast Security no credentials found. Will not write environment files. (STDOUT, STG)#
#2025 09 14 03:26:51.482#Z#DEBUG#68edd706-911a-11f0-b7df-eeee0a962857.mck-portal#flowable-async-job-executor-thread-4606#
[PollStageAppStatusExecution] 6e422593-95d5-4699-8c5d-f8ad235afff5 [2025-09-14T03:26:43.525794] Exit status 0 (STDOUT, STG)#
#2025 09 14 03:26:51.482#Z#DEBUG#68edd706-911a-11f0-b7df-eeee0a962857.mck-portal#flowable-async-job-executor-thread-4606#
[PollStageAppStatusExecution] 6e422593-95d5-4699-8c5d-f8ad235afff5 [2025-09-14T03:26:43.525862] Uploading droplet, build artifacts cache... (STDOUT, STG)#
#2025 09 14 03:26:51.482#Z#DEBUG#68edd706-911a-11f0-b7df-eeee0a962857.mck-portal#flowable-async-job-executor-thread-4606#
[PollStageAppStatusExecution] 6e422593-95d5-4699-8c5d-f8ad235afff5 [2025-09-14T03:26:43.525910] Uploading droplet... (STDOUT, STG)#
#2025 09 14 03:26:51.482#Z#DEBUG#68edd706-911a-11f0-b7df-eeee0a962857.mck-portal#flowable-async-job-executor-thread-4606#
[PollStageAppStatusExecution] 6e422593-95d5-4699-8c5d-f8ad235afff5 [2025-09-14T03:26:43.525967] Uploading build artifacts cache... (STDOUT, STG)#
#2025 09 14 03:26:51.482#Z#DEBUG#68edd706-911a-11f0-b7df-eeee0a962857.mck-portal#flowable-async-job-executor-thread-4606#
[PollStageAppStatusExecution] 6e422593-95d5-4699-8c5d-f8ad235afff5 [2025-09-14T03:26:43.558220] Uploaded build artifacts cache (225B) (STDOUT, STG)#
#2025 09 14 03:26:51.482#Z#DEBUG#68edd706-911a-11f0-b7df-eeee0a962857.mck-portal#flowable-async-job-executor-thread-4606#
[PollStageAppStatusExecution] 6e422593-95d5-4699-8c5d-f8ad235afff5 [2025-09-14T03:26:44.376563] Creating droplet for app with guid 6e422593-95d5-4699-8c5d-f8ad235afff5 (STDOUT, API)#
#2025 09 14 03:26:51.482#Z#DEBUG#68edd706-911a-11f0-b7df-eeee0a962857.mck-portal#flowable-async-job-executor-thread-4606#
[PollStageAppStatusExecution] 6e422593-95d5-4699-8c5d-f8ad235afff5 [2025-09-14T03:26:49.457740] Uploaded droplet (52.9M) (STDOUT, STG)#
#2025 09 14 03:26:51.482#Z#DEBUG#68edd706-911a-11f0-b7df-eeee0a962857.mck-portal#flowable-async-job-executor-thread-4606#
[PollStageAppStatusExecution] 6e422593-95d5-4699-8c5d-f8ad235afff5 [2025-09-14T03:26:49.480142] Uploading complete (STDOUT, STG)#
#2025 09 14 03:26:51.482#Z#DEBUG#68edd706-911a-11f0-b7df-eeee0a962857.mck-portal#flowable-async-job-executor-thread-4606#
[PollStageAppStatusExecution] 6e422593-95d5-4699-8c5d-f8ad235afff5 [2025-09-14T03:26:50.226505] Cell e6c3e8c8-8e8c-418c-8cb9-acf3ba55158a stopping instance a69cdb17-686d-49bc-a166-ab39b287a978 (STDOUT, STG)#
#2025 09 14 03:26:51.482#Z#DEBUG#68edd706-911a-11f0-b7df-eeee0a962857.mck-portal#flowable-async-job-executor-thread-4606#
[PollStageAppStatusExecution] 6e422593-95d5-4699-8c5d-f8ad235afff5 [2025-09-14T03:26:50.226593] Cell e6c3e8c8-8e8c-418c-8cb9-acf3ba55158a destroying container for instance a69cdb17-686d-49bc-a166-ab39b287a978 (STDOUT, STG)#
#2025 09 14 03:27:01.595#Z#DEBUG#68edd706-911a-11f0-b7df-eeee0a962857.mck-portal#flowable-async-job-executor-thread-4608#
[PollStartAppStatusExecution] 6e422593-95d5-4699-8c5d-f8ad235afff5 [2025-09-14T03:26:51.560836] Updated app with guid 6e422593-95d5-4699-8c5d-f8ad235afff5 ({:droplet_guid=>"0b358970-581d-4fbd-a7fc-ba950afd6dcd"}) (STDOUT, API)#
#2025 09 14 03:27:01.595#Z#DEBUG#68edd706-911a-11f0-b7df-eeee0a962857.mck-portal#flowable-async-job-executor-thread-4608#
[PollStartAppStatusExecution] 6e422593-95d5-4699-8c5d-f8ad235afff5 [2025-09-14T03:26:51.811265] Creating revision for app with guid 6e422593-95d5-4699-8c5d-f8ad235afff5 (STDOUT, API)#
#2025 09 14 03:27:01.595#Z#DEBUG#68edd706-911a-11f0-b7df-eeee0a962857.mck-portal#flowable-async-job-executor-thread-4608#
[PollStartAppStatusExecution] 6e422593-95d5-4699-8c5d-f8ad235afff5 [2025-09-14T03:26:51.848891] Starting app with guid 6e422593-95d5-4699-8c5d-f8ad235afff5 (STDOUT, API)#
#2025 09 14 03:27:01.595#Z#DEBUG#68edd706-911a-11f0-b7df-eeee0a962857.mck-portal#flowable-async-job-executor-thread-4608#
[PollStartAppStatusExecution] 6e422593-95d5-4699-8c5d-f8ad235afff5 [2025-09-14T03:26:52.051092] Cell e054858e-e690-4a99-9bc0-9d9a7d7ead25 creating container for instance 3ecb5dde-3ab2-43aa-7b0f-c10e (STDOUT, CELL)#
#2025 09 14 03:27:01.595#Z#DEBUG#68edd706-911a-11f0-b7df-eeee0a962857.mck-portal#flowable-async-job-executor-thread-4608#
[PollStartAppStatusExecution] 6e422593-95d5-4699-8c5d-f8ad235afff5 [2025-09-14T03:26:52.511893] Security group rules were updated (STDOUT, CELL)#
#2025 09 14 03:27:01.595#Z#DEBUG#68edd706-911a-11f0-b7df-eeee0a962857.mck-portal#flowable-async-job-executor-thread-4608#
[PollStartAppStatusExecution] 6e422593-95d5-4699-8c5d-f8ad235afff5 [2025-09-14T03:26:52.595872] Cell e054858e-e690-4a99-9bc0-9d9a7d7ead25 successfully created container for instance 3ecb5dde-3ab2-43aa-7b0f-c10e (STDOUT, CELL)#
#2025 09 14 03:27:01.595#Z#DEBUG#68edd706-911a-11f0-b7df-eeee0a962857.mck-portal#flowable-async-job-executor-thread-4608#
[PollStartAppStatusExecution] 6e422593-95d5-4699-8c5d-f8ad235afff5 [2025-09-14T03:26:52.861044] Cell e6c3e8c8-8e8c-418c-8cb9-acf3ba55158a successfully destroyed container for instance a69cdb17-686d-49bc-a166-ab39b287a978 (STDOUT, STG)#
#2025 09 14 03:27:01.595#Z#DEBUG#68edd706-911a-11f0-b7df-eeee0a962857.mck-portal#flowable-async-job-executor-thread-4608#
[PollStartAppStatusExecution] 6e422593-95d5-4699-8c5d-f8ad235afff5 [2025-09-14T03:26:52.915363] Downloading droplet... (STDOUT, CELL)#
#2025 09 14 03:27:01.595#Z#DEBUG#68edd706-911a-11f0-b7df-eeee0a962857.mck-portal#flowable-async-job-executor-thread-4608#
[PollStartAppStatusExecution] 6e422593-95d5-4699-8c5d-f8ad235afff5 [2025-09-14T03:26:56.391945] Downloaded droplet (52.9M) (STDOUT, CELL)#
#2025 09 14 03:27:01.595#Z#DEBUG#68edd706-911a-11f0-b7df-eeee0a962857.mck-portal#flowable-async-job-executor-thread-4608#
[PollStartAppStatusExecution] 6e422593-95d5-4699-8c5d-f8ad235afff5 [2025-09-14T03:26:56.392113] Starting health monitoring of container (STDOUT, CELL)#
#2025 09 14 03:27:01.595#Z#DEBUG#68edd706-911a-11f0-b7df-eeee0a962857.mck-portal#flowable-async-job-executor-thread-4608#
[PollStartAppStatusExecution] 6e422593-95d5-4699-8c5d-f8ad235afff5 [2025-09-14T03:26:56.459569] Invoking pre-start scripts. (STDOUT, APP/PROC/WEB)#
#2025 09 14 03:27:01.595#Z#DEBUG#68edd706-911a-11f0-b7df-eeee0a962857.mck-portal#flowable-async-job-executor-thread-4608#
[PollStartAppStatusExecution] 6e422593-95d5-4699-8c5d-f8ad235afff5 [2025-09-14T03:26:56.666231] Invoking start command. (STDOUT, APP/PROC/WEB)#
#2025 09 14 03:27:01.595#Z#DEBUG#68edd706-911a-11f0-b7df-eeee0a962857.mck-portal#flowable-async-job-executor-thread-4608#
[PollStartAppStatusExecution] 6e422593-95d5-4699-8c5d-f8ad235afff5 [2025-09-14T03:26:56.989754] > start (STDOUT, APP/PROC/WEB)#
#2025 09 14 03:27:01.595#Z#DEBUG#68edd706-911a-11f0-b7df-eeee0a962857.mck-portal#flowable-async-job-executor-thread-4608#
[PollStartAppStatusExecution] 6e422593-95d5-4699-8c5d-f8ad235afff5 [2025-09-14T03:26:56.989840] > node node_modules/@sap/approuter/approuter.js (STDOUT, APP/PROC/WEB)#
#2025 09 14 03:27:01.595#Z#DEBUG#68edd706-911a-11f0-b7df-eeee0a962857.mck-portal#flowable-async-job-executor-thread-4608#
[PollStartAppStatusExecution] 6e422593-95d5-4699-8c5d-f8ad235afff5 [2025-09-14T03:26:57.236874] {"written_at":"2025-09-14T03:26:57.234Z","written_ts":1757820417234000000,"csn_component":"-","correlation_id":"-","type":"log","logger":"nodejs-logger","layer":"/LoggingLibrary","level":"warning","container_id":"10.36.192.10","component_type":"application","component_id":"6e422593-95d5-4699-8c5d-f8ad235afff5","component_name":"mck-portal","component_instance":-1,"source_instance":-1,"organization_id":"557795fb-ec02-41f6-b249-2b9c73ac8438","organization_name":"McKesson Corporation_discovery-sunrise","space_id":"2742a945-aac7-4753-a013-50fdd526e1db","space_name":"Datasphere_Dev","context_id":"","msg":"Dynamic log level switching not available"} (STDOUT, APP/PROC/WEB)#
#2025 09 14 03:27:01.595#Z#DEBUG#68edd706-911a-11f0-b7df-eeee0a962857.mck-portal#flowable-async-job-executor-thread-4608#
[PollStartAppStatusExecution] 6e422593-95d5-4699-8c5d-f8ad235afff5 [2025-09-14T03:26:57.557318] {"written_at":"2025-09-14T03:26:57.556Z","written_ts":1757820417556000000,"csn_component":"-","correlation_id":"mfj4w2s4","type":"log","logger":"nodejs-logger","layer":"/approuter","level":"info","container_id":"10.36.192.10","component_type":"application","component_id":"6e422593-95d5-4699-8c5d-f8ad235afff5","component_name":"mck-portal","component_instance":-1,"source_instance":-1,"organization_id":"557795fb-ec02-41f6-b249-2b9c73ac8438","organization_name":"McKesson Corporation_discovery-sunrise","space_id":"2742a945-aac7-4753-a013-50fdd526e1db","space_name":"Datasphere_Dev","context_id":"mfj4w2s4","msg":"Application router version 18.0.3"} (STDOUT, APP/PROC/WEB)#
#2025 09 14 03:27:01.595#Z#DEBUG#68edd706-911a-11f0-b7df-eeee0a962857.mck-portal#flowable-async-job-executor-thread-4608#
[PollStartAppStatusExecution] 6e422593-95d5-4699-8c5d-f8ad235afff5 [2025-09-14T03:26:57.560093] {"written_at":"2025-09-14T03:26:57.559Z","written_ts":1757820417559000000,"csn_component":"-","correlation_id":"mfj4w2s7","type":"log","logger":"nodejs-logger","layer":"/Configuration","level":"info","container_id":"10.36.192.10","component_type":"application","component_id":"6e422593-95d5-4699-8c5d-f8ad235afff5","component_name":"mck-portal","component_instance":-1,"source_instance":-1,"organization_id":"557795fb-ec02-41f6-b249-2b9c73ac8438","organization_name":"McKesson Corporation_discovery-sunrise","space_id":"2742a945-aac7-4753-a013-50fdd526e1db","space_name":"Datasphere_Dev","context_id":"mfj4w2s7","msg":"No COOKIES environment variable"} (STDOUT, APP/PROC/WEB)#
#2025 09 14 03:27:01.595#Z#DEBUG#68edd706-911a-11f0-b7df-eeee0a962857.mck-portal#flowable-async-job-executor-thread-4608#
[PollStartAppStatusExecution] 6e422593-95d5-4699-8c5d-f8ad235afff5 [2025-09-14T03:26:57.600184] {"written_at":"2025-09-14T03:26:57.599Z","written_ts":1757820417599000000,"csn_component":"-","correlation_id":"mfj4w2s4","type":"log","logger":"nodejs-logger","layer":"/approuter","level":"info","container_id":"10.36.192.10","component_type":"application","component_id":"6e422593-95d5-4699-8c5d-f8ad235afff5","component_name":"mck-portal","component_instance":-1,"source_instance":-1,"organization_id":"557795fb-ec02-41f6-b249-2b9c73ac8438","organization_name":"McKesson Corporation_discovery-sunrise","space_id":"2742a945-aac7-4753-a013-50fdd526e1db","space_name":"Datasphere_Dev","context_id":"mfj4w2s4","msg":"Application router is listening on port: 8080"} (STDOUT, APP/PROC/WEB)#
#2025 09 14 03:27:01.596#Z#DEBUG#68edd706-911a-11f0-b7df-eeee0a962857.mck-portal#flowable-async-job-executor-thread-4608#
[PollStartAppStatusExecution] 6e422593-95d5-4699-8c5d-f8ad235afff5 [2025-09-14T03:26:58.655470] Container became healthy (STDOUT, CELL)#
#2025 09 14 03:27:01.596#Z#DEBUG#68edd706-911a-11f0-b7df-eeee0a962857.mck-portal#flowable-async-job-executor-thread-4608#
[PollStartAppStatusExecution] 6e422593-95d5-4699-8c5d-f8ad235afff5 [2025-09-14T03:26:58.684991] Process became ready with guid 6e422593-95d5-4699-8c5d-f8ad235afff5 payload: {"instance"=>"3ecb5dde-3ab2-43aa-7b0f-c10e", "index"=>0, "cell_id"=>"e054858e-e690-4a99-9bc0-9d9a7d7ead25", "ready"=>true, "version"=>"d5e7930b-aa4e-4f00-b753-59ee11ea12b7"} (STDOUT, API)#
