#2025 01 30 18:02:52.873#Z#DEBUG#13ea99bf-df34-11ef-846d-eeee0a816fac.mck-portal#flowable-async-job-executor-thread-5176#
[PollStageAppStatusExecution] 40222c8a-98bd-4fed-b461-7f2fe6cd77f8 [2025-01-30T17:48:51.029044] Uploading app package for app with guid 40222c8a-98bd-4fed-b461-7f2fe6cd77f8 (STDOUT, API)#
#2025 01 30 18:02:52.873#Z#DEBUG#13ea99bf-df34-11ef-846d-eeee0a816fac.mck-portal#flowable-async-job-executor-thread-5176#
[PollStageAppStatusExecution] 40222c8a-98bd-4fed-b461-7f2fe6cd77f8 [2025-01-30T17:48:51.279818] Updated app with guid 40222c8a-98bd-4fed-b461-7f2fe6cd77f8 ({"environment_variables"=>"[PRIVATE DATA HIDDEN]"}) (STDOUT, API)#
#2025 01 30 18:02:52.873#Z#DEBUG#13ea99bf-df34-11ef-846d-eeee0a816fac.mck-portal#flowable-async-job-executor-thread-5176#
[PollStageAppStatusExecution] 40222c8a-98bd-4fed-b461-7f2fe6cd77f8 [2025-01-30T17:49:01.330826] Stopping app with guid 40222c8a-98bd-4fed-b461-7f2fe6cd77f8 (STDOUT, API)#
#2025 01 30 18:02:52.873#Z#DEBUG#13ea99bf-df34-11ef-846d-eeee0a816fac.mck-portal#flowable-async-job-executor-thread-5176#
[PollStageAppStatusExecution] 40222c8a-98bd-4fed-b461-7f2fe6cd77f8 [2025-01-30T17:49:01.379094] Cell dd7059b6-aa51-49b4-97f9-0302b687b5ba stopping instance f1227810-b2b6-4181-49f9-6729 (STDOUT, CELL)#
#2025 01 30 18:02:52.873#Z#DEBUG#13ea99bf-df34-11ef-846d-eeee0a816fac.mck-portal#flowable-async-job-executor-thread-5176#
[PollStageAppStatusExecution] 40222c8a-98bd-4fed-b461-7f2fe6cd77f8 [2025-01-30T17:49:01.704290] Creating build for app with guid 40222c8a-98bd-4fed-b461-7f2fe6cd77f8 (STDOUT, API)#
#2025 01 30 18:02:52.873#Z#DEBUG#13ea99bf-df34-11ef-846d-eeee0a816fac.mck-portal#flowable-async-job-executor-thread-5176#
[PollStageAppStatusExecution] 40222c8a-98bd-4fed-b461-7f2fe6cd77f8 [2025-01-30T17:49:02.287498] Downloading zero_trust_sidecar_buildpack_1_6... (STDOUT, STG)#
#2025 01 30 18:02:52.873#Z#DEBUG#13ea99bf-df34-11ef-846d-eeee0a816fac.mck-portal#flowable-async-job-executor-thread-5176#
[PollStageAppStatusExecution] 40222c8a-98bd-4fed-b461-7f2fe6cd77f8 [2025-01-30T17:49:02.287501] Downloading staticfile_buildpack... (STDOUT, STG)#
#2025 01 30 18:02:52.873#Z#DEBUG#13ea99bf-df34-11ef-846d-eeee0a816fac.mck-portal#flowable-async-job-executor-thread-5176#
[PollStageAppStatusExecution] 40222c8a-98bd-4fed-b461-7f2fe6cd77f8 [2025-01-30T17:49:02.301639] Downloaded staticfile_buildpack (STDOUT, STG)#
#2025 01 30 18:02:52.873#Z#DEBUG#13ea99bf-df34-11ef-846d-eeee0a816fac.mck-portal#flowable-async-job-executor-thread-5176#
[PollStageAppStatusExecution] 40222c8a-98bd-4fed-b461-7f2fe6cd77f8 [2025-01-30T17:49:02.301664] Downloading sap_java_buildpack_1_109... (STDOUT, STG)#
#2025 01 30 18:02:52.873#Z#DEBUG#13ea99bf-df34-11ef-846d-eeee0a816fac.mck-portal#flowable-async-job-executor-thread-5176#
[PollStageAppStatusExecution] 40222c8a-98bd-4fed-b461-7f2fe6cd77f8 [2025-01-30T17:49:02.302811] Downloaded zero_trust_sidecar_buildpack_1_6 (STDOUT, STG)#
#2025 01 30 18:02:52.873#Z#DEBUG#13ea99bf-df34-11ef-846d-eeee0a816fac.mck-portal#flowable-async-job-executor-thread-5176#
[PollStageAppStatusExecution] 40222c8a-98bd-4fed-b461-7f2fe6cd77f8 [2025-01-30T17:49:02.302828] Downloading java_buildpack... (STDOUT, STG)#
#2025 01 30 18:02:52.873#Z#DEBUG#13ea99bf-df34-11ef-846d-eeee0a816fac.mck-portal#flowable-async-job-executor-thread-5176#
[PollStageAppStatusExecution] 40222c8a-98bd-4fed-b461-7f2fe6cd77f8 [2025-01-30T17:49:02.315315] Downloaded sap_java_buildpack_1_109 (STDOUT, STG)#
#2025 01 30 18:02:52.873#Z#DEBUG#13ea99bf-df34-11ef-846d-eeee0a816fac.mck-portal#flowable-async-job-executor-thread-5176#
[PollStageAppStatusExecution] 40222c8a-98bd-4fed-b461-7f2fe6cd77f8 [2025-01-30T17:49:02.315338] Downloading nodejs_buildpack... (STDOUT, STG)#
#2025 01 30 18:02:52.873#Z#DEBUG#13ea99bf-df34-11ef-846d-eeee0a816fac.mck-portal#flowable-async-job-executor-thread-5176#
[PollStageAppStatusExecution] 40222c8a-98bd-4fed-b461-7f2fe6cd77f8 [2025-01-30T17:49:02.316749] Downloaded java_buildpack (STDOUT, STG)#
#2025 01 30 18:02:52.873#Z#DEBUG#13ea99bf-df34-11ef-846d-eeee0a816fac.mck-portal#flowable-async-job-executor-thread-5176#
[PollStageAppStatusExecution] 40222c8a-98bd-4fed-b461-7f2fe6cd77f8 [2025-01-30T17:49:02.316778] Downloading go_buildpack... (STDOUT, STG)#
#2025 01 30 18:02:52.873#Z#DEBUG#13ea99bf-df34-11ef-846d-eeee0a816fac.mck-portal#flowable-async-job-executor-thread-5176#
[PollStageAppStatusExecution] 40222c8a-98bd-4fed-b461-7f2fe6cd77f8 [2025-01-30T17:49:02.329708] Downloaded nodejs_buildpack (STDOUT, STG)#
#2025 01 30 18:02:52.873#Z#DEBUG#13ea99bf-df34-11ef-846d-eeee0a816fac.mck-portal#flowable-async-job-executor-thread-5176#
[PollStageAppStatusExecution] 40222c8a-98bd-4fed-b461-7f2fe6cd77f8 [2025-01-30T17:49:02.329732] Downloading python_buildpack... (STDOUT, STG)#
#2025 01 30 18:02:52.873#Z#DEBUG#13ea99bf-df34-11ef-846d-eeee0a816fac.mck-portal#flowable-async-job-executor-thread-5176#
[PollStageAppStatusExecution] 40222c8a-98bd-4fed-b461-7f2fe6cd77f8 [2025-01-30T17:49:02.332204] Downloaded go_buildpack (STDOUT, STG)#
#2025 01 30 18:02:52.873#Z#DEBUG#13ea99bf-df34-11ef-846d-eeee0a816fac.mck-portal#flowable-async-job-executor-thread-5176#
[PollStageAppStatusExecution] 40222c8a-98bd-4fed-b461-7f2fe6cd77f8 [2025-01-30T17:49:02.332230] Downloading php_buildpack... (STDOUT, STG)#
#2025 01 30 18:02:52.873#Z#DEBUG#13ea99bf-df34-11ef-846d-eeee0a816fac.mck-portal#flowable-async-job-executor-thread-5176#
[PollStageAppStatusExecution] 40222c8a-98bd-4fed-b461-7f2fe6cd77f8 [2025-01-30T17:49:02.345037] Downloaded python_buildpack (STDOUT, STG)#
#2025 01 30 18:02:52.873#Z#DEBUG#13ea99bf-df34-11ef-846d-eeee0a816fac.mck-portal#flowable-async-job-executor-thread-5176#
[PollStageAppStatusExecution] 40222c8a-98bd-4fed-b461-7f2fe6cd77f8 [2025-01-30T17:49:02.345062] Downloading nginx_buildpack... (STDOUT, STG)#
#2025 01 30 18:02:52.873#Z#DEBUG#13ea99bf-df34-11ef-846d-eeee0a816fac.mck-portal#flowable-async-job-executor-thread-5176#
[PollStageAppStatusExecution] 40222c8a-98bd-4fed-b461-7f2fe6cd77f8 [2025-01-30T17:49:02.347872] Downloaded php_buildpack (STDOUT, STG)#
#2025 01 30 18:02:52.873#Z#DEBUG#13ea99bf-df34-11ef-846d-eeee0a816fac.mck-portal#flowable-async-job-executor-thread-5176#
[PollStageAppStatusExecution] 40222c8a-98bd-4fed-b461-7f2fe6cd77f8 [2025-01-30T17:49:02.347889] Downloading binary_buildpack... (STDOUT, STG)#
#2025 01 30 18:02:52.873#Z#DEBUG#13ea99bf-df34-11ef-846d-eeee0a816fac.mck-portal#flowable-async-job-executor-thread-5176#
[PollStageAppStatusExecution] 40222c8a-98bd-4fed-b461-7f2fe6cd77f8 [2025-01-30T17:49:02.359345] Downloaded nginx_buildpack (STDOUT, STG)#
#2025 01 30 18:02:52.873#Z#DEBUG#13ea99bf-df34-11ef-846d-eeee0a816fac.mck-portal#flowable-async-job-executor-thread-5176#
[PollStageAppStatusExecution] 40222c8a-98bd-4fed-b461-7f2fe6cd77f8 [2025-01-30T17:49:02.359373] Downloading sap_java_buildpack... (STDOUT, STG)#
#2025 01 30 18:02:52.873#Z#DEBUG#13ea99bf-df34-11ef-846d-eeee0a816fac.mck-portal#flowable-async-job-executor-thread-5176#
[PollStageAppStatusExecution] 40222c8a-98bd-4fed-b461-7f2fe6cd77f8 [2025-01-30T17:49:02.362537] Downloaded binary_buildpack (STDOUT, STG)#
#2025 01 30 18:02:52.873#Z#DEBUG#13ea99bf-df34-11ef-846d-eeee0a816fac.mck-portal#flowable-async-job-executor-thread-5176#
[PollStageAppStatusExecution] 40222c8a-98bd-4fed-b461-7f2fe6cd77f8 [2025-01-30T17:49:02.368792] Downloading sap_java_buildpack_jakarta_2_22... (STDOUT, STG)#
#2025 01 30 18:02:52.873#Z#DEBUG#13ea99bf-df34-11ef-846d-eeee0a816fac.mck-portal#flowable-async-job-executor-thread-5176#
[PollStageAppStatusExecution] 40222c8a-98bd-4fed-b461-7f2fe6cd77f8 [2025-01-30T17:49:02.372361] Downloaded sap_java_buildpack (STDOUT, STG)#
#2025 01 30 18:02:52.873#Z#DEBUG#13ea99bf-df34-11ef-846d-eeee0a816fac.mck-portal#flowable-async-job-executor-thread-5176#
[PollStageAppStatusExecution] 40222c8a-98bd-4fed-b461-7f2fe6cd77f8 [2025-01-30T17:49:02.372375] Downloading sap_java_buildpack_1_107... (STDOUT, STG)#
#2025 01 30 18:02:52.873#Z#DEBUG#13ea99bf-df34-11ef-846d-eeee0a816fac.mck-portal#flowable-async-job-executor-thread-5176#
[PollStageAppStatusExecution] 40222c8a-98bd-4fed-b461-7f2fe6cd77f8 [2025-01-30T17:49:02.379677] Downloaded sap_java_buildpack_jakarta_2_22 (STDOUT, STG)#
#2025 01 30 18:02:52.873#Z#DEBUG#13ea99bf-df34-11ef-846d-eeee0a816fac.mck-portal#flowable-async-job-executor-thread-5176#
[PollStageAppStatusExecution] 40222c8a-98bd-4fed-b461-7f2fe6cd77f8 [2025-01-30T17:49:02.379699] Downloading sap_java_buildpack_1_106... (STDOUT, STG)#
#2025 01 30 18:02:52.873#Z#DEBUG#13ea99bf-df34-11ef-846d-eeee0a816fac.mck-portal#flowable-async-job-executor-thread-5176#
[PollStageAppStatusExecution] 40222c8a-98bd-4fed-b461-7f2fe6cd77f8 [2025-01-30T17:49:02.386547] Downloaded sap_java_buildpack_1_107 (STDOUT, STG)#
#2025 01 30 18:02:52.873#Z#DEBUG#13ea99bf-df34-11ef-846d-eeee0a816fac.mck-portal#flowable-async-job-executor-thread-5176#
[PollStageAppStatusExecution] 40222c8a-98bd-4fed-b461-7f2fe6cd77f8 [2025-01-30T17:49:02.386571] Downloading sap_java_buildpack_jakarta... (STDOUT, STG)#
#2025 01 30 18:02:52.873#Z#DEBUG#13ea99bf-df34-11ef-846d-eeee0a816fac.mck-portal#flowable-async-job-executor-thread-5176#
[PollStageAppStatusExecution] 40222c8a-98bd-4fed-b461-7f2fe6cd77f8 [2025-01-30T17:49:02.394987] Downloaded sap_java_buildpack_1_106 (STDOUT, STG)#
#2025 01 30 18:02:52.873#Z#DEBUG#13ea99bf-df34-11ef-846d-eeee0a816fac.mck-portal#flowable-async-job-executor-thread-5176#
[PollStageAppStatusExecution] 40222c8a-98bd-4fed-b461-7f2fe6cd77f8 [2025-01-30T17:49:02.395007] Downloading sap_java_buildpack_jakarta_2_23... (STDOUT, STG)#
#2025 01 30 18:02:52.873#Z#DEBUG#13ea99bf-df34-11ef-846d-eeee0a816fac.mck-portal#flowable-async-job-executor-thread-5176#
[PollStageAppStatusExecution] 40222c8a-98bd-4fed-b461-7f2fe6cd77f8 [2025-01-30T17:49:02.401654] Downloaded sap_java_buildpack_jakarta (STDOUT, STG)#
#2025 01 30 18:02:52.873#Z#DEBUG#13ea99bf-df34-11ef-846d-eeee0a816fac.mck-portal#flowable-async-job-executor-thread-5176#
[PollStageAppStatusExecution] 40222c8a-98bd-4fed-b461-7f2fe6cd77f8 [2025-01-30T17:49:02.401670] Downloading zero_trust_sidecar_buildpack_1_3... (STDOUT, STG)#
#2025 01 30 18:02:52.873#Z#DEBUG#13ea99bf-df34-11ef-846d-eeee0a816fac.mck-portal#flowable-async-job-executor-thread-5176#
[PollStageAppStatusExecution] 40222c8a-98bd-4fed-b461-7f2fe6cd77f8 [2025-01-30T17:49:02.408993] Downloaded sap_java_buildpack_jakarta_2_23 (STDOUT, STG)#
#2025 01 30 18:02:52.873#Z#DEBUG#13ea99bf-df34-11ef-846d-eeee0a816fac.mck-portal#flowable-async-job-executor-thread-5176#
[PollStageAppStatusExecution] 40222c8a-98bd-4fed-b461-7f2fe6cd77f8 [2025-01-30T17:49:02.409037] Downloading sap_java_buildpack_jakarta_2_21... (STDOUT, STG)#
#2025 01 30 18:02:52.873#Z#DEBUG#13ea99bf-df34-11ef-846d-eeee0a816fac.mck-portal#flowable-async-job-executor-thread-5176#
[PollStageAppStatusExecution] 40222c8a-98bd-4fed-b461-7f2fe6cd77f8 [2025-01-30T17:49:02.416022] Downloaded zero_trust_sidecar_buildpack_1_3 (STDOUT, STG)#
#2025 01 30 18:02:52.873#Z#DEBUG#13ea99bf-df34-11ef-846d-eeee0a816fac.mck-portal#flowable-async-job-executor-thread-5176#
[PollStageAppStatusExecution] 40222c8a-98bd-4fed-b461-7f2fe6cd77f8 [2025-01-30T17:49:02.416048] Downloading zero_trust_sidecar_buildpack_1_5... (STDOUT, STG)#
#2025 01 30 18:02:52.873#Z#DEBUG#13ea99bf-df34-11ef-846d-eeee0a816fac.mck-portal#flowable-async-job-executor-thread-5176#
[PollStageAppStatusExecution] 40222c8a-98bd-4fed-b461-7f2fe6cd77f8 [2025-01-30T17:49:02.422714] Downloaded sap_java_buildpack_jakarta_2_21 (STDOUT, STG)#
#2025 01 30 18:02:52.873#Z#DEBUG#13ea99bf-df34-11ef-846d-eeee0a816fac.mck-portal#flowable-async-job-executor-thread-5176#
[PollStageAppStatusExecution] 40222c8a-98bd-4fed-b461-7f2fe6cd77f8 [2025-01-30T17:49:02.422733] Downloading zero_trust_sidecar_buildpack... (STDOUT, STG)#
#2025 01 30 18:02:52.873#Z#DEBUG#13ea99bf-df34-11ef-846d-eeee0a816fac.mck-portal#flowable-async-job-executor-thread-5176#
[PollStageAppStatusExecution] 40222c8a-98bd-4fed-b461-7f2fe6cd77f8 [2025-01-30T17:49:02.428920] Downloaded zero_trust_sidecar_buildpack_1_5 (STDOUT, STG)#
#2025 01 30 18:02:52.873#Z#DEBUG#13ea99bf-df34-11ef-846d-eeee0a816fac.mck-portal#flowable-async-job-executor-thread-5176#
[PollStageAppStatusExecution] 40222c8a-98bd-4fed-b461-7f2fe6cd77f8 [2025-01-30T17:49:02.437243] Downloaded zero_trust_sidecar_buildpack (STDOUT, STG)#
#2025 01 30 18:02:52.873#Z#DEBUG#13ea99bf-df34-11ef-846d-eeee0a816fac.mck-portal#flowable-async-job-executor-thread-5176#
[PollStageAppStatusExecution] 40222c8a-98bd-4fed-b461-7f2fe6cd77f8 [2025-01-30T17:49:02.437314] Cell b09315eb-f652-4637-906b-5c1abf821245 creating container for instance a8e17efb-e41c-44ad-a8ff-67796923b0bf (STDOUT, STG)#
#2025 01 30 18:02:52.873#Z#DEBUG#13ea99bf-df34-11ef-846d-eeee0a816fac.mck-portal#flowable-async-job-executor-thread-5176#
[PollStageAppStatusExecution] 40222c8a-98bd-4fed-b461-7f2fe6cd77f8 [2025-01-30T17:49:02.823095] Security group rules were updated (STDOUT, STG)#
#2025 01 30 18:02:52.873#Z#DEBUG#13ea99bf-df34-11ef-846d-eeee0a816fac.mck-portal#flowable-async-job-executor-thread-5176#
[PollStageAppStatusExecution] 40222c8a-98bd-4fed-b461-7f2fe6cd77f8 [2025-01-30T17:49:02.876709] Cell b09315eb-f652-4637-906b-5c1abf821245 successfully created container for instance a8e17efb-e41c-44ad-a8ff-67796923b0bf (STDOUT, STG)#
#2025 01 30 18:02:52.873#Z#DEBUG#13ea99bf-df34-11ef-846d-eeee0a816fac.mck-portal#flowable-async-job-executor-thread-5176#
[PollStageAppStatusExecution] 40222c8a-98bd-4fed-b461-7f2fe6cd77f8 [2025-01-30T17:49:03.113646] Downloading build artifacts cache... (STDOUT, STG)#
#2025 01 30 18:02:52.873#Z#DEBUG#13ea99bf-df34-11ef-846d-eeee0a816fac.mck-portal#flowable-async-job-executor-thread-5176#
[PollStageAppStatusExecution] 40222c8a-98bd-4fed-b461-7f2fe6cd77f8 [2025-01-30T17:49:03.113658] Downloading app package... (STDOUT, STG)#
#2025 01 30 18:02:52.873#Z#DEBUG#13ea99bf-df34-11ef-846d-eeee0a816fac.mck-portal#flowable-async-job-executor-thread-5176#
[PollStageAppStatusExecution] 40222c8a-98bd-4fed-b461-7f2fe6cd77f8 [2025-01-30T17:49:03.136205] Downloaded build artifacts cache (228B) (STDOUT, STG)#
#2025 01 30 18:02:52.873#Z#DEBUG#13ea99bf-df34-11ef-846d-eeee0a816fac.mck-portal#flowable-async-job-executor-thread-5176#
[PollStageAppStatusExecution] 40222c8a-98bd-4fed-b461-7f2fe6cd77f8 [2025-01-30T17:49:04.083842] Downloaded app package (7.6M) (STDOUT, STG)#
#2025 01 30 18:02:52.873#Z#DEBUG#13ea99bf-df34-11ef-846d-eeee0a816fac.mck-portal#flowable-async-job-executor-thread-5176#
[PollStageAppStatusExecution] 40222c8a-98bd-4fed-b461-7f2fe6cd77f8 [2025-01-30T17:49:04.720295] -----> Nodejs Buildpack version 1.8.30 (STDOUT, STG)#
#2025 01 30 18:02:52.873#Z#DEBUG#13ea99bf-df34-11ef-846d-eeee0a816fac.mck-portal#flowable-async-job-executor-thread-5176#
[PollStageAppStatusExecution] 40222c8a-98bd-4fed-b461-7f2fe6cd77f8 [2025-01-30T17:49:05.052804] -----> Bootstrapping python (STDOUT, STG)#
#2025 01 30 18:02:52.873#Z#DEBUG#13ea99bf-df34-11ef-846d-eeee0a816fac.mck-portal#flowable-async-job-executor-thread-5176#
[PollStageAppStatusExecution] 40222c8a-98bd-4fed-b461-7f2fe6cd77f8 [2025-01-30T17:49:05.052831] -----> Installing python 3.11.10 (STDOUT, STG)#
#2025 01 30 18:02:52.873#Z#DEBUG#13ea99bf-df34-11ef-846d-eeee0a816fac.mck-portal#flowable-async-job-executor-thread-5176#
[PollStageAppStatusExecution] 40222c8a-98bd-4fed-b461-7f2fe6cd77f8 [2025-01-30T17:49:05.052938] Copy [/tmp/buildpacks/82589c9a8ddc2533/dependencies/1702ca2a28e126415ac89dabbae15144/python_3.11.10_linux_x64_cflinuxfs4_3bbfe1c5.tgz] (STDOUT, STG)#
#2025 01 30 18:02:52.873#Z#DEBUG#13ea99bf-df34-11ef-846d-eeee0a816fac.mck-portal#flowable-async-job-executor-thread-5176#
[PollStageAppStatusExecution] 40222c8a-98bd-4fed-b461-7f2fe6cd77f8 [2025-01-30T17:49:08.688300] -----> Installing binaries (STDOUT, STG)#
#2025 01 30 18:02:52.873#Z#DEBUG#13ea99bf-df34-11ef-846d-eeee0a816fac.mck-portal#flowable-async-job-executor-thread-5176#
[PollStageAppStatusExecution] 40222c8a-98bd-4fed-b461-7f2fe6cd77f8 [2025-01-30T17:49:08.688908] engines.node (package.json): ^20 (STDOUT, STG)#
#2025 01 30 18:02:52.873#Z#DEBUG#13ea99bf-df34-11ef-846d-eeee0a816fac.mck-portal#flowable-async-job-executor-thread-5176#
[PollStageAppStatusExecution] 40222c8a-98bd-4fed-b461-7f2fe6cd77f8 [2025-01-30T17:49:08.688930] engines.npm (package.json): unspecified (use default) (STDOUT, STG)#
#2025 01 30 18:02:52.873#Z#DEBUG#13ea99bf-df34-11ef-846d-eeee0a816fac.mck-portal#flowable-async-job-executor-thread-5176#
[PollStageAppStatusExecution] 40222c8a-98bd-4fed-b461-7f2fe6cd77f8 [2025-01-30T17:49:08.688948] -----> Installing node 20.18.0 (STDOUT, STG)#
#2025 01 30 18:02:52.873#Z#DEBUG#13ea99bf-df34-11ef-846d-eeee0a816fac.mck-portal#flowable-async-job-executor-thread-5176#
[PollStageAppStatusExecution] 40222c8a-98bd-4fed-b461-7f2fe6cd77f8 [2025-01-30T17:49:08.689138] Copy [/tmp/buildpacks/82589c9a8ddc2533/dependencies/aa0b24acf498179e56ffe08b335562ce/node_20.18.0_linux_x64_cflinuxfs4_db6d7cd8.tgz] (STDOUT, STG)#
#2025 01 30 18:02:52.873#Z#DEBUG#13ea99bf-df34-11ef-846d-eeee0a816fac.mck-portal#flowable-async-job-executor-thread-5176#
[PollStageAppStatusExecution] 40222c8a-98bd-4fed-b461-7f2fe6cd77f8 [2025-01-30T17:49:10.583562] Using default npm version: 10.8.2 (STDOUT, STG)#
#2025 01 30 18:02:52.873#Z#DEBUG#13ea99bf-df34-11ef-846d-eeee0a816fac.mck-portal#flowable-async-job-executor-thread-5176#
[PollStageAppStatusExecution] 40222c8a-98bd-4fed-b461-7f2fe6cd77f8 [2025-01-30T17:49:10.583607] -----> Installing yarn 1.22.19 (STDOUT, STG)#
#2025 01 30 18:02:52.873#Z#DEBUG#13ea99bf-df34-11ef-846d-eeee0a816fac.mck-portal#flowable-async-job-executor-thread-5176#
[PollStageAppStatusExecution] 40222c8a-98bd-4fed-b461-7f2fe6cd77f8 [2025-01-30T17:49:10.583751] Copy [/tmp/buildpacks/82589c9a8ddc2533/dependencies/0f06052381cbcef1593bd279ca3d9458/yarn_1.22.19_linux_noarch_any-stack_32d0e82e.tgz] (STDOUT, STG)#
#2025 01 30 18:02:52.873#Z#DEBUG#13ea99bf-df34-11ef-846d-eeee0a816fac.mck-portal#flowable-async-job-executor-thread-5176#
[PollStageAppStatusExecution] 40222c8a-98bd-4fed-b461-7f2fe6cd77f8 [2025-01-30T17:49:10.879769] Installed yarn 1.22.19 (STDOUT, STG)#
#2025 01 30 18:02:52.873#Z#DEBUG#13ea99bf-df34-11ef-846d-eeee0a816fac.mck-portal#flowable-async-job-executor-thread-5176#
[PollStageAppStatusExecution] 40222c8a-98bd-4fed-b461-7f2fe6cd77f8 [2025-01-30T17:49:10.879781] -----> Creating runtime environment (STDOUT, STG)#
#2025 01 30 18:02:52.873#Z#DEBUG#13ea99bf-df34-11ef-846d-eeee0a816fac.mck-portal#flowable-async-job-executor-thread-5176#
[PollStageAppStatusExecution] 40222c8a-98bd-4fed-b461-7f2fe6cd77f8 [2025-01-30T17:49:10.881581] NODE_ENV=production (STDOUT, STG)#
#2025 01 30 18:02:52.873#Z#DEBUG#13ea99bf-df34-11ef-846d-eeee0a816fac.mck-portal#flowable-async-job-executor-thread-5176#
[PollStageAppStatusExecution] 40222c8a-98bd-4fed-b461-7f2fe6cd77f8 [2025-01-30T17:49:10.881592] NODE_HOME=/tmp/contents1593556808/deps/0/node (STDOUT, STG)#
#2025 01 30 18:02:52.873#Z#DEBUG#13ea99bf-df34-11ef-846d-eeee0a816fac.mck-portal#flowable-async-job-executor-thread-5176#
[PollStageAppStatusExecution] 40222c8a-98bd-4fed-b461-7f2fe6cd77f8 [2025-01-30T17:49:10.881595] NODE_MODULES_CACHE=true (STDOUT, STG)#
#2025 01 30 18:02:52.873#Z#DEBUG#13ea99bf-df34-11ef-846d-eeee0a816fac.mck-portal#flowable-async-job-executor-thread-5176#
[PollStageAppStatusExecution] 40222c8a-98bd-4fed-b461-7f2fe6cd77f8 [2025-01-30T17:49:10.881598] NODE_VERBOSE=false (STDOUT, STG)#
#2025 01 30 18:02:52.873#Z#DEBUG#13ea99bf-df34-11ef-846d-eeee0a816fac.mck-portal#flowable-async-job-executor-thread-5176#
[PollStageAppStatusExecution] 40222c8a-98bd-4fed-b461-7f2fe6cd77f8 [2025-01-30T17:49:10.881601] NPM_CONFIG_LOGLEVEL=error (STDOUT, STG)#
#2025 01 30 18:02:52.873#Z#DEBUG#13ea99bf-df34-11ef-846d-eeee0a816fac.mck-portal#flowable-async-job-executor-thread-5176#
[PollStageAppStatusExecution] 40222c8a-98bd-4fed-b461-7f2fe6cd77f8 [2025-01-30T17:49:10.881609] NPM_CONFIG_PRODUCTION=true (STDOUT, STG)#
#2025 01 30 18:02:52.873#Z#DEBUG#13ea99bf-df34-11ef-846d-eeee0a816fac.mck-portal#flowable-async-job-executor-thread-5176#
[PollStageAppStatusExecution] 40222c8a-98bd-4fed-b461-7f2fe6cd77f8 [2025-01-30T17:49:10.881701] -----> Building dependencies (STDOUT, STG)#
#2025 01 30 18:02:52.873#Z#DEBUG#13ea99bf-df34-11ef-846d-eeee0a816fac.mck-portal#flowable-async-job-executor-thread-5176#
[PollStageAppStatusExecution] 40222c8a-98bd-4fed-b461-7f2fe6cd77f8 [2025-01-30T17:49:10.881710] Prebuild detected (node_modules already exists) (STDOUT, STG)#
#2025 01 30 18:02:52.873#Z#DEBUG#13ea99bf-df34-11ef-846d-eeee0a816fac.mck-portal#flowable-async-job-executor-thread-5176#
[PollStageAppStatusExecution] 40222c8a-98bd-4fed-b461-7f2fe6cd77f8 [2025-01-30T17:49:10.881717] Rebuilding any native modules (STDOUT, STG)#
#2025 01 30 18:02:52.873#Z#DEBUG#13ea99bf-df34-11ef-846d-eeee0a816fac.mck-portal#flowable-async-job-executor-thread-5176#
[PollStageAppStatusExecution] 40222c8a-98bd-4fed-b461-7f2fe6cd77f8 [2025-01-30T17:49:11.535587] rebuilt dependencies successfully (STDOUT, STG)#
#2025 01 30 18:02:52.873#Z#DEBUG#13ea99bf-df34-11ef-846d-eeee0a816fac.mck-portal#flowable-async-job-executor-thread-5176#
[PollStageAppStatusExecution] 40222c8a-98bd-4fed-b461-7f2fe6cd77f8 [2025-01-30T17:49:11.537752] npm notice (STDOUT, STG)#
#2025 01 30 18:02:52.873#Z#DEBUG#13ea99bf-df34-11ef-846d-eeee0a816fac.mck-portal#flowable-async-job-executor-thread-5176#
[PollStageAppStatusExecution] 40222c8a-98bd-4fed-b461-7f2fe6cd77f8 [2025-01-30T17:49:11.537769] npm notice New major version of npm available! 10.8.2 -> 11.1.0 (STDOUT, STG)#
#2025 01 30 18:02:52.873#Z#DEBUG#13ea99bf-df34-11ef-846d-eeee0a816fac.mck-portal#flowable-async-job-executor-thread-5176#
[PollStageAppStatusExecution] 40222c8a-98bd-4fed-b461-7f2fe6cd77f8 [2025-01-30T17:49:11.537774] npm notice Changelog: https://github.com/npm/cli/releases/tag/v11.1.0 (STDOUT, STG)#
#2025 01 30 18:02:52.873#Z#DEBUG#13ea99bf-df34-11ef-846d-eeee0a816fac.mck-portal#flowable-async-job-executor-thread-5176#
[PollStageAppStatusExecution] 40222c8a-98bd-4fed-b461-7f2fe6cd77f8 [2025-01-30T17:49:11.537777] npm notice To update run: npm install -g npm@11.1.0 (STDOUT, STG)#
#2025 01 30 18:02:52.873#Z#DEBUG#13ea99bf-df34-11ef-846d-eeee0a816fac.mck-portal#flowable-async-job-executor-thread-5176#
[PollStageAppStatusExecution] 40222c8a-98bd-4fed-b461-7f2fe6cd77f8 [2025-01-30T17:49:11.537780] npm notice (STDOUT, STG)#
#2025 01 30 18:02:52.873#Z#DEBUG#13ea99bf-df34-11ef-846d-eeee0a816fac.mck-portal#flowable-async-job-executor-thread-5176#
[PollStageAppStatusExecution] 40222c8a-98bd-4fed-b461-7f2fe6cd77f8 [2025-01-30T17:49:11.549639] Installing any new modules (package.json + package-lock.json) (STDOUT, STG)#
#2025 01 30 18:02:52.873#Z#DEBUG#13ea99bf-df34-11ef-846d-eeee0a816fac.mck-portal#flowable-async-job-executor-thread-5176#
[PollStageAppStatusExecution] 40222c8a-98bd-4fed-b461-7f2fe6cd77f8 [2025-01-30T17:49:12.221668] up to date in 598ms (STDOUT, STG)#
#2025 01 30 18:02:52.873#Z#DEBUG#13ea99bf-df34-11ef-846d-eeee0a816fac.mck-portal#flowable-async-job-executor-thread-5176#
[PollStageAppStatusExecution] 40222c8a-98bd-4fed-b461-7f2fe6cd77f8 [2025-01-30T17:49:12.221768] 20 packages are looking for funding (STDOUT, STG)#
#2025 01 30 18:02:52.873#Z#DEBUG#13ea99bf-df34-11ef-846d-eeee0a816fac.mck-portal#flowable-async-job-executor-thread-5176#
[PollStageAppStatusExecution] 40222c8a-98bd-4fed-b461-7f2fe6cd77f8 [2025-01-30T17:49:12.221777] run `npm fund` for details (STDOUT, STG)#
#2025 01 30 18:02:52.873#Z#DEBUG#13ea99bf-df34-11ef-846d-eeee0a816fac.mck-portal#flowable-async-job-executor-thread-5176#
[PollStageAppStatusExecution] 40222c8a-98bd-4fed-b461-7f2fe6cd77f8 [2025-01-30T17:49:13.108299] Contrast Security no credentials found. Will not write environment files. (STDOUT, STG)#
#2025 01 30 18:02:52.873#Z#DEBUG#13ea99bf-df34-11ef-846d-eeee0a816fac.mck-portal#flowable-async-job-executor-thread-5176#
[PollStageAppStatusExecution] 40222c8a-98bd-4fed-b461-7f2fe6cd77f8 [2025-01-30T17:49:22.198777] Exit status 0 (STDOUT, STG)#
#2025 01 30 18:02:52.873#Z#DEBUG#13ea99bf-df34-11ef-846d-eeee0a816fac.mck-portal#flowable-async-job-executor-thread-5176#
[PollStageAppStatusExecution] 40222c8a-98bd-4fed-b461-7f2fe6cd77f8 [2025-01-30T17:49:22.198819] Uploading droplet, build artifacts cache... (STDOUT, STG)#
#2025 01 30 18:02:52.873#Z#DEBUG#13ea99bf-df34-11ef-846d-eeee0a816fac.mck-portal#flowable-async-job-executor-thread-5176#
[PollStageAppStatusExecution] 40222c8a-98bd-4fed-b461-7f2fe6cd77f8 [2025-01-30T17:49:22.198854] Uploading droplet... (STDOUT, STG)#
#2025 01 30 18:02:52.873#Z#DEBUG#13ea99bf-df34-11ef-846d-eeee0a816fac.mck-portal#flowable-async-job-executor-thread-5176#
[PollStageAppStatusExecution] 40222c8a-98bd-4fed-b461-7f2fe6cd77f8 [2025-01-30T17:49:22.198894] Uploading build artifacts cache... (STDOUT, STG)#
#2025 01 30 18:02:52.873#Z#DEBUG#13ea99bf-df34-11ef-846d-eeee0a816fac.mck-portal#flowable-async-job-executor-thread-5176#
[PollStageAppStatusExecution] 40222c8a-98bd-4fed-b461-7f2fe6cd77f8 [2025-01-30T17:49:22.223586] Uploaded build artifacts cache (227B) (STDOUT, STG)#
#2025 01 30 18:02:52.873#Z#DEBUG#13ea99bf-df34-11ef-846d-eeee0a816fac.mck-portal#flowable-async-job-executor-thread-5176#
[PollStageAppStatusExecution] 40222c8a-98bd-4fed-b461-7f2fe6cd77f8 [2025-01-30T17:49:23.005154] Creating droplet for app with guid 40222c8a-98bd-4fed-b461-7f2fe6cd77f8 (STDOUT, API)#
#2025 01 30 18:02:52.873#Z#DEBUG#13ea99bf-df34-11ef-846d-eeee0a816fac.mck-portal#flowable-async-job-executor-thread-5176#
[PollStageAppStatusExecution] 40222c8a-98bd-4fed-b461-7f2fe6cd77f8 [2025-01-30T17:49:27.074138] Uploaded droplet (52.5M) (STDOUT, STG)#
#2025 01 30 18:02:52.873#Z#DEBUG#13ea99bf-df34-11ef-846d-eeee0a816fac.mck-portal#flowable-async-job-executor-thread-5176#
[PollStageAppStatusExecution] 40222c8a-98bd-4fed-b461-7f2fe6cd77f8 [2025-01-30T17:49:27.091109] Uploading complete (STDOUT, STG)#
#2025 01 30 18:02:52.873#Z#DEBUG#13ea99bf-df34-11ef-846d-eeee0a816fac.mck-portal#flowable-async-job-executor-thread-5176#
[PollStageAppStatusExecution] 40222c8a-98bd-4fed-b461-7f2fe6cd77f8 [2025-01-30T17:49:27.522496] Cell b09315eb-f652-4637-906b-5c1abf821245 stopping instance a8e17efb-e41c-44ad-a8ff-67796923b0bf (STDOUT, STG)#
#2025 01 30 18:02:52.873#Z#DEBUG#13ea99bf-df34-11ef-846d-eeee0a816fac.mck-portal#flowable-async-job-executor-thread-5176#
[PollStageAppStatusExecution] 40222c8a-98bd-4fed-b461-7f2fe6cd77f8 [2025-01-30T17:49:27.522527] Cell b09315eb-f652-4637-906b-5c1abf821245 destroying container for instance a8e17efb-e41c-44ad-a8ff-67796923b0bf (STDOUT, STG)#
#2025 01 30 18:02:52.873#Z#DEBUG#13ea99bf-df34-11ef-846d-eeee0a816fac.mck-portal#flowable-async-job-executor-thread-5176#
[PollStageAppStatusExecution] 40222c8a-98bd-4fed-b461-7f2fe6cd77f8 [2025-01-30T17:49:29.447339] Cell b09315eb-f652-4637-906b-5c1abf821245 successfully destroyed container for instance a8e17efb-e41c-44ad-a8ff-67796923b0bf (STDOUT, STG)#
#2025 01 30 18:02:52.873#Z#DEBUG#13ea99bf-df34-11ef-846d-eeee0a816fac.mck-portal#flowable-async-job-executor-thread-5176#
[PollStageAppStatusExecution] 40222c8a-98bd-4fed-b461-7f2fe6cd77f8 [2025-01-30T17:49:30.997679] Updated app with guid 40222c8a-98bd-4fed-b461-7f2fe6cd77f8 ({:droplet_guid=>"f3a57fe4-c02e-4055-b8cb-ce1243d566fe"}) (STDOUT, API)#
#2025 01 30 18:02:52.873#Z#DEBUG#13ea99bf-df34-11ef-846d-eeee0a816fac.mck-portal#flowable-async-job-executor-thread-5176#
[PollStageAppStatusExecution] 40222c8a-98bd-4fed-b461-7f2fe6cd77f8 [2025-01-30T17:49:31.230864] Creating revision for app with guid 40222c8a-98bd-4fed-b461-7f2fe6cd77f8 (STDOUT, API)#
#2025 01 30 18:02:52.873#Z#DEBUG#13ea99bf-df34-11ef-846d-eeee0a816fac.mck-portal#flowable-async-job-executor-thread-5176#
[PollStageAppStatusExecution] 40222c8a-98bd-4fed-b461-7f2fe6cd77f8 [2025-01-30T17:49:31.267308] Starting app with guid 40222c8a-98bd-4fed-b461-7f2fe6cd77f8 (STDOUT, API)#
#2025 01 30 18:02:52.873#Z#DEBUG#13ea99bf-df34-11ef-846d-eeee0a816fac.mck-portal#flowable-async-job-executor-thread-5176#
[PollStageAppStatusExecution] 40222c8a-98bd-4fed-b461-7f2fe6cd77f8 [2025-01-30T17:49:31.427365] Cell dd7059b6-aa51-49b4-97f9-0302b687b5ba creating container for instance 3d0fd661-824f-4c91-5649-9d6d (STDOUT, CELL)#
#2025 01 30 18:02:52.873#Z#DEBUG#13ea99bf-df34-11ef-846d-eeee0a816fac.mck-portal#flowable-async-job-executor-thread-5176#
[PollStageAppStatusExecution] 40222c8a-98bd-4fed-b461-7f2fe6cd77f8 [2025-01-30T17:49:31.875534] Security group rules were updated (STDOUT, CELL)#
#2025 01 30 18:02:52.873#Z#DEBUG#13ea99bf-df34-11ef-846d-eeee0a816fac.mck-portal#flowable-async-job-executor-thread-5176#
[PollStageAppStatusExecution] 40222c8a-98bd-4fed-b461-7f2fe6cd77f8 [2025-01-30T17:49:31.950398] Cell dd7059b6-aa51-49b4-97f9-0302b687b5ba successfully created container for instance 3d0fd661-824f-4c91-5649-9d6d (STDOUT, CELL)#
#2025 01 30 18:02:52.873#Z#DEBUG#13ea99bf-df34-11ef-846d-eeee0a816fac.mck-portal#flowable-async-job-executor-thread-5176#
[PollStageAppStatusExecution] 40222c8a-98bd-4fed-b461-7f2fe6cd77f8 [2025-01-30T17:49:32.225239] Downloading droplet... (STDOUT, CELL)#
#2025 01 30 18:02:52.873#Z#DEBUG#13ea99bf-df34-11ef-846d-eeee0a816fac.mck-portal#flowable-async-job-executor-thread-5176#
[PollStageAppStatusExecution] 40222c8a-98bd-4fed-b461-7f2fe6cd77f8 [2025-01-30T17:49:35.622488] Downloaded droplet (52.5M) (STDOUT, CELL)#
#2025 01 30 18:02:52.874#Z#DEBUG#13ea99bf-df34-11ef-846d-eeee0a816fac.mck-portal#flowable-async-job-executor-thread-5176#
[PollStageAppStatusExecution] 40222c8a-98bd-4fed-b461-7f2fe6cd77f8 [2025-01-30T17:49:35.622637] Starting health monitoring of container (STDOUT, CELL)#
#2025 01 30 18:02:52.874#Z#DEBUG#13ea99bf-df34-11ef-846d-eeee0a816fac.mck-portal#flowable-async-job-executor-thread-5176#
[PollStageAppStatusExecution] 40222c8a-98bd-4fed-b461-7f2fe6cd77f8 [2025-01-30T17:49:35.686337] Invoking pre-start scripts. (STDOUT, APP/PROC/WEB)#
#2025 01 30 18:02:52.874#Z#DEBUG#13ea99bf-df34-11ef-846d-eeee0a816fac.mck-portal#flowable-async-job-executor-thread-5176#
[PollStageAppStatusExecution] 40222c8a-98bd-4fed-b461-7f2fe6cd77f8 [2025-01-30T17:49:35.897649] Invoking start command. (STDOUT, APP/PROC/WEB)#
#2025 01 30 18:02:52.874#Z#DEBUG#13ea99bf-df34-11ef-846d-eeee0a816fac.mck-portal#flowable-async-job-executor-thread-5176#
[PollStageAppStatusExecution] 40222c8a-98bd-4fed-b461-7f2fe6cd77f8 [2025-01-30T17:49:36.221233] > start (STDOUT, APP/PROC/WEB)#
#2025 01 30 18:02:52.874#Z#DEBUG#13ea99bf-df34-11ef-846d-eeee0a816fac.mck-portal#flowable-async-job-executor-thread-5176#
[PollStageAppStatusExecution] 40222c8a-98bd-4fed-b461-7f2fe6cd77f8 [2025-01-30T17:49:36.221262] > node node_modules/@sap/approuter/approuter.js (STDOUT, APP/PROC/WEB)#
#2025 01 30 18:02:52.874#Z#DEBUG#13ea99bf-df34-11ef-846d-eeee0a816fac.mck-portal#flowable-async-job-executor-thread-5176#
[PollStageAppStatusExecution] 40222c8a-98bd-4fed-b461-7f2fe6cd77f8 [2025-01-30T17:49:36.473853] {"written_at":"2025-01-30T17:49:36.471Z","written_ts":1738259376471000000,"csn_component":"-","correlation_id":"-","type":"log","logger":"nodejs-logger","layer":"/LoggingLibrary","level":"warning","container_id":"10.36.192.12","component_type":"application","component_id":"40222c8a-98bd-4fed-b461-7f2fe6cd77f8","component_name":"mck-portal","component_instance":-1,"source_instance":-1,"organization_id":"557795fb-ec02-41f6-b249-2b9c73ac8438","organization_name":"McKesson Corporation_discovery-sunrise","space_id":"2742a945-aac7-4753-a013-50fdd526e1db","space_name":"Datasphere_Dev","context_id":"","msg":"Dynamic log level switching not available"} (STDOUT, APP/PROC/WEB)#
#2025 01 30 18:02:52.874#Z#DEBUG#13ea99bf-df34-11ef-846d-eeee0a816fac.mck-portal#flowable-async-job-executor-thread-5176#
[PollStageAppStatusExecution] 40222c8a-98bd-4fed-b461-7f2fe6cd77f8 [2025-01-30T17:49:36.799883] {"written_at":"2025-01-30T17:49:36.799Z","written_ts":1738259376799000000,"csn_component":"-","correlation_id":"m6jmr34v","type":"log","logger":"nodejs-logger","layer":"/approuter","level":"info","container_id":"10.36.192.12","component_type":"application","component_id":"40222c8a-98bd-4fed-b461-7f2fe6cd77f8","component_name":"mck-portal","component_instance":-1,"source_instance":-1,"organization_id":"557795fb-ec02-41f6-b249-2b9c73ac8438","organization_name":"McKesson Corporation_discovery-sunrise","space_id":"2742a945-aac7-4753-a013-50fdd526e1db","space_name":"Datasphere_Dev","context_id":"m6jmr34v","msg":"Application router version 18.0.3"} (STDOUT, APP/PROC/WEB)#
#2025 01 30 18:02:52.874#Z#DEBUG#13ea99bf-df34-11ef-846d-eeee0a816fac.mck-portal#flowable-async-job-executor-thread-5176#
[PollStageAppStatusExecution] 40222c8a-98bd-4fed-b461-7f2fe6cd77f8 [2025-01-30T17:49:36.802627] {"written_at":"2025-01-30T17:49:36.802Z","written_ts":1738259376802000000,"csn_component":"-","correlation_id":"m6jmr34y","type":"log","logger":"nodejs-logger","layer":"/Configuration","level":"info","container_id":"10.36.192.12","component_type":"application","component_id":"40222c8a-98bd-4fed-b461-7f2fe6cd77f8","component_name":"mck-portal","component_instance":-1,"source_instance":-1,"organization_id":"557795fb-ec02-41f6-b249-2b9c73ac8438","organization_name":"McKesson Corporation_discovery-sunrise","space_id":"2742a945-aac7-4753-a013-50fdd526e1db","space_name":"Datasphere_Dev","context_id":"m6jmr34y","msg":"No COOKIES environment variable"} (STDOUT, APP/PROC/WEB)#
#2025 01 30 18:02:52.874#Z#DEBUG#13ea99bf-df34-11ef-846d-eeee0a816fac.mck-portal#flowable-async-job-executor-thread-5176#
[PollStageAppStatusExecution] 40222c8a-98bd-4fed-b461-7f2fe6cd77f8 [2025-01-30T17:49:36.842880] {"written_at":"2025-01-30T17:49:36.842Z","written_ts":1738259376842000000,"csn_component":"-","correlation_id":"m6jmr34v","type":"log","logger":"nodejs-logger","layer":"/approuter","level":"info","container_id":"10.36.192.12","component_type":"application","component_id":"40222c8a-98bd-4fed-b461-7f2fe6cd77f8","component_name":"mck-portal","component_instance":-1,"source_instance":-1,"organization_id":"557795fb-ec02-41f6-b249-2b9c73ac8438","organization_name":"McKesson Corporation_discovery-sunrise","space_id":"2742a945-aac7-4753-a013-50fdd526e1db","space_name":"Datasphere_Dev","context_id":"m6jmr34v","msg":"Application router is listening on port: 8080"} (STDOUT, APP/PROC/WEB)#
#2025 01 30 18:02:52.874#Z#DEBUG#13ea99bf-df34-11ef-846d-eeee0a816fac.mck-portal#flowable-async-job-executor-thread-5176#
[PollStageAppStatusExecution] 40222c8a-98bd-4fed-b461-7f2fe6cd77f8 [2025-01-30T17:49:38.417196] Container became healthy (STDOUT, CELL)#
#2025 01 30 18:02:52.874#Z#DEBUG#13ea99bf-df34-11ef-846d-eeee0a816fac.mck-portal#flowable-async-job-executor-thread-5176#
[PollStageAppStatusExecution] 40222c8a-98bd-4fed-b461-7f2fe6cd77f8 [2025-01-30T17:49:38.441220] Process became ready with guid 40222c8a-98bd-4fed-b461-7f2fe6cd77f8 payload: {"instance"=>"3d0fd661-824f-4c91-5649-9d6d", "index"=>0, "cell_id"=>"dd7059b6-aa51-49b4-97f9-0302b687b5ba", "ready"=>true, "version"=>"9d00e145-a2e3-4951-b103-8c5f82188f04"} (STDOUT, API)#
#2025 01 30 18:02:52.874#Z#DEBUG#13ea99bf-df34-11ef-846d-eeee0a816fac.mck-portal#flowable-async-job-executor-thread-5176#
[PollStageAppStatusExecution] 40222c8a-98bd-4fed-b461-7f2fe6cd77f8 [2025-01-30T17:50:07.537456] Cell dd7059b6-aa51-49b4-97f9-0302b687b5ba destroying container for instance f1227810-b2b6-4181-49f9-6729 (STDOUT, CELL)#
#2025 01 30 18:02:52.874#Z#DEBUG#13ea99bf-df34-11ef-846d-eeee0a816fac.mck-portal#flowable-async-job-executor-thread-5176#
[PollStageAppStatusExecution] 40222c8a-98bd-4fed-b461-7f2fe6cd77f8 [2025-01-30T17:50:07.684162] Exit status 137 (STDOUT, PROXY)#
#2025 01 30 18:02:52.874#Z#DEBUG#13ea99bf-df34-11ef-846d-eeee0a816fac.mck-portal#flowable-async-job-executor-thread-5176#
[PollStageAppStatusExecution] 40222c8a-98bd-4fed-b461-7f2fe6cd77f8 [2025-01-30T17:50:09.388706] Cell dd7059b6-aa51-49b4-97f9-0302b687b5ba successfully destroyed container for instance f1227810-b2b6-4181-49f9-6729 (STDOUT, CELL)#
#2025 01 30 18:02:52.874#Z#DEBUG#13ea99bf-df34-11ef-846d-eeee0a816fac.mck-portal#flowable-async-job-executor-thread-5176#
[PollStageAppStatusExecution] 40222c8a-98bd-4fed-b461-7f2fe6cd77f8 [2025-01-30T17:53:08.146644] Stopping app with guid 40222c8a-98bd-4fed-b461-7f2fe6cd77f8 (STDOUT, API)#
#2025 01 30 18:02:52.874#Z#DEBUG#13ea99bf-df34-11ef-846d-eeee0a816fac.mck-portal#flowable-async-job-executor-thread-5176#
[PollStageAppStatusExecution] 40222c8a-98bd-4fed-b461-7f2fe6cd77f8 [2025-01-30T17:53:08.203882] Cell dd7059b6-aa51-49b4-97f9-0302b687b5ba stopping instance 3d0fd661-824f-4c91-5649-9d6d (STDOUT, CELL)#
#2025 01 30 18:02:52.874#Z#DEBUG#13ea99bf-df34-11ef-846d-eeee0a816fac.mck-portal#flowable-async-job-executor-thread-5176#
[PollStageAppStatusExecution] 40222c8a-98bd-4fed-b461-7f2fe6cd77f8 [2025-01-30T17:53:08.511774] Starting app with guid 40222c8a-98bd-4fed-b461-7f2fe6cd77f8 (STDOUT, API)#
#2025 01 30 18:02:52.874#Z#DEBUG#13ea99bf-df34-11ef-846d-eeee0a816fac.mck-portal#flowable-async-job-executor-thread-5176#
[PollStageAppStatusExecution] 40222c8a-98bd-4fed-b461-7f2fe6cd77f8 [2025-01-30T17:53:08.686347] Cell 70e401c2-7c6c-4bc5-ae15-095f3d0a8d12 creating container for instance 2a750b84-70fc-4468-6433-7425 (STDOUT, CELL)#
#2025 01 30 18:02:52.874#Z#DEBUG#13ea99bf-df34-11ef-846d-eeee0a816fac.mck-portal#flowable-async-job-executor-thread-5176#
[PollStageAppStatusExecution] 40222c8a-98bd-4fed-b461-7f2fe6cd77f8 [2025-01-30T17:53:09.118121] Security group rules were updated (STDOUT, CELL)#
#2025 01 30 18:02:52.874#Z#DEBUG#13ea99bf-df34-11ef-846d-eeee0a816fac.mck-portal#flowable-async-job-executor-thread-5176#
[PollStageAppStatusExecution] 40222c8a-98bd-4fed-b461-7f2fe6cd77f8 [2025-01-30T17:53:09.184219] Cell 70e401c2-7c6c-4bc5-ae15-095f3d0a8d12 successfully created container for instance 2a750b84-70fc-4468-6433-7425 (STDOUT, CELL)#
#2025 01 30 18:02:52.874#Z#DEBUG#13ea99bf-df34-11ef-846d-eeee0a816fac.mck-portal#flowable-async-job-executor-thread-5176#
[PollStageAppStatusExecution] 40222c8a-98bd-4fed-b461-7f2fe6cd77f8 [2025-01-30T17:53:09.414371] Downloading droplet... (STDOUT, CELL)#
#2025 01 30 18:02:52.874#Z#DEBUG#13ea99bf-df34-11ef-846d-eeee0a816fac.mck-portal#flowable-async-job-executor-thread-5176#
[PollStageAppStatusExecution] 40222c8a-98bd-4fed-b461-7f2fe6cd77f8 [2025-01-30T17:53:12.909236] Downloaded droplet (52.5M) (STDOUT, CELL)#
#2025 01 30 18:02:52.874#Z#DEBUG#13ea99bf-df34-11ef-846d-eeee0a816fac.mck-portal#flowable-async-job-executor-thread-5176#
[PollStageAppStatusExecution] 40222c8a-98bd-4fed-b461-7f2fe6cd77f8 [2025-01-30T17:53:12.909373] Starting health monitoring of container (STDOUT, CELL)#
#2025 01 30 18:02:52.874#Z#DEBUG#13ea99bf-df34-11ef-846d-eeee0a816fac.mck-portal#flowable-async-job-executor-thread-5176#
[PollStageAppStatusExecution] 40222c8a-98bd-4fed-b461-7f2fe6cd77f8 [2025-01-30T17:53:12.981120] Invoking pre-start scripts. (STDOUT, APP/PROC/WEB)#
#2025 01 30 18:02:52.874#Z#DEBUG#13ea99bf-df34-11ef-846d-eeee0a816fac.mck-portal#flowable-async-job-executor-thread-5176#
[PollStageAppStatusExecution] 40222c8a-98bd-4fed-b461-7f2fe6cd77f8 [2025-01-30T17:53:13.194121] Invoking start command. (STDOUT, APP/PROC/WEB)#
#2025 01 30 18:02:52.874#Z#DEBUG#13ea99bf-df34-11ef-846d-eeee0a816fac.mck-portal#flowable-async-job-executor-thread-5176#
[PollStageAppStatusExecution] 40222c8a-98bd-4fed-b461-7f2fe6cd77f8 [2025-01-30T17:53:13.529910] > start (STDOUT, APP/PROC/WEB)#
#2025 01 30 18:02:52.874#Z#DEBUG#13ea99bf-df34-11ef-846d-eeee0a816fac.mck-portal#flowable-async-job-executor-thread-5176#
[PollStageAppStatusExecution] 40222c8a-98bd-4fed-b461-7f2fe6cd77f8 [2025-01-30T17:53:13.529945] > node node_modules/@sap/approuter/approuter.js (STDOUT, APP/PROC/WEB)#
#2025 01 30 18:02:52.874#Z#DEBUG#13ea99bf-df34-11ef-846d-eeee0a816fac.mck-portal#flowable-async-job-executor-thread-5176#
[PollStageAppStatusExecution] 40222c8a-98bd-4fed-b461-7f2fe6cd77f8 [2025-01-30T17:53:13.828402] {"written_at":"2025-01-30T17:53:13.825Z","written_ts":1738259593825000000,"csn_component":"-","correlation_id":"-","type":"log","logger":"nodejs-logger","layer":"/LoggingLibrary","level":"warning","container_id":"10.36.193.11","component_type":"application","component_id":"40222c8a-98bd-4fed-b461-7f2fe6cd77f8","component_name":"mck-portal","component_instance":-1,"source_instance":-1,"organization_id":"557795fb-ec02-41f6-b249-2b9c73ac8438","organization_name":"McKesson Corporation_discovery-sunrise","space_id":"2742a945-aac7-4753-a013-50fdd526e1db","space_name":"Datasphere_Dev","context_id":"","msg":"Dynamic log level switching not available"} (STDOUT, APP/PROC/WEB)#
#2025 01 30 18:02:52.874#Z#DEBUG#13ea99bf-df34-11ef-846d-eeee0a816fac.mck-portal#flowable-async-job-executor-thread-5176#
[PollStageAppStatusExecution] 40222c8a-98bd-4fed-b461-7f2fe6cd77f8 [2025-01-30T17:53:14.225812] {"written_at":"2025-01-30T17:53:14.225Z","written_ts":1738259594225000000,"csn_component":"-","correlation_id":"m6jmvqwh","type":"log","logger":"nodejs-logger","layer":"/approuter","level":"info","container_id":"10.36.193.11","component_type":"application","component_id":"40222c8a-98bd-4fed-b461-7f2fe6cd77f8","component_name":"mck-portal","component_instance":-1,"source_instance":-1,"organization_id":"557795fb-ec02-41f6-b249-2b9c73ac8438","organization_name":"McKesson Corporation_discovery-sunrise","space_id":"2742a945-aac7-4753-a013-50fdd526e1db","space_name":"Datasphere_Dev","context_id":"m6jmvqwh","msg":"Application router version 18.0.3"} (STDOUT, APP/PROC/WEB)#
#2025 01 30 18:02:52.874#Z#DEBUG#13ea99bf-df34-11ef-846d-eeee0a816fac.mck-portal#flowable-async-job-executor-thread-5176#
[PollStageAppStatusExecution] 40222c8a-98bd-4fed-b461-7f2fe6cd77f8 [2025-01-30T17:53:14.228814] {"written_at":"2025-01-30T17:53:14.228Z","written_ts":1738259594228000000,"csn_component":"-","correlation_id":"m6jmvqwk","type":"log","logger":"nodejs-logger","layer":"/Configuration","level":"info","container_id":"10.36.193.11","component_type":"application","component_id":"40222c8a-98bd-4fed-b461-7f2fe6cd77f8","component_name":"mck-portal","component_instance":-1,"source_instance":-1,"organization_id":"557795fb-ec02-41f6-b249-2b9c73ac8438","organization_name":"McKesson Corporation_discovery-sunrise","space_id":"2742a945-aac7-4753-a013-50fdd526e1db","space_name":"Datasphere_Dev","context_id":"m6jmvqwk","msg":"No COOKIES environment variable"} (STDOUT, APP/PROC/WEB)#
#2025 01 30 18:02:52.874#Z#DEBUG#13ea99bf-df34-11ef-846d-eeee0a816fac.mck-portal#flowable-async-job-executor-thread-5176#
[PollStageAppStatusExecution] 40222c8a-98bd-4fed-b461-7f2fe6cd77f8 [2025-01-30T17:53:14.271292] {"written_at":"2025-01-30T17:53:14.270Z","written_ts":1738259594270000000,"csn_component":"-","correlation_id":"m6jmvqwh","type":"log","logger":"nodejs-logger","layer":"/approuter","level":"info","container_id":"10.36.193.11","component_type":"application","component_id":"40222c8a-98bd-4fed-b461-7f2fe6cd77f8","component_name":"mck-portal","component_instance":-1,"source_instance":-1,"organization_id":"557795fb-ec02-41f6-b249-2b9c73ac8438","organization_name":"McKesson Corporation_discovery-sunrise","space_id":"2742a945-aac7-4753-a013-50fdd526e1db","space_name":"Datasphere_Dev","context_id":"m6jmvqwh","msg":"Application router is listening on port: 8080"} (STDOUT, APP/PROC/WEB)#
#2025 01 30 18:02:52.874#Z#DEBUG#13ea99bf-df34-11ef-846d-eeee0a816fac.mck-portal#flowable-async-job-executor-thread-5176#
[PollStageAppStatusExecution] 40222c8a-98bd-4fed-b461-7f2fe6cd77f8 [2025-01-30T17:53:16.011479] Container became healthy (STDOUT, CELL)#
#2025 01 30 18:02:52.874#Z#DEBUG#13ea99bf-df34-11ef-846d-eeee0a816fac.mck-portal#flowable-async-job-executor-thread-5176#
[PollStageAppStatusExecution] 40222c8a-98bd-4fed-b461-7f2fe6cd77f8 [2025-01-30T17:53:16.039094] Process became ready with guid 40222c8a-98bd-4fed-b461-7f2fe6cd77f8 payload: {"instance"=>"2a750b84-70fc-4468-6433-7425", "index"=>0, "cell_id"=>"70e401c2-7c6c-4bc5-ae15-095f3d0a8d12", "ready"=>true, "version"=>"4eac54f9-7c70-4d0e-a3a7-1771ad7bd4fe"} (STDOUT, API)#
#2025 01 30 18:02:52.874#Z#DEBUG#13ea99bf-df34-11ef-846d-eeee0a816fac.mck-portal#flowable-async-job-executor-thread-5176#
[PollStageAppStatusExecution] 40222c8a-98bd-4fed-b461-7f2fe6cd77f8 [2025-01-30T17:54:14.367166] Cell dd7059b6-aa51-49b4-97f9-0302b687b5ba destroying container for instance 3d0fd661-824f-4c91-5649-9d6d (STDOUT, CELL)#
#2025 01 30 18:02:52.874#Z#DEBUG#13ea99bf-df34-11ef-846d-eeee0a816fac.mck-portal#flowable-async-job-executor-thread-5176#
[PollStageAppStatusExecution] 40222c8a-98bd-4fed-b461-7f2fe6cd77f8 [2025-01-30T17:54:14.494228] Exit status 137 (STDOUT, PROXY)#
#2025 01 30 18:02:52.874#Z#DEBUG#13ea99bf-df34-11ef-846d-eeee0a816fac.mck-portal#flowable-async-job-executor-thread-5176#
[PollStageAppStatusExecution] 40222c8a-98bd-4fed-b461-7f2fe6cd77f8 [2025-01-30T17:54:16.185047] Cell dd7059b6-aa51-49b4-97f9-0302b687b5ba successfully destroyed container for instance 3d0fd661-824f-4c91-5649-9d6d (STDOUT, CELL)#
#2025 01 30 18:02:52.874#Z#DEBUG#13ea99bf-df34-11ef-846d-eeee0a816fac.mck-portal#flowable-async-job-executor-thread-5176#
[PollStageAppStatusExecution] 40222c8a-98bd-4fed-b461-7f2fe6cd77f8 [2025-01-30T18:02:33.147840] Uploading app package for app with guid 40222c8a-98bd-4fed-b461-7f2fe6cd77f8 (STDOUT, API)#
#2025 01 30 18:02:52.874#Z#DEBUG#13ea99bf-df34-11ef-846d-eeee0a816fac.mck-portal#flowable-async-job-executor-thread-5176#
[PollStageAppStatusExecution] 40222c8a-98bd-4fed-b461-7f2fe6cd77f8 [2025-01-30T18:02:33.408373] Updated app with guid 40222c8a-98bd-4fed-b461-7f2fe6cd77f8 ({"environment_variables"=>"[PRIVATE DATA HIDDEN]"}) (STDOUT, API)#
#2025 01 30 18:02:52.874#Z#DEBUG#13ea99bf-df34-11ef-846d-eeee0a816fac.mck-portal#flowable-async-job-executor-thread-5176#
[PollStageAppStatusExecution] 40222c8a-98bd-4fed-b461-7f2fe6cd77f8 [2025-01-30T18:02:43.090077] Stopping app with guid 40222c8a-98bd-4fed-b461-7f2fe6cd77f8 (STDOUT, API)#
#2025 01 30 18:02:52.874#Z#DEBUG#13ea99bf-df34-11ef-846d-eeee0a816fac.mck-portal#flowable-async-job-executor-thread-5176#
[PollStageAppStatusExecution] 40222c8a-98bd-4fed-b461-7f2fe6cd77f8 [2025-01-30T18:02:43.143705] Cell 70e401c2-7c6c-4bc5-ae15-095f3d0a8d12 stopping instance 2a750b84-70fc-4468-6433-7425 (STDOUT, CELL)#
#2025 01 30 18:02:52.874#Z#DEBUG#13ea99bf-df34-11ef-846d-eeee0a816fac.mck-portal#flowable-async-job-executor-thread-5176#
[PollStageAppStatusExecution] 40222c8a-98bd-4fed-b461-7f2fe6cd77f8 [2025-01-30T18:02:43.328338] Creating build for app with guid 40222c8a-98bd-4fed-b461-7f2fe6cd77f8 (STDOUT, API)#
#2025 01 30 18:02:52.874#Z#DEBUG#13ea99bf-df34-11ef-846d-eeee0a816fac.mck-portal#flowable-async-job-executor-thread-5176#
[PollStageAppStatusExecution] 40222c8a-98bd-4fed-b461-7f2fe6cd77f8 [2025-01-30T18:02:43.869792] Downloading zero_trust_sidecar_buildpack_1_6... (STDOUT, STG)#
#2025 01 30 18:02:52.874#Z#DEBUG#13ea99bf-df34-11ef-846d-eeee0a816fac.mck-portal#flowable-async-job-executor-thread-5176#
[PollStageAppStatusExecution] 40222c8a-98bd-4fed-b461-7f2fe6cd77f8 [2025-01-30T18:02:43.869796] Downloading java_buildpack... (STDOUT, STG)#
#2025 01 30 18:02:52.874#Z#DEBUG#13ea99bf-df34-11ef-846d-eeee0a816fac.mck-portal#flowable-async-job-executor-thread-5176#
[PollStageAppStatusExecution] 40222c8a-98bd-4fed-b461-7f2fe6cd77f8 [2025-01-30T18:02:43.885399] Downloaded zero_trust_sidecar_buildpack_1_6 (STDOUT, STG)#
#2025 01 30 18:02:52.874#Z#DEBUG#13ea99bf-df34-11ef-846d-eeee0a816fac.mck-portal#flowable-async-job-executor-thread-5176#
[PollStageAppStatusExecution] 40222c8a-98bd-4fed-b461-7f2fe6cd77f8 [2025-01-30T18:02:43.888761] Downloaded java_buildpack (STDOUT, STG)#
#2025 01 30 18:02:52.874#Z#DEBUG#13ea99bf-df34-11ef-846d-eeee0a816fac.mck-portal#flowable-async-job-executor-thread-5176#
[PollStageAppStatusExecution] 40222c8a-98bd-4fed-b461-7f2fe6cd77f8 [2025-01-30T18:02:43.888785] Downloading staticfile_buildpack... (STDOUT, STG)#
#2025 01 30 18:02:52.874#Z#DEBUG#13ea99bf-df34-11ef-846d-eeee0a816fac.mck-portal#flowable-async-job-executor-thread-5176#
[PollStageAppStatusExecution] 40222c8a-98bd-4fed-b461-7f2fe6cd77f8 [2025-01-30T18:02:43.891748] Downloading sap_java_buildpack_1_107... (STDOUT, STG)#
#2025 01 30 18:02:52.874#Z#DEBUG#13ea99bf-df34-11ef-846d-eeee0a816fac.mck-portal#flowable-async-job-executor-thread-5176#
[PollStageAppStatusExecution] 40222c8a-98bd-4fed-b461-7f2fe6cd77f8 [2025-01-30T18:02:43.900819] Downloaded staticfile_buildpack (STDOUT, STG)#
#2025 01 30 18:02:52.874#Z#DEBUG#13ea99bf-df34-11ef-846d-eeee0a816fac.mck-portal#flowable-async-job-executor-thread-5176#
[PollStageAppStatusExecution] 40222c8a-98bd-4fed-b461-7f2fe6cd77f8 [2025-01-30T18:02:43.900836] Downloading nodejs_buildpack... (STDOUT, STG)#
#2025 01 30 18:02:52.874#Z#DEBUG#13ea99bf-df34-11ef-846d-eeee0a816fac.mck-portal#flowable-async-job-executor-thread-5176#
[PollStageAppStatusExecution] 40222c8a-98bd-4fed-b461-7f2fe6cd77f8 [2025-01-30T18:02:43.905833] Downloaded sap_java_buildpack_1_107 (STDOUT, STG)#
#2025 01 30 18:02:52.874#Z#DEBUG#13ea99bf-df34-11ef-846d-eeee0a816fac.mck-portal#flowable-async-job-executor-thread-5176#
[PollStageAppStatusExecution] 40222c8a-98bd-4fed-b461-7f2fe6cd77f8 [2025-01-30T18:02:43.905849] Downloading go_buildpack... (STDOUT, STG)#
#2025 01 30 18:02:52.874#Z#DEBUG#13ea99bf-df34-11ef-846d-eeee0a816fac.mck-portal#flowable-async-job-executor-thread-5176#
[PollStageAppStatusExecution] 40222c8a-98bd-4fed-b461-7f2fe6cd77f8 [2025-01-30T18:02:43.914113] Downloaded nodejs_buildpack (STDOUT, STG)#
#2025 01 30 18:02:52.874#Z#DEBUG#13ea99bf-df34-11ef-846d-eeee0a816fac.mck-portal#flowable-async-job-executor-thread-5176#
[PollStageAppStatusExecution] 40222c8a-98bd-4fed-b461-7f2fe6cd77f8 [2025-01-30T18:02:43.914131] Downloading python_buildpack... (STDOUT, STG)#
#2025 01 30 18:02:52.874#Z#DEBUG#13ea99bf-df34-11ef-846d-eeee0a816fac.mck-portal#flowable-async-job-executor-thread-5176#
[PollStageAppStatusExecution] 40222c8a-98bd-4fed-b461-7f2fe6cd77f8 [2025-01-30T18:02:43.918636] Downloaded go_buildpack (STDOUT, STG)#
#2025 01 30 18:02:52.874#Z#DEBUG#13ea99bf-df34-11ef-846d-eeee0a816fac.mck-portal#flowable-async-job-executor-thread-5176#
[PollStageAppStatusExecution] 40222c8a-98bd-4fed-b461-7f2fe6cd77f8 [2025-01-30T18:02:43.918654] Downloading php_buildpack... (STDOUT, STG)#
#2025 01 30 18:02:52.874#Z#DEBUG#13ea99bf-df34-11ef-846d-eeee0a816fac.mck-portal#flowable-async-job-executor-thread-5176#
[PollStageAppStatusExecution] 40222c8a-98bd-4fed-b461-7f2fe6cd77f8 [2025-01-30T18:02:43.927550] Downloaded python_buildpack (STDOUT, STG)#
#2025 01 30 18:02:52.874#Z#DEBUG#13ea99bf-df34-11ef-846d-eeee0a816fac.mck-portal#flowable-async-job-executor-thread-5176#
[PollStageAppStatusExecution] 40222c8a-98bd-4fed-b461-7f2fe6cd77f8 [2025-01-30T18:02:43.927597] Downloading nginx_buildpack... (STDOUT, STG)#
#2025 01 30 18:02:52.874#Z#DEBUG#13ea99bf-df34-11ef-846d-eeee0a816fac.mck-portal#flowable-async-job-executor-thread-5176#
[PollStageAppStatusExecution] 40222c8a-98bd-4fed-b461-7f2fe6cd77f8 [2025-01-30T18:02:43.934015] Downloaded php_buildpack (STDOUT, STG)#
#2025 01 30 18:02:52.874#Z#DEBUG#13ea99bf-df34-11ef-846d-eeee0a816fac.mck-portal#flowable-async-job-executor-thread-5176#
[PollStageAppStatusExecution] 40222c8a-98bd-4fed-b461-7f2fe6cd77f8 [2025-01-30T18:02:43.934035] Downloading binary_buildpack... (STDOUT, STG)#
#2025 01 30 18:02:52.874#Z#DEBUG#13ea99bf-df34-11ef-846d-eeee0a816fac.mck-portal#flowable-async-job-executor-thread-5176#
[PollStageAppStatusExecution] 40222c8a-98bd-4fed-b461-7f2fe6cd77f8 [2025-01-30T18:02:43.942237] Downloaded nginx_buildpack (STDOUT, STG)#
#2025 01 30 18:02:52.874#Z#DEBUG#13ea99bf-df34-11ef-846d-eeee0a816fac.mck-portal#flowable-async-job-executor-thread-5176#
[PollStageAppStatusExecution] 40222c8a-98bd-4fed-b461-7f2fe6cd77f8 [2025-01-30T18:02:43.942340] Downloading sap_java_buildpack... (STDOUT, STG)#
#2025 01 30 18:02:52.874#Z#DEBUG#13ea99bf-df34-11ef-846d-eeee0a816fac.mck-portal#flowable-async-job-executor-thread-5176#
[PollStageAppStatusExecution] 40222c8a-98bd-4fed-b461-7f2fe6cd77f8 [2025-01-30T18:02:43.946870] Downloaded binary_buildpack (STDOUT, STG)#
#2025 01 30 18:02:52.874#Z#DEBUG#13ea99bf-df34-11ef-846d-eeee0a816fac.mck-portal#flowable-async-job-executor-thread-5176#
[PollStageAppStatusExecution] 40222c8a-98bd-4fed-b461-7f2fe6cd77f8 [2025-01-30T18:02:43.947068] Downloading sap_java_buildpack_1_109... (STDOUT, STG)#
#2025 01 30 18:02:52.874#Z#DEBUG#13ea99bf-df34-11ef-846d-eeee0a816fac.mck-portal#flowable-async-job-executor-thread-5176#
[PollStageAppStatusExecution] 40222c8a-98bd-4fed-b461-7f2fe6cd77f8 [2025-01-30T18:02:43.959914] Downloaded sap_java_buildpack (STDOUT, STG)#
#2025 01 30 18:02:52.874#Z#DEBUG#13ea99bf-df34-11ef-846d-eeee0a816fac.mck-portal#flowable-async-job-executor-thread-5176#
[PollStageAppStatusExecution] 40222c8a-98bd-4fed-b461-7f2fe6cd77f8 [2025-01-30T18:02:43.959949] Downloading sap_java_buildpack_jakarta_2_22... (STDOUT, STG)#
#2025 01 30 18:02:52.874#Z#DEBUG#13ea99bf-df34-11ef-846d-eeee0a816fac.mck-portal#flowable-async-job-executor-thread-5176#
[PollStageAppStatusExecution] 40222c8a-98bd-4fed-b461-7f2fe6cd77f8 [2025-01-30T18:02:43.962740] Downloaded sap_java_buildpack_1_109 (STDOUT, STG)#
#2025 01 30 18:02:52.874#Z#DEBUG#13ea99bf-df34-11ef-846d-eeee0a816fac.mck-portal#flowable-async-job-executor-thread-5176#
[PollStageAppStatusExecution] 40222c8a-98bd-4fed-b461-7f2fe6cd77f8 [2025-01-30T18:02:43.962761] Downloading sap_java_buildpack_1_106... (STDOUT, STG)#
#2025 01 30 18:02:52.874#Z#DEBUG#13ea99bf-df34-11ef-846d-eeee0a816fac.mck-portal#flowable-async-job-executor-thread-5176#
[PollStageAppStatusExecution] 40222c8a-98bd-4fed-b461-7f2fe6cd77f8 [2025-01-30T18:02:43.974614] Downloaded sap_java_buildpack_jakarta_2_22 (STDOUT, STG)#
#2025 01 30 18:02:52.874#Z#DEBUG#13ea99bf-df34-11ef-846d-eeee0a816fac.mck-portal#flowable-async-job-executor-thread-5176#
[PollStageAppStatusExecution] 40222c8a-98bd-4fed-b461-7f2fe6cd77f8 [2025-01-30T18:02:43.974636] Downloading sap_java_buildpack_jakarta... (STDOUT, STG)#
#2025 01 30 18:02:52.874#Z#DEBUG#13ea99bf-df34-11ef-846d-eeee0a816fac.mck-portal#flowable-async-job-executor-thread-5176#
[PollStageAppStatusExecution] 40222c8a-98bd-4fed-b461-7f2fe6cd77f8 [2025-01-30T18:02:43.976996] Downloaded sap_java_buildpack_1_106 (STDOUT, STG)#
#2025 01 30 18:02:52.874#Z#DEBUG#13ea99bf-df34-11ef-846d-eeee0a816fac.mck-portal#flowable-async-job-executor-thread-5176#
[PollStageAppStatusExecution] 40222c8a-98bd-4fed-b461-7f2fe6cd77f8 [2025-01-30T18:02:43.977023] Downloading sap_java_buildpack_jakarta_2_23... (STDOUT, STG)#
#2025 01 30 18:02:52.874#Z#DEBUG#13ea99bf-df34-11ef-846d-eeee0a816fac.mck-portal#flowable-async-job-executor-thread-5176#
[PollStageAppStatusExecution] 40222c8a-98bd-4fed-b461-7f2fe6cd77f8 [2025-01-30T18:02:43.988809] Downloaded sap_java_buildpack_jakarta (STDOUT, STG)#
#2025 01 30 18:02:52.874#Z#DEBUG#13ea99bf-df34-11ef-846d-eeee0a816fac.mck-portal#flowable-async-job-executor-thread-5176#
[PollStageAppStatusExecution] 40222c8a-98bd-4fed-b461-7f2fe6cd77f8 [2025-01-30T18:02:43.988851] Downloading zero_trust_sidecar_buildpack_1_3... (STDOUT, STG)#
#2025 01 30 18:02:52.874#Z#DEBUG#13ea99bf-df34-11ef-846d-eeee0a816fac.mck-portal#flowable-async-job-executor-thread-5176#
[PollStageAppStatusExecution] 40222c8a-98bd-4fed-b461-7f2fe6cd77f8 [2025-01-30T18:02:43.990942] Downloaded sap_java_buildpack_jakarta_2_23 (STDOUT, STG)#
#2025 01 30 18:02:52.874#Z#DEBUG#13ea99bf-df34-11ef-846d-eeee0a816fac.mck-portal#flowable-async-job-executor-thread-5176#
[PollStageAppStatusExecution] 40222c8a-98bd-4fed-b461-7f2fe6cd77f8 [2025-01-30T18:02:43.990979] Downloading sap_java_buildpack_jakarta_2_21... (STDOUT, STG)#
#2025 01 30 18:02:52.874#Z#DEBUG#13ea99bf-df34-11ef-846d-eeee0a816fac.mck-portal#flowable-async-job-executor-thread-5176#
[PollStageAppStatusExecution] 40222c8a-98bd-4fed-b461-7f2fe6cd77f8 [2025-01-30T18:02:44.000300] Downloaded zero_trust_sidecar_buildpack_1_3 (STDOUT, STG)#
#2025 01 30 18:02:52.874#Z#DEBUG#13ea99bf-df34-11ef-846d-eeee0a816fac.mck-portal#flowable-async-job-executor-thread-5176#
[PollStageAppStatusExecution] 40222c8a-98bd-4fed-b461-7f2fe6cd77f8 [2025-01-30T18:02:44.000322] Downloading zero_trust_sidecar_buildpack_1_5... (STDOUT, STG)#
#2025 01 30 18:02:52.874#Z#DEBUG#13ea99bf-df34-11ef-846d-eeee0a816fac.mck-portal#flowable-async-job-executor-thread-5176#
[PollStageAppStatusExecution] 40222c8a-98bd-4fed-b461-7f2fe6cd77f8 [2025-01-30T18:02:44.002077] Downloaded sap_java_buildpack_jakarta_2_21 (STDOUT, STG)#
#2025 01 30 18:02:52.874#Z#DEBUG#13ea99bf-df34-11ef-846d-eeee0a816fac.mck-portal#flowable-async-job-executor-thread-5176#
[PollStageAppStatusExecution] 40222c8a-98bd-4fed-b461-7f2fe6cd77f8 [2025-01-30T18:02:44.002098] Downloading zero_trust_sidecar_buildpack... (STDOUT, STG)#
#2025 01 30 18:02:52.874#Z#DEBUG#13ea99bf-df34-11ef-846d-eeee0a816fac.mck-portal#flowable-async-job-executor-thread-5176#
[PollStageAppStatusExecution] 40222c8a-98bd-4fed-b461-7f2fe6cd77f8 [2025-01-30T18:02:44.012572] Downloaded zero_trust_sidecar_buildpack_1_5 (STDOUT, STG)#
#2025 01 30 18:02:52.874#Z#DEBUG#13ea99bf-df34-11ef-846d-eeee0a816fac.mck-portal#flowable-async-job-executor-thread-5176#
[PollStageAppStatusExecution] 40222c8a-98bd-4fed-b461-7f2fe6cd77f8 [2025-01-30T18:02:44.016381] Downloaded zero_trust_sidecar_buildpack (STDOUT, STG)#
#2025 01 30 18:02:52.874#Z#DEBUG#13ea99bf-df34-11ef-846d-eeee0a816fac.mck-portal#flowable-async-job-executor-thread-5176#
[PollStageAppStatusExecution] 40222c8a-98bd-4fed-b461-7f2fe6cd77f8 [2025-01-30T18:02:44.016472] Cell d9d654c1-cf37-4b08-b136-fdb305cae460 creating container for instance 18697213-a194-4c0f-b99f-9cbbdcc1bdde (STDOUT, STG)#
#2025 01 30 18:02:52.874#Z#DEBUG#13ea99bf-df34-11ef-846d-eeee0a816fac.mck-portal#flowable-async-job-executor-thread-5176#
[PollStageAppStatusExecution] 40222c8a-98bd-4fed-b461-7f2fe6cd77f8 [2025-01-30T18:02:44.465859] Security group rules were updated (STDOUT, STG)#
#2025 01 30 18:02:52.874#Z#DEBUG#13ea99bf-df34-11ef-846d-eeee0a816fac.mck-portal#flowable-async-job-executor-thread-5176#
[PollStageAppStatusExecution] 40222c8a-98bd-4fed-b461-7f2fe6cd77f8 [2025-01-30T18:02:44.535908] Cell d9d654c1-cf37-4b08-b136-fdb305cae460 successfully created container for instance 18697213-a194-4c0f-b99f-9cbbdcc1bdde (STDOUT, STG)#
#2025 01 30 18:02:52.874#Z#DEBUG#13ea99bf-df34-11ef-846d-eeee0a816fac.mck-portal#flowable-async-job-executor-thread-5176#
[PollStageAppStatusExecution] 40222c8a-98bd-4fed-b461-7f2fe6cd77f8 [2025-01-30T18:02:44.768875] Downloading app package... (STDOUT, STG)#
#2025 01 30 18:02:52.874#Z#DEBUG#13ea99bf-df34-11ef-846d-eeee0a816fac.mck-portal#flowable-async-job-executor-thread-5176#
[PollStageAppStatusExecution] 40222c8a-98bd-4fed-b461-7f2fe6cd77f8 [2025-01-30T18:02:44.768875] Downloading build artifacts cache... (STDOUT, STG)#
#2025 01 30 18:02:52.874#Z#DEBUG#13ea99bf-df34-11ef-846d-eeee0a816fac.mck-portal#flowable-async-job-executor-thread-5176#
[PollStageAppStatusExecution] 40222c8a-98bd-4fed-b461-7f2fe6cd77f8 [2025-01-30T18:02:44.792555] Downloaded build artifacts cache (227B) (STDOUT, STG)#
#2025 01 30 18:02:52.874#Z#DEBUG#13ea99bf-df34-11ef-846d-eeee0a816fac.mck-portal#flowable-async-job-executor-thread-5176#
[PollStageAppStatusExecution] 40222c8a-98bd-4fed-b461-7f2fe6cd77f8 [2025-01-30T18:02:45.808950] Downloaded app package (7.6M) (STDOUT, STG)#
#2025 01 30 18:02:52.874#Z#DEBUG#13ea99bf-df34-11ef-846d-eeee0a816fac.mck-portal#flowable-async-job-executor-thread-5176#
[PollStageAppStatusExecution] 40222c8a-98bd-4fed-b461-7f2fe6cd77f8 [2025-01-30T18:02:46.455441] -----> Nodejs Buildpack version 1.8.30 (STDOUT, STG)#
#2025 01 30 18:02:52.874#Z#DEBUG#13ea99bf-df34-11ef-846d-eeee0a816fac.mck-portal#flowable-async-job-executor-thread-5176#
[PollStageAppStatusExecution] 40222c8a-98bd-4fed-b461-7f2fe6cd77f8 [2025-01-30T18:02:46.904456] -----> Bootstrapping python (STDOUT, STG)#
#2025 01 30 18:02:52.874#Z#DEBUG#13ea99bf-df34-11ef-846d-eeee0a816fac.mck-portal#flowable-async-job-executor-thread-5176#
[PollStageAppStatusExecution] 40222c8a-98bd-4fed-b461-7f2fe6cd77f8 [2025-01-30T18:02:46.904475] -----> Installing python 3.11.10 (STDOUT, STG)#
#2025 01 30 18:02:52.874#Z#DEBUG#13ea99bf-df34-11ef-846d-eeee0a816fac.mck-portal#flowable-async-job-executor-thread-5176#
[PollStageAppStatusExecution] 40222c8a-98bd-4fed-b461-7f2fe6cd77f8 [2025-01-30T18:02:46.904618] Copy [/tmp/buildpacks/82589c9a8ddc2533/dependencies/1702ca2a28e126415ac89dabbae15144/python_3.11.10_linux_x64_cflinuxfs4_3bbfe1c5.tgz] (STDOUT, STG)#
#2025 01 30 18:02:52.874#Z#DEBUG#13ea99bf-df34-11ef-846d-eeee0a816fac.mck-portal#flowable-async-job-executor-thread-5176#
[PollStageAppStatusExecution] 40222c8a-98bd-4fed-b461-7f2fe6cd77f8 [2025-01-30T18:02:50.676669] -----> Installing binaries (STDOUT, STG)#
#2025 01 30 18:02:52.874#Z#DEBUG#13ea99bf-df34-11ef-846d-eeee0a816fac.mck-portal#flowable-async-job-executor-thread-5176#
[PollStageAppStatusExecution] 40222c8a-98bd-4fed-b461-7f2fe6cd77f8 [2025-01-30T18:02:50.676714] engines.node (package.json): ^20 (STDOUT, STG)#
#2025 01 30 18:02:52.874#Z#DEBUG#13ea99bf-df34-11ef-846d-eeee0a816fac.mck-portal#flowable-async-job-executor-thread-5176#
[PollStageAppStatusExecution] 40222c8a-98bd-4fed-b461-7f2fe6cd77f8 [2025-01-30T18:02:50.676719] engines.npm (package.json): unspecified (use default) (STDOUT, STG)#
#2025 01 30 18:02:52.874#Z#DEBUG#13ea99bf-df34-11ef-846d-eeee0a816fac.mck-portal#flowable-async-job-executor-thread-5176#
[PollStageAppStatusExecution] 40222c8a-98bd-4fed-b461-7f2fe6cd77f8 [2025-01-30T18:02:50.676876] -----> Installing node 20.18.0 (STDOUT, STG)#
#2025 01 30 18:02:52.874#Z#DEBUG#13ea99bf-df34-11ef-846d-eeee0a816fac.mck-portal#flowable-async-job-executor-thread-5176#
[PollStageAppStatusExecution] 40222c8a-98bd-4fed-b461-7f2fe6cd77f8 [2025-01-30T18:02:50.676968] Copy [/tmp/buildpacks/82589c9a8ddc2533/dependencies/aa0b24acf498179e56ffe08b335562ce/node_20.18.0_linux_x64_cflinuxfs4_db6d7cd8.tgz] (STDOUT, STG)#
#2025 01 30 18:03:02.858#Z#DEBUG#13ea99bf-df34-11ef-846d-eeee0a816fac.mck-portal#flowable-async-job-executor-thread-5381#
[PollStageAppStatusExecution] 40222c8a-98bd-4fed-b461-7f2fe6cd77f8 [2025-01-30T18:02:52.673837] Using default npm version: 10.8.2 (STDOUT, STG)#
#2025 01 30 18:03:02.858#Z#DEBUG#13ea99bf-df34-11ef-846d-eeee0a816fac.mck-portal#flowable-async-job-executor-thread-5381#
[PollStageAppStatusExecution] 40222c8a-98bd-4fed-b461-7f2fe6cd77f8 [2025-01-30T18:02:52.673863] -----> Installing yarn 1.22.19 (STDOUT, STG)#
#2025 01 30 18:03:02.858#Z#DEBUG#13ea99bf-df34-11ef-846d-eeee0a816fac.mck-portal#flowable-async-job-executor-thread-5381#
[PollStageAppStatusExecution] 40222c8a-98bd-4fed-b461-7f2fe6cd77f8 [2025-01-30T18:02:52.673937] Copy [/tmp/buildpacks/82589c9a8ddc2533/dependencies/0f06052381cbcef1593bd279ca3d9458/yarn_1.22.19_linux_noarch_any-stack_32d0e82e.tgz] (STDOUT, STG)#
#2025 01 30 18:03:02.858#Z#DEBUG#13ea99bf-df34-11ef-846d-eeee0a816fac.mck-portal#flowable-async-job-executor-thread-5381#
[PollStageAppStatusExecution] 40222c8a-98bd-4fed-b461-7f2fe6cd77f8 [2025-01-30T18:02:53.004352] Installed yarn 1.22.19 (STDOUT, STG)#
#2025 01 30 18:03:02.858#Z#DEBUG#13ea99bf-df34-11ef-846d-eeee0a816fac.mck-portal#flowable-async-job-executor-thread-5381#
[PollStageAppStatusExecution] 40222c8a-98bd-4fed-b461-7f2fe6cd77f8 [2025-01-30T18:02:53.004392] -----> Creating runtime environment (STDOUT, STG)#
#2025 01 30 18:03:02.858#Z#DEBUG#13ea99bf-df34-11ef-846d-eeee0a816fac.mck-portal#flowable-async-job-executor-thread-5381#
[PollStageAppStatusExecution] 40222c8a-98bd-4fed-b461-7f2fe6cd77f8 [2025-01-30T18:02:53.005953] NODE_ENV=production (STDOUT, STG)#
#2025 01 30 18:03:02.858#Z#DEBUG#13ea99bf-df34-11ef-846d-eeee0a816fac.mck-portal#flowable-async-job-executor-thread-5381#
[PollStageAppStatusExecution] 40222c8a-98bd-4fed-b461-7f2fe6cd77f8 [2025-01-30T18:02:53.005974] NODE_HOME=/tmp/contents2668420401/deps/0/node (STDOUT, STG)#
#2025 01 30 18:03:02.858#Z#DEBUG#13ea99bf-df34-11ef-846d-eeee0a816fac.mck-portal#flowable-async-job-executor-thread-5381#
[PollStageAppStatusExecution] 40222c8a-98bd-4fed-b461-7f2fe6cd77f8 [2025-01-30T18:02:53.005980] NODE_MODULES_CACHE=true (STDOUT, STG)#
#2025 01 30 18:03:02.858#Z#DEBUG#13ea99bf-df34-11ef-846d-eeee0a816fac.mck-portal#flowable-async-job-executor-thread-5381#
[PollStageAppStatusExecution] 40222c8a-98bd-4fed-b461-7f2fe6cd77f8 [2025-01-30T18:02:53.005988] NODE_VERBOSE=false (STDOUT, STG)#
#2025 01 30 18:03:02.858#Z#DEBUG#13ea99bf-df34-11ef-846d-eeee0a816fac.mck-portal#flowable-async-job-executor-thread-5381#
[PollStageAppStatusExecution] 40222c8a-98bd-4fed-b461-7f2fe6cd77f8 [2025-01-30T18:02:53.005992] NPM_CONFIG_LOGLEVEL=error (STDOUT, STG)#
#2025 01 30 18:03:02.858#Z#DEBUG#13ea99bf-df34-11ef-846d-eeee0a816fac.mck-portal#flowable-async-job-executor-thread-5381#
[PollStageAppStatusExecution] 40222c8a-98bd-4fed-b461-7f2fe6cd77f8 [2025-01-30T18:02:53.005997] NPM_CONFIG_PRODUCTION=true (STDOUT, STG)#
#2025 01 30 18:03:02.858#Z#DEBUG#13ea99bf-df34-11ef-846d-eeee0a816fac.mck-portal#flowable-async-job-executor-thread-5381#
[PollStageAppStatusExecution] 40222c8a-98bd-4fed-b461-7f2fe6cd77f8 [2025-01-30T18:02:53.006090] -----> Building dependencies (STDOUT, STG)#
#2025 01 30 18:03:02.858#Z#DEBUG#13ea99bf-df34-11ef-846d-eeee0a816fac.mck-portal#flowable-async-job-executor-thread-5381#
[PollStageAppStatusExecution] 40222c8a-98bd-4fed-b461-7f2fe6cd77f8 [2025-01-30T18:02:53.006104] Prebuild detected (node_modules already exists) (STDOUT, STG)#
#2025 01 30 18:03:02.858#Z#DEBUG#13ea99bf-df34-11ef-846d-eeee0a816fac.mck-portal#flowable-async-job-executor-thread-5381#
[PollStageAppStatusExecution] 40222c8a-98bd-4fed-b461-7f2fe6cd77f8 [2025-01-30T18:02:53.006108] Rebuilding any native modules (STDOUT, STG)#
#2025 01 30 18:03:02.858#Z#DEBUG#13ea99bf-df34-11ef-846d-eeee0a816fac.mck-portal#flowable-async-job-executor-thread-5381#
[PollStageAppStatusExecution] 40222c8a-98bd-4fed-b461-7f2fe6cd77f8 [2025-01-30T18:02:53.693160] rebuilt dependencies successfully (STDOUT, STG)#
#2025 01 30 18:03:02.858#Z#DEBUG#13ea99bf-df34-11ef-846d-eeee0a816fac.mck-portal#flowable-async-job-executor-thread-5381#
[PollStageAppStatusExecution] 40222c8a-98bd-4fed-b461-7f2fe6cd77f8 [2025-01-30T18:02:53.695749] npm notice (STDOUT, STG)#
#2025 01 30 18:03:02.858#Z#DEBUG#13ea99bf-df34-11ef-846d-eeee0a816fac.mck-portal#flowable-async-job-executor-thread-5381#
[PollStageAppStatusExecution] 40222c8a-98bd-4fed-b461-7f2fe6cd77f8 [2025-01-30T18:02:53.695768] npm notice New major version of npm available! 10.8.2 -> 11.1.0 (STDOUT, STG)#
#2025 01 30 18:03:02.858#Z#DEBUG#13ea99bf-df34-11ef-846d-eeee0a816fac.mck-portal#flowable-async-job-executor-thread-5381#
[PollStageAppStatusExecution] 40222c8a-98bd-4fed-b461-7f2fe6cd77f8 [2025-01-30T18:02:53.695774] npm notice Changelog: https://github.com/npm/cli/releases/tag/v11.1.0 (STDOUT, STG)#
#2025 01 30 18:03:02.858#Z#DEBUG#13ea99bf-df34-11ef-846d-eeee0a816fac.mck-portal#flowable-async-job-executor-thread-5381#
[PollStageAppStatusExecution] 40222c8a-98bd-4fed-b461-7f2fe6cd77f8 [2025-01-30T18:02:53.695778] npm notice To update run: npm install -g npm@11.1.0 (STDOUT, STG)#
#2025 01 30 18:03:02.858#Z#DEBUG#13ea99bf-df34-11ef-846d-eeee0a816fac.mck-portal#flowable-async-job-executor-thread-5381#
[PollStageAppStatusExecution] 40222c8a-98bd-4fed-b461-7f2fe6cd77f8 [2025-01-30T18:02:53.695781] npm notice (STDOUT, STG)#
#2025 01 30 18:03:02.858#Z#DEBUG#13ea99bf-df34-11ef-846d-eeee0a816fac.mck-portal#flowable-async-job-executor-thread-5381#
[PollStageAppStatusExecution] 40222c8a-98bd-4fed-b461-7f2fe6cd77f8 [2025-01-30T18:02:53.708846] Installing any new modules (package.json + package-lock.json) (STDOUT, STG)#
#2025 01 30 18:03:02.858#Z#DEBUG#13ea99bf-df34-11ef-846d-eeee0a816fac.mck-portal#flowable-async-job-executor-thread-5381#
[PollStageAppStatusExecution] 40222c8a-98bd-4fed-b461-7f2fe6cd77f8 [2025-01-30T18:02:54.448484] up to date in 655ms (STDOUT, STG)#
#2025 01 30 18:03:02.858#Z#DEBUG#13ea99bf-df34-11ef-846d-eeee0a816fac.mck-portal#flowable-async-job-executor-thread-5381#
[PollStageAppStatusExecution] 40222c8a-98bd-4fed-b461-7f2fe6cd77f8 [2025-01-30T18:02:54.448562] 20 packages are looking for funding (STDOUT, STG)#
#2025 01 30 18:03:02.858#Z#DEBUG#13ea99bf-df34-11ef-846d-eeee0a816fac.mck-portal#flowable-async-job-executor-thread-5381#
[PollStageAppStatusExecution] 40222c8a-98bd-4fed-b461-7f2fe6cd77f8 [2025-01-30T18:02:54.448572] run `npm fund` for details (STDOUT, STG)#
#2025 01 30 18:03:02.858#Z#DEBUG#13ea99bf-df34-11ef-846d-eeee0a816fac.mck-portal#flowable-async-job-executor-thread-5381#
[PollStageAppStatusExecution] 40222c8a-98bd-4fed-b461-7f2fe6cd77f8 [2025-01-30T18:02:55.293699] Contrast Security no credentials found. Will not write environment files. (STDOUT, STG)#
#2025 01 30 18:03:12.917#Z#DEBUG#13ea99bf-df34-11ef-846d-eeee0a816fac.mck-portal#flowable-async-job-executor-thread-5389#
[PollStageAppStatusExecution] 40222c8a-98bd-4fed-b461-7f2fe6cd77f8 [2025-01-30T18:03:04.199799] Exit status 0 (STDOUT, STG)#
#2025 01 30 18:03:12.917#Z#DEBUG#13ea99bf-df34-11ef-846d-eeee0a816fac.mck-portal#flowable-async-job-executor-thread-5389#
[PollStageAppStatusExecution] 40222c8a-98bd-4fed-b461-7f2fe6cd77f8 [2025-01-30T18:03:04.199868] Uploading droplet, build artifacts cache... (STDOUT, STG)#
#2025 01 30 18:03:12.917#Z#DEBUG#13ea99bf-df34-11ef-846d-eeee0a816fac.mck-portal#flowable-async-job-executor-thread-5389#
[PollStageAppStatusExecution] 40222c8a-98bd-4fed-b461-7f2fe6cd77f8 [2025-01-30T18:03:04.199932] Uploading droplet... (STDOUT, STG)#
#2025 01 30 18:03:12.917#Z#DEBUG#13ea99bf-df34-11ef-846d-eeee0a816fac.mck-portal#flowable-async-job-executor-thread-5389#
[PollStageAppStatusExecution] 40222c8a-98bd-4fed-b461-7f2fe6cd77f8 [2025-01-30T18:03:04.200001] Uploading build artifacts cache... (STDOUT, STG)#
#2025 01 30 18:03:12.917#Z#DEBUG#13ea99bf-df34-11ef-846d-eeee0a816fac.mck-portal#flowable-async-job-executor-thread-5389#
[PollStageAppStatusExecution] 40222c8a-98bd-4fed-b461-7f2fe6cd77f8 [2025-01-30T18:03:04.227723] Uploaded build artifacts cache (226B) (STDOUT, STG)#
#2025 01 30 18:03:12.917#Z#DEBUG#13ea99bf-df34-11ef-846d-eeee0a816fac.mck-portal#flowable-async-job-executor-thread-5389#
[PollStageAppStatusExecution] 40222c8a-98bd-4fed-b461-7f2fe6cd77f8 [2025-01-30T18:03:05.135545] Creating droplet for app with guid 40222c8a-98bd-4fed-b461-7f2fe6cd77f8 (STDOUT, API)#
#2025 01 30 18:03:12.917#Z#DEBUG#13ea99bf-df34-11ef-846d-eeee0a816fac.mck-portal#flowable-async-job-executor-thread-5389#
[PollStageAppStatusExecution] 40222c8a-98bd-4fed-b461-7f2fe6cd77f8 [2025-01-30T18:03:06.209747] Uploaded droplet (52.5M) (STDOUT, STG)#
#2025 01 30 18:03:12.917#Z#DEBUG#13ea99bf-df34-11ef-846d-eeee0a816fac.mck-portal#flowable-async-job-executor-thread-5389#
[PollStageAppStatusExecution] 40222c8a-98bd-4fed-b461-7f2fe6cd77f8 [2025-01-30T18:03:06.238213] Uploading complete (STDOUT, STG)#
#2025 01 30 18:03:12.917#Z#DEBUG#13ea99bf-df34-11ef-846d-eeee0a816fac.mck-portal#flowable-async-job-executor-thread-5389#
[PollStageAppStatusExecution] 40222c8a-98bd-4fed-b461-7f2fe6cd77f8 [2025-01-30T18:03:06.660707] Cell d9d654c1-cf37-4b08-b136-fdb305cae460 stopping instance 18697213-a194-4c0f-b99f-9cbbdcc1bdde (STDOUT, STG)#
#2025 01 30 18:03:12.917#Z#DEBUG#13ea99bf-df34-11ef-846d-eeee0a816fac.mck-portal#flowable-async-job-executor-thread-5389#
[PollStageAppStatusExecution] 40222c8a-98bd-4fed-b461-7f2fe6cd77f8 [2025-01-30T18:03:06.660768] Cell d9d654c1-cf37-4b08-b136-fdb305cae460 destroying container for instance 18697213-a194-4c0f-b99f-9cbbdcc1bdde (STDOUT, STG)#
#2025 01 30 18:03:12.917#Z#DEBUG#13ea99bf-df34-11ef-846d-eeee0a816fac.mck-portal#flowable-async-job-executor-thread-5389#
[PollStageAppStatusExecution] 40222c8a-98bd-4fed-b461-7f2fe6cd77f8 [2025-01-30T18:03:08.741874] Cell d9d654c1-cf37-4b08-b136-fdb305cae460 successfully destroyed container for instance 18697213-a194-4c0f-b99f-9cbbdcc1bdde (STDOUT, STG)#
#2025 01 30 18:03:22.975#Z#DEBUG#13ea99bf-df34-11ef-846d-eeee0a816fac.mck-portal#flowable-async-job-executor-thread-5398#
[PollStartAppStatusExecution] 40222c8a-98bd-4fed-b461-7f2fe6cd77f8 [2025-01-30T18:03:12.995730] Updated app with guid 40222c8a-98bd-4fed-b461-7f2fe6cd77f8 ({:droplet_guid=>"a03bad36-822d-4b28-b1f0-2bf060fd69e8"}) (STDOUT, API)#
#2025 01 30 18:03:22.975#Z#DEBUG#13ea99bf-df34-11ef-846d-eeee0a816fac.mck-portal#flowable-async-job-executor-thread-5398#
[PollStartAppStatusExecution] 40222c8a-98bd-4fed-b461-7f2fe6cd77f8 [2025-01-30T18:03:13.342823] Creating revision for app with guid 40222c8a-98bd-4fed-b461-7f2fe6cd77f8 (STDOUT, API)#
#2025 01 30 18:03:22.975#Z#DEBUG#13ea99bf-df34-11ef-846d-eeee0a816fac.mck-portal#flowable-async-job-executor-thread-5398#
[PollStartAppStatusExecution] 40222c8a-98bd-4fed-b461-7f2fe6cd77f8 [2025-01-30T18:03:13.377920] Starting app with guid 40222c8a-98bd-4fed-b461-7f2fe6cd77f8 (STDOUT, API)#
#2025 01 30 18:03:22.975#Z#DEBUG#13ea99bf-df34-11ef-846d-eeee0a816fac.mck-portal#flowable-async-job-executor-thread-5398#
[PollStartAppStatusExecution] 40222c8a-98bd-4fed-b461-7f2fe6cd77f8 [2025-01-30T18:03:13.580602] Cell d9d654c1-cf37-4b08-b136-fdb305cae460 creating container for instance 3b5a8567-a907-4a67-70a0-ab6b (STDOUT, CELL)#
#2025 01 30 18:03:22.975#Z#DEBUG#13ea99bf-df34-11ef-846d-eeee0a816fac.mck-portal#flowable-async-job-executor-thread-5398#
[PollStartAppStatusExecution] 40222c8a-98bd-4fed-b461-7f2fe6cd77f8 [2025-01-30T18:03:13.992920] Security group rules were updated (STDOUT, CELL)#
#2025 01 30 18:03:22.975#Z#DEBUG#13ea99bf-df34-11ef-846d-eeee0a816fac.mck-portal#flowable-async-job-executor-thread-5398#
[PollStartAppStatusExecution] 40222c8a-98bd-4fed-b461-7f2fe6cd77f8 [2025-01-30T18:03:14.041799] Cell d9d654c1-cf37-4b08-b136-fdb305cae460 successfully created container for instance 3b5a8567-a907-4a67-70a0-ab6b (STDOUT, CELL)#
#2025 01 30 18:03:22.975#Z#DEBUG#13ea99bf-df34-11ef-846d-eeee0a816fac.mck-portal#flowable-async-job-executor-thread-5398#
[PollStartAppStatusExecution] 40222c8a-98bd-4fed-b461-7f2fe6cd77f8 [2025-01-30T18:03:14.328266] Downloading droplet... (STDOUT, CELL)#
#2025 01 30 18:03:22.975#Z#DEBUG#13ea99bf-df34-11ef-846d-eeee0a816fac.mck-portal#flowable-async-job-executor-thread-5398#
[PollStartAppStatusExecution] 40222c8a-98bd-4fed-b461-7f2fe6cd77f8 [2025-01-30T18:03:17.864283] Downloaded droplet (52.5M) (STDOUT, CELL)#
#2025 01 30 18:03:22.975#Z#DEBUG#13ea99bf-df34-11ef-846d-eeee0a816fac.mck-portal#flowable-async-job-executor-thread-5398#
[PollStartAppStatusExecution] 40222c8a-98bd-4fed-b461-7f2fe6cd77f8 [2025-01-30T18:03:17.864417] Starting health monitoring of container (STDOUT, CELL)#
#2025 01 30 18:03:22.975#Z#DEBUG#13ea99bf-df34-11ef-846d-eeee0a816fac.mck-portal#flowable-async-job-executor-thread-5398#
[PollStartAppStatusExecution] 40222c8a-98bd-4fed-b461-7f2fe6cd77f8 [2025-01-30T18:03:17.938859] Invoking pre-start scripts. (STDOUT, APP/PROC/WEB)#
#2025 01 30 18:03:22.975#Z#DEBUG#13ea99bf-df34-11ef-846d-eeee0a816fac.mck-portal#flowable-async-job-executor-thread-5398#
[PollStartAppStatusExecution] 40222c8a-98bd-4fed-b461-7f2fe6cd77f8 [2025-01-30T18:03:18.141746] Invoking start command. (STDOUT, APP/PROC/WEB)#
#2025 01 30 18:03:22.975#Z#DEBUG#13ea99bf-df34-11ef-846d-eeee0a816fac.mck-portal#flowable-async-job-executor-thread-5398#
[PollStartAppStatusExecution] 40222c8a-98bd-4fed-b461-7f2fe6cd77f8 [2025-01-30T18:03:18.503634] > start (STDOUT, APP/PROC/WEB)#
#2025 01 30 18:03:22.975#Z#DEBUG#13ea99bf-df34-11ef-846d-eeee0a816fac.mck-portal#flowable-async-job-executor-thread-5398#
[PollStartAppStatusExecution] 40222c8a-98bd-4fed-b461-7f2fe6cd77f8 [2025-01-30T18:03:18.503665] > node node_modules/@sap/approuter/approuter.js (STDOUT, APP/PROC/WEB)#
#2025 01 30 18:03:22.975#Z#DEBUG#13ea99bf-df34-11ef-846d-eeee0a816fac.mck-portal#flowable-async-job-executor-thread-5398#
[PollStartAppStatusExecution] 40222c8a-98bd-4fed-b461-7f2fe6cd77f8 [2025-01-30T18:03:18.756649] {"written_at":"2025-01-30T18:03:18.754Z","written_ts":1738260198754000000,"csn_component":"-","correlation_id":"-","type":"log","logger":"nodejs-logger","layer":"/LoggingLibrary","level":"warning","container_id":"10.36.192.11","component_type":"application","component_id":"40222c8a-98bd-4fed-b461-7f2fe6cd77f8","component_name":"mck-portal","component_instance":-1,"source_instance":-1,"organization_id":"557795fb-ec02-41f6-b249-2b9c73ac8438","organization_name":"McKesson Corporation_discovery-sunrise","space_id":"2742a945-aac7-4753-a013-50fdd526e1db","space_name":"Datasphere_Dev","context_id":"","msg":"Dynamic log level switching not available"} (STDOUT, APP/PROC/WEB)#
#2025 01 30 18:03:22.975#Z#DEBUG#13ea99bf-df34-11ef-846d-eeee0a816fac.mck-portal#flowable-async-job-executor-thread-5398#
[PollStartAppStatusExecution] 40222c8a-98bd-4fed-b461-7f2fe6cd77f8 [2025-01-30T18:03:19.081738] {"written_at":"2025-01-30T18:03:19.081Z","written_ts":1738260199081000000,"csn_component":"-","correlation_id":"m6jn8pm1","type":"log","logger":"nodejs-logger","layer":"/approuter","level":"info","container_id":"10.36.192.11","component_type":"application","component_id":"40222c8a-98bd-4fed-b461-7f2fe6cd77f8","component_name":"mck-portal","component_instance":-1,"source_instance":-1,"organization_id":"557795fb-ec02-41f6-b249-2b9c73ac8438","organization_name":"McKesson Corporation_discovery-sunrise","space_id":"2742a945-aac7-4753-a013-50fdd526e1db","space_name":"Datasphere_Dev","context_id":"m6jn8pm1","msg":"Application router version 18.0.3"} (STDOUT, APP/PROC/WEB)#
#2025 01 30 18:03:22.975#Z#DEBUG#13ea99bf-df34-11ef-846d-eeee0a816fac.mck-portal#flowable-async-job-executor-thread-5398#
[PollStartAppStatusExecution] 40222c8a-98bd-4fed-b461-7f2fe6cd77f8 [2025-01-30T18:03:19.084704] {"written_at":"2025-01-30T18:03:19.084Z","written_ts":1738260199084000000,"csn_component":"-","correlation_id":"m6jn8pm4","type":"log","logger":"nodejs-logger","layer":"/Configuration","level":"info","container_id":"10.36.192.11","component_type":"application","component_id":"40222c8a-98bd-4fed-b461-7f2fe6cd77f8","component_name":"mck-portal","component_instance":-1,"source_instance":-1,"organization_id":"557795fb-ec02-41f6-b249-2b9c73ac8438","organization_name":"McKesson Corporation_discovery-sunrise","space_id":"2742a945-aac7-4753-a013-50fdd526e1db","space_name":"Datasphere_Dev","context_id":"m6jn8pm4","msg":"No COOKIES environment variable"} (STDOUT, APP/PROC/WEB)#
#2025 01 30 18:03:22.975#Z#DEBUG#13ea99bf-df34-11ef-846d-eeee0a816fac.mck-portal#flowable-async-job-executor-thread-5398#
[PollStartAppStatusExecution] 40222c8a-98bd-4fed-b461-7f2fe6cd77f8 [2025-01-30T18:03:19.126073] {"written_at":"2025-01-30T18:03:19.125Z","written_ts":1738260199125000000,"csn_component":"-","correlation_id":"m6jn8pm1","type":"log","logger":"nodejs-logger","layer":"/approuter","level":"info","container_id":"10.36.192.11","component_type":"application","component_id":"40222c8a-98bd-4fed-b461-7f2fe6cd77f8","component_name":"mck-portal","component_instance":-1,"source_instance":-1,"organization_id":"557795fb-ec02-41f6-b249-2b9c73ac8438","organization_name":"McKesson Corporation_discovery-sunrise","space_id":"2742a945-aac7-4753-a013-50fdd526e1db","space_name":"Datasphere_Dev","context_id":"m6jn8pm1","msg":"Application router is listening on port: 8080"} (STDOUT, APP/PROC/WEB)#
#2025 01 30 18:03:22.975#Z#DEBUG#13ea99bf-df34-11ef-846d-eeee0a816fac.mck-portal#flowable-async-job-executor-thread-5398#
[PollStartAppStatusExecution] 40222c8a-98bd-4fed-b461-7f2fe6cd77f8 [2025-01-30T18:03:20.746934] Container became healthy (STDOUT, CELL)#
#2025 01 30 18:03:22.975#Z#DEBUG#13ea99bf-df34-11ef-846d-eeee0a816fac.mck-portal#flowable-async-job-executor-thread-5398#
[PollStartAppStatusExecution] 40222c8a-98bd-4fed-b461-7f2fe6cd77f8 [2025-01-30T18:03:20.773710] Process became ready with guid 40222c8a-98bd-4fed-b461-7f2fe6cd77f8 payload: {"instance"=>"3b5a8567-a907-4a67-70a0-ab6b", "index"=>0, "cell_id"=>"d9d654c1-cf37-4b08-b136-fdb305cae460", "ready"=>true, "version"=>"319b1e8e-c68a-4415-80a7-e318a0174e35"} (STDOUT, API)#
