#2025 07 27 19:56:03.355#Z#DEBUG#7bfd4b5b-6b23-11f0-9e80-eeee0a96e242.mck-portal-srv#flowable-async-job-executor-thread-8865#
[PollStageAppStatusExecution] 4d8f45b0-79dd-4bee-823d-05b0e2a2c48d [2025-07-27T19:55:37.766259] Uploading app package for app with guid 4d8f45b0-79dd-4bee-823d-05b0e2a2c48d (STDOUT, API)#
#2025 07 27 19:56:03.355#Z#DEBUG#7bfd4b5b-6b23-11f0-9e80-eeee0a96e242.mck-portal-srv#flowable-async-job-executor-thread-8865#
[PollStageAppStatusExecution] 4d8f45b0-79dd-4bee-823d-05b0e2a2c48d [2025-07-27T19:55:37.995793] Updated app with guid 4d8f45b0-79dd-4bee-823d-05b0e2a2c48d ({"environment_variables"=>"[PRIVATE DATA HIDDEN]"}) (STDOUT, API)#
#2025 07 27 19:56:03.355#Z#DEBUG#7bfd4b5b-6b23-11f0-9e80-eeee0a96e242.mck-portal-srv#flowable-async-job-executor-thread-8865#
[PollStageAppStatusExecution] 4d8f45b0-79dd-4bee-823d-05b0e2a2c48d [2025-07-27T19:55:53.598220] Stopping app with guid 4d8f45b0-79dd-4bee-823d-05b0e2a2c48d (STDOUT, API)#
#2025 07 27 19:56:03.355#Z#DEBUG#7bfd4b5b-6b23-11f0-9e80-eeee0a96e242.mck-portal-srv#flowable-async-job-executor-thread-8865#
[PollStageAppStatusExecution] 4d8f45b0-79dd-4bee-823d-05b0e2a2c48d [2025-07-27T19:55:53.648386] Cell 6fa37d0b-1b14-4c3f-865c-1f3dd3b44367 stopping instance d6020d9c-f855-42b8-4290-e8d8 (STDOUT, CELL)#
#2025 07 27 19:56:03.355#Z#DEBUG#7bfd4b5b-6b23-11f0-9e80-eeee0a96e242.mck-portal-srv#flowable-async-job-executor-thread-8865#
[PollStageAppStatusExecution] 4d8f45b0-79dd-4bee-823d-05b0e2a2c48d [2025-07-27T19:55:53.846190] Creating build for app with guid 4d8f45b0-79dd-4bee-823d-05b0e2a2c48d (STDOUT, API)#
#2025 07 27 19:56:03.355#Z#DEBUG#7bfd4b5b-6b23-11f0-9e80-eeee0a96e242.mck-portal-srv#flowable-async-job-executor-thread-8865#
[PollStageAppStatusExecution] 4d8f45b0-79dd-4bee-823d-05b0e2a2c48d [2025-07-27T19:55:54.020139] Downloading nodejs_buildpack... (STDOUT, STG)#
#2025 07 27 19:56:03.355#Z#DEBUG#7bfd4b5b-6b23-11f0-9e80-eeee0a96e242.mck-portal-srv#flowable-async-job-executor-thread-8865#
[PollStageAppStatusExecution] 4d8f45b0-79dd-4bee-823d-05b0e2a2c48d [2025-07-27T19:55:54.033217] Downloaded nodejs_buildpack (STDOUT, STG)#
#2025 07 27 19:56:03.355#Z#DEBUG#7bfd4b5b-6b23-11f0-9e80-eeee0a96e242.mck-portal-srv#flowable-async-job-executor-thread-8865#
[PollStageAppStatusExecution] 4d8f45b0-79dd-4bee-823d-05b0e2a2c48d [2025-07-27T19:55:54.033310] Cell 46367b18-ed2b-49f7-b74a-c5e08c8e6c84 creating container for instance 692b2bc3-8316-4152-888a-b945c0cdba12 (STDOUT, STG)#
#2025 07 27 19:56:03.355#Z#DEBUG#7bfd4b5b-6b23-11f0-9e80-eeee0a96e242.mck-portal-srv#flowable-async-job-executor-thread-8865#
[PollStageAppStatusExecution] 4d8f45b0-79dd-4bee-823d-05b0e2a2c48d [2025-07-27T19:55:54.547277] Security group rules were updated (STDOUT, STG)#
#2025 07 27 19:56:03.355#Z#DEBUG#7bfd4b5b-6b23-11f0-9e80-eeee0a96e242.mck-portal-srv#flowable-async-job-executor-thread-8865#
[PollStageAppStatusExecution] 4d8f45b0-79dd-4bee-823d-05b0e2a2c48d [2025-07-27T19:55:54.608625] Cell 46367b18-ed2b-49f7-b74a-c5e08c8e6c84 successfully created container for instance 692b2bc3-8316-4152-888a-b945c0cdba12 (STDOUT, STG)#
#2025 07 27 19:56:03.355#Z#DEBUG#7bfd4b5b-6b23-11f0-9e80-eeee0a96e242.mck-portal-srv#flowable-async-job-executor-thread-8865#
[PollStageAppStatusExecution] 4d8f45b0-79dd-4bee-823d-05b0e2a2c48d [2025-07-27T19:55:55.565780] Downloading app package... (STDOUT, STG)#
#2025 07 27 19:56:03.355#Z#DEBUG#7bfd4b5b-6b23-11f0-9e80-eeee0a96e242.mck-portal-srv#flowable-async-job-executor-thread-8865#
[PollStageAppStatusExecution] 4d8f45b0-79dd-4bee-823d-05b0e2a2c48d [2025-07-27T19:55:55.565815] Downloading build artifacts cache... (STDOUT, STG)#
#2025 07 27 19:56:03.355#Z#DEBUG#7bfd4b5b-6b23-11f0-9e80-eeee0a96e242.mck-portal-srv#flowable-async-job-executor-thread-8865#
[PollStageAppStatusExecution] 4d8f45b0-79dd-4bee-823d-05b0e2a2c48d [2025-07-27T19:55:55.589781] Downloaded build artifacts cache (225B) (STDOUT, STG)#
#2025 07 27 19:56:03.355#Z#DEBUG#7bfd4b5b-6b23-11f0-9e80-eeee0a96e242.mck-portal-srv#flowable-async-job-executor-thread-8865#
[PollStageAppStatusExecution] 4d8f45b0-79dd-4bee-823d-05b0e2a2c48d [2025-07-27T19:55:59.797534] Downloaded app package (75.1M) (STDOUT, STG)#
#2025 07 27 19:56:03.355#Z#DEBUG#7bfd4b5b-6b23-11f0-9e80-eeee0a96e242.mck-portal-srv#flowable-async-job-executor-thread-8865#
[PollStageAppStatusExecution] 4d8f45b0-79dd-4bee-823d-05b0e2a2c48d [2025-07-27T19:55:59.864991] -----> Nodejs Buildpack version 1.8.38 (STDOUT, STG)#
#2025 07 27 19:56:03.355#Z#DEBUG#7bfd4b5b-6b23-11f0-9e80-eeee0a96e242.mck-portal-srv#flowable-async-job-executor-thread-8865#
[PollStageAppStatusExecution] 4d8f45b0-79dd-4bee-823d-05b0e2a2c48d [2025-07-27T19:56:00.727221] -----> Bootstrapping python (STDOUT, STG)#
#2025 07 27 19:56:03.355#Z#DEBUG#7bfd4b5b-6b23-11f0-9e80-eeee0a96e242.mck-portal-srv#flowable-async-job-executor-thread-8865#
[PollStageAppStatusExecution] 4d8f45b0-79dd-4bee-823d-05b0e2a2c48d [2025-07-27T19:56:00.727249] -----> Installing python 3.11.12 (STDOUT, STG)#
#2025 07 27 19:56:03.355#Z#DEBUG#7bfd4b5b-6b23-11f0-9e80-eeee0a96e242.mck-portal-srv#flowable-async-job-executor-thread-8865#
[PollStageAppStatusExecution] 4d8f45b0-79dd-4bee-823d-05b0e2a2c48d [2025-07-27T19:56:00.727270] Copy [/tmp/buildpacks/abd383d29c52aaab/dependencies/3f5f5c003ac7b91f9e1a85daf492f112/python_3.11.12_linux_x64_cflinuxfs4_51adfd88.tgz] (STDOUT, STG)#
#2025 07 27 19:56:13.338#Z#DEBUG#7bfd4b5b-6b23-11f0-9e80-eeee0a96e242.mck-portal-srv#flowable-async-job-executor-thread-8870#
[PollStageAppStatusExecution] 4d8f45b0-79dd-4bee-823d-05b0e2a2c48d [2025-07-27T19:56:04.504231] -----> Installing binaries (STDOUT, STG)#
#2025 07 27 19:56:13.338#Z#DEBUG#7bfd4b5b-6b23-11f0-9e80-eeee0a96e242.mck-portal-srv#flowable-async-job-executor-thread-8870#
[PollStageAppStatusExecution] 4d8f45b0-79dd-4bee-823d-05b0e2a2c48d [2025-07-27T19:56:04.504424] engines.node (package.json): unspecified (STDOUT, STG)#
#2025 07 27 19:56:13.338#Z#DEBUG#7bfd4b5b-6b23-11f0-9e80-eeee0a96e242.mck-portal-srv#flowable-async-job-executor-thread-8870#
[PollStageAppStatusExecution] 4d8f45b0-79dd-4bee-823d-05b0e2a2c48d [2025-07-27T19:56:04.504443] engines.npm (package.json): unspecified (use default) (STDOUT, STG)#
#2025 07 27 19:56:13.338#Z#DEBUG#7bfd4b5b-6b23-11f0-9e80-eeee0a96e242.mck-portal-srv#flowable-async-job-executor-thread-8870#
[PollStageAppStatusExecution] 4d8f45b0-79dd-4bee-823d-05b0e2a2c48d [2025-07-27T19:56:04.504450] [31;1m**WARNING**[0m Node version not specified in package.json or .nvmrc. See: http://docs.cloudfoundry.org/buildpacks/node/node-tips.html (STDOUT, STG)#
#2025 07 27 19:56:13.338#Z#DEBUG#7bfd4b5b-6b23-11f0-9e80-eeee0a96e242.mck-portal-srv#flowable-async-job-executor-thread-8870#
[PollStageAppStatusExecution] 4d8f45b0-79dd-4bee-823d-05b0e2a2c48d [2025-07-27T19:56:04.504504] -----> Installing node 22.16.0 (STDOUT, STG)#
#2025 07 27 19:56:13.338#Z#DEBUG#7bfd4b5b-6b23-11f0-9e80-eeee0a96e242.mck-portal-srv#flowable-async-job-executor-thread-8870#
[PollStageAppStatusExecution] 4d8f45b0-79dd-4bee-823d-05b0e2a2c48d [2025-07-27T19:56:04.504818] Copy [/tmp/buildpacks/abd383d29c52aaab/dependencies/0a5b2807f2f20788823b197d52c24f05/node_22.16.0_linux_x64_cflinuxfs4_13829c62.tgz] (STDOUT, STG)#
#2025 07 27 19:56:13.338#Z#DEBUG#7bfd4b5b-6b23-11f0-9e80-eeee0a96e242.mck-portal-srv#flowable-async-job-executor-thread-8870#
[PollStageAppStatusExecution] 4d8f45b0-79dd-4bee-823d-05b0e2a2c48d [2025-07-27T19:56:06.723751] Using default npm version: 10.9.2 (STDOUT, STG)#
#2025 07 27 19:56:13.338#Z#DEBUG#7bfd4b5b-6b23-11f0-9e80-eeee0a96e242.mck-portal-srv#flowable-async-job-executor-thread-8870#
[PollStageAppStatusExecution] 4d8f45b0-79dd-4bee-823d-05b0e2a2c48d [2025-07-27T19:56:06.723791] -----> Installing yarn 1.22.22 (STDOUT, STG)#
#2025 07 27 19:56:13.338#Z#DEBUG#7bfd4b5b-6b23-11f0-9e80-eeee0a96e242.mck-portal-srv#flowable-async-job-executor-thread-8870#
[PollStageAppStatusExecution] 4d8f45b0-79dd-4bee-823d-05b0e2a2c48d [2025-07-27T19:56:06.723824] Copy [/tmp/buildpacks/abd383d29c52aaab/dependencies/ff849eb7696d3a7f463752a272c9a88e/yarn_1.22.22_linux_noarch_any-stack_83bda680.tgz] (STDOUT, STG)#
#2025 07 27 19:56:13.338#Z#DEBUG#7bfd4b5b-6b23-11f0-9e80-eeee0a96e242.mck-portal-srv#flowable-async-job-executor-thread-8870#
[PollStageAppStatusExecution] 4d8f45b0-79dd-4bee-823d-05b0e2a2c48d [2025-07-27T19:56:07.039824] Installed yarn 1.22.22 (STDOUT, STG)#
#2025 07 27 19:56:13.338#Z#DEBUG#7bfd4b5b-6b23-11f0-9e80-eeee0a96e242.mck-portal-srv#flowable-async-job-executor-thread-8870#
[PollStageAppStatusExecution] 4d8f45b0-79dd-4bee-823d-05b0e2a2c48d [2025-07-27T19:56:07.039858] -----> Creating runtime environment (STDOUT, STG)#
#2025 07 27 19:56:13.338#Z#DEBUG#7bfd4b5b-6b23-11f0-9e80-eeee0a96e242.mck-portal-srv#flowable-async-job-executor-thread-8870#
[PollStageAppStatusExecution] 4d8f45b0-79dd-4bee-823d-05b0e2a2c48d [2025-07-27T19:56:07.041461] NODE_ENV=production (STDOUT, STG)#
#2025 07 27 19:56:13.338#Z#DEBUG#7bfd4b5b-6b23-11f0-9e80-eeee0a96e242.mck-portal-srv#flowable-async-job-executor-thread-8870#
[PollStageAppStatusExecution] 4d8f45b0-79dd-4bee-823d-05b0e2a2c48d [2025-07-27T19:56:07.041512] NODE_HOME=/tmp/contents1086027111/deps/0/node (STDOUT, STG)#
#2025 07 27 19:56:13.338#Z#DEBUG#7bfd4b5b-6b23-11f0-9e80-eeee0a96e242.mck-portal-srv#flowable-async-job-executor-thread-8870#
[PollStageAppStatusExecution] 4d8f45b0-79dd-4bee-823d-05b0e2a2c48d [2025-07-27T19:56:07.041517] NODE_MODULES_CACHE=true (STDOUT, STG)#
#2025 07 27 19:56:13.338#Z#DEBUG#7bfd4b5b-6b23-11f0-9e80-eeee0a96e242.mck-portal-srv#flowable-async-job-executor-thread-8870#
[PollStageAppStatusExecution] 4d8f45b0-79dd-4bee-823d-05b0e2a2c48d [2025-07-27T19:56:07.041525] NODE_VERBOSE=false (STDOUT, STG)#
#2025 07 27 19:56:13.338#Z#DEBUG#7bfd4b5b-6b23-11f0-9e80-eeee0a96e242.mck-portal-srv#flowable-async-job-executor-thread-8870#
[PollStageAppStatusExecution] 4d8f45b0-79dd-4bee-823d-05b0e2a2c48d [2025-07-27T19:56:07.041528] NPM_CONFIG_LOGLEVEL=error (STDOUT, STG)#
#2025 07 27 19:56:13.338#Z#DEBUG#7bfd4b5b-6b23-11f0-9e80-eeee0a96e242.mck-portal-srv#flowable-async-job-executor-thread-8870#
[PollStageAppStatusExecution] 4d8f45b0-79dd-4bee-823d-05b0e2a2c48d [2025-07-27T19:56:07.041533] NPM_CONFIG_PRODUCTION=true (STDOUT, STG)#
#2025 07 27 19:56:13.338#Z#DEBUG#7bfd4b5b-6b23-11f0-9e80-eeee0a96e242.mck-portal-srv#flowable-async-job-executor-thread-8870#
[PollStageAppStatusExecution] 4d8f45b0-79dd-4bee-823d-05b0e2a2c48d [2025-07-27T19:56:07.041540] -----> Building dependencies (STDOUT, STG)#
#2025 07 27 19:56:13.338#Z#DEBUG#7bfd4b5b-6b23-11f0-9e80-eeee0a96e242.mck-portal-srv#flowable-async-job-executor-thread-8870#
[PollStageAppStatusExecution] 4d8f45b0-79dd-4bee-823d-05b0e2a2c48d [2025-07-27T19:56:07.041543] Prebuild detected (node_modules already exists) (STDOUT, STG)#
#2025 07 27 19:56:13.338#Z#DEBUG#7bfd4b5b-6b23-11f0-9e80-eeee0a96e242.mck-portal-srv#flowable-async-job-executor-thread-8870#
[PollStageAppStatusExecution] 4d8f45b0-79dd-4bee-823d-05b0e2a2c48d [2025-07-27T19:56:07.041560] Rebuilding any native modules (STDOUT, STG)#
#2025 07 27 19:56:13.338#Z#DEBUG#7bfd4b5b-6b23-11f0-9e80-eeee0a96e242.mck-portal-srv#flowable-async-job-executor-thread-8870#
[PollStageAppStatusExecution] 4d8f45b0-79dd-4bee-823d-05b0e2a2c48d [2025-07-27T19:56:07.914827] rebuilt dependencies successfully (STDOUT, STG)#
#2025 07 27 19:56:13.338#Z#DEBUG#7bfd4b5b-6b23-11f0-9e80-eeee0a96e242.mck-portal-srv#flowable-async-job-executor-thread-8870#
[PollStageAppStatusExecution] 4d8f45b0-79dd-4bee-823d-05b0e2a2c48d [2025-07-27T19:56:07.915700] npm notice (STDOUT, STG)#
#2025 07 27 19:56:13.338#Z#DEBUG#7bfd4b5b-6b23-11f0-9e80-eeee0a96e242.mck-portal-srv#flowable-async-job-executor-thread-8870#
[PollStageAppStatusExecution] 4d8f45b0-79dd-4bee-823d-05b0e2a2c48d [2025-07-27T19:56:07.915719] npm notice New major version of npm available! 10.9.2 -> 11.5.1 (STDOUT, STG)#
#2025 07 27 19:56:13.338#Z#DEBUG#7bfd4b5b-6b23-11f0-9e80-eeee0a96e242.mck-portal-srv#flowable-async-job-executor-thread-8870#
[PollStageAppStatusExecution] 4d8f45b0-79dd-4bee-823d-05b0e2a2c48d [2025-07-27T19:56:07.915723] npm notice Changelog: https://github.com/npm/cli/releases/tag/v11.5.1 (STDOUT, STG)#
#2025 07 27 19:56:13.338#Z#DEBUG#7bfd4b5b-6b23-11f0-9e80-eeee0a96e242.mck-portal-srv#flowable-async-job-executor-thread-8870#
[PollStageAppStatusExecution] 4d8f45b0-79dd-4bee-823d-05b0e2a2c48d [2025-07-27T19:56:07.915727] npm notice To update run: npm install -g npm@11.5.1 (STDOUT, STG)#
#2025 07 27 19:56:13.338#Z#DEBUG#7bfd4b5b-6b23-11f0-9e80-eeee0a96e242.mck-portal-srv#flowable-async-job-executor-thread-8870#
[PollStageAppStatusExecution] 4d8f45b0-79dd-4bee-823d-05b0e2a2c48d [2025-07-27T19:56:07.915733] npm notice (STDOUT, STG)#
#2025 07 27 19:56:13.338#Z#DEBUG#7bfd4b5b-6b23-11f0-9e80-eeee0a96e242.mck-portal-srv#flowable-async-job-executor-thread-8870#
[PollStageAppStatusExecution] 4d8f45b0-79dd-4bee-823d-05b0e2a2c48d [2025-07-27T19:56:07.982549] Installing any new modules (package.json + package-lock.json) (STDOUT, STG)#
#2025 07 27 19:56:13.338#Z#DEBUG#7bfd4b5b-6b23-11f0-9e80-eeee0a96e242.mck-portal-srv#flowable-async-job-executor-thread-8870#
[PollStageAppStatusExecution] 4d8f45b0-79dd-4bee-823d-05b0e2a2c48d [2025-07-27T19:56:09.428121] up to date in 1s (STDOUT, STG)#
#2025 07 27 19:56:13.338#Z#DEBUG#7bfd4b5b-6b23-11f0-9e80-eeee0a96e242.mck-portal-srv#flowable-async-job-executor-thread-8870#
[PollStageAppStatusExecution] 4d8f45b0-79dd-4bee-823d-05b0e2a2c48d [2025-07-27T19:56:09.428276] 25 packages are looking for funding (STDOUT, STG)#
#2025 07 27 19:56:13.338#Z#DEBUG#7bfd4b5b-6b23-11f0-9e80-eeee0a96e242.mck-portal-srv#flowable-async-job-executor-thread-8870#
[PollStageAppStatusExecution] 4d8f45b0-79dd-4bee-823d-05b0e2a2c48d [2025-07-27T19:56:09.428301] run `npm fund` for details (STDOUT, STG)#
#2025 07 27 19:56:13.338#Z#DEBUG#7bfd4b5b-6b23-11f0-9e80-eeee0a96e242.mck-portal-srv#flowable-async-job-executor-thread-8870#
[PollStageAppStatusExecution] 4d8f45b0-79dd-4bee-823d-05b0e2a2c48d [2025-07-27T19:56:10.803208] Contrast Security no credentials found. Will not write environment files. (STDOUT, STG)#
#2025 07 27 19:56:33.416#Z#DEBUG#7bfd4b5b-6b23-11f0-9e80-eeee0a96e242.mck-portal-srv#flowable-async-job-executor-thread-8881#
[PollStageAppStatusExecution] 4d8f45b0-79dd-4bee-823d-05b0e2a2c48d [2025-07-27T19:56:30.720911] Exit status 0 (STDOUT, STG)#
#2025 07 27 19:56:33.416#Z#DEBUG#7bfd4b5b-6b23-11f0-9e80-eeee0a96e242.mck-portal-srv#flowable-async-job-executor-thread-8881#
[PollStageAppStatusExecution] 4d8f45b0-79dd-4bee-823d-05b0e2a2c48d [2025-07-27T19:56:30.720983] Uploading droplet, build artifacts cache... (STDOUT, STG)#
#2025 07 27 19:56:33.416#Z#DEBUG#7bfd4b5b-6b23-11f0-9e80-eeee0a96e242.mck-portal-srv#flowable-async-job-executor-thread-8881#
[PollStageAppStatusExecution] 4d8f45b0-79dd-4bee-823d-05b0e2a2c48d [2025-07-27T19:56:30.721039] Uploading droplet... (STDOUT, STG)#
#2025 07 27 19:56:33.416#Z#DEBUG#7bfd4b5b-6b23-11f0-9e80-eeee0a96e242.mck-portal-srv#flowable-async-job-executor-thread-8881#
[PollStageAppStatusExecution] 4d8f45b0-79dd-4bee-823d-05b0e2a2c48d [2025-07-27T19:56:30.721088] Uploading build artifacts cache... (STDOUT, STG)#
#2025 07 27 19:56:33.416#Z#DEBUG#7bfd4b5b-6b23-11f0-9e80-eeee0a96e242.mck-portal-srv#flowable-async-job-executor-thread-8881#
[PollStageAppStatusExecution] 4d8f45b0-79dd-4bee-823d-05b0e2a2c48d [2025-07-27T19:56:30.749413] Uploaded build artifacts cache (227B) (STDOUT, STG)#
#2025 07 27 19:56:43.441#Z#DEBUG#7bfd4b5b-6b23-11f0-9e80-eeee0a96e242.mck-portal-srv#flowable-async-job-executor-thread-8889#
[PollStageAppStatusExecution] 4d8f45b0-79dd-4bee-823d-05b0e2a2c48d [2025-07-27T19:56:33.003396] Creating droplet for app with guid 4d8f45b0-79dd-4bee-823d-05b0e2a2c48d (STDOUT, API)#
#2025 07 27 19:56:43.441#Z#DEBUG#7bfd4b5b-6b23-11f0-9e80-eeee0a96e242.mck-portal-srv#flowable-async-job-executor-thread-8889#
[PollStageAppStatusExecution] 4d8f45b0-79dd-4bee-823d-05b0e2a2c48d [2025-07-27T19:56:39.146843] Uploaded droplet (125.6M) (STDOUT, STG)#
#2025 07 27 19:56:43.441#Z#DEBUG#7bfd4b5b-6b23-11f0-9e80-eeee0a96e242.mck-portal-srv#flowable-async-job-executor-thread-8889#
[PollStageAppStatusExecution] 4d8f45b0-79dd-4bee-823d-05b0e2a2c48d [2025-07-27T19:56:39.189417] Uploading complete (STDOUT, STG)#
#2025 07 27 19:56:43.441#Z#DEBUG#7bfd4b5b-6b23-11f0-9e80-eeee0a96e242.mck-portal-srv#flowable-async-job-executor-thread-8889#
[PollStageAppStatusExecution] 4d8f45b0-79dd-4bee-823d-05b0e2a2c48d [2025-07-27T19:56:39.591869] Cell 46367b18-ed2b-49f7-b74a-c5e08c8e6c84 stopping instance 692b2bc3-8316-4152-888a-b945c0cdba12 (STDOUT, STG)#
#2025 07 27 19:56:43.441#Z#DEBUG#7bfd4b5b-6b23-11f0-9e80-eeee0a96e242.mck-portal-srv#flowable-async-job-executor-thread-8889#
[PollStageAppStatusExecution] 4d8f45b0-79dd-4bee-823d-05b0e2a2c48d [2025-07-27T19:56:39.591922] Cell 46367b18-ed2b-49f7-b74a-c5e08c8e6c84 destroying container for instance 692b2bc3-8316-4152-888a-b945c0cdba12 (STDOUT, STG)#
#2025 07 27 19:56:43.441#Z#DEBUG#7bfd4b5b-6b23-11f0-9e80-eeee0a96e242.mck-portal-srv#flowable-async-job-executor-thread-8889#
[PollStageAppStatusExecution] 4d8f45b0-79dd-4bee-823d-05b0e2a2c48d [2025-07-27T19:56:42.383158] Cell 46367b18-ed2b-49f7-b74a-c5e08c8e6c84 successfully destroyed container for instance 692b2bc3-8316-4152-888a-b945c0cdba12 (STDOUT, STG)#
#2025 07 27 19:56:53.511#Z#DEBUG#7bfd4b5b-6b23-11f0-9e80-eeee0a96e242.mck-portal-srv#flowable-async-job-executor-thread-8892#
[PollStartAppStatusExecution] 4d8f45b0-79dd-4bee-823d-05b0e2a2c48d [2025-07-27T19:56:43.523046] Updated app with guid 4d8f45b0-79dd-4bee-823d-05b0e2a2c48d ({:droplet_guid=>"912bdca4-5cc9-4986-a788-f25966de7896"}) (STDOUT, API)#
#2025 07 27 19:56:53.511#Z#DEBUG#7bfd4b5b-6b23-11f0-9e80-eeee0a96e242.mck-portal-srv#flowable-async-job-executor-thread-8892#
[PollStartAppStatusExecution] 4d8f45b0-79dd-4bee-823d-05b0e2a2c48d [2025-07-27T19:56:43.808786] Creating revision for app with guid 4d8f45b0-79dd-4bee-823d-05b0e2a2c48d (STDOUT, API)#
#2025 07 27 19:56:53.511#Z#DEBUG#7bfd4b5b-6b23-11f0-9e80-eeee0a96e242.mck-portal-srv#flowable-async-job-executor-thread-8892#
[PollStartAppStatusExecution] 4d8f45b0-79dd-4bee-823d-05b0e2a2c48d [2025-07-27T19:56:43.843033] Starting app with guid 4d8f45b0-79dd-4bee-823d-05b0e2a2c48d (STDOUT, API)#
#2025 07 27 19:56:53.511#Z#DEBUG#7bfd4b5b-6b23-11f0-9e80-eeee0a96e242.mck-portal-srv#flowable-async-job-executor-thread-8892#
[PollStartAppStatusExecution] 4d8f45b0-79dd-4bee-823d-05b0e2a2c48d [2025-07-27T19:56:44.040213] Cell 34d00ca7-c233-4869-a099-f51bb1fd188d creating container for instance d583392f-9ae0-4d65-4338-b3d9 (STDOUT, CELL)#
#2025 07 27 19:56:53.511#Z#DEBUG#7bfd4b5b-6b23-11f0-9e80-eeee0a96e242.mck-portal-srv#flowable-async-job-executor-thread-8892#
[PollStartAppStatusExecution] 4d8f45b0-79dd-4bee-823d-05b0e2a2c48d [2025-07-27T19:56:44.385659] Security group rules were updated (STDOUT, CELL)#
#2025 07 27 19:56:53.511#Z#DEBUG#7bfd4b5b-6b23-11f0-9e80-eeee0a96e242.mck-portal-srv#flowable-async-job-executor-thread-8892#
[PollStartAppStatusExecution] 4d8f45b0-79dd-4bee-823d-05b0e2a2c48d [2025-07-27T19:56:44.448502] Cell 34d00ca7-c233-4869-a099-f51bb1fd188d successfully created container for instance d583392f-9ae0-4d65-4338-b3d9 (STDOUT, CELL)#
#2025 07 27 19:56:53.511#Z#DEBUG#7bfd4b5b-6b23-11f0-9e80-eeee0a96e242.mck-portal-srv#flowable-async-job-executor-thread-8892#
[PollStartAppStatusExecution] 4d8f45b0-79dd-4bee-823d-05b0e2a2c48d [2025-07-27T19:56:44.806456] Downloading droplet... (STDOUT, CELL)#
#2025 07 27 19:56:53.511#Z#DEBUG#7bfd4b5b-6b23-11f0-9e80-eeee0a96e242.mck-portal-srv#flowable-async-job-executor-thread-8892#
[PollStartAppStatusExecution] 4d8f45b0-79dd-4bee-823d-05b0e2a2c48d [2025-07-27T19:56:51.073671] Downloaded droplet (125.6M) (STDOUT, CELL)#
#2025 07 27 19:56:53.511#Z#DEBUG#7bfd4b5b-6b23-11f0-9e80-eeee0a96e242.mck-portal-srv#flowable-async-job-executor-thread-8892#
[PollStartAppStatusExecution] 4d8f45b0-79dd-4bee-823d-05b0e2a2c48d [2025-07-27T19:56:51.073771] Starting health monitoring of container (STDOUT, CELL)#
#2025 07 27 19:56:53.511#Z#DEBUG#7bfd4b5b-6b23-11f0-9e80-eeee0a96e242.mck-portal-srv#flowable-async-job-executor-thread-8892#
[PollStartAppStatusExecution] 4d8f45b0-79dd-4bee-823d-05b0e2a2c48d [2025-07-27T19:56:51.130387] Invoking pre-start scripts. (STDOUT, APP/PROC/WEB)#
#2025 07 27 19:56:53.511#Z#DEBUG#7bfd4b5b-6b23-11f0-9e80-eeee0a96e242.mck-portal-srv#flowable-async-job-executor-thread-8892#
[PollStartAppStatusExecution] 4d8f45b0-79dd-4bee-823d-05b0e2a2c48d [2025-07-27T19:56:51.298436] Invoking start command. (STDOUT, APP/PROC/WEB)#
#2025 07 27 19:56:53.511#Z#DEBUG#7bfd4b5b-6b23-11f0-9e80-eeee0a96e242.mck-portal-srv#flowable-async-job-executor-thread-8892#
[PollStartAppStatusExecution] 4d8f45b0-79dd-4bee-823d-05b0e2a2c48d [2025-07-27T19:56:51.649676] > mck-portal@1.0.0 start (STDOUT, APP/PROC/WEB)#
#2025 07 27 19:56:53.511#Z#DEBUG#7bfd4b5b-6b23-11f0-9e80-eeee0a96e242.mck-portal-srv#flowable-async-job-executor-thread-8892#
[PollStartAppStatusExecution] 4d8f45b0-79dd-4bee-823d-05b0e2a2c48d [2025-07-27T19:56:51.649694] > cds-serve (STDOUT, APP/PROC/WEB)#
#2025 07 27 19:56:53.511#Z#DEBUG#7bfd4b5b-6b23-11f0-9e80-eeee0a96e242.mck-portal-srv#flowable-async-job-executor-thread-8892#
[PollStartAppStatusExecution] 4d8f45b0-79dd-4bee-823d-05b0e2a2c48d [2025-07-27T19:56:51.846803] [cds] - loading server from { file: 'srv/server.js' } (STDOUT, APP/PROC/WEB)#
#2025 07 27 19:56:53.511#Z#DEBUG#7bfd4b5b-6b23-11f0-9e80-eeee0a96e242.mck-portal-srv#flowable-async-job-executor-thread-8892#
[PollStartAppStatusExecution] 4d8f45b0-79dd-4bee-823d-05b0e2a2c48d [2025-07-27T19:56:51.878127] CAP is Starting..... (STDOUT, APP/PROC/WEB)#
#2025 07 27 19:56:53.511#Z#DEBUG#7bfd4b5b-6b23-11f0-9e80-eeee0a96e242.mck-portal-srv#flowable-async-job-executor-thread-8892#
[PollStartAppStatusExecution] 4d8f45b0-79dd-4bee-823d-05b0e2a2c48d [2025-07-27T19:56:51.995167] Error calling updateMediaFile in bootstrap: TypeError: Cannot destructure property 'MediaFile' of 'cds.entities' as it is undefined. (STDERR, APP/PROC/WEB)#
#2025 07 27 19:56:53.511#Z#DEBUG#7bfd4b5b-6b23-11f0-9e80-eeee0a96e242.mck-portal-srv#flowable-async-job-executor-thread-8892#
[PollStartAppStatusExecution] 4d8f45b0-79dd-4bee-823d-05b0e2a2c48d [2025-07-27T19:56:51.995180] at updateMediaFile (/home/vcap/app/srv/server.js:11:13) (STDERR, APP/PROC/WEB)#
#2025 07 27 19:56:53.511#Z#DEBUG#7bfd4b5b-6b23-11f0-9e80-eeee0a96e242.mck-portal-srv#flowable-async-job-executor-thread-8892#
[PollStartAppStatusExecution] 4d8f45b0-79dd-4bee-823d-05b0e2a2c48d [2025-07-27T19:56:51.995184] at cds.<anonymous> (/home/vcap/app/srv/server.js:165:15) (STDERR, APP/PROC/WEB)#
#2025 07 27 19:56:53.511#Z#DEBUG#7bfd4b5b-6b23-11f0-9e80-eeee0a96e242.mck-portal-srv#flowable-async-job-executor-thread-8892#
[PollStartAppStatusExecution] 4d8f45b0-79dd-4bee-823d-05b0e2a2c48d [2025-07-27T19:56:51.995188] at cds.emit (node:events:530:35) (STDERR, APP/PROC/WEB)#
#2025 07 27 19:56:53.511#Z#DEBUG#7bfd4b5b-6b23-11f0-9e80-eeee0a96e242.mck-portal-srv#flowable-async-job-executor-thread-8892#
[PollStartAppStatusExecution] 4d8f45b0-79dd-4bee-823d-05b0e2a2c48d [2025-07-27T19:56:51.995191] at cds.emit (/home/vcap/app/node_modules/@sap/cds/lib/index.js:18:23) (STDERR, APP/PROC/WEB)#
#2025 07 27 19:56:53.511#Z#DEBUG#7bfd4b5b-6b23-11f0-9e80-eeee0a96e242.mck-portal-srv#flowable-async-job-executor-thread-8892#
[PollStartAppStatusExecution] 4d8f45b0-79dd-4bee-823d-05b0e2a2c48d [2025-07-27T19:56:51.995196] at cds_server (/home/vcap/app/node_modules/@sap/cds/server.js:39:7) (STDERR, APP/PROC/WEB)#
#2025 07 27 19:56:53.511#Z#DEBUG#7bfd4b5b-6b23-11f0-9e80-eeee0a96e242.mck-portal-srv#flowable-async-job-executor-thread-8892#
[PollStartAppStatusExecution] 4d8f45b0-79dd-4bee-823d-05b0e2a2c48d [2025-07-27T19:56:51.995198] at serve (/home/vcap/app/node_modules/@sap/cds/bin/serve.js:204:24) (STDERR, APP/PROC/WEB)#
#2025 07 27 19:56:53.511#Z#DEBUG#7bfd4b5b-6b23-11f0-9e80-eeee0a96e242.mck-portal-srv#flowable-async-job-executor-thread-8892#
[PollStartAppStatusExecution] 4d8f45b0-79dd-4bee-823d-05b0e2a2c48d [2025-07-27T19:56:52.221119] {"level":"info","logger":"cds","timestamp":"2025-07-27T19:56:52.220Z","layer":"cds","component_type":"application","container_id":"10.36.192.8","component_id":"4d8f45b0-79dd-4bee-823d-05b0e2a2c48d","component_name":"mck-portal-srv","component_instance":0,"source_instance":0,"organization_name":"McKesson Corporation_discovery-sunrise","organization_id":"557795fb-ec02-41f6-b249-2b9c73ac8438","space_name":"Datasphere_Dev","space_id":"2742a945-aac7-4753-a013-50fdd526e1db","msg":"loaded model from 1 file(s):\n","type":"log"} (STDOUT, APP/PROC/WEB)#
#2025 07 27 19:56:53.511#Z#DEBUG#7bfd4b5b-6b23-11f0-9e80-eeee0a96e242.mck-portal-srv#flowable-async-job-executor-thread-8892#
[PollStartAppStatusExecution] 4d8f45b0-79dd-4bee-823d-05b0e2a2c48d [2025-07-27T19:56:52.221154] srv/csn.json (STDOUT, APP/PROC/WEB)#
#2025 07 27 19:56:53.511#Z#DEBUG#7bfd4b5b-6b23-11f0-9e80-eeee0a96e242.mck-portal-srv#flowable-async-job-executor-thread-8892#
[PollStartAppStatusExecution] 4d8f45b0-79dd-4bee-823d-05b0e2a2c48d [2025-07-27T19:56:52.570255] {"level":"info","logger":"cds","timestamp":"2025-07-27T19:56:52.569Z","layer":"cds","component_type":"application","container_id":"10.36.192.8","component_id":"4d8f45b0-79dd-4bee-823d-05b0e2a2c48d","component_name":"mck-portal-srv","component_instance":0,"source_instance":0,"organization_name":"McKesson Corporation_discovery-sunrise","organization_id":"557795fb-ec02-41f6-b249-2b9c73ac8438","space_name":"Datasphere_Dev","space_id":"2742a945-aac7-4753-a013-50fdd526e1db","msg":"connect to db > hana {\n  database_id: '451e8954-27cd-4d2f-9402-3ca1944484c7',\n  host: '451e8954-27cd-4d2f-9402-3ca1944484c7.hana.prod-us20.hanacloud.ondemand.com',\n  port: '443',\n  driver: 'com.sap.db.jdbc.Driver',\n  url: 'jdbc:sap://451e8954-27cd-4d2f-9402-3ca1944484c7.hana.prod-us20.hanacloud.ondemand.com:443?encrypt=true&validateCertificate=true&currentschema=MCK_RQ2_301',\n  schema: 'MCK_RQ2_301',\n  certificate: '...',\n  hdi_user: 'MCK_RQ2_301_DB8P3SO5V9Z1XM0JA8K5QCSW1_DT',\n  hdi_password: '...',\n  user: 'MCK_RQ2_301_DB8P3SO5V9Z1XM0JA8K5QCSW1_RT',\n  password: '...'\n}","type":"log"} (STDOUT, APP/PROC/WEB)#
#2025 07 27 19:56:53.511#Z#DEBUG#7bfd4b5b-6b23-11f0-9e80-eeee0a96e242.mck-portal-srv#flowable-async-job-executor-thread-8892#
[PollStartAppStatusExecution] 4d8f45b0-79dd-4bee-823d-05b0e2a2c48d [2025-07-27T19:56:52.612972] {"level":"info","logger":"cds","timestamp":"2025-07-27T19:56:52.612Z","layer":"cds","component_type":"application","container_id":"10.36.192.8","component_id":"4d8f45b0-79dd-4bee-823d-05b0e2a2c48d","component_name":"mck-portal-srv","component_instance":0,"source_instance":0,"organization_name":"McKesson Corporation_discovery-sunrise","organization_id":"557795fb-ec02-41f6-b249-2b9c73ac8438","space_name":"Datasphere_Dev","space_id":"2742a945-aac7-4753-a013-50fdd526e1db","msg":"using auth strategy {\n  kind: 'xsuaa',\n  impl: 'node_modules/@sap/cds/lib/srv/middlewares/auth/jwt-auth'\n} \n","type":"log"} (STDOUT, APP/PROC/WEB)#
#2025 07 27 19:56:53.511#Z#DEBUG#7bfd4b5b-6b23-11f0-9e80-eeee0a96e242.mck-portal-srv#flowable-async-job-executor-thread-8892#
[PollStartAppStatusExecution] 4d8f45b0-79dd-4bee-823d-05b0e2a2c48d [2025-07-27T19:56:52.660989] {"level":"info","logger":"cds","timestamp":"2025-07-27T19:56:52.660Z","layer":"cds","component_type":"application","container_id":"10.36.192.8","component_id":"4d8f45b0-79dd-4bee-823d-05b0e2a2c48d","component_name":"mck-portal-srv","component_instance":0,"source_instance":0,"organization_name":"McKesson Corporation_discovery-sunrise","organization_id":"557795fb-ec02-41f6-b249-2b9c73ac8438","space_name":"Datasphere_Dev","space_id":"2742a945-aac7-4753-a013-50fdd526e1db","msg":"serving PROCESSING { impl: 'srv/service.js', path: '/odata/v4/processing' }","type":"log"} (STDOUT, APP/PROC/WEB)#
#2025 07 27 19:56:53.511#Z#DEBUG#7bfd4b5b-6b23-11f0-9e80-eeee0a96e242.mck-portal-srv#flowable-async-job-executor-thread-8892#
[PollStartAppStatusExecution] 4d8f45b0-79dd-4bee-823d-05b0e2a2c48d [2025-07-27T19:56:52.661690] {"level":"info","logger":"cds","timestamp":"2025-07-27T19:56:52.661Z","layer":"cds","component_type":"application","container_id":"10.36.192.8","component_id":"4d8f45b0-79dd-4bee-823d-05b0e2a2c48d","component_name":"mck-portal-srv","component_instance":0,"source_instance":0,"organization_name":"McKesson Corporation_discovery-sunrise","organization_id":"557795fb-ec02-41f6-b249-2b9c73ac8438","space_name":"Datasphere_Dev","space_id":"2742a945-aac7-4753-a013-50fdd526e1db","msg":"serving INVENTORY { impl: 'srv/service.js', path: '/odata/v4/inventory' }","type":"log"} (STDOUT, APP/PROC/WEB)#
#2025 07 27 19:56:53.511#Z#DEBUG#7bfd4b5b-6b23-11f0-9e80-eeee0a96e242.mck-portal-srv#flowable-async-job-executor-thread-8892#
[PollStartAppStatusExecution] 4d8f45b0-79dd-4bee-823d-05b0e2a2c48d [2025-07-27T19:56:52.662262] {"level":"info","logger":"cds","timestamp":"2025-07-27T19:56:52.661Z","layer":"cds","component_type":"application","container_id":"10.36.192.8","component_id":"4d8f45b0-79dd-4bee-823d-05b0e2a2c48d","component_name":"mck-portal-srv","component_instance":0,"source_instance":0,"organization_name":"McKesson Corporation_discovery-sunrise","organization_id":"557795fb-ec02-41f6-b249-2b9c73ac8438","space_name":"Datasphere_Dev","space_id":"2742a945-aac7-4753-a013-50fdd526e1db","msg":"serving SALES { impl: 'srv/service.js', path: '/odata/v4/sales' }","type":"log"} (STDOUT, APP/PROC/WEB)#
#2025 07 27 19:56:53.511#Z#DEBUG#7bfd4b5b-6b23-11f0-9e80-eeee0a96e242.mck-portal-srv#flowable-async-job-executor-thread-8892#
[PollStartAppStatusExecution] 4d8f45b0-79dd-4bee-823d-05b0e2a2c48d [2025-07-27T19:56:52.662531] {"level":"info","logger":"cds","timestamp":"2025-07-27T19:56:52.662Z","layer":"cds","component_type":"application","container_id":"10.36.192.8","component_id":"4d8f45b0-79dd-4bee-823d-05b0e2a2c48d","component_name":"mck-portal-srv","component_instance":0,"source_instance":0,"organization_name":"McKesson Corporation_discovery-sunrise","organization_id":"557795fb-ec02-41f6-b249-2b9c73ac8438","space_name":"Datasphere_Dev","space_id":"2742a945-aac7-4753-a013-50fdd526e1db","msg":"serving CUSTOMERS { impl: 'srv/service.js', path: '/odata/v4/customers' }","type":"log"} (STDOUT, APP/PROC/WEB)#
#2025 07 27 19:56:53.511#Z#DEBUG#7bfd4b5b-6b23-11f0-9e80-eeee0a96e242.mck-portal-srv#flowable-async-job-executor-thread-8892#
[PollStartAppStatusExecution] 4d8f45b0-79dd-4bee-823d-05b0e2a2c48d [2025-07-27T19:56:52.663289] {"level":"info","logger":"cds","timestamp":"2025-07-27T19:56:52.662Z","layer":"cds","component_type":"application","container_id":"10.36.192.8","component_id":"4d8f45b0-79dd-4bee-823d-05b0e2a2c48d","component_name":"mck-portal-srv","component_instance":0,"source_instance":0,"organization_name":"McKesson Corporation_discovery-sunrise","organization_id":"557795fb-ec02-41f6-b249-2b9c73ac8438","space_name":"Datasphere_Dev","space_id":"2742a945-aac7-4753-a013-50fdd526e1db","msg":"serving FINANCE { impl: 'srv/service.js', path: '/odata/v4/finance' }","type":"log"} (STDOUT, APP/PROC/WEB)#
#2025 07 27 19:56:53.511#Z#DEBUG#7bfd4b5b-6b23-11f0-9e80-eeee0a96e242.mck-portal-srv#flowable-async-job-executor-thread-8892#
[PollStartAppStatusExecution] 4d8f45b0-79dd-4bee-823d-05b0e2a2c48d [2025-07-27T19:56:52.663587] {"level":"info","logger":"cds","timestamp":"2025-07-27T19:56:52.663Z","layer":"cds","component_type":"application","container_id":"10.36.192.8","component_id":"4d8f45b0-79dd-4bee-823d-05b0e2a2c48d","component_name":"mck-portal-srv","component_instance":0,"source_instance":0,"organization_name":"McKesson Corporation_discovery-sunrise","organization_id":"557795fb-ec02-41f6-b249-2b9c73ac8438","space_name":"Datasphere_Dev","space_id":"2742a945-aac7-4753-a013-50fdd526e1db","msg":"serving MAINPAGE { impl: 'srv/service.js', path: '/odata/v4/mainpage' }","type":"log"} (STDOUT, APP/PROC/WEB)#
#2025 07 27 19:56:53.511#Z#DEBUG#7bfd4b5b-6b23-11f0-9e80-eeee0a96e242.mck-portal-srv#flowable-async-job-executor-thread-8892#
[PollStartAppStatusExecution] 4d8f45b0-79dd-4bee-823d-05b0e2a2c48d [2025-07-27T19:56:52.663951] {"level":"info","logger":"cds","timestamp":"2025-07-27T19:56:52.663Z","layer":"cds","component_type":"application","container_id":"10.36.192.8","component_id":"4d8f45b0-79dd-4bee-823d-05b0e2a2c48d","component_name":"mck-portal-srv","component_instance":0,"source_instance":0,"organization_name":"McKesson Corporation_discovery-sunrise","organization_id":"557795fb-ec02-41f6-b249-2b9c73ac8438","space_name":"Datasphere_Dev","space_id":"2742a945-aac7-4753-a013-50fdd526e1db","msg":"serving CatalogService { impl: 'srv/service.js', path: '/odata/v4/catalog' }","type":"log"} (STDOUT, APP/PROC/WEB)#
#2025 07 27 19:56:53.511#Z#DEBUG#7bfd4b5b-6b23-11f0-9e80-eeee0a96e242.mck-portal-srv#flowable-async-job-executor-thread-8892#
[PollStartAppStatusExecution] 4d8f45b0-79dd-4bee-823d-05b0e2a2c48d [2025-07-27T19:56:52.664184] {"level":"info","logger":"cds","timestamp":"2025-07-27T19:56:52.664Z","layer":"cds","component_type":"application","container_id":"10.36.192.8","component_id":"4d8f45b0-79dd-4bee-823d-05b0e2a2c48d","component_name":"mck-portal-srv","component_instance":0,"source_instance":0,"organization_name":"McKesson Corporation_discovery-sunrise","organization_id":"557795fb-ec02-41f6-b249-2b9c73ac8438","space_name":"Datasphere_Dev","space_id":"2742a945-aac7-4753-a013-50fdd526e1db","msg":"serving Media { impl: 'srv/service.js', path: '/odata/v4/media' }","type":"log"} (STDOUT, APP/PROC/WEB)#
#2025 07 27 19:56:53.511#Z#DEBUG#7bfd4b5b-6b23-11f0-9e80-eeee0a96e242.mck-portal-srv#flowable-async-job-executor-thread-8892#
[PollStartAppStatusExecution] 4d8f45b0-79dd-4bee-823d-05b0e2a2c48d [2025-07-27T19:56:52.664667] {"level":"info","logger":"cds","timestamp":"2025-07-27T19:56:52.664Z","layer":"cds","component_type":"application","container_id":"10.36.192.8","component_id":"4d8f45b0-79dd-4bee-823d-05b0e2a2c48d","component_name":"mck-portal-srv","component_instance":0,"source_instance":0,"organization_name":"McKesson Corporation_discovery-sunrise","organization_id":"557795fb-ec02-41f6-b249-2b9c73ac8438","space_name":"Datasphere_Dev","space_id":"2742a945-aac7-4753-a013-50fdd526e1db","msg":"serving OktaService { impl: 'srv/service.js', path: '/odata/v4/okta' }","type":"log"} (STDOUT, APP/PROC/WEB)#
#2025 07 27 19:56:53.511#Z#DEBUG#7bfd4b5b-6b23-11f0-9e80-eeee0a96e242.mck-portal-srv#flowable-async-job-executor-thread-8892#
[PollStartAppStatusExecution] 4d8f45b0-79dd-4bee-823d-05b0e2a2c48d [2025-07-27T19:56:52.669130] {"level":"info","logger":"cds","timestamp":"2025-07-27T19:56:52.668Z","layer":"cds","component_type":"application","container_id":"10.36.192.8","component_id":"4d8f45b0-79dd-4bee-823d-05b0e2a2c48d","component_name":"mck-portal-srv","component_instance":0,"source_instance":0,"organization_name":"McKesson Corporation_discovery-sunrise","organization_id":"557795fb-ec02-41f6-b249-2b9c73ac8438","space_name":"Datasphere_Dev","space_id":"2742a945-aac7-4753-a013-50fdd526e1db","msg":"server listening on { url: 'http://localhost:8080' }","type":"log"} (STDOUT, APP/PROC/WEB)#
#2025 07 27 19:56:53.511#Z#DEBUG#7bfd4b5b-6b23-11f0-9e80-eeee0a96e242.mck-portal-srv#flowable-async-job-executor-thread-8892#
[PollStartAppStatusExecution] 4d8f45b0-79dd-4bee-823d-05b0e2a2c48d [2025-07-27T19:56:52.669183] [cds] - server launched at 7/27/2025, 7:56:51 PM, version: 8.9.2, in: 800.802ms (STDOUT, APP/PROC/WEB)#
#2025 07 27 19:57:03.451#Z#DEBUG#7bfd4b5b-6b23-11f0-9e80-eeee0a96e242.mck-portal-srv#flowable-async-job-executor-thread-8894#
[PollStartAppStatusExecution] 4d8f45b0-79dd-4bee-823d-05b0e2a2c48d [2025-07-27T19:56:54.093800] Container became healthy (STDOUT, CELL)#
#2025 07 27 19:57:03.451#Z#DEBUG#7bfd4b5b-6b23-11f0-9e80-eeee0a96e242.mck-portal-srv#flowable-async-job-executor-thread-8894#
[PollStartAppStatusExecution] 4d8f45b0-79dd-4bee-823d-05b0e2a2c48d [2025-07-27T19:56:54.120114] Process became ready with guid 4d8f45b0-79dd-4bee-823d-05b0e2a2c48d payload: {"instance"=>"d583392f-9ae0-4d65-4338-b3d9", "index"=>0, "cell_id"=>"34d00ca7-c233-4869-a099-f51bb1fd188d", "ready"=>true, "version"=>"4c3de91c-8150-4977-a547-d07bf1180e12"} (STDOUT, API)#
#2025 07 27 19:57:03.451#Z#DEBUG#7bfd4b5b-6b23-11f0-9e80-eeee0a96e242.mck-portal-srv#flowable-async-job-executor-thread-8894#
[PollStartAppStatusExecution] 4d8f45b0-79dd-4bee-823d-05b0e2a2c48d [2025-07-27T19:56:59.956988] Cell 6fa37d0b-1b14-4c3f-865c-1f3dd3b44367 destroying container for instance d6020d9c-f855-42b8-4290-e8d8 (STDOUT, CELL)#
#2025 07 27 19:57:03.451#Z#DEBUG#7bfd4b5b-6b23-11f0-9e80-eeee0a96e242.mck-portal-srv#flowable-async-job-executor-thread-8894#
[PollStartAppStatusExecution] 4d8f45b0-79dd-4bee-823d-05b0e2a2c48d [2025-07-27T19:57:00.045269] Exit status 137 (STDOUT, PROXY)#
#2025 07 27 19:57:03.451#Z#DEBUG#7bfd4b5b-6b23-11f0-9e80-eeee0a96e242.mck-portal-srv#flowable-async-job-executor-thread-8894#
[PollStartAppStatusExecution] 4d8f45b0-79dd-4bee-823d-05b0e2a2c48d [2025-07-27T19:57:01.897097] Cell 6fa37d0b-1b14-4c3f-865c-1f3dd3b44367 successfully destroyed container for instance d6020d9c-f855-42b8-4290-e8d8 (STDOUT, CELL)#
