#2025 06 18 03:12:33.654#Z#DEBUG#dbd228c3-4bf1-11f0-b2b0-eeee0a8c637a.mck-portal#flowable-async-job-executor-thread-10496#
[PollStageAppStatusExecution] 6e422593-95d5-4699-8c5d-f8ad235afff5 [2025-06-18T02:57:52.222531] Uploading app package for app with guid 6e422593-95d5-4699-8c5d-f8ad235afff5 (STDOUT, API)#
#2025 06 18 03:12:33.654#Z#DEBUG#dbd228c3-4bf1-11f0-b2b0-eeee0a8c637a.mck-portal#flowable-async-job-executor-thread-10496#
[PollStageAppStatusExecution] 6e422593-95d5-4699-8c5d-f8ad235afff5 [2025-06-18T02:57:52.474932] Updated app with guid 6e422593-95d5-4699-8c5d-f8ad235afff5 ({"environment_variables"=>"[PRIVATE DATA HIDDEN]"}) (STDOUT, API)#
#2025 06 18 03:12:33.654#Z#DEBUG#dbd228c3-4bf1-11f0-b2b0-eeee0a8c637a.mck-portal#flowable-async-job-executor-thread-10496#
[PollStageAppStatusExecution] 6e422593-95d5-4699-8c5d-f8ad235afff5 [2025-06-18T02:58:02.234796] Stopping app with guid 6e422593-95d5-4699-8c5d-f8ad235afff5 (STDOUT, API)#
#2025 06 18 03:12:33.654#Z#DEBUG#dbd228c3-4bf1-11f0-b2b0-eeee0a8c637a.mck-portal#flowable-async-job-executor-thread-10496#
[PollStageAppStatusExecution] 6e422593-95d5-4699-8c5d-f8ad235afff5 [2025-06-18T02:58:02.307746] Cell a242aeb3-18a9-42b0-ab3f-dfe960392a2c stopping instance d7aa29e1-8337-4572-55ce-58ca (STDOUT, CELL)#
#2025 06 18 03:12:33.655#Z#DEBUG#dbd228c3-4bf1-11f0-b2b0-eeee0a8c637a.mck-portal#flowable-async-job-executor-thread-10496#
[PollStageAppStatusExecution] 6e422593-95d5-4699-8c5d-f8ad235afff5 [2025-06-18T02:58:02.688077] Creating build for app with guid 6e422593-95d5-4699-8c5d-f8ad235afff5 (STDOUT, API)#
#2025 06 18 03:12:33.655#Z#DEBUG#dbd228c3-4bf1-11f0-b2b0-eeee0a8c637a.mck-portal#flowable-async-job-executor-thread-10496#
[PollStageAppStatusExecution] 6e422593-95d5-4699-8c5d-f8ad235afff5 [2025-06-18T02:58:03.186316] Downloading zero_trust_sidecar_buildpack_1_8... (STDOUT, STG)#
#2025 06 18 03:12:33.655#Z#DEBUG#dbd228c3-4bf1-11f0-b2b0-eeee0a8c637a.mck-portal#flowable-async-job-executor-thread-10496#
[PollStageAppStatusExecution] 6e422593-95d5-4699-8c5d-f8ad235afff5 [2025-06-18T02:58:03.186345] Downloading sap_java_buildpack_1_112... (STDOUT, STG)#
#2025 06 18 03:12:33.655#Z#DEBUG#dbd228c3-4bf1-11f0-b2b0-eeee0a8c637a.mck-portal#flowable-async-job-executor-thread-10496#
[PollStageAppStatusExecution] 6e422593-95d5-4699-8c5d-f8ad235afff5 [2025-06-18T02:58:03.186369] Downloading sap_java_buildpack_1_111... (STDOUT, STG)#
#2025 06 18 03:12:33.655#Z#DEBUG#dbd228c3-4bf1-11f0-b2b0-eeee0a8c637a.mck-portal#flowable-async-job-executor-thread-10496#
[PollStageAppStatusExecution] 6e422593-95d5-4699-8c5d-f8ad235afff5 [2025-06-18T02:58:03.186421] Downloading python_buildpack... (STDOUT, STG)#
#2025 06 18 03:12:33.655#Z#DEBUG#dbd228c3-4bf1-11f0-b2b0-eeee0a8c637a.mck-portal#flowable-async-job-executor-thread-10496#
[PollStageAppStatusExecution] 6e422593-95d5-4699-8c5d-f8ad235afff5 [2025-06-18T02:58:03.192902] Downloading sap_java_buildpack_jakarta_2_29... (STDOUT, STG)#
#2025 06 18 03:12:33.655#Z#DEBUG#dbd228c3-4bf1-11f0-b2b0-eeee0a8c637a.mck-portal#flowable-async-job-executor-thread-10496#
[PollStageAppStatusExecution] 6e422593-95d5-4699-8c5d-f8ad235afff5 [2025-06-18T02:58:03.205691] Downloaded sap_java_buildpack_1_111 (STDOUT, STG)#
#2025 06 18 03:12:33.655#Z#DEBUG#dbd228c3-4bf1-11f0-b2b0-eeee0a8c637a.mck-portal#flowable-async-job-executor-thread-10496#
[PollStageAppStatusExecution] 6e422593-95d5-4699-8c5d-f8ad235afff5 [2025-06-18T02:58:03.205711] Downloading sap_java_buildpack_1_110... (STDOUT, STG)#
#2025 06 18 03:12:33.655#Z#DEBUG#dbd228c3-4bf1-11f0-b2b0-eeee0a8c637a.mck-portal#flowable-async-job-executor-thread-10496#
[PollStageAppStatusExecution] 6e422593-95d5-4699-8c5d-f8ad235afff5 [2025-06-18T02:58:04.838186] Downloaded zero_trust_sidecar_buildpack_1_8 (28.4M) (STDOUT, STG)#
#2025 06 18 03:12:33.655#Z#DEBUG#dbd228c3-4bf1-11f0-b2b0-eeee0a8c637a.mck-portal#flowable-async-job-executor-thread-10496#
[PollStageAppStatusExecution] 6e422593-95d5-4699-8c5d-f8ad235afff5 [2025-06-18T02:58:04.838230] Downloading sap_java_buildpack_jakarta... (STDOUT, STG)#
#2025 06 18 03:12:33.655#Z#DEBUG#dbd228c3-4bf1-11f0-b2b0-eeee0a8c637a.mck-portal#flowable-async-job-executor-thread-10496#
[PollStageAppStatusExecution] 6e422593-95d5-4699-8c5d-f8ad235afff5 [2025-06-18T02:58:12.090691] Downloaded sap_java_buildpack_jakarta_2_29 (275.3M) (STDOUT, STG)#
#2025 06 18 03:12:33.655#Z#DEBUG#dbd228c3-4bf1-11f0-b2b0-eeee0a8c637a.mck-portal#flowable-async-job-executor-thread-10496#
[PollStageAppStatusExecution] 6e422593-95d5-4699-8c5d-f8ad235afff5 [2025-06-18T02:58:12.090719] Downloading sap_java_buildpack_jakarta_2_31... (STDOUT, STG)#
#2025 06 18 03:12:33.655#Z#DEBUG#dbd228c3-4bf1-11f0-b2b0-eeee0a8c637a.mck-portal#flowable-async-job-executor-thread-10496#
[PollStageAppStatusExecution] 6e422593-95d5-4699-8c5d-f8ad235afff5 [2025-06-18T02:58:12.110688] Downloaded sap_java_buildpack_jakarta_2_31 (STDOUT, STG)#
#2025 06 18 03:12:33.655#Z#DEBUG#dbd228c3-4bf1-11f0-b2b0-eeee0a8c637a.mck-portal#flowable-async-job-executor-thread-10496#
[PollStageAppStatusExecution] 6e422593-95d5-4699-8c5d-f8ad235afff5 [2025-06-18T02:58:12.110712] Downloading sap_java_buildpack_jakarta_2_30... (STDOUT, STG)#
#2025 06 18 03:12:33.655#Z#DEBUG#dbd228c3-4bf1-11f0-b2b0-eeee0a8c637a.mck-portal#flowable-async-job-executor-thread-10496#
[PollStageAppStatusExecution] 6e422593-95d5-4699-8c5d-f8ad235afff5 [2025-06-18T02:58:12.749503] Downloaded sap_java_buildpack_1_110 (334.7M) (STDOUT, STG)#
#2025 06 18 03:12:33.655#Z#DEBUG#dbd228c3-4bf1-11f0-b2b0-eeee0a8c637a.mck-portal#flowable-async-job-executor-thread-10496#
[PollStageAppStatusExecution] 6e422593-95d5-4699-8c5d-f8ad235afff5 [2025-06-18T02:58:12.749546] Downloading zero_trust_sidecar_buildpack_1_7... (STDOUT, STG)#
#2025 06 18 03:12:33.655#Z#DEBUG#dbd228c3-4bf1-11f0-b2b0-eeee0a8c637a.mck-portal#flowable-async-job-executor-thread-10496#
[PollStageAppStatusExecution] 6e422593-95d5-4699-8c5d-f8ad235afff5 [2025-06-18T02:58:12.783108] Downloaded zero_trust_sidecar_buildpack_1_7 (STDOUT, STG)#
#2025 06 18 03:12:33.655#Z#DEBUG#dbd228c3-4bf1-11f0-b2b0-eeee0a8c637a.mck-portal#flowable-async-job-executor-thread-10496#
[PollStageAppStatusExecution] 6e422593-95d5-4699-8c5d-f8ad235afff5 [2025-06-18T02:58:12.783125] Downloading sap_java_buildpack_jakarta_2_26... (STDOUT, STG)#
#2025 06 18 03:12:33.655#Z#DEBUG#dbd228c3-4bf1-11f0-b2b0-eeee0a8c637a.mck-portal#flowable-async-job-executor-thread-10496#
[PollStageAppStatusExecution] 6e422593-95d5-4699-8c5d-f8ad235afff5 [2025-06-18T02:58:13.447623] Downloaded sap_java_buildpack_jakarta (275.6M) (STDOUT, STG)#
#2025 06 18 03:12:33.655#Z#DEBUG#dbd228c3-4bf1-11f0-b2b0-eeee0a8c637a.mck-portal#flowable-async-job-executor-thread-10496#
[PollStageAppStatusExecution] 6e422593-95d5-4699-8c5d-f8ad235afff5 [2025-06-18T02:58:13.447657] Downloading zero_trust_sidecar_buildpack... (STDOUT, STG)#
#2025 06 18 03:12:33.655#Z#DEBUG#dbd228c3-4bf1-11f0-b2b0-eeee0a8c637a.mck-portal#flowable-async-job-executor-thread-10496#
[PollStageAppStatusExecution] 6e422593-95d5-4699-8c5d-f8ad235afff5 [2025-06-18T02:58:14.026150] Downloaded sap_java_buildpack_1_112 (335.4M) (STDOUT, STG)#
#2025 06 18 03:12:33.655#Z#DEBUG#dbd228c3-4bf1-11f0-b2b0-eeee0a8c637a.mck-portal#flowable-async-job-executor-thread-10496#
[PollStageAppStatusExecution] 6e422593-95d5-4699-8c5d-f8ad235afff5 [2025-06-18T02:58:14.026184] Downloading zero_trust_sidecar_buildpack_1_9... (STDOUT, STG)#
#2025 06 18 03:12:33.655#Z#DEBUG#dbd228c3-4bf1-11f0-b2b0-eeee0a8c637a.mck-portal#flowable-async-job-executor-thread-10496#
[PollStageAppStatusExecution] 6e422593-95d5-4699-8c5d-f8ad235afff5 [2025-06-18T02:58:14.039914] Downloaded zero_trust_sidecar_buildpack_1_9 (STDOUT, STG)#
#2025 06 18 03:12:33.655#Z#DEBUG#dbd228c3-4bf1-11f0-b2b0-eeee0a8c637a.mck-portal#flowable-async-job-executor-thread-10496#
[PollStageAppStatusExecution] 6e422593-95d5-4699-8c5d-f8ad235afff5 [2025-06-18T02:58:14.039936] Downloading nginx_buildpack... (STDOUT, STG)#
#2025 06 18 03:12:33.655#Z#DEBUG#dbd228c3-4bf1-11f0-b2b0-eeee0a8c637a.mck-portal#flowable-async-job-executor-thread-10496#
[PollStageAppStatusExecution] 6e422593-95d5-4699-8c5d-f8ad235afff5 [2025-06-18T02:58:14.042769] Downloaded sap_java_buildpack_jakarta_2_26 (STDOUT, STG)#
#2025 06 18 03:12:33.655#Z#DEBUG#dbd228c3-4bf1-11f0-b2b0-eeee0a8c637a.mck-portal#flowable-async-job-executor-thread-10496#
[PollStageAppStatusExecution] 6e422593-95d5-4699-8c5d-f8ad235afff5 [2025-06-18T02:58:14.042792] Downloading php_buildpack... (STDOUT, STG)#
#2025 06 18 03:12:33.655#Z#DEBUG#dbd228c3-4bf1-11f0-b2b0-eeee0a8c637a.mck-portal#flowable-async-job-executor-thread-10496#
[PollStageAppStatusExecution] 6e422593-95d5-4699-8c5d-f8ad235afff5 [2025-06-18T02:58:14.043217] Downloaded zero_trust_sidecar_buildpack (STDOUT, STG)#
#2025 06 18 03:12:33.655#Z#DEBUG#dbd228c3-4bf1-11f0-b2b0-eeee0a8c637a.mck-portal#flowable-async-job-executor-thread-10496#
[PollStageAppStatusExecution] 6e422593-95d5-4699-8c5d-f8ad235afff5 [2025-06-18T02:58:14.043241] Downloading binary_buildpack... (STDOUT, STG)#
#2025 06 18 03:12:33.655#Z#DEBUG#dbd228c3-4bf1-11f0-b2b0-eeee0a8c637a.mck-portal#flowable-async-job-executor-thread-10496#
[PollStageAppStatusExecution] 6e422593-95d5-4699-8c5d-f8ad235afff5 [2025-06-18T02:58:14.058866] Downloaded binary_buildpack (STDOUT, STG)#
#2025 06 18 03:12:33.655#Z#DEBUG#dbd228c3-4bf1-11f0-b2b0-eeee0a8c637a.mck-portal#flowable-async-job-executor-thread-10496#
[PollStageAppStatusExecution] 6e422593-95d5-4699-8c5d-f8ad235afff5 [2025-06-18T02:58:14.058887] Downloading sap_java_buildpack... (STDOUT, STG)#
#2025 06 18 03:12:33.655#Z#DEBUG#dbd228c3-4bf1-11f0-b2b0-eeee0a8c637a.mck-portal#flowable-async-job-executor-thread-10496#
[PollStageAppStatusExecution] 6e422593-95d5-4699-8c5d-f8ad235afff5 [2025-06-18T02:58:14.074838] Downloaded sap_java_buildpack (STDOUT, STG)#
#2025 06 18 03:12:33.655#Z#DEBUG#dbd228c3-4bf1-11f0-b2b0-eeee0a8c637a.mck-portal#flowable-async-job-executor-thread-10496#
[PollStageAppStatusExecution] 6e422593-95d5-4699-8c5d-f8ad235afff5 [2025-06-18T02:58:14.074856] Downloading nodejs_buildpack... (STDOUT, STG)#
#2025 06 18 03:12:33.655#Z#DEBUG#dbd228c3-4bf1-11f0-b2b0-eeee0a8c637a.mck-portal#flowable-async-job-executor-thread-10496#
[PollStageAppStatusExecution] 6e422593-95d5-4699-8c5d-f8ad235afff5 [2025-06-18T02:58:14.091340] Downloaded nodejs_buildpack (STDOUT, STG)#
#2025 06 18 03:12:33.655#Z#DEBUG#dbd228c3-4bf1-11f0-b2b0-eeee0a8c637a.mck-portal#flowable-async-job-executor-thread-10496#
[PollStageAppStatusExecution] 6e422593-95d5-4699-8c5d-f8ad235afff5 [2025-06-18T02:58:14.091375] Downloading staticfile_buildpack... (STDOUT, STG)#
#2025 06 18 03:12:33.655#Z#DEBUG#dbd228c3-4bf1-11f0-b2b0-eeee0a8c637a.mck-portal#flowable-async-job-executor-thread-10496#
[PollStageAppStatusExecution] 6e422593-95d5-4699-8c5d-f8ad235afff5 [2025-06-18T02:58:14.574652] Downloaded staticfile_buildpack (8.1M) (STDOUT, STG)#
#2025 06 18 03:12:33.655#Z#DEBUG#dbd228c3-4bf1-11f0-b2b0-eeee0a8c637a.mck-portal#flowable-async-job-executor-thread-10496#
[PollStageAppStatusExecution] 6e422593-95d5-4699-8c5d-f8ad235afff5 [2025-06-18T02:58:14.574690] Downloading go_buildpack... (STDOUT, STG)#
#2025 06 18 03:12:33.655#Z#DEBUG#dbd228c3-4bf1-11f0-b2b0-eeee0a8c637a.mck-portal#flowable-async-job-executor-thread-10496#
[PollStageAppStatusExecution] 6e422593-95d5-4699-8c5d-f8ad235afff5 [2025-06-18T02:58:15.384862] Downloaded nginx_buildpack (37M) (STDOUT, STG)#
#2025 06 18 03:12:33.655#Z#DEBUG#dbd228c3-4bf1-11f0-b2b0-eeee0a8c637a.mck-portal#flowable-async-job-executor-thread-10496#
[PollStageAppStatusExecution] 6e422593-95d5-4699-8c5d-f8ad235afff5 [2025-06-18T02:58:15.384938] Downloading java_buildpack... (STDOUT, STG)#
#2025 06 18 03:12:33.655#Z#DEBUG#dbd228c3-4bf1-11f0-b2b0-eeee0a8c637a.mck-portal#flowable-async-job-executor-thread-10496#
[PollStageAppStatusExecution] 6e422593-95d5-4699-8c5d-f8ad235afff5 [2025-06-18T02:58:17.991004] Downloaded python_buildpack (507.3M) (STDOUT, STG)#
#2025 06 18 03:12:33.655#Z#DEBUG#dbd228c3-4bf1-11f0-b2b0-eeee0a8c637a.mck-portal#flowable-async-job-executor-thread-10496#
[PollStageAppStatusExecution] 6e422593-95d5-4699-8c5d-f8ad235afff5 [2025-06-18T02:58:19.278307] Downloaded go_buildpack (164.9M) (STDOUT, STG)#
#2025 06 18 03:12:33.655#Z#DEBUG#dbd228c3-4bf1-11f0-b2b0-eeee0a8c637a.mck-portal#flowable-async-job-executor-thread-10496#
[PollStageAppStatusExecution] 6e422593-95d5-4699-8c5d-f8ad235afff5 [2025-06-18T02:58:20.991443] Downloaded sap_java_buildpack_jakarta_2_30 (275.4M) (STDOUT, STG)#
#2025 06 18 03:12:33.655#Z#DEBUG#dbd228c3-4bf1-11f0-b2b0-eeee0a8c637a.mck-portal#flowable-async-job-executor-thread-10496#
[PollStageAppStatusExecution] 6e422593-95d5-4699-8c5d-f8ad235afff5 [2025-06-18T02:58:38.458354] Downloaded php_buildpack (774.8M) (STDOUT, STG)#
#2025 06 18 03:12:33.655#Z#DEBUG#dbd228c3-4bf1-11f0-b2b0-eeee0a8c637a.mck-portal#flowable-async-job-executor-thread-10496#
[PollStageAppStatusExecution] 6e422593-95d5-4699-8c5d-f8ad235afff5 [2025-06-18T02:58:41.485625] Downloaded java_buildpack (899.2M) (STDOUT, STG)#
#2025 06 18 03:12:33.655#Z#DEBUG#dbd228c3-4bf1-11f0-b2b0-eeee0a8c637a.mck-portal#flowable-async-job-executor-thread-10496#
[PollStageAppStatusExecution] 6e422593-95d5-4699-8c5d-f8ad235afff5 [2025-06-18T02:58:41.485697] Cell c82b8e79-665d-4651-a9df-ee257ebdab6f creating container for instance 46dbb0a0-5095-44ea-a161-93458a5a03d6 (STDOUT, STG)#
#2025 06 18 03:12:33.655#Z#DEBUG#dbd228c3-4bf1-11f0-b2b0-eeee0a8c637a.mck-portal#flowable-async-job-executor-thread-10496#
[PollStageAppStatusExecution] 6e422593-95d5-4699-8c5d-f8ad235afff5 [2025-06-18T02:58:41.870471] Security group rules were updated (STDOUT, STG)#
#2025 06 18 03:12:33.655#Z#DEBUG#dbd228c3-4bf1-11f0-b2b0-eeee0a8c637a.mck-portal#flowable-async-job-executor-thread-10496#
[PollStageAppStatusExecution] 6e422593-95d5-4699-8c5d-f8ad235afff5 [2025-06-18T02:58:41.930811] Cell c82b8e79-665d-4651-a9df-ee257ebdab6f successfully created container for instance 46dbb0a0-5095-44ea-a161-93458a5a03d6 (STDOUT, STG)#
#2025 06 18 03:12:33.655#Z#DEBUG#dbd228c3-4bf1-11f0-b2b0-eeee0a8c637a.mck-portal#flowable-async-job-executor-thread-10496#
[PollStageAppStatusExecution] 6e422593-95d5-4699-8c5d-f8ad235afff5 [2025-06-18T02:58:42.247398] Downloading app package... (STDOUT, STG)#
#2025 06 18 03:12:33.655#Z#DEBUG#dbd228c3-4bf1-11f0-b2b0-eeee0a8c637a.mck-portal#flowable-async-job-executor-thread-10496#
[PollStageAppStatusExecution] 6e422593-95d5-4699-8c5d-f8ad235afff5 [2025-06-18T02:58:42.247423] Downloading build artifacts cache... (STDOUT, STG)#
#2025 06 18 03:12:33.655#Z#DEBUG#dbd228c3-4bf1-11f0-b2b0-eeee0a8c637a.mck-portal#flowable-async-job-executor-thread-10496#
[PollStageAppStatusExecution] 6e422593-95d5-4699-8c5d-f8ad235afff5 [2025-06-18T02:58:42.273161] Downloaded build artifacts cache (224B) (STDOUT, STG)#
#2025 06 18 03:12:33.655#Z#DEBUG#dbd228c3-4bf1-11f0-b2b0-eeee0a8c637a.mck-portal#flowable-async-job-executor-thread-10496#
[PollStageAppStatusExecution] 6e422593-95d5-4699-8c5d-f8ad235afff5 [2025-06-18T02:58:43.113218] Downloaded app package (7.6M) (STDOUT, STG)#
#2025 06 18 03:12:33.655#Z#DEBUG#dbd228c3-4bf1-11f0-b2b0-eeee0a8c637a.mck-portal#flowable-async-job-executor-thread-10496#
[PollStageAppStatusExecution] 6e422593-95d5-4699-8c5d-f8ad235afff5 [2025-06-18T02:58:43.664262] -----> Nodejs Buildpack version 1.8.37 (STDOUT, STG)#
#2025 06 18 03:12:33.655#Z#DEBUG#dbd228c3-4bf1-11f0-b2b0-eeee0a8c637a.mck-portal#flowable-async-job-executor-thread-10496#
[PollStageAppStatusExecution] 6e422593-95d5-4699-8c5d-f8ad235afff5 [2025-06-18T02:58:43.972471] -----> Bootstrapping python (STDOUT, STG)#
#2025 06 18 03:12:33.655#Z#DEBUG#dbd228c3-4bf1-11f0-b2b0-eeee0a8c637a.mck-portal#flowable-async-job-executor-thread-10496#
[PollStageAppStatusExecution] 6e422593-95d5-4699-8c5d-f8ad235afff5 [2025-06-18T02:58:43.972493] -----> Installing python 3.11.11 (STDOUT, STG)#
#2025 06 18 03:12:33.655#Z#DEBUG#dbd228c3-4bf1-11f0-b2b0-eeee0a8c637a.mck-portal#flowable-async-job-executor-thread-10496#
[PollStageAppStatusExecution] 6e422593-95d5-4699-8c5d-f8ad235afff5 [2025-06-18T02:58:43.972524] Copy [/tmp/buildpacks/68a2d00dc53fc0ad/dependencies/d30d0c402d9054a18c15ffc2a462027b/python_3.11.11_linux_x64_cflinuxfs4_13c4c2b4.tgz] (STDOUT, STG)#
#2025 06 18 03:12:33.655#Z#DEBUG#dbd228c3-4bf1-11f0-b2b0-eeee0a8c637a.mck-portal#flowable-async-job-executor-thread-10496#
[PollStageAppStatusExecution] 6e422593-95d5-4699-8c5d-f8ad235afff5 [2025-06-18T02:58:47.266582] -----> Installing binaries (STDOUT, STG)#
#2025 06 18 03:12:33.655#Z#DEBUG#dbd228c3-4bf1-11f0-b2b0-eeee0a8c637a.mck-portal#flowable-async-job-executor-thread-10496#
[PollStageAppStatusExecution] 6e422593-95d5-4699-8c5d-f8ad235afff5 [2025-06-18T02:58:47.266701] engines.node (package.json): ^20 (STDOUT, STG)#
#2025 06 18 03:12:33.655#Z#DEBUG#dbd228c3-4bf1-11f0-b2b0-eeee0a8c637a.mck-portal#flowable-async-job-executor-thread-10496#
[PollStageAppStatusExecution] 6e422593-95d5-4699-8c5d-f8ad235afff5 [2025-06-18T02:58:47.266712] engines.npm (package.json): unspecified (use default) (STDOUT, STG)#
#2025 06 18 03:12:33.655#Z#DEBUG#dbd228c3-4bf1-11f0-b2b0-eeee0a8c637a.mck-portal#flowable-async-job-executor-thread-10496#
[PollStageAppStatusExecution] 6e422593-95d5-4699-8c5d-f8ad235afff5 [2025-06-18T02:58:47.266805] -----> Installing node 20.19.0 (STDOUT, STG)#
#2025 06 18 03:12:33.655#Z#DEBUG#dbd228c3-4bf1-11f0-b2b0-eeee0a8c637a.mck-portal#flowable-async-job-executor-thread-10496#
[PollStageAppStatusExecution] 6e422593-95d5-4699-8c5d-f8ad235afff5 [2025-06-18T02:58:47.267054] Copy [/tmp/buildpacks/68a2d00dc53fc0ad/dependencies/fa1b3356711fa4cd1a7871b055aff732/node_20.19.0_linux_x64_cflinuxfs4_1995343c.tgz] (STDOUT, STG)#
#2025 06 18 03:12:33.655#Z#DEBUG#dbd228c3-4bf1-11f0-b2b0-eeee0a8c637a.mck-portal#flowable-async-job-executor-thread-10496#
[PollStageAppStatusExecution] 6e422593-95d5-4699-8c5d-f8ad235afff5 [2025-06-18T02:58:48.981451] Using default npm version: 10.8.2 (STDOUT, STG)#
#2025 06 18 03:12:33.655#Z#DEBUG#dbd228c3-4bf1-11f0-b2b0-eeee0a8c637a.mck-portal#flowable-async-job-executor-thread-10496#
[PollStageAppStatusExecution] 6e422593-95d5-4699-8c5d-f8ad235afff5 [2025-06-18T02:58:48.981473] -----> Installing yarn 1.22.22 (STDOUT, STG)#
#2025 06 18 03:12:33.655#Z#DEBUG#dbd228c3-4bf1-11f0-b2b0-eeee0a8c637a.mck-portal#flowable-async-job-executor-thread-10496#
[PollStageAppStatusExecution] 6e422593-95d5-4699-8c5d-f8ad235afff5 [2025-06-18T02:58:48.981647] Copy [/tmp/buildpacks/68a2d00dc53fc0ad/dependencies/ff849eb7696d3a7f463752a272c9a88e/yarn_1.22.22_linux_noarch_any-stack_83bda680.tgz] (STDOUT, STG)#
#2025 06 18 03:12:33.655#Z#DEBUG#dbd228c3-4bf1-11f0-b2b0-eeee0a8c637a.mck-portal#flowable-async-job-executor-thread-10496#
[PollStageAppStatusExecution] 6e422593-95d5-4699-8c5d-f8ad235afff5 [2025-06-18T02:58:49.260894] Installed yarn 1.22.22 (STDOUT, STG)#
#2025 06 18 03:12:33.655#Z#DEBUG#dbd228c3-4bf1-11f0-b2b0-eeee0a8c637a.mck-portal#flowable-async-job-executor-thread-10496#
[PollStageAppStatusExecution] 6e422593-95d5-4699-8c5d-f8ad235afff5 [2025-06-18T02:58:49.260915] -----> Creating runtime environment (STDOUT, STG)#
#2025 06 18 03:12:33.655#Z#DEBUG#dbd228c3-4bf1-11f0-b2b0-eeee0a8c637a.mck-portal#flowable-async-job-executor-thread-10496#
[PollStageAppStatusExecution] 6e422593-95d5-4699-8c5d-f8ad235afff5 [2025-06-18T02:58:49.262249] NODE_ENV=production (STDOUT, STG)#
#2025 06 18 03:12:33.655#Z#DEBUG#dbd228c3-4bf1-11f0-b2b0-eeee0a8c637a.mck-portal#flowable-async-job-executor-thread-10496#
[PollStageAppStatusExecution] 6e422593-95d5-4699-8c5d-f8ad235afff5 [2025-06-18T02:58:49.262261] NODE_HOME=/tmp/contents767390029/deps/0/node (STDOUT, STG)#
#2025 06 18 03:12:33.655#Z#DEBUG#dbd228c3-4bf1-11f0-b2b0-eeee0a8c637a.mck-portal#flowable-async-job-executor-thread-10496#
[PollStageAppStatusExecution] 6e422593-95d5-4699-8c5d-f8ad235afff5 [2025-06-18T02:58:49.262263] NODE_MODULES_CACHE=true (STDOUT, STG)#
#2025 06 18 03:12:33.655#Z#DEBUG#dbd228c3-4bf1-11f0-b2b0-eeee0a8c637a.mck-portal#flowable-async-job-executor-thread-10496#
[PollStageAppStatusExecution] 6e422593-95d5-4699-8c5d-f8ad235afff5 [2025-06-18T02:58:49.262268] NODE_VERBOSE=false (STDOUT, STG)#
#2025 06 18 03:12:33.655#Z#DEBUG#dbd228c3-4bf1-11f0-b2b0-eeee0a8c637a.mck-portal#flowable-async-job-executor-thread-10496#
[PollStageAppStatusExecution] 6e422593-95d5-4699-8c5d-f8ad235afff5 [2025-06-18T02:58:49.262271] NPM_CONFIG_LOGLEVEL=error (STDOUT, STG)#
#2025 06 18 03:12:33.655#Z#DEBUG#dbd228c3-4bf1-11f0-b2b0-eeee0a8c637a.mck-portal#flowable-async-job-executor-thread-10496#
[PollStageAppStatusExecution] 6e422593-95d5-4699-8c5d-f8ad235afff5 [2025-06-18T02:58:49.262273] NPM_CONFIG_PRODUCTION=true (STDOUT, STG)#
#2025 06 18 03:12:33.655#Z#DEBUG#dbd228c3-4bf1-11f0-b2b0-eeee0a8c637a.mck-portal#flowable-async-job-executor-thread-10496#
[PollStageAppStatusExecution] 6e422593-95d5-4699-8c5d-f8ad235afff5 [2025-06-18T02:58:49.262283] -----> Building dependencies (STDOUT, STG)#
#2025 06 18 03:12:33.655#Z#DEBUG#dbd228c3-4bf1-11f0-b2b0-eeee0a8c637a.mck-portal#flowable-async-job-executor-thread-10496#
[PollStageAppStatusExecution] 6e422593-95d5-4699-8c5d-f8ad235afff5 [2025-06-18T02:58:49.262285] Prebuild detected (node_modules already exists) (STDOUT, STG)#
#2025 06 18 03:12:33.655#Z#DEBUG#dbd228c3-4bf1-11f0-b2b0-eeee0a8c637a.mck-portal#flowable-async-job-executor-thread-10496#
[PollStageAppStatusExecution] 6e422593-95d5-4699-8c5d-f8ad235afff5 [2025-06-18T02:58:49.262333] Rebuilding any native modules (STDOUT, STG)#
#2025 06 18 03:12:33.655#Z#DEBUG#dbd228c3-4bf1-11f0-b2b0-eeee0a8c637a.mck-portal#flowable-async-job-executor-thread-10496#
[PollStageAppStatusExecution] 6e422593-95d5-4699-8c5d-f8ad235afff5 [2025-06-18T02:58:49.873441] rebuilt dependencies successfully (STDOUT, STG)#
#2025 06 18 03:12:33.655#Z#DEBUG#dbd228c3-4bf1-11f0-b2b0-eeee0a8c637a.mck-portal#flowable-async-job-executor-thread-10496#
[PollStageAppStatusExecution] 6e422593-95d5-4699-8c5d-f8ad235afff5 [2025-06-18T02:58:49.875645] npm notice (STDOUT, STG)#
#2025 06 18 03:12:33.655#Z#DEBUG#dbd228c3-4bf1-11f0-b2b0-eeee0a8c637a.mck-portal#flowable-async-job-executor-thread-10496#
[PollStageAppStatusExecution] 6e422593-95d5-4699-8c5d-f8ad235afff5 [2025-06-18T02:58:49.875671] npm notice New major version of npm available! 10.8.2 -> 11.4.2 (STDOUT, STG)#
#2025 06 18 03:12:33.655#Z#DEBUG#dbd228c3-4bf1-11f0-b2b0-eeee0a8c637a.mck-portal#flowable-async-job-executor-thread-10496#
[PollStageAppStatusExecution] 6e422593-95d5-4699-8c5d-f8ad235afff5 [2025-06-18T02:58:49.875675] npm notice Changelog: https://github.com/npm/cli/releases/tag/v11.4.2 (STDOUT, STG)#
#2025 06 18 03:12:33.655#Z#DEBUG#dbd228c3-4bf1-11f0-b2b0-eeee0a8c637a.mck-portal#flowable-async-job-executor-thread-10496#
[PollStageAppStatusExecution] 6e422593-95d5-4699-8c5d-f8ad235afff5 [2025-06-18T02:58:49.875677] npm notice To update run: npm install -g npm@11.4.2 (STDOUT, STG)#
#2025 06 18 03:12:33.655#Z#DEBUG#dbd228c3-4bf1-11f0-b2b0-eeee0a8c637a.mck-portal#flowable-async-job-executor-thread-10496#
[PollStageAppStatusExecution] 6e422593-95d5-4699-8c5d-f8ad235afff5 [2025-06-18T02:58:49.875679] npm notice (STDOUT, STG)#
#2025 06 18 03:12:33.655#Z#DEBUG#dbd228c3-4bf1-11f0-b2b0-eeee0a8c637a.mck-portal#flowable-async-job-executor-thread-10496#
[PollStageAppStatusExecution] 6e422593-95d5-4699-8c5d-f8ad235afff5 [2025-06-18T02:58:49.885052] Installing any new modules (package.json + package-lock.json) (STDOUT, STG)#
#2025 06 18 03:12:33.655#Z#DEBUG#dbd228c3-4bf1-11f0-b2b0-eeee0a8c637a.mck-portal#flowable-async-job-executor-thread-10496#
[PollStageAppStatusExecution] 6e422593-95d5-4699-8c5d-f8ad235afff5 [2025-06-18T02:58:50.513175] up to date in 561ms (STDOUT, STG)#
#2025 06 18 03:12:33.655#Z#DEBUG#dbd228c3-4bf1-11f0-b2b0-eeee0a8c637a.mck-portal#flowable-async-job-executor-thread-10496#
[PollStageAppStatusExecution] 6e422593-95d5-4699-8c5d-f8ad235afff5 [2025-06-18T02:58:50.513268] 20 packages are looking for funding (STDOUT, STG)#
#2025 06 18 03:12:33.655#Z#DEBUG#dbd228c3-4bf1-11f0-b2b0-eeee0a8c637a.mck-portal#flowable-async-job-executor-thread-10496#
[PollStageAppStatusExecution] 6e422593-95d5-4699-8c5d-f8ad235afff5 [2025-06-18T02:58:50.513281] run `npm fund` for details (STDOUT, STG)#
#2025 06 18 03:12:33.655#Z#DEBUG#dbd228c3-4bf1-11f0-b2b0-eeee0a8c637a.mck-portal#flowable-async-job-executor-thread-10496#
[PollStageAppStatusExecution] 6e422593-95d5-4699-8c5d-f8ad235afff5 [2025-06-18T02:58:51.465261] Contrast Security no credentials found. Will not write environment files. (STDOUT, STG)#
#2025 06 18 03:12:33.655#Z#DEBUG#dbd228c3-4bf1-11f0-b2b0-eeee0a8c637a.mck-portal#flowable-async-job-executor-thread-10496#
[PollStageAppStatusExecution] 6e422593-95d5-4699-8c5d-f8ad235afff5 [2025-06-18T02:59:00.363515] Exit status 0 (STDOUT, STG)#
#2025 06 18 03:12:33.655#Z#DEBUG#dbd228c3-4bf1-11f0-b2b0-eeee0a8c637a.mck-portal#flowable-async-job-executor-thread-10496#
[PollStageAppStatusExecution] 6e422593-95d5-4699-8c5d-f8ad235afff5 [2025-06-18T02:59:00.363572] Uploading droplet, build artifacts cache... (STDOUT, STG)#
#2025 06 18 03:12:33.655#Z#DEBUG#dbd228c3-4bf1-11f0-b2b0-eeee0a8c637a.mck-portal#flowable-async-job-executor-thread-10496#
[PollStageAppStatusExecution] 6e422593-95d5-4699-8c5d-f8ad235afff5 [2025-06-18T02:59:00.363615] Uploading droplet... (STDOUT, STG)#
#2025 06 18 03:12:33.655#Z#DEBUG#dbd228c3-4bf1-11f0-b2b0-eeee0a8c637a.mck-portal#flowable-async-job-executor-thread-10496#
[PollStageAppStatusExecution] 6e422593-95d5-4699-8c5d-f8ad235afff5 [2025-06-18T02:59:00.363650] Uploading build artifacts cache... (STDOUT, STG)#
#2025 06 18 03:12:33.655#Z#DEBUG#dbd228c3-4bf1-11f0-b2b0-eeee0a8c637a.mck-portal#flowable-async-job-executor-thread-10496#
[PollStageAppStatusExecution] 6e422593-95d5-4699-8c5d-f8ad235afff5 [2025-06-18T02:59:00.381874] Uploaded build artifacts cache (227B) (STDOUT, STG)#
#2025 06 18 03:12:33.655#Z#DEBUG#dbd228c3-4bf1-11f0-b2b0-eeee0a8c637a.mck-portal#flowable-async-job-executor-thread-10496#
[PollStageAppStatusExecution] 6e422593-95d5-4699-8c5d-f8ad235afff5 [2025-06-18T02:59:01.181019] Creating droplet for app with guid 6e422593-95d5-4699-8c5d-f8ad235afff5 (STDOUT, API)#
#2025 06 18 03:12:33.655#Z#DEBUG#dbd228c3-4bf1-11f0-b2b0-eeee0a8c637a.mck-portal#flowable-async-job-executor-thread-10496#
[PollStageAppStatusExecution] 6e422593-95d5-4699-8c5d-f8ad235afff5 [2025-06-18T02:59:03.261366] Uploaded droplet (52.8M) (STDOUT, STG)#
#2025 06 18 03:12:33.655#Z#DEBUG#dbd228c3-4bf1-11f0-b2b0-eeee0a8c637a.mck-portal#flowable-async-job-executor-thread-10496#
[PollStageAppStatusExecution] 6e422593-95d5-4699-8c5d-f8ad235afff5 [2025-06-18T02:59:03.277161] Uploading complete (STDOUT, STG)#
#2025 06 18 03:12:33.655#Z#DEBUG#dbd228c3-4bf1-11f0-b2b0-eeee0a8c637a.mck-portal#flowable-async-job-executor-thread-10496#
[PollStageAppStatusExecution] 6e422593-95d5-4699-8c5d-f8ad235afff5 [2025-06-18T02:59:03.640522] Cell c82b8e79-665d-4651-a9df-ee257ebdab6f stopping instance 46dbb0a0-5095-44ea-a161-93458a5a03d6 (STDOUT, STG)#
#2025 06 18 03:12:33.655#Z#DEBUG#dbd228c3-4bf1-11f0-b2b0-eeee0a8c637a.mck-portal#flowable-async-job-executor-thread-10496#
[PollStageAppStatusExecution] 6e422593-95d5-4699-8c5d-f8ad235afff5 [2025-06-18T02:59:03.640553] Cell c82b8e79-665d-4651-a9df-ee257ebdab6f destroying container for instance 46dbb0a0-5095-44ea-a161-93458a5a03d6 (STDOUT, STG)#
#2025 06 18 03:12:33.655#Z#DEBUG#dbd228c3-4bf1-11f0-b2b0-eeee0a8c637a.mck-portal#flowable-async-job-executor-thread-10496#
[PollStageAppStatusExecution] 6e422593-95d5-4699-8c5d-f8ad235afff5 [2025-06-18T02:59:05.651893] Cell c82b8e79-665d-4651-a9df-ee257ebdab6f successfully destroyed container for instance 46dbb0a0-5095-44ea-a161-93458a5a03d6 (STDOUT, STG)#
#2025 06 18 03:12:33.655#Z#DEBUG#dbd228c3-4bf1-11f0-b2b0-eeee0a8c637a.mck-portal#flowable-async-job-executor-thread-10496#
[PollStageAppStatusExecution] 6e422593-95d5-4699-8c5d-f8ad235afff5 [2025-06-18T02:59:08.603882] Cell a242aeb3-18a9-42b0-ab3f-dfe960392a2c destroying container for instance d7aa29e1-8337-4572-55ce-58ca (STDOUT, CELL)#
#2025 06 18 03:12:33.655#Z#DEBUG#dbd228c3-4bf1-11f0-b2b0-eeee0a8c637a.mck-portal#flowable-async-job-executor-thread-10496#
[PollStageAppStatusExecution] 6e422593-95d5-4699-8c5d-f8ad235afff5 [2025-06-18T02:59:08.736190] Exit status 137 (STDOUT, PROXY)#
#2025 06 18 03:12:33.655#Z#DEBUG#dbd228c3-4bf1-11f0-b2b0-eeee0a8c637a.mck-portal#flowable-async-job-executor-thread-10496#
[PollStageAppStatusExecution] 6e422593-95d5-4699-8c5d-f8ad235afff5 [2025-06-18T02:59:10.534632] Cell a242aeb3-18a9-42b0-ab3f-dfe960392a2c successfully destroyed container for instance d7aa29e1-8337-4572-55ce-58ca (STDOUT, CELL)#
#2025 06 18 03:12:33.655#Z#DEBUG#dbd228c3-4bf1-11f0-b2b0-eeee0a8c637a.mck-portal#flowable-async-job-executor-thread-10496#
[PollStageAppStatusExecution] 6e422593-95d5-4699-8c5d-f8ad235afff5 [2025-06-18T02:59:12.129316] Updated app with guid 6e422593-95d5-4699-8c5d-f8ad235afff5 ({:droplet_guid=>"412104c8-2571-4c11-b074-a530f9517e49"}) (STDOUT, API)#
#2025 06 18 03:12:33.655#Z#DEBUG#dbd228c3-4bf1-11f0-b2b0-eeee0a8c637a.mck-portal#flowable-async-job-executor-thread-10496#
[PollStageAppStatusExecution] 6e422593-95d5-4699-8c5d-f8ad235afff5 [2025-06-18T02:59:12.339376] Creating revision for app with guid 6e422593-95d5-4699-8c5d-f8ad235afff5 (STDOUT, API)#
#2025 06 18 03:12:33.655#Z#DEBUG#dbd228c3-4bf1-11f0-b2b0-eeee0a8c637a.mck-portal#flowable-async-job-executor-thread-10496#
[PollStageAppStatusExecution] 6e422593-95d5-4699-8c5d-f8ad235afff5 [2025-06-18T02:59:12.374599] Starting app with guid 6e422593-95d5-4699-8c5d-f8ad235afff5 (STDOUT, API)#
#2025 06 18 03:12:33.655#Z#DEBUG#dbd228c3-4bf1-11f0-b2b0-eeee0a8c637a.mck-portal#flowable-async-job-executor-thread-10496#
[PollStageAppStatusExecution] 6e422593-95d5-4699-8c5d-f8ad235afff5 [2025-06-18T02:59:12.581681] Cell 86e04815-de95-413d-8434-597baad168ed creating container for instance b1cbecf1-8370-4bf2-58ef-1f26 (STDOUT, CELL)#
#2025 06 18 03:12:33.655#Z#DEBUG#dbd228c3-4bf1-11f0-b2b0-eeee0a8c637a.mck-portal#flowable-async-job-executor-thread-10496#
[PollStageAppStatusExecution] 6e422593-95d5-4699-8c5d-f8ad235afff5 [2025-06-18T02:59:13.067713] Security group rules were updated (STDOUT, CELL)#
#2025 06 18 03:12:33.655#Z#DEBUG#dbd228c3-4bf1-11f0-b2b0-eeee0a8c637a.mck-portal#flowable-async-job-executor-thread-10496#
[PollStageAppStatusExecution] 6e422593-95d5-4699-8c5d-f8ad235afff5 [2025-06-18T02:59:13.137261] Cell 86e04815-de95-413d-8434-597baad168ed successfully created container for instance b1cbecf1-8370-4bf2-58ef-1f26 (STDOUT, CELL)#
#2025 06 18 03:12:33.655#Z#DEBUG#dbd228c3-4bf1-11f0-b2b0-eeee0a8c637a.mck-portal#flowable-async-job-executor-thread-10496#
[PollStageAppStatusExecution] 6e422593-95d5-4699-8c5d-f8ad235afff5 [2025-06-18T02:59:13.508515] Downloading droplet... (STDOUT, CELL)#
#2025 06 18 03:12:33.655#Z#DEBUG#dbd228c3-4bf1-11f0-b2b0-eeee0a8c637a.mck-portal#flowable-async-job-executor-thread-10496#
[PollStageAppStatusExecution] 6e422593-95d5-4699-8c5d-f8ad235afff5 [2025-06-18T02:59:17.501983] Downloaded droplet (52.8M) (STDOUT, CELL)#
#2025 06 18 03:12:33.655#Z#DEBUG#dbd228c3-4bf1-11f0-b2b0-eeee0a8c637a.mck-portal#flowable-async-job-executor-thread-10496#
[PollStageAppStatusExecution] 6e422593-95d5-4699-8c5d-f8ad235afff5 [2025-06-18T02:59:17.502122] Starting health monitoring of container (STDOUT, CELL)#
#2025 06 18 03:12:33.655#Z#DEBUG#dbd228c3-4bf1-11f0-b2b0-eeee0a8c637a.mck-portal#flowable-async-job-executor-thread-10496#
[PollStageAppStatusExecution] 6e422593-95d5-4699-8c5d-f8ad235afff5 [2025-06-18T02:59:17.575520] Invoking pre-start scripts. (STDOUT, APP/PROC/WEB)#
#2025 06 18 03:12:33.655#Z#DEBUG#dbd228c3-4bf1-11f0-b2b0-eeee0a8c637a.mck-portal#flowable-async-job-executor-thread-10496#
[PollStageAppStatusExecution] 6e422593-95d5-4699-8c5d-f8ad235afff5 [2025-06-18T02:59:17.804416] Invoking start command. (STDOUT, APP/PROC/WEB)#
#2025 06 18 03:12:33.655#Z#DEBUG#dbd228c3-4bf1-11f0-b2b0-eeee0a8c637a.mck-portal#flowable-async-job-executor-thread-10496#
[PollStageAppStatusExecution] 6e422593-95d5-4699-8c5d-f8ad235afff5 [2025-06-18T02:59:18.149991] > start (STDOUT, APP/PROC/WEB)#
#2025 06 18 03:12:33.655#Z#DEBUG#dbd228c3-4bf1-11f0-b2b0-eeee0a8c637a.mck-portal#flowable-async-job-executor-thread-10496#
[PollStageAppStatusExecution] 6e422593-95d5-4699-8c5d-f8ad235afff5 [2025-06-18T02:59:18.150028] > node node_modules/@sap/approuter/approuter.js (STDOUT, APP/PROC/WEB)#
#2025 06 18 03:12:33.655#Z#DEBUG#dbd228c3-4bf1-11f0-b2b0-eeee0a8c637a.mck-portal#flowable-async-job-executor-thread-10496#
[PollStageAppStatusExecution] 6e422593-95d5-4699-8c5d-f8ad235afff5 [2025-06-18T02:59:18.428658] {"written_at":"2025-06-18T02:59:18.426Z","written_ts":1750215558426000000,"csn_component":"-","correlation_id":"-","type":"log","logger":"nodejs-logger","layer":"/LoggingLibrary","level":"warning","container_id":"10.36.128.15","component_type":"application","component_id":"6e422593-95d5-4699-8c5d-f8ad235afff5","component_name":"mck-portal","component_instance":-1,"source_instance":-1,"organization_id":"557795fb-ec02-41f6-b249-2b9c73ac8438","organization_name":"McKesson Corporation_discovery-sunrise","space_id":"2742a945-aac7-4753-a013-50fdd526e1db","space_name":"Datasphere_Dev","context_id":"","msg":"Dynamic log level switching not available"} (STDOUT, APP/PROC/WEB)#
#2025 06 18 03:12:33.655#Z#DEBUG#dbd228c3-4bf1-11f0-b2b0-eeee0a8c637a.mck-portal#flowable-async-job-executor-thread-10496#
[PollStageAppStatusExecution] 6e422593-95d5-4699-8c5d-f8ad235afff5 [2025-06-18T02:59:18.750311] {"written_at":"2025-06-18T02:59:18.749Z","written_ts":1750215558749000000,"csn_component":"-","correlation_id":"mc1d5k65","type":"log","logger":"nodejs-logger","layer":"/approuter","level":"info","container_id":"10.36.128.15","component_type":"application","component_id":"6e422593-95d5-4699-8c5d-f8ad235afff5","component_name":"mck-portal","component_instance":-1,"source_instance":-1,"organization_id":"557795fb-ec02-41f6-b249-2b9c73ac8438","organization_name":"McKesson Corporation_discovery-sunrise","space_id":"2742a945-aac7-4753-a013-50fdd526e1db","space_name":"Datasphere_Dev","context_id":"mc1d5k65","msg":"Application router version 18.0.3"} (STDOUT, APP/PROC/WEB)#
#2025 06 18 03:12:33.655#Z#DEBUG#dbd228c3-4bf1-11f0-b2b0-eeee0a8c637a.mck-portal#flowable-async-job-executor-thread-10496#
[PollStageAppStatusExecution] 6e422593-95d5-4699-8c5d-f8ad235afff5 [2025-06-18T02:59:18.753480] {"written_at":"2025-06-18T02:59:18.753Z","written_ts":1750215558753000000,"csn_component":"-","correlation_id":"mc1d5k69","type":"log","logger":"nodejs-logger","layer":"/Configuration","level":"info","container_id":"10.36.128.15","component_type":"application","component_id":"6e422593-95d5-4699-8c5d-f8ad235afff5","component_name":"mck-portal","component_instance":-1,"source_instance":-1,"organization_id":"557795fb-ec02-41f6-b249-2b9c73ac8438","organization_name":"McKesson Corporation_discovery-sunrise","space_id":"2742a945-aac7-4753-a013-50fdd526e1db","space_name":"Datasphere_Dev","context_id":"mc1d5k69","msg":"No COOKIES environment variable"} (STDOUT, APP/PROC/WEB)#
#2025 06 18 03:12:33.655#Z#DEBUG#dbd228c3-4bf1-11f0-b2b0-eeee0a8c637a.mck-portal#flowable-async-job-executor-thread-10496#
[PollStageAppStatusExecution] 6e422593-95d5-4699-8c5d-f8ad235afff5 [2025-06-18T02:59:18.794034] {"written_at":"2025-06-18T02:59:18.793Z","written_ts":1750215558793000000,"csn_component":"-","correlation_id":"mc1d5k65","type":"log","logger":"nodejs-logger","layer":"/approuter","level":"info","container_id":"10.36.128.15","component_type":"application","component_id":"6e422593-95d5-4699-8c5d-f8ad235afff5","component_name":"mck-portal","component_instance":-1,"source_instance":-1,"organization_id":"557795fb-ec02-41f6-b249-2b9c73ac8438","organization_name":"McKesson Corporation_discovery-sunrise","space_id":"2742a945-aac7-4753-a013-50fdd526e1db","space_name":"Datasphere_Dev","context_id":"mc1d5k65","msg":"Application router is listening on port: 8080"} (STDOUT, APP/PROC/WEB)#
#2025 06 18 03:12:33.655#Z#DEBUG#dbd228c3-4bf1-11f0-b2b0-eeee0a8c637a.mck-portal#flowable-async-job-executor-thread-10496#
[PollStageAppStatusExecution] 6e422593-95d5-4699-8c5d-f8ad235afff5 [2025-06-18T02:59:20.424159] Container became healthy (STDOUT, CELL)#
#2025 06 18 03:12:33.655#Z#DEBUG#dbd228c3-4bf1-11f0-b2b0-eeee0a8c637a.mck-portal#flowable-async-job-executor-thread-10496#
[PollStageAppStatusExecution] 6e422593-95d5-4699-8c5d-f8ad235afff5 [2025-06-18T02:59:20.440736] Process became ready with guid 6e422593-95d5-4699-8c5d-f8ad235afff5 payload: {"instance"=>"b1cbecf1-8370-4bf2-58ef-1f26", "index"=>0, "cell_id"=>"86e04815-de95-413d-8434-597baad168ed", "ready"=>true, "version"=>"8fa39b57-0ac2-462a-ba38-e25b2068ab40"} (STDOUT, API)#
#2025 06 18 03:12:33.655#Z#DEBUG#dbd228c3-4bf1-11f0-b2b0-eeee0a8c637a.mck-portal#flowable-async-job-executor-thread-10496#
[PollStageAppStatusExecution] 6e422593-95d5-4699-8c5d-f8ad235afff5 [2025-06-18T03:12:13.986302] Uploading app package for app with guid 6e422593-95d5-4699-8c5d-f8ad235afff5 (STDOUT, API)#
#2025 06 18 03:12:33.655#Z#DEBUG#dbd228c3-4bf1-11f0-b2b0-eeee0a8c637a.mck-portal#flowable-async-job-executor-thread-10496#
[PollStageAppStatusExecution] 6e422593-95d5-4699-8c5d-f8ad235afff5 [2025-06-18T03:12:14.250277] Updated app with guid 6e422593-95d5-4699-8c5d-f8ad235afff5 ({"environment_variables"=>"[PRIVATE DATA HIDDEN]"}) (STDOUT, API)#
#2025 06 18 03:12:33.655#Z#DEBUG#dbd228c3-4bf1-11f0-b2b0-eeee0a8c637a.mck-portal#flowable-async-job-executor-thread-10496#
[PollStageAppStatusExecution] 6e422593-95d5-4699-8c5d-f8ad235afff5 [2025-06-18T03:12:25.064468] Stopping app with guid 6e422593-95d5-4699-8c5d-f8ad235afff5 (STDOUT, API)#
#2025 06 18 03:12:33.655#Z#DEBUG#dbd228c3-4bf1-11f0-b2b0-eeee0a8c637a.mck-portal#flowable-async-job-executor-thread-10496#
[PollStageAppStatusExecution] 6e422593-95d5-4699-8c5d-f8ad235afff5 [2025-06-18T03:12:25.098959] Cell 86e04815-de95-413d-8434-597baad168ed stopping instance b1cbecf1-8370-4bf2-58ef-1f26 (STDOUT, CELL)#
#2025 06 18 03:12:33.655#Z#DEBUG#dbd228c3-4bf1-11f0-b2b0-eeee0a8c637a.mck-portal#flowable-async-job-executor-thread-10496#
[PollStageAppStatusExecution] 6e422593-95d5-4699-8c5d-f8ad235afff5 [2025-06-18T03:12:25.537943] Creating build for app with guid 6e422593-95d5-4699-8c5d-f8ad235afff5 (STDOUT, API)#
#2025 06 18 03:12:33.655#Z#DEBUG#dbd228c3-4bf1-11f0-b2b0-eeee0a8c637a.mck-portal#flowable-async-job-executor-thread-10496#
[PollStageAppStatusExecution] 6e422593-95d5-4699-8c5d-f8ad235afff5 [2025-06-18T03:12:26.036572] Downloading zero_trust_sidecar_buildpack_1_8... (STDOUT, STG)#
#2025 06 18 03:12:33.655#Z#DEBUG#dbd228c3-4bf1-11f0-b2b0-eeee0a8c637a.mck-portal#flowable-async-job-executor-thread-10496#
[PollStageAppStatusExecution] 6e422593-95d5-4699-8c5d-f8ad235afff5 [2025-06-18T03:12:26.036582] Downloading go_buildpack... (STDOUT, STG)#
#2025 06 18 03:12:33.655#Z#DEBUG#dbd228c3-4bf1-11f0-b2b0-eeee0a8c637a.mck-portal#flowable-async-job-executor-thread-10496#
[PollStageAppStatusExecution] 6e422593-95d5-4699-8c5d-f8ad235afff5 [2025-06-18T03:12:26.036636] Downloading sap_java_buildpack_1_110... (STDOUT, STG)#
#2025 06 18 03:12:33.655#Z#DEBUG#dbd228c3-4bf1-11f0-b2b0-eeee0a8c637a.mck-portal#flowable-async-job-executor-thread-10496#
[PollStageAppStatusExecution] 6e422593-95d5-4699-8c5d-f8ad235afff5 [2025-06-18T03:12:26.036706] Downloading binary_buildpack... (STDOUT, STG)#
#2025 06 18 03:12:33.655#Z#DEBUG#dbd228c3-4bf1-11f0-b2b0-eeee0a8c637a.mck-portal#flowable-async-job-executor-thread-10496#
[PollStageAppStatusExecution] 6e422593-95d5-4699-8c5d-f8ad235afff5 [2025-06-18T03:12:26.043706] Downloading sap_java_buildpack_1_112... (STDOUT, STG)#
#2025 06 18 03:12:33.655#Z#DEBUG#dbd228c3-4bf1-11f0-b2b0-eeee0a8c637a.mck-portal#flowable-async-job-executor-thread-10496#
[PollStageAppStatusExecution] 6e422593-95d5-4699-8c5d-f8ad235afff5 [2025-06-18T03:12:26.053708] Downloaded sap_java_buildpack_1_110 (STDOUT, STG)#
#2025 06 18 03:12:33.655#Z#DEBUG#dbd228c3-4bf1-11f0-b2b0-eeee0a8c637a.mck-portal#flowable-async-job-executor-thread-10496#
[PollStageAppStatusExecution] 6e422593-95d5-4699-8c5d-f8ad235afff5 [2025-06-18T03:12:26.053743] Downloading sap_java_buildpack... (STDOUT, STG)#
#2025 06 18 03:12:33.655#Z#DEBUG#dbd228c3-4bf1-11f0-b2b0-eeee0a8c637a.mck-portal#flowable-async-job-executor-thread-10496#
[PollStageAppStatusExecution] 6e422593-95d5-4699-8c5d-f8ad235afff5 [2025-06-18T03:12:26.054864] Downloaded binary_buildpack (STDOUT, STG)#
#2025 06 18 03:12:33.655#Z#DEBUG#dbd228c3-4bf1-11f0-b2b0-eeee0a8c637a.mck-portal#flowable-async-job-executor-thread-10496#
[PollStageAppStatusExecution] 6e422593-95d5-4699-8c5d-f8ad235afff5 [2025-06-18T03:12:26.054894] Downloading php_buildpack... (STDOUT, STG)#
#2025 06 18 03:12:33.655#Z#DEBUG#dbd228c3-4bf1-11f0-b2b0-eeee0a8c637a.mck-portal#flowable-async-job-executor-thread-10496#
[PollStageAppStatusExecution] 6e422593-95d5-4699-8c5d-f8ad235afff5 [2025-06-18T03:12:26.054945] Downloaded zero_trust_sidecar_buildpack_1_8 (STDOUT, STG)#
#2025 06 18 03:12:33.655#Z#DEBUG#dbd228c3-4bf1-11f0-b2b0-eeee0a8c637a.mck-portal#flowable-async-job-executor-thread-10496#
[PollStageAppStatusExecution] 6e422593-95d5-4699-8c5d-f8ad235afff5 [2025-06-18T03:12:26.054953] Downloaded go_buildpack (STDOUT, STG)#
#2025 06 18 03:12:33.655#Z#DEBUG#dbd228c3-4bf1-11f0-b2b0-eeee0a8c637a.mck-portal#flowable-async-job-executor-thread-10496#
[PollStageAppStatusExecution] 6e422593-95d5-4699-8c5d-f8ad235afff5 [2025-06-18T03:12:26.054963] Downloading python_buildpack... (STDOUT, STG)#
#2025 06 18 03:12:33.655#Z#DEBUG#dbd228c3-4bf1-11f0-b2b0-eeee0a8c637a.mck-portal#flowable-async-job-executor-thread-10496#
[PollStageAppStatusExecution] 6e422593-95d5-4699-8c5d-f8ad235afff5 [2025-06-18T03:12:26.054980] Downloading nginx_buildpack... (STDOUT, STG)#
#2025 06 18 03:12:33.655#Z#DEBUG#dbd228c3-4bf1-11f0-b2b0-eeee0a8c637a.mck-portal#flowable-async-job-executor-thread-10496#
[PollStageAppStatusExecution] 6e422593-95d5-4699-8c5d-f8ad235afff5 [2025-06-18T03:12:26.057718] Downloaded sap_java_buildpack_1_112 (STDOUT, STG)#
#2025 06 18 03:12:33.655#Z#DEBUG#dbd228c3-4bf1-11f0-b2b0-eeee0a8c637a.mck-portal#flowable-async-job-executor-thread-10496#
[PollStageAppStatusExecution] 6e422593-95d5-4699-8c5d-f8ad235afff5 [2025-06-18T03:12:26.057745] Downloading sap_java_buildpack_jakarta_2_26... (STDOUT, STG)#
#2025 06 18 03:12:33.655#Z#DEBUG#dbd228c3-4bf1-11f0-b2b0-eeee0a8c637a.mck-portal#flowable-async-job-executor-thread-10496#
[PollStageAppStatusExecution] 6e422593-95d5-4699-8c5d-f8ad235afff5 [2025-06-18T03:12:26.066791] Downloaded sap_java_buildpack (STDOUT, STG)#
#2025 06 18 03:12:33.655#Z#DEBUG#dbd228c3-4bf1-11f0-b2b0-eeee0a8c637a.mck-portal#flowable-async-job-executor-thread-10496#
[PollStageAppStatusExecution] 6e422593-95d5-4699-8c5d-f8ad235afff5 [2025-06-18T03:12:26.066811] Downloading sap_java_buildpack_jakarta... (STDOUT, STG)#
#2025 06 18 03:12:33.655#Z#DEBUG#dbd228c3-4bf1-11f0-b2b0-eeee0a8c637a.mck-portal#flowable-async-job-executor-thread-10496#
[PollStageAppStatusExecution] 6e422593-95d5-4699-8c5d-f8ad235afff5 [2025-06-18T03:12:26.068018] Downloaded python_buildpack (STDOUT, STG)#
#2025 06 18 03:12:33.655#Z#DEBUG#dbd228c3-4bf1-11f0-b2b0-eeee0a8c637a.mck-portal#flowable-async-job-executor-thread-10496#
[PollStageAppStatusExecution] 6e422593-95d5-4699-8c5d-f8ad235afff5 [2025-06-18T03:12:26.068035] Downloading sap_java_buildpack_jakarta_2_31... (STDOUT, STG)#
#2025 06 18 03:12:33.655#Z#DEBUG#dbd228c3-4bf1-11f0-b2b0-eeee0a8c637a.mck-portal#flowable-async-job-executor-thread-10496#
[PollStageAppStatusExecution] 6e422593-95d5-4699-8c5d-f8ad235afff5 [2025-06-18T03:12:26.071792] Downloaded nginx_buildpack (STDOUT, STG)#
#2025 06 18 03:12:33.655#Z#DEBUG#dbd228c3-4bf1-11f0-b2b0-eeee0a8c637a.mck-portal#flowable-async-job-executor-thread-10496#
[PollStageAppStatusExecution] 6e422593-95d5-4699-8c5d-f8ad235afff5 [2025-06-18T03:12:26.071813] Downloading sap_java_buildpack_jakarta_2_30... (STDOUT, STG)#
#2025 06 18 03:12:33.655#Z#DEBUG#dbd228c3-4bf1-11f0-b2b0-eeee0a8c637a.mck-portal#flowable-async-job-executor-thread-10496#
[PollStageAppStatusExecution] 6e422593-95d5-4699-8c5d-f8ad235afff5 [2025-06-18T03:12:26.071908] Downloaded sap_java_buildpack_jakarta_2_26 (STDOUT, STG)#
#2025 06 18 03:12:33.655#Z#DEBUG#dbd228c3-4bf1-11f0-b2b0-eeee0a8c637a.mck-portal#flowable-async-job-executor-thread-10496#
[PollStageAppStatusExecution] 6e422593-95d5-4699-8c5d-f8ad235afff5 [2025-06-18T03:12:26.071943] Downloading sap_java_buildpack_1_111... (STDOUT, STG)#
#2025 06 18 03:12:33.655#Z#DEBUG#dbd228c3-4bf1-11f0-b2b0-eeee0a8c637a.mck-portal#flowable-async-job-executor-thread-10496#
[PollStageAppStatusExecution] 6e422593-95d5-4699-8c5d-f8ad235afff5 [2025-06-18T03:12:26.078245] Downloaded sap_java_buildpack_jakarta (STDOUT, STG)#
#2025 06 18 03:12:33.655#Z#DEBUG#dbd228c3-4bf1-11f0-b2b0-eeee0a8c637a.mck-portal#flowable-async-job-executor-thread-10496#
[PollStageAppStatusExecution] 6e422593-95d5-4699-8c5d-f8ad235afff5 [2025-06-18T03:12:26.078262] Downloading sap_java_buildpack_jakarta_2_29... (STDOUT, STG)#
#2025 06 18 03:12:33.655#Z#DEBUG#dbd228c3-4bf1-11f0-b2b0-eeee0a8c637a.mck-portal#flowable-async-job-executor-thread-10496#
[PollStageAppStatusExecution] 6e422593-95d5-4699-8c5d-f8ad235afff5 [2025-06-18T03:12:26.078536] Downloaded sap_java_buildpack_jakarta_2_31 (STDOUT, STG)#
#2025 06 18 03:12:33.655#Z#DEBUG#dbd228c3-4bf1-11f0-b2b0-eeee0a8c637a.mck-portal#flowable-async-job-executor-thread-10496#
[PollStageAppStatusExecution] 6e422593-95d5-4699-8c5d-f8ad235afff5 [2025-06-18T03:12:26.078552] Downloading zero_trust_sidecar_buildpack_1_9... (STDOUT, STG)#
#2025 06 18 03:12:33.655#Z#DEBUG#dbd228c3-4bf1-11f0-b2b0-eeee0a8c637a.mck-portal#flowable-async-job-executor-thread-10496#
[PollStageAppStatusExecution] 6e422593-95d5-4699-8c5d-f8ad235afff5 [2025-06-18T03:12:26.082283] Downloaded sap_java_buildpack_1_111 (STDOUT, STG)#
#2025 06 18 03:12:33.655#Z#DEBUG#dbd228c3-4bf1-11f0-b2b0-eeee0a8c637a.mck-portal#flowable-async-job-executor-thread-10496#
[PollStageAppStatusExecution] 6e422593-95d5-4699-8c5d-f8ad235afff5 [2025-06-18T03:12:26.082310] Downloading java_buildpack... (STDOUT, STG)#
#2025 06 18 03:12:33.655#Z#DEBUG#dbd228c3-4bf1-11f0-b2b0-eeee0a8c637a.mck-portal#flowable-async-job-executor-thread-10496#
[PollStageAppStatusExecution] 6e422593-95d5-4699-8c5d-f8ad235afff5 [2025-06-18T03:12:26.085147] Downloaded sap_java_buildpack_jakarta_2_30 (STDOUT, STG)#
#2025 06 18 03:12:33.655#Z#DEBUG#dbd228c3-4bf1-11f0-b2b0-eeee0a8c637a.mck-portal#flowable-async-job-executor-thread-10496#
[PollStageAppStatusExecution] 6e422593-95d5-4699-8c5d-f8ad235afff5 [2025-06-18T03:12:26.085170] Downloading zero_trust_sidecar_buildpack_1_7... (STDOUT, STG)#
#2025 06 18 03:12:33.655#Z#DEBUG#dbd228c3-4bf1-11f0-b2b0-eeee0a8c637a.mck-portal#flowable-async-job-executor-thread-10496#
[PollStageAppStatusExecution] 6e422593-95d5-4699-8c5d-f8ad235afff5 [2025-06-18T03:12:26.090747] Downloaded sap_java_buildpack_jakarta_2_29 (STDOUT, STG)#
#2025 06 18 03:12:33.655#Z#DEBUG#dbd228c3-4bf1-11f0-b2b0-eeee0a8c637a.mck-portal#flowable-async-job-executor-thread-10496#
[PollStageAppStatusExecution] 6e422593-95d5-4699-8c5d-f8ad235afff5 [2025-06-18T03:12:26.090800] Downloading staticfile_buildpack... (STDOUT, STG)#
#2025 06 18 03:12:33.655#Z#DEBUG#dbd228c3-4bf1-11f0-b2b0-eeee0a8c637a.mck-portal#flowable-async-job-executor-thread-10496#
[PollStageAppStatusExecution] 6e422593-95d5-4699-8c5d-f8ad235afff5 [2025-06-18T03:12:26.091899] Downloaded zero_trust_sidecar_buildpack_1_9 (STDOUT, STG)#
#2025 06 18 03:12:33.655#Z#DEBUG#dbd228c3-4bf1-11f0-b2b0-eeee0a8c637a.mck-portal#flowable-async-job-executor-thread-10496#
[PollStageAppStatusExecution] 6e422593-95d5-4699-8c5d-f8ad235afff5 [2025-06-18T03:12:26.091915] Downloading zero_trust_sidecar_buildpack... (STDOUT, STG)#
#2025 06 18 03:12:33.655#Z#DEBUG#dbd228c3-4bf1-11f0-b2b0-eeee0a8c637a.mck-portal#flowable-async-job-executor-thread-10496#
[PollStageAppStatusExecution] 6e422593-95d5-4699-8c5d-f8ad235afff5 [2025-06-18T03:12:26.094755] Downloaded php_buildpack (STDOUT, STG)#
#2025 06 18 03:12:33.655#Z#DEBUG#dbd228c3-4bf1-11f0-b2b0-eeee0a8c637a.mck-portal#flowable-async-job-executor-thread-10496#
[PollStageAppStatusExecution] 6e422593-95d5-4699-8c5d-f8ad235afff5 [2025-06-18T03:12:26.094777] Downloading nodejs_buildpack... (STDOUT, STG)#
#2025 06 18 03:12:33.655#Z#DEBUG#dbd228c3-4bf1-11f0-b2b0-eeee0a8c637a.mck-portal#flowable-async-job-executor-thread-10496#
[PollStageAppStatusExecution] 6e422593-95d5-4699-8c5d-f8ad235afff5 [2025-06-18T03:12:26.097403] Downloaded zero_trust_sidecar_buildpack_1_7 (STDOUT, STG)#
#2025 06 18 03:12:33.655#Z#DEBUG#dbd228c3-4bf1-11f0-b2b0-eeee0a8c637a.mck-portal#flowable-async-job-executor-thread-10496#
[PollStageAppStatusExecution] 6e422593-95d5-4699-8c5d-f8ad235afff5 [2025-06-18T03:12:26.097441] Downloaded java_buildpack (STDOUT, STG)#
#2025 06 18 03:12:33.655#Z#DEBUG#dbd228c3-4bf1-11f0-b2b0-eeee0a8c637a.mck-portal#flowable-async-job-executor-thread-10496#
[PollStageAppStatusExecution] 6e422593-95d5-4699-8c5d-f8ad235afff5 [2025-06-18T03:12:26.103272] Downloaded staticfile_buildpack (STDOUT, STG)#
#2025 06 18 03:12:33.655#Z#DEBUG#dbd228c3-4bf1-11f0-b2b0-eeee0a8c637a.mck-portal#flowable-async-job-executor-thread-10496#
[PollStageAppStatusExecution] 6e422593-95d5-4699-8c5d-f8ad235afff5 [2025-06-18T03:12:26.104508] Downloaded zero_trust_sidecar_buildpack (STDOUT, STG)#
#2025 06 18 03:12:33.655#Z#DEBUG#dbd228c3-4bf1-11f0-b2b0-eeee0a8c637a.mck-portal#flowable-async-job-executor-thread-10496#
[PollStageAppStatusExecution] 6e422593-95d5-4699-8c5d-f8ad235afff5 [2025-06-18T03:12:26.107849] Downloaded nodejs_buildpack (STDOUT, STG)#
#2025 06 18 03:12:33.655#Z#DEBUG#dbd228c3-4bf1-11f0-b2b0-eeee0a8c637a.mck-portal#flowable-async-job-executor-thread-10496#
[PollStageAppStatusExecution] 6e422593-95d5-4699-8c5d-f8ad235afff5 [2025-06-18T03:12:26.107921] Cell dd7059b6-aa51-49b4-97f9-0302b687b5ba creating container for instance 5bbed560-09d2-47e1-9fb6-2666dc352ad0 (STDOUT, STG)#
#2025 06 18 03:12:33.655#Z#DEBUG#dbd228c3-4bf1-11f0-b2b0-eeee0a8c637a.mck-portal#flowable-async-job-executor-thread-10496#
[PollStageAppStatusExecution] 6e422593-95d5-4699-8c5d-f8ad235afff5 [2025-06-18T03:12:26.533256] Security group rules were updated (STDOUT, STG)#
#2025 06 18 03:12:33.655#Z#DEBUG#dbd228c3-4bf1-11f0-b2b0-eeee0a8c637a.mck-portal#flowable-async-job-executor-thread-10496#
[PollStageAppStatusExecution] 6e422593-95d5-4699-8c5d-f8ad235afff5 [2025-06-18T03:12:26.602648] Cell dd7059b6-aa51-49b4-97f9-0302b687b5ba successfully created container for instance 5bbed560-09d2-47e1-9fb6-2666dc352ad0 (STDOUT, STG)#
#2025 06 18 03:12:33.655#Z#DEBUG#dbd228c3-4bf1-11f0-b2b0-eeee0a8c637a.mck-portal#flowable-async-job-executor-thread-10496#
[PollStageAppStatusExecution] 6e422593-95d5-4699-8c5d-f8ad235afff5 [2025-06-18T03:12:26.891271] Downloading app package... (STDOUT, STG)#
#2025 06 18 03:12:33.655#Z#DEBUG#dbd228c3-4bf1-11f0-b2b0-eeee0a8c637a.mck-portal#flowable-async-job-executor-thread-10496#
[PollStageAppStatusExecution] 6e422593-95d5-4699-8c5d-f8ad235afff5 [2025-06-18T03:12:26.891277] Downloading build artifacts cache... (STDOUT, STG)#
#2025 06 18 03:12:33.655#Z#DEBUG#dbd228c3-4bf1-11f0-b2b0-eeee0a8c637a.mck-portal#flowable-async-job-executor-thread-10496#
[PollStageAppStatusExecution] 6e422593-95d5-4699-8c5d-f8ad235afff5 [2025-06-18T03:12:26.915365] Downloaded build artifacts cache (227B) (STDOUT, STG)#
#2025 06 18 03:12:33.655#Z#DEBUG#dbd228c3-4bf1-11f0-b2b0-eeee0a8c637a.mck-portal#flowable-async-job-executor-thread-10496#
[PollStageAppStatusExecution] 6e422593-95d5-4699-8c5d-f8ad235afff5 [2025-06-18T03:12:27.988049] Downloaded app package (7.6M) (STDOUT, STG)#
#2025 06 18 03:12:33.655#Z#DEBUG#dbd228c3-4bf1-11f0-b2b0-eeee0a8c637a.mck-portal#flowable-async-job-executor-thread-10496#
[PollStageAppStatusExecution] 6e422593-95d5-4699-8c5d-f8ad235afff5 [2025-06-18T03:12:28.636457] -----> Nodejs Buildpack version 1.8.37 (STDOUT, STG)#
#2025 06 18 03:12:33.655#Z#DEBUG#dbd228c3-4bf1-11f0-b2b0-eeee0a8c637a.mck-portal#flowable-async-job-executor-thread-10496#
[PollStageAppStatusExecution] 6e422593-95d5-4699-8c5d-f8ad235afff5 [2025-06-18T03:12:28.989189] -----> Bootstrapping python (STDOUT, STG)#
#2025 06 18 03:12:33.655#Z#DEBUG#dbd228c3-4bf1-11f0-b2b0-eeee0a8c637a.mck-portal#flowable-async-job-executor-thread-10496#
[PollStageAppStatusExecution] 6e422593-95d5-4699-8c5d-f8ad235afff5 [2025-06-18T03:12:28.989212] -----> Installing python 3.11.11 (STDOUT, STG)#
#2025 06 18 03:12:33.655#Z#DEBUG#dbd228c3-4bf1-11f0-b2b0-eeee0a8c637a.mck-portal#flowable-async-job-executor-thread-10496#
[PollStageAppStatusExecution] 6e422593-95d5-4699-8c5d-f8ad235afff5 [2025-06-18T03:12:28.989268] Copy [/tmp/buildpacks/68a2d00dc53fc0ad/dependencies/d30d0c402d9054a18c15ffc2a462027b/python_3.11.11_linux_x64_cflinuxfs4_13c4c2b4.tgz] (STDOUT, STG)#
#2025 06 18 03:12:33.655#Z#DEBUG#dbd228c3-4bf1-11f0-b2b0-eeee0a8c637a.mck-portal#flowable-async-job-executor-thread-10496#
[PollStageAppStatusExecution] 6e422593-95d5-4699-8c5d-f8ad235afff5 [2025-06-18T03:12:32.644978] -----> Installing binaries (STDOUT, STG)#
#2025 06 18 03:12:33.655#Z#DEBUG#dbd228c3-4bf1-11f0-b2b0-eeee0a8c637a.mck-portal#flowable-async-job-executor-thread-10496#
[PollStageAppStatusExecution] 6e422593-95d5-4699-8c5d-f8ad235afff5 [2025-06-18T03:12:32.645082] engines.node (package.json): ^20 (STDOUT, STG)#
#2025 06 18 03:12:33.655#Z#DEBUG#dbd228c3-4bf1-11f0-b2b0-eeee0a8c637a.mck-portal#flowable-async-job-executor-thread-10496#
[PollStageAppStatusExecution] 6e422593-95d5-4699-8c5d-f8ad235afff5 [2025-06-18T03:12:32.645130] engines.npm (package.json): unspecified (use default) (STDOUT, STG)#
#2025 06 18 03:12:33.656#Z#DEBUG#dbd228c3-4bf1-11f0-b2b0-eeee0a8c637a.mck-portal#flowable-async-job-executor-thread-10496#
[PollStageAppStatusExecution] 6e422593-95d5-4699-8c5d-f8ad235afff5 [2025-06-18T03:12:32.645193] -----> Installing node 20.19.0 (STDOUT, STG)#
#2025 06 18 03:12:33.656#Z#DEBUG#dbd228c3-4bf1-11f0-b2b0-eeee0a8c637a.mck-portal#flowable-async-job-executor-thread-10496#
[PollStageAppStatusExecution] 6e422593-95d5-4699-8c5d-f8ad235afff5 [2025-06-18T03:12:32.645421] Copy [/tmp/buildpacks/68a2d00dc53fc0ad/dependencies/fa1b3356711fa4cd1a7871b055aff732/node_20.19.0_linux_x64_cflinuxfs4_1995343c.tgz] (STDOUT, STG)#
#2025 06 18 03:12:43.694#Z#DEBUG#dbd228c3-4bf1-11f0-b2b0-eeee0a8c637a.mck-portal#flowable-async-job-executor-thread-2964#
[PollStageAppStatusExecution] 6e422593-95d5-4699-8c5d-f8ad235afff5 [2025-06-18T03:12:34.520922] Using default npm version: 10.8.2 (STDOUT, STG)#
#2025 06 18 03:12:43.694#Z#DEBUG#dbd228c3-4bf1-11f0-b2b0-eeee0a8c637a.mck-portal#flowable-async-job-executor-thread-2964#
[PollStageAppStatusExecution] 6e422593-95d5-4699-8c5d-f8ad235afff5 [2025-06-18T03:12:34.520960] -----> Installing yarn 1.22.22 (STDOUT, STG)#
#2025 06 18 03:12:43.694#Z#DEBUG#dbd228c3-4bf1-11f0-b2b0-eeee0a8c637a.mck-portal#flowable-async-job-executor-thread-2964#
[PollStageAppStatusExecution] 6e422593-95d5-4699-8c5d-f8ad235afff5 [2025-06-18T03:12:34.520980] Copy [/tmp/buildpacks/68a2d00dc53fc0ad/dependencies/ff849eb7696d3a7f463752a272c9a88e/yarn_1.22.22_linux_noarch_any-stack_83bda680.tgz] (STDOUT, STG)#
#2025 06 18 03:12:43.694#Z#DEBUG#dbd228c3-4bf1-11f0-b2b0-eeee0a8c637a.mck-portal#flowable-async-job-executor-thread-2964#
[PollStageAppStatusExecution] 6e422593-95d5-4699-8c5d-f8ad235afff5 [2025-06-18T03:12:34.824290] Installed yarn 1.22.22 (STDOUT, STG)#
#2025 06 18 03:12:43.694#Z#DEBUG#dbd228c3-4bf1-11f0-b2b0-eeee0a8c637a.mck-portal#flowable-async-job-executor-thread-2964#
[PollStageAppStatusExecution] 6e422593-95d5-4699-8c5d-f8ad235afff5 [2025-06-18T03:12:34.824320] -----> Creating runtime environment (STDOUT, STG)#
#2025 06 18 03:12:43.694#Z#DEBUG#dbd228c3-4bf1-11f0-b2b0-eeee0a8c637a.mck-portal#flowable-async-job-executor-thread-2964#
[PollStageAppStatusExecution] 6e422593-95d5-4699-8c5d-f8ad235afff5 [2025-06-18T03:12:34.825912] NODE_ENV=production (STDOUT, STG)#
#2025 06 18 03:12:43.694#Z#DEBUG#dbd228c3-4bf1-11f0-b2b0-eeee0a8c637a.mck-portal#flowable-async-job-executor-thread-2964#
[PollStageAppStatusExecution] 6e422593-95d5-4699-8c5d-f8ad235afff5 [2025-06-18T03:12:34.825926] NODE_HOME=/tmp/contents1924621385/deps/0/node (STDOUT, STG)#
#2025 06 18 03:12:43.694#Z#DEBUG#dbd228c3-4bf1-11f0-b2b0-eeee0a8c637a.mck-portal#flowable-async-job-executor-thread-2964#
[PollStageAppStatusExecution] 6e422593-95d5-4699-8c5d-f8ad235afff5 [2025-06-18T03:12:34.825930] NODE_MODULES_CACHE=true (STDOUT, STG)#
#2025 06 18 03:12:43.694#Z#DEBUG#dbd228c3-4bf1-11f0-b2b0-eeee0a8c637a.mck-portal#flowable-async-job-executor-thread-2964#
[PollStageAppStatusExecution] 6e422593-95d5-4699-8c5d-f8ad235afff5 [2025-06-18T03:12:34.825933] NODE_VERBOSE=false (STDOUT, STG)#
#2025 06 18 03:12:43.694#Z#DEBUG#dbd228c3-4bf1-11f0-b2b0-eeee0a8c637a.mck-portal#flowable-async-job-executor-thread-2964#
[PollStageAppStatusExecution] 6e422593-95d5-4699-8c5d-f8ad235afff5 [2025-06-18T03:12:34.825935] NPM_CONFIG_LOGLEVEL=error (STDOUT, STG)#
#2025 06 18 03:12:43.694#Z#DEBUG#dbd228c3-4bf1-11f0-b2b0-eeee0a8c637a.mck-portal#flowable-async-job-executor-thread-2964#
[PollStageAppStatusExecution] 6e422593-95d5-4699-8c5d-f8ad235afff5 [2025-06-18T03:12:34.825938] NPM_CONFIG_PRODUCTION=true (STDOUT, STG)#
#2025 06 18 03:12:43.694#Z#DEBUG#dbd228c3-4bf1-11f0-b2b0-eeee0a8c637a.mck-portal#flowable-async-job-executor-thread-2964#
[PollStageAppStatusExecution] 6e422593-95d5-4699-8c5d-f8ad235afff5 [2025-06-18T03:12:34.825953] -----> Building dependencies (STDOUT, STG)#
#2025 06 18 03:12:43.694#Z#DEBUG#dbd228c3-4bf1-11f0-b2b0-eeee0a8c637a.mck-portal#flowable-async-job-executor-thread-2964#
[PollStageAppStatusExecution] 6e422593-95d5-4699-8c5d-f8ad235afff5 [2025-06-18T03:12:34.825956] Prebuild detected (node_modules already exists) (STDOUT, STG)#
#2025 06 18 03:12:43.694#Z#DEBUG#dbd228c3-4bf1-11f0-b2b0-eeee0a8c637a.mck-portal#flowable-async-job-executor-thread-2964#
[PollStageAppStatusExecution] 6e422593-95d5-4699-8c5d-f8ad235afff5 [2025-06-18T03:12:34.825996] Rebuilding any native modules (STDOUT, STG)#
#2025 06 18 03:12:43.694#Z#DEBUG#dbd228c3-4bf1-11f0-b2b0-eeee0a8c637a.mck-portal#flowable-async-job-executor-thread-2964#
[PollStageAppStatusExecution] 6e422593-95d5-4699-8c5d-f8ad235afff5 [2025-06-18T03:12:35.540222] rebuilt dependencies successfully (STDOUT, STG)#
#2025 06 18 03:12:43.694#Z#DEBUG#dbd228c3-4bf1-11f0-b2b0-eeee0a8c637a.mck-portal#flowable-async-job-executor-thread-2964#
[PollStageAppStatusExecution] 6e422593-95d5-4699-8c5d-f8ad235afff5 [2025-06-18T03:12:35.542759] npm notice (STDOUT, STG)#
#2025 06 18 03:12:43.694#Z#DEBUG#dbd228c3-4bf1-11f0-b2b0-eeee0a8c637a.mck-portal#flowable-async-job-executor-thread-2964#
[PollStageAppStatusExecution] 6e422593-95d5-4699-8c5d-f8ad235afff5 [2025-06-18T03:12:35.542797] npm notice New major version of npm available! 10.8.2 -> 11.4.2 (STDOUT, STG)#
#2025 06 18 03:12:43.694#Z#DEBUG#dbd228c3-4bf1-11f0-b2b0-eeee0a8c637a.mck-portal#flowable-async-job-executor-thread-2964#
[PollStageAppStatusExecution] 6e422593-95d5-4699-8c5d-f8ad235afff5 [2025-06-18T03:12:35.542802] npm notice Changelog: https://github.com/npm/cli/releases/tag/v11.4.2 (STDOUT, STG)#
#2025 06 18 03:12:43.694#Z#DEBUG#dbd228c3-4bf1-11f0-b2b0-eeee0a8c637a.mck-portal#flowable-async-job-executor-thread-2964#
[PollStageAppStatusExecution] 6e422593-95d5-4699-8c5d-f8ad235afff5 [2025-06-18T03:12:35.542805] npm notice To update run: npm install -g npm@11.4.2 (STDOUT, STG)#
#2025 06 18 03:12:43.694#Z#DEBUG#dbd228c3-4bf1-11f0-b2b0-eeee0a8c637a.mck-portal#flowable-async-job-executor-thread-2964#
[PollStageAppStatusExecution] 6e422593-95d5-4699-8c5d-f8ad235afff5 [2025-06-18T03:12:35.542808] npm notice (STDOUT, STG)#
#2025 06 18 03:12:43.694#Z#DEBUG#dbd228c3-4bf1-11f0-b2b0-eeee0a8c637a.mck-portal#flowable-async-job-executor-thread-2964#
[PollStageAppStatusExecution] 6e422593-95d5-4699-8c5d-f8ad235afff5 [2025-06-18T03:12:35.556636] Installing any new modules (package.json + package-lock.json) (STDOUT, STG)#
#2025 06 18 03:12:43.694#Z#DEBUG#dbd228c3-4bf1-11f0-b2b0-eeee0a8c637a.mck-portal#flowable-async-job-executor-thread-2964#
[PollStageAppStatusExecution] 6e422593-95d5-4699-8c5d-f8ad235afff5 [2025-06-18T03:12:36.256149] up to date in 622ms (STDOUT, STG)#
#2025 06 18 03:12:43.694#Z#DEBUG#dbd228c3-4bf1-11f0-b2b0-eeee0a8c637a.mck-portal#flowable-async-job-executor-thread-2964#
[PollStageAppStatusExecution] 6e422593-95d5-4699-8c5d-f8ad235afff5 [2025-06-18T03:12:36.256210] 20 packages are looking for funding (STDOUT, STG)#
#2025 06 18 03:12:43.694#Z#DEBUG#dbd228c3-4bf1-11f0-b2b0-eeee0a8c637a.mck-portal#flowable-async-job-executor-thread-2964#
[PollStageAppStatusExecution] 6e422593-95d5-4699-8c5d-f8ad235afff5 [2025-06-18T03:12:36.256295] run `npm fund` for details (STDOUT, STG)#
#2025 06 18 03:12:43.695#Z#DEBUG#dbd228c3-4bf1-11f0-b2b0-eeee0a8c637a.mck-portal#flowable-async-job-executor-thread-2964#
[PollStageAppStatusExecution] 6e422593-95d5-4699-8c5d-f8ad235afff5 [2025-06-18T03:12:37.127990] Contrast Security no credentials found. Will not write environment files. (STDOUT, STG)#
#2025 06 18 03:12:53.726#Z#DEBUG#dbd228c3-4bf1-11f0-b2b0-eeee0a8c637a.mck-portal#flowable-async-job-executor-thread-2976#
[PollStageAppStatusExecution] 6e422593-95d5-4699-8c5d-f8ad235afff5 [2025-06-18T03:12:46.351547] Exit status 0 (STDOUT, STG)#
#2025 06 18 03:12:53.726#Z#DEBUG#dbd228c3-4bf1-11f0-b2b0-eeee0a8c637a.mck-portal#flowable-async-job-executor-thread-2976#
[PollStageAppStatusExecution] 6e422593-95d5-4699-8c5d-f8ad235afff5 [2025-06-18T03:12:46.351604] Uploading droplet, build artifacts cache... (STDOUT, STG)#
#2025 06 18 03:12:53.726#Z#DEBUG#dbd228c3-4bf1-11f0-b2b0-eeee0a8c637a.mck-portal#flowable-async-job-executor-thread-2976#
[PollStageAppStatusExecution] 6e422593-95d5-4699-8c5d-f8ad235afff5 [2025-06-18T03:12:46.351645] Uploading build artifacts cache... (STDOUT, STG)#
#2025 06 18 03:12:53.726#Z#DEBUG#dbd228c3-4bf1-11f0-b2b0-eeee0a8c637a.mck-portal#flowable-async-job-executor-thread-2976#
[PollStageAppStatusExecution] 6e422593-95d5-4699-8c5d-f8ad235afff5 [2025-06-18T03:12:46.351675] Uploading droplet... (STDOUT, STG)#
#2025 06 18 03:12:53.726#Z#DEBUG#dbd228c3-4bf1-11f0-b2b0-eeee0a8c637a.mck-portal#flowable-async-job-executor-thread-2976#
[PollStageAppStatusExecution] 6e422593-95d5-4699-8c5d-f8ad235afff5 [2025-06-18T03:12:46.374120] Uploaded build artifacts cache (227B) (STDOUT, STG)#
#2025 06 18 03:12:53.726#Z#DEBUG#dbd228c3-4bf1-11f0-b2b0-eeee0a8c637a.mck-portal#flowable-async-job-executor-thread-2976#
[PollStageAppStatusExecution] 6e422593-95d5-4699-8c5d-f8ad235afff5 [2025-06-18T03:12:47.309929] Creating droplet for app with guid 6e422593-95d5-4699-8c5d-f8ad235afff5 (STDOUT, API)#
#2025 06 18 03:12:53.726#Z#DEBUG#dbd228c3-4bf1-11f0-b2b0-eeee0a8c637a.mck-portal#flowable-async-job-executor-thread-2976#
[PollStageAppStatusExecution] 6e422593-95d5-4699-8c5d-f8ad235afff5 [2025-06-18T03:12:49.384869] Uploaded droplet (52.8M) (STDOUT, STG)#
#2025 06 18 03:12:53.726#Z#DEBUG#dbd228c3-4bf1-11f0-b2b0-eeee0a8c637a.mck-portal#flowable-async-job-executor-thread-2976#
[PollStageAppStatusExecution] 6e422593-95d5-4699-8c5d-f8ad235afff5 [2025-06-18T03:12:49.403696] Uploading complete (STDOUT, STG)#
#2025 06 18 03:12:53.726#Z#DEBUG#dbd228c3-4bf1-11f0-b2b0-eeee0a8c637a.mck-portal#flowable-async-job-executor-thread-2976#
[PollStageAppStatusExecution] 6e422593-95d5-4699-8c5d-f8ad235afff5 [2025-06-18T03:12:50.671612] Cell dd7059b6-aa51-49b4-97f9-0302b687b5ba stopping instance 5bbed560-09d2-47e1-9fb6-2666dc352ad0 (STDOUT, STG)#
#2025 06 18 03:12:53.726#Z#DEBUG#dbd228c3-4bf1-11f0-b2b0-eeee0a8c637a.mck-portal#flowable-async-job-executor-thread-2976#
[PollStageAppStatusExecution] 6e422593-95d5-4699-8c5d-f8ad235afff5 [2025-06-18T03:12:50.671655] Cell dd7059b6-aa51-49b4-97f9-0302b687b5ba destroying container for instance 5bbed560-09d2-47e1-9fb6-2666dc352ad0 (STDOUT, STG)#
#2025 06 18 03:12:53.726#Z#DEBUG#dbd228c3-4bf1-11f0-b2b0-eeee0a8c637a.mck-portal#flowable-async-job-executor-thread-2976#
[PollStageAppStatusExecution] 6e422593-95d5-4699-8c5d-f8ad235afff5 [2025-06-18T03:12:52.931488] Cell dd7059b6-aa51-49b4-97f9-0302b687b5ba successfully destroyed container for instance 5bbed560-09d2-47e1-9fb6-2666dc352ad0 (STDOUT, STG)#
#2025 06 18 03:13:03.784#Z#DEBUG#dbd228c3-4bf1-11f0-b2b0-eeee0a8c637a.mck-portal#flowable-async-job-executor-thread-3144#
[PollStartAppStatusExecution] 6e422593-95d5-4699-8c5d-f8ad235afff5 [2025-06-18T03:12:53.812896] Updated app with guid 6e422593-95d5-4699-8c5d-f8ad235afff5 ({:droplet_guid=>"09a0bc74-8ea4-4ea2-87a8-3f35fc1521e0"}) (STDOUT, API)#
#2025 06 18 03:13:03.784#Z#DEBUG#dbd228c3-4bf1-11f0-b2b0-eeee0a8c637a.mck-portal#flowable-async-job-executor-thread-3144#
[PollStartAppStatusExecution] 6e422593-95d5-4699-8c5d-f8ad235afff5 [2025-06-18T03:12:54.032203] Creating revision for app with guid 6e422593-95d5-4699-8c5d-f8ad235afff5 (STDOUT, API)#
#2025 06 18 03:13:03.784#Z#DEBUG#dbd228c3-4bf1-11f0-b2b0-eeee0a8c637a.mck-portal#flowable-async-job-executor-thread-3144#
[PollStartAppStatusExecution] 6e422593-95d5-4699-8c5d-f8ad235afff5 [2025-06-18T03:12:54.064663] Starting app with guid 6e422593-95d5-4699-8c5d-f8ad235afff5 (STDOUT, API)#
#2025 06 18 03:13:03.784#Z#DEBUG#dbd228c3-4bf1-11f0-b2b0-eeee0a8c637a.mck-portal#flowable-async-job-executor-thread-3144#
[PollStartAppStatusExecution] 6e422593-95d5-4699-8c5d-f8ad235afff5 [2025-06-18T03:12:54.246672] Cell 851b1ea2-6d73-4f12-af6f-980e9a8c3f40 creating container for instance 9086f739-97e4-4b9c-4aa1-32ab (STDOUT, CELL)#
#2025 06 18 03:13:03.784#Z#DEBUG#dbd228c3-4bf1-11f0-b2b0-eeee0a8c637a.mck-portal#flowable-async-job-executor-thread-3144#
[PollStartAppStatusExecution] 6e422593-95d5-4699-8c5d-f8ad235afff5 [2025-06-18T03:12:54.681724] Security group rules were updated (STDOUT, CELL)#
#2025 06 18 03:13:03.784#Z#DEBUG#dbd228c3-4bf1-11f0-b2b0-eeee0a8c637a.mck-portal#flowable-async-job-executor-thread-3144#
[PollStartAppStatusExecution] 6e422593-95d5-4699-8c5d-f8ad235afff5 [2025-06-18T03:12:54.763100] Cell 851b1ea2-6d73-4f12-af6f-980e9a8c3f40 successfully created container for instance 9086f739-97e4-4b9c-4aa1-32ab (STDOUT, CELL)#
#2025 06 18 03:13:03.784#Z#DEBUG#dbd228c3-4bf1-11f0-b2b0-eeee0a8c637a.mck-portal#flowable-async-job-executor-thread-3144#
[PollStartAppStatusExecution] 6e422593-95d5-4699-8c5d-f8ad235afff5 [2025-06-18T03:12:55.416331] Downloading droplet... (STDOUT, CELL)#
#2025 06 18 03:13:03.784#Z#DEBUG#dbd228c3-4bf1-11f0-b2b0-eeee0a8c637a.mck-portal#flowable-async-job-executor-thread-3144#
[PollStartAppStatusExecution] 6e422593-95d5-4699-8c5d-f8ad235afff5 [2025-06-18T03:12:58.907569] Downloaded droplet (52.8M) (STDOUT, CELL)#
#2025 06 18 03:13:03.784#Z#DEBUG#dbd228c3-4bf1-11f0-b2b0-eeee0a8c637a.mck-portal#flowable-async-job-executor-thread-3144#
[PollStartAppStatusExecution] 6e422593-95d5-4699-8c5d-f8ad235afff5 [2025-06-18T03:12:58.907710] Starting health monitoring of container (STDOUT, CELL)#
#2025 06 18 03:13:03.784#Z#DEBUG#dbd228c3-4bf1-11f0-b2b0-eeee0a8c637a.mck-portal#flowable-async-job-executor-thread-3144#
[PollStartAppStatusExecution] 6e422593-95d5-4699-8c5d-f8ad235afff5 [2025-06-18T03:12:58.973725] Invoking pre-start scripts. (STDOUT, APP/PROC/WEB)#
#2025 06 18 03:13:03.784#Z#DEBUG#dbd228c3-4bf1-11f0-b2b0-eeee0a8c637a.mck-portal#flowable-async-job-executor-thread-3144#
[PollStartAppStatusExecution] 6e422593-95d5-4699-8c5d-f8ad235afff5 [2025-06-18T03:12:59.174837] Invoking start command. (STDOUT, APP/PROC/WEB)#
#2025 06 18 03:13:03.784#Z#DEBUG#dbd228c3-4bf1-11f0-b2b0-eeee0a8c637a.mck-portal#flowable-async-job-executor-thread-3144#
[PollStartAppStatusExecution] 6e422593-95d5-4699-8c5d-f8ad235afff5 [2025-06-18T03:12:59.531654] > start (STDOUT, APP/PROC/WEB)#
#2025 06 18 03:13:03.784#Z#DEBUG#dbd228c3-4bf1-11f0-b2b0-eeee0a8c637a.mck-portal#flowable-async-job-executor-thread-3144#
[PollStartAppStatusExecution] 6e422593-95d5-4699-8c5d-f8ad235afff5 [2025-06-18T03:12:59.531685] > node node_modules/@sap/approuter/approuter.js (STDOUT, APP/PROC/WEB)#
#2025 06 18 03:13:03.784#Z#DEBUG#dbd228c3-4bf1-11f0-b2b0-eeee0a8c637a.mck-portal#flowable-async-job-executor-thread-3144#
[PollStartAppStatusExecution] 6e422593-95d5-4699-8c5d-f8ad235afff5 [2025-06-18T03:12:59.771951] {"written_at":"2025-06-18T03:12:59.769Z","written_ts":1750216379769000000,"csn_component":"-","correlation_id":"-","type":"log","logger":"nodejs-logger","layer":"/LoggingLibrary","level":"warning","container_id":"10.36.193.8","component_type":"application","component_id":"6e422593-95d5-4699-8c5d-f8ad235afff5","component_name":"mck-portal","component_instance":-1,"source_instance":-1,"organization_id":"557795fb-ec02-41f6-b249-2b9c73ac8438","organization_name":"McKesson Corporation_discovery-sunrise","space_id":"2742a945-aac7-4753-a013-50fdd526e1db","space_name":"Datasphere_Dev","context_id":"","msg":"Dynamic log level switching not available"} (STDOUT, APP/PROC/WEB)#
#2025 06 18 03:13:03.785#Z#DEBUG#dbd228c3-4bf1-11f0-b2b0-eeee0a8c637a.mck-portal#flowable-async-job-executor-thread-3144#
[PollStartAppStatusExecution] 6e422593-95d5-4699-8c5d-f8ad235afff5 [2025-06-18T03:13:00.081929] {"written_at":"2025-06-18T03:13:00.081Z","written_ts":1750216380081000000,"csn_component":"-","correlation_id":"mc1dn5wx","type":"log","logger":"nodejs-logger","layer":"/approuter","level":"info","container_id":"10.36.193.8","component_type":"application","component_id":"6e422593-95d5-4699-8c5d-f8ad235afff5","component_name":"mck-portal","component_instance":-1,"source_instance":-1,"organization_id":"557795fb-ec02-41f6-b249-2b9c73ac8438","organization_name":"McKesson Corporation_discovery-sunrise","space_id":"2742a945-aac7-4753-a013-50fdd526e1db","space_name":"Datasphere_Dev","context_id":"mc1dn5wx","msg":"Application router version 18.0.3"} (STDOUT, APP/PROC/WEB)#
#2025 06 18 03:13:03.785#Z#DEBUG#dbd228c3-4bf1-11f0-b2b0-eeee0a8c637a.mck-portal#flowable-async-job-executor-thread-3144#
[PollStartAppStatusExecution] 6e422593-95d5-4699-8c5d-f8ad235afff5 [2025-06-18T03:13:00.084488] {"written_at":"2025-06-18T03:13:00.084Z","written_ts":1750216380084000000,"csn_component":"-","correlation_id":"mc1dn5x0","type":"log","logger":"nodejs-logger","layer":"/Configuration","level":"info","container_id":"10.36.193.8","component_type":"application","component_id":"6e422593-95d5-4699-8c5d-f8ad235afff5","component_name":"mck-portal","component_instance":-1,"source_instance":-1,"organization_id":"557795fb-ec02-41f6-b249-2b9c73ac8438","organization_name":"McKesson Corporation_discovery-sunrise","space_id":"2742a945-aac7-4753-a013-50fdd526e1db","space_name":"Datasphere_Dev","context_id":"mc1dn5x0","msg":"No COOKIES environment variable"} (STDOUT, APP/PROC/WEB)#
#2025 06 18 03:13:03.785#Z#DEBUG#dbd228c3-4bf1-11f0-b2b0-eeee0a8c637a.mck-portal#flowable-async-job-executor-thread-3144#
[PollStartAppStatusExecution] 6e422593-95d5-4699-8c5d-f8ad235afff5 [2025-06-18T03:13:00.122483] {"written_at":"2025-06-18T03:13:00.122Z","written_ts":1750216380122000000,"csn_component":"-","correlation_id":"mc1dn5wx","type":"log","logger":"nodejs-logger","layer":"/approuter","level":"info","container_id":"10.36.193.8","component_type":"application","component_id":"6e422593-95d5-4699-8c5d-f8ad235afff5","component_name":"mck-portal","component_instance":-1,"source_instance":-1,"organization_id":"557795fb-ec02-41f6-b249-2b9c73ac8438","organization_name":"McKesson Corporation_discovery-sunrise","space_id":"2742a945-aac7-4753-a013-50fdd526e1db","space_name":"Datasphere_Dev","context_id":"mc1dn5wx","msg":"Application router is listening on port: 8080"} (STDOUT, APP/PROC/WEB)#
#2025 06 18 03:13:03.785#Z#DEBUG#dbd228c3-4bf1-11f0-b2b0-eeee0a8c637a.mck-portal#flowable-async-job-executor-thread-3144#
[PollStartAppStatusExecution] 6e422593-95d5-4699-8c5d-f8ad235afff5 [2025-06-18T03:13:01.687420] Container became healthy (STDOUT, CELL)#
#2025 06 18 03:13:03.785#Z#DEBUG#dbd228c3-4bf1-11f0-b2b0-eeee0a8c637a.mck-portal#flowable-async-job-executor-thread-3144#
[PollStartAppStatusExecution] 6e422593-95d5-4699-8c5d-f8ad235afff5 [2025-06-18T03:13:01.696887] Process became ready with guid 6e422593-95d5-4699-8c5d-f8ad235afff5 payload: {"instance"=>"9086f739-97e4-4b9c-4aa1-32ab", "index"=>0, "cell_id"=>"851b1ea2-6d73-4f12-af6f-980e9a8c3f40", "ready"=>true, "version"=>"94046e7e-3fc6-4149-ae3b-4d8b42db35cc"} (STDOUT, API)#
