#2025 06 08 17:44:36.534#Z#DEBUG#031013a4-4490-11f0-9695-eeee0a988120.mck-portal#flowable-async-job-executor-thread-6015#
[PollStageAppStatusExecution] 6e422593-95d5-4699-8c5d-f8ad235afff5 [2025-06-08T17:44:17.150300] Uploading app package for app with guid 6e422593-95d5-4699-8c5d-f8ad235afff5 (STDOUT, API)#
#2025 06 08 17:44:36.534#Z#DEBUG#031013a4-4490-11f0-9695-eeee0a988120.mck-portal#flowable-async-job-executor-thread-6015#
[PollStageAppStatusExecution] 6e422593-95d5-4699-8c5d-f8ad235afff5 [2025-06-08T17:44:17.369097] Updated app with guid 6e422593-95d5-4699-8c5d-f8ad235afff5 ({"environment_variables"=>"[PRIVATE DATA HIDDEN]"}) (STDOUT, API)#
#2025 06 08 17:44:36.534#Z#DEBUG#031013a4-4490-11f0-9695-eeee0a988120.mck-portal#flowable-async-job-executor-thread-6015#
[PollStageAppStatusExecution] 6e422593-95d5-4699-8c5d-f8ad235afff5 [2025-06-08T17:44:26.751988] Stopping app with guid 6e422593-95d5-4699-8c5d-f8ad235afff5 (STDOUT, API)#
#2025 06 08 17:44:36.534#Z#DEBUG#031013a4-4490-11f0-9695-eeee0a988120.mck-portal#flowable-async-job-executor-thread-6015#
[PollStageAppStatusExecution] 6e422593-95d5-4699-8c5d-f8ad235afff5 [2025-06-08T17:44:26.803925] Cell 04191a26-8dd4-44f2-b346-3de8c681ce19 stopping instance 6d063208-ec7f-4d1d-5351-d62d (STDOUT, CELL)#
#2025 06 08 17:44:36.534#Z#DEBUG#031013a4-4490-11f0-9695-eeee0a988120.mck-portal#flowable-async-job-executor-thread-6015#
[PollStageAppStatusExecution] 6e422593-95d5-4699-8c5d-f8ad235afff5 [2025-06-08T17:44:26.975669] Creating build for app with guid 6e422593-95d5-4699-8c5d-f8ad235afff5 (STDOUT, API)#
#2025 06 08 17:44:36.534#Z#DEBUG#031013a4-4490-11f0-9695-eeee0a988120.mck-portal#flowable-async-job-executor-thread-6015#
[PollStageAppStatusExecution] 6e422593-95d5-4699-8c5d-f8ad235afff5 [2025-06-08T17:44:27.637715] Downloading zero_trust_sidecar_buildpack_1_8... (STDOUT, STG)#
#2025 06 08 17:44:36.534#Z#DEBUG#031013a4-4490-11f0-9695-eeee0a988120.mck-portal#flowable-async-job-executor-thread-6015#
[PollStageAppStatusExecution] 6e422593-95d5-4699-8c5d-f8ad235afff5 [2025-06-08T17:44:27.637717] Downloading staticfile_buildpack... (STDOUT, STG)#
#2025 06 08 17:44:36.534#Z#DEBUG#031013a4-4490-11f0-9695-eeee0a988120.mck-portal#flowable-async-job-executor-thread-6015#
[PollStageAppStatusExecution] 6e422593-95d5-4699-8c5d-f8ad235afff5 [2025-06-08T17:44:27.637784] Downloading nodejs_buildpack... (STDOUT, STG)#
#2025 06 08 17:44:36.534#Z#DEBUG#031013a4-4490-11f0-9695-eeee0a988120.mck-portal#flowable-async-job-executor-thread-6015#
[PollStageAppStatusExecution] 6e422593-95d5-4699-8c5d-f8ad235afff5 [2025-06-08T17:44:27.637836] Downloading sap_java_buildpack_1_111... (STDOUT, STG)#
#2025 06 08 17:44:36.534#Z#DEBUG#031013a4-4490-11f0-9695-eeee0a988120.mck-portal#flowable-async-job-executor-thread-6015#
[PollStageAppStatusExecution] 6e422593-95d5-4699-8c5d-f8ad235afff5 [2025-06-08T17:44:27.645829] Downloading sap_java_buildpack_jakarta_2_28... (STDOUT, STG)#
#2025 06 08 17:44:36.534#Z#DEBUG#031013a4-4490-11f0-9695-eeee0a988120.mck-portal#flowable-async-job-executor-thread-6015#
[PollStageAppStatusExecution] 6e422593-95d5-4699-8c5d-f8ad235afff5 [2025-06-08T17:44:27.658055] Downloaded nodejs_buildpack (STDOUT, STG)#
#2025 06 08 17:44:36.534#Z#DEBUG#031013a4-4490-11f0-9695-eeee0a988120.mck-portal#flowable-async-job-executor-thread-6015#
[PollStageAppStatusExecution] 6e422593-95d5-4699-8c5d-f8ad235afff5 [2025-06-08T17:44:27.658083] Downloading sap_java_buildpack_1_110... (STDOUT, STG)#
#2025 06 08 17:44:36.534#Z#DEBUG#031013a4-4490-11f0-9695-eeee0a988120.mck-portal#flowable-async-job-executor-thread-6015#
[PollStageAppStatusExecution] 6e422593-95d5-4699-8c5d-f8ad235afff5 [2025-06-08T17:44:27.658211] Downloaded zero_trust_sidecar_buildpack_1_8 (STDOUT, STG)#
#2025 06 08 17:44:36.534#Z#DEBUG#031013a4-4490-11f0-9695-eeee0a988120.mck-portal#flowable-async-job-executor-thread-6015#
[PollStageAppStatusExecution] 6e422593-95d5-4699-8c5d-f8ad235afff5 [2025-06-08T17:44:27.658255] Downloading sap_java_buildpack_jakarta... (STDOUT, STG)#
#2025 06 08 17:44:36.534#Z#DEBUG#031013a4-4490-11f0-9695-eeee0a988120.mck-portal#flowable-async-job-executor-thread-6015#
[PollStageAppStatusExecution] 6e422593-95d5-4699-8c5d-f8ad235afff5 [2025-06-08T17:44:27.658394] Downloaded sap_java_buildpack_jakarta_2_28 (STDOUT, STG)#
#2025 06 08 17:44:36.534#Z#DEBUG#031013a4-4490-11f0-9695-eeee0a988120.mck-portal#flowable-async-job-executor-thread-6015#
[PollStageAppStatusExecution] 6e422593-95d5-4699-8c5d-f8ad235afff5 [2025-06-08T17:44:27.658473] Downloading sap_java_buildpack_jakarta_2_30... (STDOUT, STG)#
#2025 06 08 17:44:36.534#Z#DEBUG#031013a4-4490-11f0-9695-eeee0a988120.mck-portal#flowable-async-job-executor-thread-6015#
[PollStageAppStatusExecution] 6e422593-95d5-4699-8c5d-f8ad235afff5 [2025-06-08T17:44:27.661231] Downloaded staticfile_buildpack (STDOUT, STG)#
#2025 06 08 17:44:36.534#Z#DEBUG#031013a4-4490-11f0-9695-eeee0a988120.mck-portal#flowable-async-job-executor-thread-6015#
[PollStageAppStatusExecution] 6e422593-95d5-4699-8c5d-f8ad235afff5 [2025-06-08T17:44:27.661296] Downloading sap_java_buildpack_jakarta_2_29... (STDOUT, STG)#
#2025 06 08 17:44:36.534#Z#DEBUG#031013a4-4490-11f0-9695-eeee0a988120.mck-portal#flowable-async-job-executor-thread-6015#
[PollStageAppStatusExecution] 6e422593-95d5-4699-8c5d-f8ad235afff5 [2025-06-08T17:44:27.663239] Downloaded sap_java_buildpack_1_111 (STDOUT, STG)#
#2025 06 08 17:44:36.534#Z#DEBUG#031013a4-4490-11f0-9695-eeee0a988120.mck-portal#flowable-async-job-executor-thread-6015#
[PollStageAppStatusExecution] 6e422593-95d5-4699-8c5d-f8ad235afff5 [2025-06-08T17:44:27.663269] Downloading zero_trust_sidecar_buildpack_1_7... (STDOUT, STG)#
#2025 06 08 17:44:36.534#Z#DEBUG#031013a4-4490-11f0-9695-eeee0a988120.mck-portal#flowable-async-job-executor-thread-6015#
[PollStageAppStatusExecution] 6e422593-95d5-4699-8c5d-f8ad235afff5 [2025-06-08T17:44:27.671468] Downloaded sap_java_buildpack_jakarta_2_30 (STDOUT, STG)#
#2025 06 08 17:44:36.534#Z#DEBUG#031013a4-4490-11f0-9695-eeee0a988120.mck-portal#flowable-async-job-executor-thread-6015#
[PollStageAppStatusExecution] 6e422593-95d5-4699-8c5d-f8ad235afff5 [2025-06-08T17:44:27.671515] Downloading sap_java_buildpack_jakarta_2_26... (STDOUT, STG)#
#2025 06 08 17:44:36.534#Z#DEBUG#031013a4-4490-11f0-9695-eeee0a988120.mck-portal#flowable-async-job-executor-thread-6015#
[PollStageAppStatusExecution] 6e422593-95d5-4699-8c5d-f8ad235afff5 [2025-06-08T17:44:27.675893] Downloaded sap_java_buildpack_jakarta (STDOUT, STG)#
#2025 06 08 17:44:36.534#Z#DEBUG#031013a4-4490-11f0-9695-eeee0a988120.mck-portal#flowable-async-job-executor-thread-6015#
[PollStageAppStatusExecution] 6e422593-95d5-4699-8c5d-f8ad235afff5 [2025-06-08T17:44:27.675919] Downloading binary_buildpack... (STDOUT, STG)#
#2025 06 08 17:44:36.534#Z#DEBUG#031013a4-4490-11f0-9695-eeee0a988120.mck-portal#flowable-async-job-executor-thread-6015#
[PollStageAppStatusExecution] 6e422593-95d5-4699-8c5d-f8ad235afff5 [2025-06-08T17:44:27.676168] Downloaded zero_trust_sidecar_buildpack_1_7 (STDOUT, STG)#
#2025 06 08 17:44:36.534#Z#DEBUG#031013a4-4490-11f0-9695-eeee0a988120.mck-portal#flowable-async-job-executor-thread-6015#
[PollStageAppStatusExecution] 6e422593-95d5-4699-8c5d-f8ad235afff5 [2025-06-08T17:44:27.676205] Downloading nginx_buildpack... (STDOUT, STG)#
#2025 06 08 17:44:36.534#Z#DEBUG#031013a4-4490-11f0-9695-eeee0a988120.mck-portal#flowable-async-job-executor-thread-6015#
[PollStageAppStatusExecution] 6e422593-95d5-4699-8c5d-f8ad235afff5 [2025-06-08T17:44:27.676399] Downloaded sap_java_buildpack_1_110 (STDOUT, STG)#
#2025 06 08 17:44:36.534#Z#DEBUG#031013a4-4490-11f0-9695-eeee0a988120.mck-portal#flowable-async-job-executor-thread-6015#
[PollStageAppStatusExecution] 6e422593-95d5-4699-8c5d-f8ad235afff5 [2025-06-08T17:44:27.676424] Downloading go_buildpack... (STDOUT, STG)#
#2025 06 08 17:44:36.534#Z#DEBUG#031013a4-4490-11f0-9695-eeee0a988120.mck-portal#flowable-async-job-executor-thread-6015#
[PollStageAppStatusExecution] 6e422593-95d5-4699-8c5d-f8ad235afff5 [2025-06-08T17:44:27.680472] Downloaded sap_java_buildpack_jakarta_2_29 (STDOUT, STG)#
#2025 06 08 17:44:36.534#Z#DEBUG#031013a4-4490-11f0-9695-eeee0a988120.mck-portal#flowable-async-job-executor-thread-6015#
[PollStageAppStatusExecution] 6e422593-95d5-4699-8c5d-f8ad235afff5 [2025-06-08T17:44:27.680495] Downloading zero_trust_sidecar_buildpack... (STDOUT, STG)#
#2025 06 08 17:44:36.534#Z#DEBUG#031013a4-4490-11f0-9695-eeee0a988120.mck-portal#flowable-async-job-executor-thread-6015#
[PollStageAppStatusExecution] 6e422593-95d5-4699-8c5d-f8ad235afff5 [2025-06-08T17:44:27.689696] Downloaded go_buildpack (STDOUT, STG)#
#2025 06 08 17:44:36.534#Z#DEBUG#031013a4-4490-11f0-9695-eeee0a988120.mck-portal#flowable-async-job-executor-thread-6015#
[PollStageAppStatusExecution] 6e422593-95d5-4699-8c5d-f8ad235afff5 [2025-06-08T17:44:27.689717] Downloading php_buildpack... (STDOUT, STG)#
#2025 06 08 17:44:36.534#Z#DEBUG#031013a4-4490-11f0-9695-eeee0a988120.mck-portal#flowable-async-job-executor-thread-6015#
[PollStageAppStatusExecution] 6e422593-95d5-4699-8c5d-f8ad235afff5 [2025-06-08T17:44:27.689728] Downloaded sap_java_buildpack_jakarta_2_26 (STDOUT, STG)#
#2025 06 08 17:44:36.534#Z#DEBUG#031013a4-4490-11f0-9695-eeee0a988120.mck-portal#flowable-async-job-executor-thread-6015#
[PollStageAppStatusExecution] 6e422593-95d5-4699-8c5d-f8ad235afff5 [2025-06-08T17:44:27.689748] Downloading zero_trust_sidecar_buildpack_1_9... (STDOUT, STG)#
#2025 06 08 17:44:36.534#Z#DEBUG#031013a4-4490-11f0-9695-eeee0a988120.mck-portal#flowable-async-job-executor-thread-6015#
[PollStageAppStatusExecution] 6e422593-95d5-4699-8c5d-f8ad235afff5 [2025-06-08T17:44:27.694255] Downloaded nginx_buildpack (STDOUT, STG)#
#2025 06 08 17:44:36.534#Z#DEBUG#031013a4-4490-11f0-9695-eeee0a988120.mck-portal#flowable-async-job-executor-thread-6015#
[PollStageAppStatusExecution] 6e422593-95d5-4699-8c5d-f8ad235afff5 [2025-06-08T17:44:27.694277] Downloading python_buildpack... (STDOUT, STG)#
#2025 06 08 17:44:36.534#Z#DEBUG#031013a4-4490-11f0-9695-eeee0a988120.mck-portal#flowable-async-job-executor-thread-6015#
[PollStageAppStatusExecution] 6e422593-95d5-4699-8c5d-f8ad235afff5 [2025-06-08T17:44:27.694293] Downloaded binary_buildpack (STDOUT, STG)#
#2025 06 08 17:44:36.534#Z#DEBUG#031013a4-4490-11f0-9695-eeee0a988120.mck-portal#flowable-async-job-executor-thread-6015#
[PollStageAppStatusExecution] 6e422593-95d5-4699-8c5d-f8ad235afff5 [2025-06-08T17:44:27.694317] Downloading sap_java_buildpack... (STDOUT, STG)#
#2025 06 08 17:44:36.534#Z#DEBUG#031013a4-4490-11f0-9695-eeee0a988120.mck-portal#flowable-async-job-executor-thread-6015#
[PollStageAppStatusExecution] 6e422593-95d5-4699-8c5d-f8ad235afff5 [2025-06-08T17:44:27.698288] Downloaded zero_trust_sidecar_buildpack (STDOUT, STG)#
#2025 06 08 17:44:36.534#Z#DEBUG#031013a4-4490-11f0-9695-eeee0a988120.mck-portal#flowable-async-job-executor-thread-6015#
[PollStageAppStatusExecution] 6e422593-95d5-4699-8c5d-f8ad235afff5 [2025-06-08T17:44:27.698323] Downloading sap_java_buildpack_1_112... (STDOUT, STG)#
#2025 06 08 17:44:36.534#Z#DEBUG#031013a4-4490-11f0-9695-eeee0a988120.mck-portal#flowable-async-job-executor-thread-6015#
[PollStageAppStatusExecution] 6e422593-95d5-4699-8c5d-f8ad235afff5 [2025-06-08T17:44:27.703043] Downloaded zero_trust_sidecar_buildpack_1_9 (STDOUT, STG)#
#2025 06 08 17:44:36.534#Z#DEBUG#031013a4-4490-11f0-9695-eeee0a988120.mck-portal#flowable-async-job-executor-thread-6015#
[PollStageAppStatusExecution] 6e422593-95d5-4699-8c5d-f8ad235afff5 [2025-06-08T17:44:27.703062] Downloading java_buildpack... (STDOUT, STG)#
#2025 06 08 17:44:36.534#Z#DEBUG#031013a4-4490-11f0-9695-eeee0a988120.mck-portal#flowable-async-job-executor-thread-6015#
[PollStageAppStatusExecution] 6e422593-95d5-4699-8c5d-f8ad235afff5 [2025-06-08T17:44:27.708355] Downloaded php_buildpack (STDOUT, STG)#
#2025 06 08 17:44:36.534#Z#DEBUG#031013a4-4490-11f0-9695-eeee0a988120.mck-portal#flowable-async-job-executor-thread-6015#
[PollStageAppStatusExecution] 6e422593-95d5-4699-8c5d-f8ad235afff5 [2025-06-08T17:44:27.713120] Downloaded sap_java_buildpack (STDOUT, STG)#
#2025 06 08 17:44:36.534#Z#DEBUG#031013a4-4490-11f0-9695-eeee0a988120.mck-portal#flowable-async-job-executor-thread-6015#
[PollStageAppStatusExecution] 6e422593-95d5-4699-8c5d-f8ad235afff5 [2025-06-08T17:44:27.714343] Downloaded python_buildpack (STDOUT, STG)#
#2025 06 08 17:44:36.534#Z#DEBUG#031013a4-4490-11f0-9695-eeee0a988120.mck-portal#flowable-async-job-executor-thread-6015#
[PollStageAppStatusExecution] 6e422593-95d5-4699-8c5d-f8ad235afff5 [2025-06-08T17:44:27.714634] Downloaded sap_java_buildpack_1_112 (STDOUT, STG)#
#2025 06 08 17:44:36.534#Z#DEBUG#031013a4-4490-11f0-9695-eeee0a988120.mck-portal#flowable-async-job-executor-thread-6015#
[PollStageAppStatusExecution] 6e422593-95d5-4699-8c5d-f8ad235afff5 [2025-06-08T17:44:27.721736] Downloaded java_buildpack (STDOUT, STG)#
#2025 06 08 17:44:36.534#Z#DEBUG#031013a4-4490-11f0-9695-eeee0a988120.mck-portal#flowable-async-job-executor-thread-6015#
[PollStageAppStatusExecution] 6e422593-95d5-4699-8c5d-f8ad235afff5 [2025-06-08T17:44:27.721817] Cell cc99ab35-e8b1-4251-b775-32bb4a302193 creating container for instance 4d47694a-3abc-4775-8014-38a50d56b3a4 (STDOUT, STG)#
#2025 06 08 17:44:36.534#Z#DEBUG#031013a4-4490-11f0-9695-eeee0a988120.mck-portal#flowable-async-job-executor-thread-6015#
[PollStageAppStatusExecution] 6e422593-95d5-4699-8c5d-f8ad235afff5 [2025-06-08T17:44:28.196467] Security group rules were updated (STDOUT, STG)#
#2025 06 08 17:44:36.534#Z#DEBUG#031013a4-4490-11f0-9695-eeee0a988120.mck-portal#flowable-async-job-executor-thread-6015#
[PollStageAppStatusExecution] 6e422593-95d5-4699-8c5d-f8ad235afff5 [2025-06-08T17:44:28.282432] Cell cc99ab35-e8b1-4251-b775-32bb4a302193 successfully created container for instance 4d47694a-3abc-4775-8014-38a50d56b3a4 (STDOUT, STG)#
#2025 06 08 17:44:36.534#Z#DEBUG#031013a4-4490-11f0-9695-eeee0a988120.mck-portal#flowable-async-job-executor-thread-6015#
[PollStageAppStatusExecution] 6e422593-95d5-4699-8c5d-f8ad235afff5 [2025-06-08T17:44:29.098298] Downloading app package... (STDOUT, STG)#
#2025 06 08 17:44:36.534#Z#DEBUG#031013a4-4490-11f0-9695-eeee0a988120.mck-portal#flowable-async-job-executor-thread-6015#
[PollStageAppStatusExecution] 6e422593-95d5-4699-8c5d-f8ad235afff5 [2025-06-08T17:44:29.098411] Downloading build artifacts cache... (STDOUT, STG)#
#2025 06 08 17:44:36.534#Z#DEBUG#031013a4-4490-11f0-9695-eeee0a988120.mck-portal#flowable-async-job-executor-thread-6015#
[PollStageAppStatusExecution] 6e422593-95d5-4699-8c5d-f8ad235afff5 [2025-06-08T17:44:29.129637] Downloaded build artifacts cache (226B) (STDOUT, STG)#
#2025 06 08 17:44:36.534#Z#DEBUG#031013a4-4490-11f0-9695-eeee0a988120.mck-portal#flowable-async-job-executor-thread-6015#
[PollStageAppStatusExecution] 6e422593-95d5-4699-8c5d-f8ad235afff5 [2025-06-08T17:44:30.150543] Downloaded app package (7.6M) (STDOUT, STG)#
#2025 06 08 17:44:36.534#Z#DEBUG#031013a4-4490-11f0-9695-eeee0a988120.mck-portal#flowable-async-job-executor-thread-6015#
[PollStageAppStatusExecution] 6e422593-95d5-4699-8c5d-f8ad235afff5 [2025-06-08T17:44:30.821313] -----> Nodejs Buildpack version 1.8.34 (STDOUT, STG)#
#2025 06 08 17:44:36.534#Z#DEBUG#031013a4-4490-11f0-9695-eeee0a988120.mck-portal#flowable-async-job-executor-thread-6015#
[PollStageAppStatusExecution] 6e422593-95d5-4699-8c5d-f8ad235afff5 [2025-06-08T17:44:31.194729] -----> Bootstrapping python (STDOUT, STG)#
#2025 06 08 17:44:36.534#Z#DEBUG#031013a4-4490-11f0-9695-eeee0a988120.mck-portal#flowable-async-job-executor-thread-6015#
[PollStageAppStatusExecution] 6e422593-95d5-4699-8c5d-f8ad235afff5 [2025-06-08T17:44:31.194768] -----> Installing python 3.11.11 (STDOUT, STG)#
#2025 06 08 17:44:36.534#Z#DEBUG#031013a4-4490-11f0-9695-eeee0a988120.mck-portal#flowable-async-job-executor-thread-6015#
[PollStageAppStatusExecution] 6e422593-95d5-4699-8c5d-f8ad235afff5 [2025-06-08T17:44:31.194831] Copy [/tmp/buildpacks/d6533c66903f0a84/dependencies/00d386870e328b0996c36828a42dbaba/python_3.11.11_linux_x64_cflinuxfs4_bf6747f7.tgz] (STDOUT, STG)#
#2025 06 08 17:44:36.534#Z#DEBUG#031013a4-4490-11f0-9695-eeee0a988120.mck-portal#flowable-async-job-executor-thread-6015#
[PollStageAppStatusExecution] 6e422593-95d5-4699-8c5d-f8ad235afff5 [2025-06-08T17:44:34.945953] -----> Installing binaries (STDOUT, STG)#
#2025 06 08 17:44:36.534#Z#DEBUG#031013a4-4490-11f0-9695-eeee0a988120.mck-portal#flowable-async-job-executor-thread-6015#
[PollStageAppStatusExecution] 6e422593-95d5-4699-8c5d-f8ad235afff5 [2025-06-08T17:44:34.946318] engines.node (package.json): ^20 (STDOUT, STG)#
#2025 06 08 17:44:36.534#Z#DEBUG#031013a4-4490-11f0-9695-eeee0a988120.mck-portal#flowable-async-job-executor-thread-6015#
[PollStageAppStatusExecution] 6e422593-95d5-4699-8c5d-f8ad235afff5 [2025-06-08T17:44:34.946369] engines.npm (package.json): unspecified (use default) (STDOUT, STG)#
#2025 06 08 17:44:36.534#Z#DEBUG#031013a4-4490-11f0-9695-eeee0a988120.mck-portal#flowable-async-job-executor-thread-6015#
[PollStageAppStatusExecution] 6e422593-95d5-4699-8c5d-f8ad235afff5 [2025-06-08T17:44:34.946389] -----> Installing node 20.18.2 (STDOUT, STG)#
#2025 06 08 17:44:36.534#Z#DEBUG#031013a4-4490-11f0-9695-eeee0a988120.mck-portal#flowable-async-job-executor-thread-6015#
[PollStageAppStatusExecution] 6e422593-95d5-4699-8c5d-f8ad235afff5 [2025-06-08T17:44:34.946613] Copy [/tmp/buildpacks/d6533c66903f0a84/dependencies/156f7dbf0b57c53e654f13645f59e79c/node_20.18.2_linux_x64_cflinuxfs4_0d89b3e1.tgz] (STDOUT, STG)#
#2025 06 08 17:44:46.510#Z#DEBUG#031013a4-4490-11f0-9695-eeee0a988120.mck-portal#flowable-async-job-executor-thread-6022#
[PollStageAppStatusExecution] 6e422593-95d5-4699-8c5d-f8ad235afff5 [2025-06-08T17:44:36.825920] Using default npm version: 10.8.2 (STDOUT, STG)#
#2025 06 08 17:44:46.510#Z#DEBUG#031013a4-4490-11f0-9695-eeee0a988120.mck-portal#flowable-async-job-executor-thread-6022#
[PollStageAppStatusExecution] 6e422593-95d5-4699-8c5d-f8ad235afff5 [2025-06-08T17:44:36.825949] -----> Installing yarn 1.22.19 (STDOUT, STG)#
#2025 06 08 17:44:46.510#Z#DEBUG#031013a4-4490-11f0-9695-eeee0a988120.mck-portal#flowable-async-job-executor-thread-6022#
[PollStageAppStatusExecution] 6e422593-95d5-4699-8c5d-f8ad235afff5 [2025-06-08T17:44:36.826148] Copy [/tmp/buildpacks/d6533c66903f0a84/dependencies/0f06052381cbcef1593bd279ca3d9458/yarn_1.22.19_linux_noarch_any-stack_32d0e82e.tgz] (STDOUT, STG)#
#2025 06 08 17:44:46.510#Z#DEBUG#031013a4-4490-11f0-9695-eeee0a988120.mck-portal#flowable-async-job-executor-thread-6022#
[PollStageAppStatusExecution] 6e422593-95d5-4699-8c5d-f8ad235afff5 [2025-06-08T17:44:37.133997] Installed yarn 1.22.19 (STDOUT, STG)#
#2025 06 08 17:44:46.510#Z#DEBUG#031013a4-4490-11f0-9695-eeee0a988120.mck-portal#flowable-async-job-executor-thread-6022#
[PollStageAppStatusExecution] 6e422593-95d5-4699-8c5d-f8ad235afff5 [2025-06-08T17:44:37.134020] -----> Creating runtime environment (STDOUT, STG)#
#2025 06 08 17:44:46.510#Z#DEBUG#031013a4-4490-11f0-9695-eeee0a988120.mck-portal#flowable-async-job-executor-thread-6022#
[PollStageAppStatusExecution] 6e422593-95d5-4699-8c5d-f8ad235afff5 [2025-06-08T17:44:37.136311] NODE_ENV=production (STDOUT, STG)#
#2025 06 08 17:44:46.510#Z#DEBUG#031013a4-4490-11f0-9695-eeee0a988120.mck-portal#flowable-async-job-executor-thread-6022#
[PollStageAppStatusExecution] 6e422593-95d5-4699-8c5d-f8ad235afff5 [2025-06-08T17:44:37.136355] NODE_HOME=/tmp/contents3515491609/deps/0/node (STDOUT, STG)#
#2025 06 08 17:44:46.510#Z#DEBUG#031013a4-4490-11f0-9695-eeee0a988120.mck-portal#flowable-async-job-executor-thread-6022#
[PollStageAppStatusExecution] 6e422593-95d5-4699-8c5d-f8ad235afff5 [2025-06-08T17:44:37.136361] NODE_MODULES_CACHE=true (STDOUT, STG)#
#2025 06 08 17:44:46.510#Z#DEBUG#031013a4-4490-11f0-9695-eeee0a988120.mck-portal#flowable-async-job-executor-thread-6022#
[PollStageAppStatusExecution] 6e422593-95d5-4699-8c5d-f8ad235afff5 [2025-06-08T17:44:37.136364] NODE_VERBOSE=false (STDOUT, STG)#
#2025 06 08 17:44:46.510#Z#DEBUG#031013a4-4490-11f0-9695-eeee0a988120.mck-portal#flowable-async-job-executor-thread-6022#
[PollStageAppStatusExecution] 6e422593-95d5-4699-8c5d-f8ad235afff5 [2025-06-08T17:44:37.136371] NPM_CONFIG_LOGLEVEL=error (STDOUT, STG)#
#2025 06 08 17:44:46.510#Z#DEBUG#031013a4-4490-11f0-9695-eeee0a988120.mck-portal#flowable-async-job-executor-thread-6022#
[PollStageAppStatusExecution] 6e422593-95d5-4699-8c5d-f8ad235afff5 [2025-06-08T17:44:37.136374] NPM_CONFIG_PRODUCTION=true (STDOUT, STG)#
#2025 06 08 17:44:46.510#Z#DEBUG#031013a4-4490-11f0-9695-eeee0a988120.mck-portal#flowable-async-job-executor-thread-6022#
[PollStageAppStatusExecution] 6e422593-95d5-4699-8c5d-f8ad235afff5 [2025-06-08T17:44:37.136378] -----> Building dependencies (STDOUT, STG)#
#2025 06 08 17:44:46.510#Z#DEBUG#031013a4-4490-11f0-9695-eeee0a988120.mck-portal#flowable-async-job-executor-thread-6022#
[PollStageAppStatusExecution] 6e422593-95d5-4699-8c5d-f8ad235afff5 [2025-06-08T17:44:37.136380] Prebuild detected (node_modules already exists) (STDOUT, STG)#
#2025 06 08 17:44:46.510#Z#DEBUG#031013a4-4490-11f0-9695-eeee0a988120.mck-portal#flowable-async-job-executor-thread-6022#
[PollStageAppStatusExecution] 6e422593-95d5-4699-8c5d-f8ad235afff5 [2025-06-08T17:44:37.136383] Rebuilding any native modules (STDOUT, STG)#
#2025 06 08 17:44:46.510#Z#DEBUG#031013a4-4490-11f0-9695-eeee0a988120.mck-portal#flowable-async-job-executor-thread-6022#
[PollStageAppStatusExecution] 6e422593-95d5-4699-8c5d-f8ad235afff5 [2025-06-08T17:44:37.879971] rebuilt dependencies successfully (STDOUT, STG)#
#2025 06 08 17:44:46.511#Z#DEBUG#031013a4-4490-11f0-9695-eeee0a988120.mck-portal#flowable-async-job-executor-thread-6022#
[PollStageAppStatusExecution] 6e422593-95d5-4699-8c5d-f8ad235afff5 [2025-06-08T17:44:37.882292] npm notice (STDOUT, STG)#
#2025 06 08 17:44:46.511#Z#DEBUG#031013a4-4490-11f0-9695-eeee0a988120.mck-portal#flowable-async-job-executor-thread-6022#
[PollStageAppStatusExecution] 6e422593-95d5-4699-8c5d-f8ad235afff5 [2025-06-08T17:44:37.882334] npm notice New major version of npm available! 10.8.2 -> 11.4.1 (STDOUT, STG)#
#2025 06 08 17:44:46.511#Z#DEBUG#031013a4-4490-11f0-9695-eeee0a988120.mck-portal#flowable-async-job-executor-thread-6022#
[PollStageAppStatusExecution] 6e422593-95d5-4699-8c5d-f8ad235afff5 [2025-06-08T17:44:37.882345] npm notice Changelog: https://github.com/npm/cli/releases/tag/v11.4.1 (STDOUT, STG)#
#2025 06 08 17:44:46.511#Z#DEBUG#031013a4-4490-11f0-9695-eeee0a988120.mck-portal#flowable-async-job-executor-thread-6022#
[PollStageAppStatusExecution] 6e422593-95d5-4699-8c5d-f8ad235afff5 [2025-06-08T17:44:37.882349] npm notice To update run: npm install -g npm@11.4.1 (STDOUT, STG)#
#2025 06 08 17:44:46.511#Z#DEBUG#031013a4-4490-11f0-9695-eeee0a988120.mck-portal#flowable-async-job-executor-thread-6022#
[PollStageAppStatusExecution] 6e422593-95d5-4699-8c5d-f8ad235afff5 [2025-06-08T17:44:37.882353] npm notice (STDOUT, STG)#
#2025 06 08 17:44:46.511#Z#DEBUG#031013a4-4490-11f0-9695-eeee0a988120.mck-portal#flowable-async-job-executor-thread-6022#
[PollStageAppStatusExecution] 6e422593-95d5-4699-8c5d-f8ad235afff5 [2025-06-08T17:44:37.895280] Installing any new modules (package.json + package-lock.json) (STDOUT, STG)#
#2025 06 08 17:44:46.511#Z#DEBUG#031013a4-4490-11f0-9695-eeee0a988120.mck-portal#flowable-async-job-executor-thread-6022#
[PollStageAppStatusExecution] 6e422593-95d5-4699-8c5d-f8ad235afff5 [2025-06-08T17:44:38.642063] up to date in 669ms (STDOUT, STG)#
#2025 06 08 17:44:46.511#Z#DEBUG#031013a4-4490-11f0-9695-eeee0a988120.mck-portal#flowable-async-job-executor-thread-6022#
[PollStageAppStatusExecution] 6e422593-95d5-4699-8c5d-f8ad235afff5 [2025-06-08T17:44:38.642105] 20 packages are looking for funding (STDOUT, STG)#
#2025 06 08 17:44:46.511#Z#DEBUG#031013a4-4490-11f0-9695-eeee0a988120.mck-portal#flowable-async-job-executor-thread-6022#
[PollStageAppStatusExecution] 6e422593-95d5-4699-8c5d-f8ad235afff5 [2025-06-08T17:44:38.642110] run `npm fund` for details (STDOUT, STG)#
#2025 06 08 17:44:46.511#Z#DEBUG#031013a4-4490-11f0-9695-eeee0a988120.mck-portal#flowable-async-job-executor-thread-6022#
[PollStageAppStatusExecution] 6e422593-95d5-4699-8c5d-f8ad235afff5 [2025-06-08T17:44:39.649059] Contrast Security no credentials found. Will not write environment files. (STDOUT, STG)#
#2025 06 08 17:44:56.519#Z#DEBUG#031013a4-4490-11f0-9695-eeee0a988120.mck-portal#flowable-async-job-executor-thread-6028#
[PollStageAppStatusExecution] 6e422593-95d5-4699-8c5d-f8ad235afff5 [2025-06-08T17:44:49.060494] Exit status 0 (STDOUT, STG)#
#2025 06 08 17:44:56.519#Z#DEBUG#031013a4-4490-11f0-9695-eeee0a988120.mck-portal#flowable-async-job-executor-thread-6028#
[PollStageAppStatusExecution] 6e422593-95d5-4699-8c5d-f8ad235afff5 [2025-06-08T17:44:49.060573] Uploading droplet, build artifacts cache... (STDOUT, STG)#
#2025 06 08 17:44:56.519#Z#DEBUG#031013a4-4490-11f0-9695-eeee0a988120.mck-portal#flowable-async-job-executor-thread-6028#
[PollStageAppStatusExecution] 6e422593-95d5-4699-8c5d-f8ad235afff5 [2025-06-08T17:44:49.060634] Uploading build artifacts cache... (STDOUT, STG)#
#2025 06 08 17:44:56.519#Z#DEBUG#031013a4-4490-11f0-9695-eeee0a988120.mck-portal#flowable-async-job-executor-thread-6028#
[PollStageAppStatusExecution] 6e422593-95d5-4699-8c5d-f8ad235afff5 [2025-06-08T17:44:49.060713] Uploading droplet... (STDOUT, STG)#
#2025 06 08 17:44:56.519#Z#DEBUG#031013a4-4490-11f0-9695-eeee0a988120.mck-portal#flowable-async-job-executor-thread-6028#
[PollStageAppStatusExecution] 6e422593-95d5-4699-8c5d-f8ad235afff5 [2025-06-08T17:44:49.080561] Uploaded build artifacts cache (225B) (STDOUT, STG)#
#2025 06 08 17:44:56.519#Z#DEBUG#031013a4-4490-11f0-9695-eeee0a988120.mck-portal#flowable-async-job-executor-thread-6028#
[PollStageAppStatusExecution] 6e422593-95d5-4699-8c5d-f8ad235afff5 [2025-06-08T17:44:49.936740] Creating droplet for app with guid 6e422593-95d5-4699-8c5d-f8ad235afff5 (STDOUT, API)#
#2025 06 08 17:44:56.519#Z#DEBUG#031013a4-4490-11f0-9695-eeee0a988120.mck-portal#flowable-async-job-executor-thread-6028#
[PollStageAppStatusExecution] 6e422593-95d5-4699-8c5d-f8ad235afff5 [2025-06-08T17:44:52.037632] Uploaded droplet (52.5M) (STDOUT, STG)#
#2025 06 08 17:44:56.519#Z#DEBUG#031013a4-4490-11f0-9695-eeee0a988120.mck-portal#flowable-async-job-executor-thread-6028#
[PollStageAppStatusExecution] 6e422593-95d5-4699-8c5d-f8ad235afff5 [2025-06-08T17:44:52.056876] Uploading complete (STDOUT, STG)#
#2025 06 08 17:44:56.519#Z#DEBUG#031013a4-4490-11f0-9695-eeee0a988120.mck-portal#flowable-async-job-executor-thread-6028#
[PollStageAppStatusExecution] 6e422593-95d5-4699-8c5d-f8ad235afff5 [2025-06-08T17:44:52.390008] Cell cc99ab35-e8b1-4251-b775-32bb4a302193 stopping instance 4d47694a-3abc-4775-8014-38a50d56b3a4 (STDOUT, STG)#
#2025 06 08 17:44:56.519#Z#DEBUG#031013a4-4490-11f0-9695-eeee0a988120.mck-portal#flowable-async-job-executor-thread-6028#
[PollStageAppStatusExecution] 6e422593-95d5-4699-8c5d-f8ad235afff5 [2025-06-08T17:44:52.390040] Cell cc99ab35-e8b1-4251-b775-32bb4a302193 destroying container for instance 4d47694a-3abc-4775-8014-38a50d56b3a4 (STDOUT, STG)#
#2025 06 08 17:44:56.519#Z#DEBUG#031013a4-4490-11f0-9695-eeee0a988120.mck-portal#flowable-async-job-executor-thread-6028#
[PollStageAppStatusExecution] 6e422593-95d5-4699-8c5d-f8ad235afff5 [2025-06-08T17:44:55.176609] Cell cc99ab35-e8b1-4251-b775-32bb4a302193 successfully destroyed container for instance 4d47694a-3abc-4775-8014-38a50d56b3a4 (STDOUT, STG)#
#2025 06 08 17:45:06.596#Z#DEBUG#031013a4-4490-11f0-9695-eeee0a988120.mck-portal#flowable-async-job-executor-thread-6037#
[PollStartAppStatusExecution] 6e422593-95d5-4699-8c5d-f8ad235afff5 [2025-06-08T17:44:56.595103] Updated app with guid 6e422593-95d5-4699-8c5d-f8ad235afff5 ({:droplet_guid=>"921b19ee-f2ca-49fc-b2e3-2c6d4f133d3a"}) (STDOUT, API)#
#2025 06 08 17:45:06.596#Z#DEBUG#031013a4-4490-11f0-9695-eeee0a988120.mck-portal#flowable-async-job-executor-thread-6037#
[PollStartAppStatusExecution] 6e422593-95d5-4699-8c5d-f8ad235afff5 [2025-06-08T17:44:56.795713] Creating revision for app with guid 6e422593-95d5-4699-8c5d-f8ad235afff5 (STDOUT, API)#
#2025 06 08 17:45:06.596#Z#DEBUG#031013a4-4490-11f0-9695-eeee0a988120.mck-portal#flowable-async-job-executor-thread-6037#
[PollStartAppStatusExecution] 6e422593-95d5-4699-8c5d-f8ad235afff5 [2025-06-08T17:44:56.830979] Starting app with guid 6e422593-95d5-4699-8c5d-f8ad235afff5 (STDOUT, API)#
#2025 06 08 17:45:06.596#Z#DEBUG#031013a4-4490-11f0-9695-eeee0a988120.mck-portal#flowable-async-job-executor-thread-6037#
[PollStartAppStatusExecution] 6e422593-95d5-4699-8c5d-f8ad235afff5 [2025-06-08T17:44:57.040742] Cell 2867d7a6-8204-4f97-a894-cf477986cd7a creating container for instance ecfe9420-0dfd-4dff-5403-f3c3 (STDOUT, CELL)#
#2025 06 08 17:45:06.596#Z#DEBUG#031013a4-4490-11f0-9695-eeee0a988120.mck-portal#flowable-async-job-executor-thread-6037#
[PollStartAppStatusExecution] 6e422593-95d5-4699-8c5d-f8ad235afff5 [2025-06-08T17:44:57.554067] Security group rules were updated (STDOUT, CELL)#
#2025 06 08 17:45:06.596#Z#DEBUG#031013a4-4490-11f0-9695-eeee0a988120.mck-portal#flowable-async-job-executor-thread-6037#
[PollStartAppStatusExecution] 6e422593-95d5-4699-8c5d-f8ad235afff5 [2025-06-08T17:44:57.620348] Cell 2867d7a6-8204-4f97-a894-cf477986cd7a successfully created container for instance ecfe9420-0dfd-4dff-5403-f3c3 (STDOUT, CELL)#
#2025 06 08 17:45:06.596#Z#DEBUG#031013a4-4490-11f0-9695-eeee0a988120.mck-portal#flowable-async-job-executor-thread-6037#
[PollStartAppStatusExecution] 6e422593-95d5-4699-8c5d-f8ad235afff5 [2025-06-08T17:44:58.547903] Downloading droplet... (STDOUT, CELL)#
#2025 06 08 17:45:06.596#Z#DEBUG#031013a4-4490-11f0-9695-eeee0a988120.mck-portal#flowable-async-job-executor-thread-6037#
[PollStartAppStatusExecution] 6e422593-95d5-4699-8c5d-f8ad235afff5 [2025-06-08T17:45:02.633424] Downloaded droplet (52.5M) (STDOUT, CELL)#
#2025 06 08 17:45:06.596#Z#DEBUG#031013a4-4490-11f0-9695-eeee0a988120.mck-portal#flowable-async-job-executor-thread-6037#
[PollStartAppStatusExecution] 6e422593-95d5-4699-8c5d-f8ad235afff5 [2025-06-08T17:45:02.633638] Starting health monitoring of container (STDOUT, CELL)#
#2025 06 08 17:45:06.596#Z#DEBUG#031013a4-4490-11f0-9695-eeee0a988120.mck-portal#flowable-async-job-executor-thread-6037#
[PollStartAppStatusExecution] 6e422593-95d5-4699-8c5d-f8ad235afff5 [2025-06-08T17:45:02.706462] Invoking pre-start scripts. (STDOUT, APP/PROC/WEB)#
#2025 06 08 17:45:06.596#Z#DEBUG#031013a4-4490-11f0-9695-eeee0a988120.mck-portal#flowable-async-job-executor-thread-6037#
[PollStartAppStatusExecution] 6e422593-95d5-4699-8c5d-f8ad235afff5 [2025-06-08T17:45:02.938473] Invoking start command. (STDOUT, APP/PROC/WEB)#
#2025 06 08 17:45:06.596#Z#DEBUG#031013a4-4490-11f0-9695-eeee0a988120.mck-portal#flowable-async-job-executor-thread-6037#
[PollStartAppStatusExecution] 6e422593-95d5-4699-8c5d-f8ad235afff5 [2025-06-08T17:45:03.274065] > start (STDOUT, APP/PROC/WEB)#
#2025 06 08 17:45:06.596#Z#DEBUG#031013a4-4490-11f0-9695-eeee0a988120.mck-portal#flowable-async-job-executor-thread-6037#
[PollStartAppStatusExecution] 6e422593-95d5-4699-8c5d-f8ad235afff5 [2025-06-08T17:45:03.274101] > node node_modules/@sap/approuter/approuter.js (STDOUT, APP/PROC/WEB)#
#2025 06 08 17:45:06.596#Z#DEBUG#031013a4-4490-11f0-9695-eeee0a988120.mck-portal#flowable-async-job-executor-thread-6037#
[PollStartAppStatusExecution] 6e422593-95d5-4699-8c5d-f8ad235afff5 [2025-06-08T17:45:03.541252] {"written_at":"2025-06-08T17:45:03.538Z","written_ts":1749404703538000000,"csn_component":"-","correlation_id":"-","type":"log","logger":"nodejs-logger","layer":"/LoggingLibrary","level":"warning","container_id":"10.36.129.10","component_type":"application","component_id":"6e422593-95d5-4699-8c5d-f8ad235afff5","component_name":"mck-portal","component_instance":-1,"source_instance":-1,"organization_id":"557795fb-ec02-41f6-b249-2b9c73ac8438","organization_name":"McKesson Corporation_discovery-sunrise","space_id":"2742a945-aac7-4753-a013-50fdd526e1db","space_name":"Datasphere_Dev","context_id":"","msg":"Dynamic log level switching not available"} (STDOUT, APP/PROC/WEB)#
#2025 06 08 17:45:06.596#Z#DEBUG#031013a4-4490-11f0-9695-eeee0a988120.mck-portal#flowable-async-job-executor-thread-6037#
[PollStartAppStatusExecution] 6e422593-95d5-4699-8c5d-f8ad235afff5 [2025-06-08T17:45:03.891453] {"written_at":"2025-06-08T17:45:03.890Z","written_ts":1749404703890000000,"csn_component":"-","correlation_id":"mbnye4k3","type":"log","logger":"nodejs-logger","layer":"/approuter","level":"info","container_id":"10.36.129.10","component_type":"application","component_id":"6e422593-95d5-4699-8c5d-f8ad235afff5","component_name":"mck-portal","component_instance":-1,"source_instance":-1,"organization_id":"557795fb-ec02-41f6-b249-2b9c73ac8438","organization_name":"McKesson Corporation_discovery-sunrise","space_id":"2742a945-aac7-4753-a013-50fdd526e1db","space_name":"Datasphere_Dev","context_id":"mbnye4k3","msg":"Application router version 18.0.3"} (STDOUT, APP/PROC/WEB)#
#2025 06 08 17:45:06.596#Z#DEBUG#031013a4-4490-11f0-9695-eeee0a988120.mck-portal#flowable-async-job-executor-thread-6037#
[PollStartAppStatusExecution] 6e422593-95d5-4699-8c5d-f8ad235afff5 [2025-06-08T17:45:03.894354] {"written_at":"2025-06-08T17:45:03.894Z","written_ts":1749404703894000000,"csn_component":"-","correlation_id":"mbnye4k6","type":"log","logger":"nodejs-logger","layer":"/Configuration","level":"info","container_id":"10.36.129.10","component_type":"application","component_id":"6e422593-95d5-4699-8c5d-f8ad235afff5","component_name":"mck-portal","component_instance":-1,"source_instance":-1,"organization_id":"557795fb-ec02-41f6-b249-2b9c73ac8438","organization_name":"McKesson Corporation_discovery-sunrise","space_id":"2742a945-aac7-4753-a013-50fdd526e1db","space_name":"Datasphere_Dev","context_id":"mbnye4k6","msg":"No COOKIES environment variable"} (STDOUT, APP/PROC/WEB)#
#2025 06 08 17:45:06.597#Z#DEBUG#031013a4-4490-11f0-9695-eeee0a988120.mck-portal#flowable-async-job-executor-thread-6037#
[PollStartAppStatusExecution] 6e422593-95d5-4699-8c5d-f8ad235afff5 [2025-06-08T17:45:03.951675] {"written_at":"2025-06-08T17:45:03.951Z","written_ts":1749404703951000000,"csn_component":"-","correlation_id":"mbnye4k3","type":"log","logger":"nodejs-logger","layer":"/approuter","level":"info","container_id":"10.36.129.10","component_type":"application","component_id":"6e422593-95d5-4699-8c5d-f8ad235afff5","component_name":"mck-portal","component_instance":-1,"source_instance":-1,"organization_id":"557795fb-ec02-41f6-b249-2b9c73ac8438","organization_name":"McKesson Corporation_discovery-sunrise","space_id":"2742a945-aac7-4753-a013-50fdd526e1db","space_name":"Datasphere_Dev","context_id":"mbnye4k3","msg":"Application router is listening on port: 8080"} (STDOUT, APP/PROC/WEB)#
#2025 06 08 17:45:06.597#Z#DEBUG#031013a4-4490-11f0-9695-eeee0a988120.mck-portal#flowable-async-job-executor-thread-6037#
[PollStartAppStatusExecution] 6e422593-95d5-4699-8c5d-f8ad235afff5 [2025-06-08T17:45:05.519216] Container became healthy (STDOUT, CELL)#
#2025 06 08 17:45:06.597#Z#DEBUG#031013a4-4490-11f0-9695-eeee0a988120.mck-portal#flowable-async-job-executor-thread-6037#
[PollStartAppStatusExecution] 6e422593-95d5-4699-8c5d-f8ad235afff5 [2025-06-08T17:45:05.542241] Process became ready with guid 6e422593-95d5-4699-8c5d-f8ad235afff5 payload: {"instance"=>"ecfe9420-0dfd-4dff-5403-f3c3", "index"=>0, "cell_id"=>"2867d7a6-8204-4f97-a894-cf477986cd7a", "ready"=>true, "version"=>"64880e00-8c6b-4bb3-b199-937c4e167581"} (STDOUT, API)#
