#2025 06 08 17:44:46.519#Z#DEBUG#031013a4-4490-11f0-9695-eeee0a988120.mck-portal-srv#flowable-async-job-executor-thread-6023#
[PollStageAppStatusExecution] 4d8f45b0-79dd-4bee-823d-05b0e2a2c48d [2025-06-08T17:44:19.033578] Uploading app package for app with guid 4d8f45b0-79dd-4bee-823d-05b0e2a2c48d (STDOUT, API)#
#2025 06 08 17:44:46.519#Z#DEBUG#031013a4-4490-11f0-9695-eeee0a988120.mck-portal-srv#flowable-async-job-executor-thread-6023#
[PollStageAppStatusExecution] 4d8f45b0-79dd-4bee-823d-05b0e2a2c48d [2025-06-08T17:44:19.249207] Updated app with guid 4d8f45b0-79dd-4bee-823d-05b0e2a2c48d ({"environment_variables"=>"[PRIVATE DATA HIDDEN]"}) (STDOUT, API)#
#2025 06 08 17:44:46.519#Z#DEBUG#031013a4-4490-11f0-9695-eeee0a988120.mck-portal-srv#flowable-async-job-executor-thread-6023#
[PollStageAppStatusExecution] 4d8f45b0-79dd-4bee-823d-05b0e2a2c48d [2025-06-08T17:44:36.831967] Stopping app with guid 4d8f45b0-79dd-4bee-823d-05b0e2a2c48d (STDOUT, API)#
#2025 06 08 17:44:46.519#Z#DEBUG#031013a4-4490-11f0-9695-eeee0a988120.mck-portal-srv#flowable-async-job-executor-thread-6023#
[PollStageAppStatusExecution] 4d8f45b0-79dd-4bee-823d-05b0e2a2c48d [2025-06-08T17:44:36.883964] Cell fed64197-e9d6-461a-aae4-87f0d46bb5b4 stopping instance 102e23a2-962d-45b2-6985-5972 (STDOUT, CELL)#
#2025 06 08 17:44:46.519#Z#DEBUG#031013a4-4490-11f0-9695-eeee0a988120.mck-portal-srv#flowable-async-job-executor-thread-6023#
[PollStageAppStatusExecution] 4d8f45b0-79dd-4bee-823d-05b0e2a2c48d [2025-06-08T17:44:37.070955] Creating build for app with guid 4d8f45b0-79dd-4bee-823d-05b0e2a2c48d (STDOUT, API)#
#2025 06 08 17:44:46.519#Z#DEBUG#031013a4-4490-11f0-9695-eeee0a988120.mck-portal-srv#flowable-async-job-executor-thread-6023#
[PollStageAppStatusExecution] 4d8f45b0-79dd-4bee-823d-05b0e2a2c48d [2025-06-08T17:44:37.278388] Downloading nodejs_buildpack... (STDOUT, STG)#
#2025 06 08 17:44:46.519#Z#DEBUG#031013a4-4490-11f0-9695-eeee0a988120.mck-portal-srv#flowable-async-job-executor-thread-6023#
[PollStageAppStatusExecution] 4d8f45b0-79dd-4bee-823d-05b0e2a2c48d [2025-06-08T17:44:37.299932] Downloaded nodejs_buildpack (STDOUT, STG)#
#2025 06 08 17:44:46.519#Z#DEBUG#031013a4-4490-11f0-9695-eeee0a988120.mck-portal-srv#flowable-async-job-executor-thread-6023#
[PollStageAppStatusExecution] 4d8f45b0-79dd-4bee-823d-05b0e2a2c48d [2025-06-08T17:44:37.299977] Cell 8ee8bf25-474b-4c4b-81b0-9f0b20dddecf creating container for instance bafa9600-81e4-4ab3-a2e1-eaa5cafebff8 (STDOUT, STG)#
#2025 06 08 17:44:46.519#Z#DEBUG#031013a4-4490-11f0-9695-eeee0a988120.mck-portal-srv#flowable-async-job-executor-thread-6023#
[PollStageAppStatusExecution] 4d8f45b0-79dd-4bee-823d-05b0e2a2c48d [2025-06-08T17:44:37.696515] Security group rules were updated (STDOUT, STG)#
#2025 06 08 17:44:46.519#Z#DEBUG#031013a4-4490-11f0-9695-eeee0a988120.mck-portal-srv#flowable-async-job-executor-thread-6023#
[PollStageAppStatusExecution] 4d8f45b0-79dd-4bee-823d-05b0e2a2c48d [2025-06-08T17:44:37.751919] Cell 8ee8bf25-474b-4c4b-81b0-9f0b20dddecf successfully created container for instance bafa9600-81e4-4ab3-a2e1-eaa5cafebff8 (STDOUT, STG)#
#2025 06 08 17:44:46.519#Z#DEBUG#031013a4-4490-11f0-9695-eeee0a988120.mck-portal-srv#flowable-async-job-executor-thread-6023#
[PollStageAppStatusExecution] 4d8f45b0-79dd-4bee-823d-05b0e2a2c48d [2025-06-08T17:44:38.124794] Downloading build artifacts cache... (STDOUT, STG)#
#2025 06 08 17:44:46.519#Z#DEBUG#031013a4-4490-11f0-9695-eeee0a988120.mck-portal-srv#flowable-async-job-executor-thread-6023#
[PollStageAppStatusExecution] 4d8f45b0-79dd-4bee-823d-05b0e2a2c48d [2025-06-08T17:44:38.124794] Downloading app package... (STDOUT, STG)#
#2025 06 08 17:44:46.519#Z#DEBUG#031013a4-4490-11f0-9695-eeee0a988120.mck-portal-srv#flowable-async-job-executor-thread-6023#
[PollStageAppStatusExecution] 4d8f45b0-79dd-4bee-823d-05b0e2a2c48d [2025-06-08T17:44:38.166196] Downloaded build artifacts cache (226B) (STDOUT, STG)#
#2025 06 08 17:44:46.519#Z#DEBUG#031013a4-4490-11f0-9695-eeee0a988120.mck-portal-srv#flowable-async-job-executor-thread-6023#
[PollStageAppStatusExecution] 4d8f45b0-79dd-4bee-823d-05b0e2a2c48d [2025-06-08T17:44:42.519380] Downloaded app package (75.1M) (STDOUT, STG)#
#2025 06 08 17:44:46.519#Z#DEBUG#031013a4-4490-11f0-9695-eeee0a988120.mck-portal-srv#flowable-async-job-executor-thread-6023#
[PollStageAppStatusExecution] 4d8f45b0-79dd-4bee-823d-05b0e2a2c48d [2025-06-08T17:44:42.579259] -----> Nodejs Buildpack version 1.8.34 (STDOUT, STG)#
#2025 06 08 17:44:46.519#Z#DEBUG#031013a4-4490-11f0-9695-eeee0a988120.mck-portal-srv#flowable-async-job-executor-thread-6023#
[PollStageAppStatusExecution] 4d8f45b0-79dd-4bee-823d-05b0e2a2c48d [2025-06-08T17:44:43.317828] -----> Bootstrapping python (STDOUT, STG)#
#2025 06 08 17:44:46.519#Z#DEBUG#031013a4-4490-11f0-9695-eeee0a988120.mck-portal-srv#flowable-async-job-executor-thread-6023#
[PollStageAppStatusExecution] 4d8f45b0-79dd-4bee-823d-05b0e2a2c48d [2025-06-08T17:44:43.317849] -----> Installing python 3.11.11 (STDOUT, STG)#
#2025 06 08 17:44:46.519#Z#DEBUG#031013a4-4490-11f0-9695-eeee0a988120.mck-portal-srv#flowable-async-job-executor-thread-6023#
[PollStageAppStatusExecution] 4d8f45b0-79dd-4bee-823d-05b0e2a2c48d [2025-06-08T17:44:43.317948] Copy [/tmp/buildpacks/d6533c66903f0a84/dependencies/00d386870e328b0996c36828a42dbaba/python_3.11.11_linux_x64_cflinuxfs4_bf6747f7.tgz] (STDOUT, STG)#
#2025 06 08 17:44:56.538#Z#DEBUG#031013a4-4490-11f0-9695-eeee0a988120.mck-portal-srv#flowable-async-job-executor-thread-6029#
[PollStageAppStatusExecution] 4d8f45b0-79dd-4bee-823d-05b0e2a2c48d [2025-06-08T17:44:46.528078] -----> Installing binaries (STDOUT, STG)#
#2025 06 08 17:44:56.538#Z#DEBUG#031013a4-4490-11f0-9695-eeee0a988120.mck-portal-srv#flowable-async-job-executor-thread-6029#
[PollStageAppStatusExecution] 4d8f45b0-79dd-4bee-823d-05b0e2a2c48d [2025-06-08T17:44:46.528300] engines.node (package.json): unspecified (STDOUT, STG)#
#2025 06 08 17:44:56.538#Z#DEBUG#031013a4-4490-11f0-9695-eeee0a988120.mck-portal-srv#flowable-async-job-executor-thread-6029#
[PollStageAppStatusExecution] 4d8f45b0-79dd-4bee-823d-05b0e2a2c48d [2025-06-08T17:44:46.528316] engines.npm (package.json): unspecified (use default) (STDOUT, STG)#
#2025 06 08 17:44:56.538#Z#DEBUG#031013a4-4490-11f0-9695-eeee0a988120.mck-portal-srv#flowable-async-job-executor-thread-6029#
[PollStageAppStatusExecution] 4d8f45b0-79dd-4bee-823d-05b0e2a2c48d [2025-06-08T17:44:46.528321] [31;1m**WARNING**[0m Node version not specified in package.json or .nvmrc. See: http://docs.cloudfoundry.org/buildpacks/node/node-tips.html (STDOUT, STG)#
#2025 06 08 17:44:56.538#Z#DEBUG#031013a4-4490-11f0-9695-eeee0a988120.mck-portal-srv#flowable-async-job-executor-thread-6029#
[PollStageAppStatusExecution] 4d8f45b0-79dd-4bee-823d-05b0e2a2c48d [2025-06-08T17:44:46.528331] -----> Installing node 18.20.6 (STDOUT, STG)#
#2025 06 08 17:44:56.538#Z#DEBUG#031013a4-4490-11f0-9695-eeee0a988120.mck-portal-srv#flowable-async-job-executor-thread-6029#
[PollStageAppStatusExecution] 4d8f45b0-79dd-4bee-823d-05b0e2a2c48d [2025-06-08T17:44:46.581627] Copy [/tmp/buildpacks/d6533c66903f0a84/dependencies/fa802d9d5a4da12762cda9936d492d65/node_18.20.6_linux_x64_cflinuxfs4_7ef6b71f.tgz] (STDOUT, STG)#
#2025 06 08 17:44:56.538#Z#DEBUG#031013a4-4490-11f0-9695-eeee0a988120.mck-portal-srv#flowable-async-job-executor-thread-6029#
[PollStageAppStatusExecution] 4d8f45b0-79dd-4bee-823d-05b0e2a2c48d [2025-06-08T17:44:46.669442] [31;1m**WARNING**[0m node 18.x.x will no longer be available in new buildpacks released after 2025-04-30. (STDOUT, STG)#
#2025 06 08 17:44:56.538#Z#DEBUG#031013a4-4490-11f0-9695-eeee0a988120.mck-portal-srv#flowable-async-job-executor-thread-6029#
[PollStageAppStatusExecution] 4d8f45b0-79dd-4bee-823d-05b0e2a2c48d [2025-06-08T17:44:46.669461] See: https://github.com/nodejs/Release (STDOUT, STG)#
#2025 06 08 17:44:56.538#Z#DEBUG#031013a4-4490-11f0-9695-eeee0a988120.mck-portal-srv#flowable-async-job-executor-thread-6029#
[PollStageAppStatusExecution] 4d8f45b0-79dd-4bee-823d-05b0e2a2c48d [2025-06-08T17:44:48.213403] Using default npm version: 10.8.2 (STDOUT, STG)#
#2025 06 08 17:44:56.538#Z#DEBUG#031013a4-4490-11f0-9695-eeee0a988120.mck-portal-srv#flowable-async-job-executor-thread-6029#
[PollStageAppStatusExecution] 4d8f45b0-79dd-4bee-823d-05b0e2a2c48d [2025-06-08T17:44:48.213435] -----> Installing yarn 1.22.19 (STDOUT, STG)#
#2025 06 08 17:44:56.538#Z#DEBUG#031013a4-4490-11f0-9695-eeee0a988120.mck-portal-srv#flowable-async-job-executor-thread-6029#
[PollStageAppStatusExecution] 4d8f45b0-79dd-4bee-823d-05b0e2a2c48d [2025-06-08T17:44:48.213701] Copy [/tmp/buildpacks/d6533c66903f0a84/dependencies/0f06052381cbcef1593bd279ca3d9458/yarn_1.22.19_linux_noarch_any-stack_32d0e82e.tgz] (STDOUT, STG)#
#2025 06 08 17:44:56.538#Z#DEBUG#031013a4-4490-11f0-9695-eeee0a988120.mck-portal-srv#flowable-async-job-executor-thread-6029#
[PollStageAppStatusExecution] 4d8f45b0-79dd-4bee-823d-05b0e2a2c48d [2025-06-08T17:44:48.493496] Installed yarn 1.22.19 (STDOUT, STG)#
#2025 06 08 17:44:56.538#Z#DEBUG#031013a4-4490-11f0-9695-eeee0a988120.mck-portal-srv#flowable-async-job-executor-thread-6029#
[PollStageAppStatusExecution] 4d8f45b0-79dd-4bee-823d-05b0e2a2c48d [2025-06-08T17:44:48.493525] -----> Creating runtime environment (STDOUT, STG)#
#2025 06 08 17:44:56.538#Z#DEBUG#031013a4-4490-11f0-9695-eeee0a988120.mck-portal-srv#flowable-async-job-executor-thread-6029#
[PollStageAppStatusExecution] 4d8f45b0-79dd-4bee-823d-05b0e2a2c48d [2025-06-08T17:44:48.495453] NODE_ENV=production (STDOUT, STG)#
#2025 06 08 17:44:56.538#Z#DEBUG#031013a4-4490-11f0-9695-eeee0a988120.mck-portal-srv#flowable-async-job-executor-thread-6029#
[PollStageAppStatusExecution] 4d8f45b0-79dd-4bee-823d-05b0e2a2c48d [2025-06-08T17:44:48.495470] NODE_HOME=/tmp/contents3744429025/deps/0/node (STDOUT, STG)#
#2025 06 08 17:44:56.538#Z#DEBUG#031013a4-4490-11f0-9695-eeee0a988120.mck-portal-srv#flowable-async-job-executor-thread-6029#
[PollStageAppStatusExecution] 4d8f45b0-79dd-4bee-823d-05b0e2a2c48d [2025-06-08T17:44:48.495472] NODE_MODULES_CACHE=true (STDOUT, STG)#
#2025 06 08 17:44:56.538#Z#DEBUG#031013a4-4490-11f0-9695-eeee0a988120.mck-portal-srv#flowable-async-job-executor-thread-6029#
[PollStageAppStatusExecution] 4d8f45b0-79dd-4bee-823d-05b0e2a2c48d [2025-06-08T17:44:48.495474] NODE_VERBOSE=false (STDOUT, STG)#
#2025 06 08 17:44:56.538#Z#DEBUG#031013a4-4490-11f0-9695-eeee0a988120.mck-portal-srv#flowable-async-job-executor-thread-6029#
[PollStageAppStatusExecution] 4d8f45b0-79dd-4bee-823d-05b0e2a2c48d [2025-06-08T17:44:48.495477] NPM_CONFIG_LOGLEVEL=error (STDOUT, STG)#
#2025 06 08 17:44:56.538#Z#DEBUG#031013a4-4490-11f0-9695-eeee0a988120.mck-portal-srv#flowable-async-job-executor-thread-6029#
[PollStageAppStatusExecution] 4d8f45b0-79dd-4bee-823d-05b0e2a2c48d [2025-06-08T17:44:48.495479] NPM_CONFIG_PRODUCTION=true (STDOUT, STG)#
#2025 06 08 17:44:56.538#Z#DEBUG#031013a4-4490-11f0-9695-eeee0a988120.mck-portal-srv#flowable-async-job-executor-thread-6029#
[PollStageAppStatusExecution] 4d8f45b0-79dd-4bee-823d-05b0e2a2c48d [2025-06-08T17:44:48.495508] -----> Building dependencies (STDOUT, STG)#
#2025 06 08 17:44:56.538#Z#DEBUG#031013a4-4490-11f0-9695-eeee0a988120.mck-portal-srv#flowable-async-job-executor-thread-6029#
[PollStageAppStatusExecution] 4d8f45b0-79dd-4bee-823d-05b0e2a2c48d [2025-06-08T17:44:48.495512] Prebuild detected (node_modules already exists) (STDOUT, STG)#
#2025 06 08 17:44:56.538#Z#DEBUG#031013a4-4490-11f0-9695-eeee0a988120.mck-portal-srv#flowable-async-job-executor-thread-6029#
[PollStageAppStatusExecution] 4d8f45b0-79dd-4bee-823d-05b0e2a2c48d [2025-06-08T17:44:48.495513] Rebuilding any native modules (STDOUT, STG)#
#2025 06 08 17:44:56.538#Z#DEBUG#031013a4-4490-11f0-9695-eeee0a988120.mck-portal-srv#flowable-async-job-executor-thread-6029#
[PollStageAppStatusExecution] 4d8f45b0-79dd-4bee-823d-05b0e2a2c48d [2025-06-08T17:44:49.390547] rebuilt dependencies successfully (STDOUT, STG)#
#2025 06 08 17:44:56.538#Z#DEBUG#031013a4-4490-11f0-9695-eeee0a988120.mck-portal-srv#flowable-async-job-executor-thread-6029#
[PollStageAppStatusExecution] 4d8f45b0-79dd-4bee-823d-05b0e2a2c48d [2025-06-08T17:44:49.391727] npm notice (STDOUT, STG)#
#2025 06 08 17:44:56.538#Z#DEBUG#031013a4-4490-11f0-9695-eeee0a988120.mck-portal-srv#flowable-async-job-executor-thread-6029#
[PollStageAppStatusExecution] 4d8f45b0-79dd-4bee-823d-05b0e2a2c48d [2025-06-08T17:44:49.391740] npm notice New major version of npm available! 10.8.2 -> 11.4.1 (STDOUT, STG)#
#2025 06 08 17:44:56.538#Z#DEBUG#031013a4-4490-11f0-9695-eeee0a988120.mck-portal-srv#flowable-async-job-executor-thread-6029#
[PollStageAppStatusExecution] 4d8f45b0-79dd-4bee-823d-05b0e2a2c48d [2025-06-08T17:44:49.391743] npm notice Changelog: https://github.com/npm/cli/releases/tag/v11.4.1 (STDOUT, STG)#
#2025 06 08 17:44:56.538#Z#DEBUG#031013a4-4490-11f0-9695-eeee0a988120.mck-portal-srv#flowable-async-job-executor-thread-6029#
[PollStageAppStatusExecution] 4d8f45b0-79dd-4bee-823d-05b0e2a2c48d [2025-06-08T17:44:49.391745] npm notice To update run: npm install -g npm@11.4.1 (STDOUT, STG)#
#2025 06 08 17:44:56.538#Z#DEBUG#031013a4-4490-11f0-9695-eeee0a988120.mck-portal-srv#flowable-async-job-executor-thread-6029#
[PollStageAppStatusExecution] 4d8f45b0-79dd-4bee-823d-05b0e2a2c48d [2025-06-08T17:44:49.391747] npm notice (STDOUT, STG)#
#2025 06 08 17:44:56.538#Z#DEBUG#031013a4-4490-11f0-9695-eeee0a988120.mck-portal-srv#flowable-async-job-executor-thread-6029#
[PollStageAppStatusExecution] 4d8f45b0-79dd-4bee-823d-05b0e2a2c48d [2025-06-08T17:44:49.401605] Installing any new modules (package.json + package-lock.json) (STDOUT, STG)#
#2025 06 08 17:44:56.538#Z#DEBUG#031013a4-4490-11f0-9695-eeee0a988120.mck-portal-srv#flowable-async-job-executor-thread-6029#
[PollStageAppStatusExecution] 4d8f45b0-79dd-4bee-823d-05b0e2a2c48d [2025-06-08T17:44:50.864799] up to date in 1s (STDOUT, STG)#
#2025 06 08 17:44:56.538#Z#DEBUG#031013a4-4490-11f0-9695-eeee0a988120.mck-portal-srv#flowable-async-job-executor-thread-6029#
[PollStageAppStatusExecution] 4d8f45b0-79dd-4bee-823d-05b0e2a2c48d [2025-06-08T17:44:50.865001] 25 packages are looking for funding (STDOUT, STG)#
#2025 06 08 17:44:56.538#Z#DEBUG#031013a4-4490-11f0-9695-eeee0a988120.mck-portal-srv#flowable-async-job-executor-thread-6029#
[PollStageAppStatusExecution] 4d8f45b0-79dd-4bee-823d-05b0e2a2c48d [2025-06-08T17:44:50.865022] run `npm fund` for details (STDOUT, STG)#
#2025 06 08 17:44:56.538#Z#DEBUG#031013a4-4490-11f0-9695-eeee0a988120.mck-portal-srv#flowable-async-job-executor-thread-6029#
[PollStageAppStatusExecution] 4d8f45b0-79dd-4bee-823d-05b0e2a2c48d [2025-06-08T17:44:52.228693] Contrast Security no credentials found. Will not write environment files. (STDOUT, STG)#
#2025 06 08 17:45:16.559#Z#DEBUG#031013a4-4490-11f0-9695-eeee0a988120.mck-portal-srv#flowable-async-job-executor-thread-6041#
[PollStageAppStatusExecution] 4d8f45b0-79dd-4bee-823d-05b0e2a2c48d [2025-06-08T17:45:09.883424] Exit status 0 (STDOUT, STG)#
#2025 06 08 17:45:16.559#Z#DEBUG#031013a4-4490-11f0-9695-eeee0a988120.mck-portal-srv#flowable-async-job-executor-thread-6041#
[PollStageAppStatusExecution] 4d8f45b0-79dd-4bee-823d-05b0e2a2c48d [2025-06-08T17:45:09.883459] Uploading droplet, build artifacts cache... (STDOUT, STG)#
#2025 06 08 17:45:16.559#Z#DEBUG#031013a4-4490-11f0-9695-eeee0a988120.mck-portal-srv#flowable-async-job-executor-thread-6041#
[PollStageAppStatusExecution] 4d8f45b0-79dd-4bee-823d-05b0e2a2c48d [2025-06-08T17:45:09.883495] Uploading droplet... (STDOUT, STG)#
#2025 06 08 17:45:16.559#Z#DEBUG#031013a4-4490-11f0-9695-eeee0a988120.mck-portal-srv#flowable-async-job-executor-thread-6041#
[PollStageAppStatusExecution] 4d8f45b0-79dd-4bee-823d-05b0e2a2c48d [2025-06-08T17:45:09.883509] Uploading build artifacts cache... (STDOUT, STG)#
#2025 06 08 17:45:16.559#Z#DEBUG#031013a4-4490-11f0-9695-eeee0a988120.mck-portal-srv#flowable-async-job-executor-thread-6041#
[PollStageAppStatusExecution] 4d8f45b0-79dd-4bee-823d-05b0e2a2c48d [2025-06-08T17:45:09.910854] Uploaded build artifacts cache (224B) (STDOUT, STG)#
#2025 06 08 17:45:16.559#Z#DEBUG#031013a4-4490-11f0-9695-eeee0a988120.mck-portal-srv#flowable-async-job-executor-thread-6041#
[PollStageAppStatusExecution] 4d8f45b0-79dd-4bee-823d-05b0e2a2c48d [2025-06-08T17:45:11.529893] Creating droplet for app with guid 4d8f45b0-79dd-4bee-823d-05b0e2a2c48d (STDOUT, API)#
#2025 06 08 17:45:26.610#Z#DEBUG#031013a4-4490-11f0-9695-eeee0a988120.mck-portal-srv#flowable-async-job-executor-thread-6051#
[PollStageAppStatusExecution] 4d8f45b0-79dd-4bee-823d-05b0e2a2c48d [2025-06-08T17:45:17.659967] Uploaded droplet (115.6M) (STDOUT, STG)#
#2025 06 08 17:45:26.610#Z#DEBUG#031013a4-4490-11f0-9695-eeee0a988120.mck-portal-srv#flowable-async-job-executor-thread-6051#
[PollStageAppStatusExecution] 4d8f45b0-79dd-4bee-823d-05b0e2a2c48d [2025-06-08T17:45:17.690671] Uploading complete (STDOUT, STG)#
#2025 06 08 17:45:26.610#Z#DEBUG#031013a4-4490-11f0-9695-eeee0a988120.mck-portal-srv#flowable-async-job-executor-thread-6051#
[PollStageAppStatusExecution] 4d8f45b0-79dd-4bee-823d-05b0e2a2c48d [2025-06-08T17:45:17.948781] Cell 8ee8bf25-474b-4c4b-81b0-9f0b20dddecf stopping instance bafa9600-81e4-4ab3-a2e1-eaa5cafebff8 (STDOUT, STG)#
#2025 06 08 17:45:26.610#Z#DEBUG#031013a4-4490-11f0-9695-eeee0a988120.mck-portal-srv#flowable-async-job-executor-thread-6051#
[PollStageAppStatusExecution] 4d8f45b0-79dd-4bee-823d-05b0e2a2c48d [2025-06-08T17:45:17.948818] Cell 8ee8bf25-474b-4c4b-81b0-9f0b20dddecf destroying container for instance bafa9600-81e4-4ab3-a2e1-eaa5cafebff8 (STDOUT, STG)#
#2025 06 08 17:45:26.610#Z#DEBUG#031013a4-4490-11f0-9695-eeee0a988120.mck-portal-srv#flowable-async-job-executor-thread-6051#
[PollStageAppStatusExecution] 4d8f45b0-79dd-4bee-823d-05b0e2a2c48d [2025-06-08T17:45:20.215581] Cell 8ee8bf25-474b-4c4b-81b0-9f0b20dddecf successfully destroyed container for instance bafa9600-81e4-4ab3-a2e1-eaa5cafebff8 (STDOUT, STG)#
#2025 06 08 17:45:36.685#Z#DEBUG#031013a4-4490-11f0-9695-eeee0a988120.mck-portal-srv#flowable-async-job-executor-thread-6057#
[PollStartAppStatusExecution] 4d8f45b0-79dd-4bee-823d-05b0e2a2c48d [2025-06-08T17:45:26.681870] Updated app with guid 4d8f45b0-79dd-4bee-823d-05b0e2a2c48d ({:droplet_guid=>"ff60fd64-2931-4863-b959-8e23f4da4b0b"}) (STDOUT, API)#
#2025 06 08 17:45:36.685#Z#DEBUG#031013a4-4490-11f0-9695-eeee0a988120.mck-portal-srv#flowable-async-job-executor-thread-6057#
[PollStartAppStatusExecution] 4d8f45b0-79dd-4bee-823d-05b0e2a2c48d [2025-06-08T17:45:26.996362] Creating revision for app with guid 4d8f45b0-79dd-4bee-823d-05b0e2a2c48d (STDOUT, API)#
#2025 06 08 17:45:36.685#Z#DEBUG#031013a4-4490-11f0-9695-eeee0a988120.mck-portal-srv#flowable-async-job-executor-thread-6057#
[PollStartAppStatusExecution] 4d8f45b0-79dd-4bee-823d-05b0e2a2c48d [2025-06-08T17:45:27.038920] Starting app with guid 4d8f45b0-79dd-4bee-823d-05b0e2a2c48d (STDOUT, API)#
#2025 06 08 17:45:36.685#Z#DEBUG#031013a4-4490-11f0-9695-eeee0a988120.mck-portal-srv#flowable-async-job-executor-thread-6057#
[PollStartAppStatusExecution] 4d8f45b0-79dd-4bee-823d-05b0e2a2c48d [2025-06-08T17:45:27.225101] Cell 2867d7a6-8204-4f97-a894-cf477986cd7a creating container for instance 399e75b9-d089-4093-448b-b80e (STDOUT, CELL)#
#2025 06 08 17:45:36.685#Z#DEBUG#031013a4-4490-11f0-9695-eeee0a988120.mck-portal-srv#flowable-async-job-executor-thread-6057#
[PollStartAppStatusExecution] 4d8f45b0-79dd-4bee-823d-05b0e2a2c48d [2025-06-08T17:45:27.703299] Security group rules were updated (STDOUT, CELL)#
#2025 06 08 17:45:36.685#Z#DEBUG#031013a4-4490-11f0-9695-eeee0a988120.mck-portal-srv#flowable-async-job-executor-thread-6057#
[PollStartAppStatusExecution] 4d8f45b0-79dd-4bee-823d-05b0e2a2c48d [2025-06-08T17:45:27.775702] Cell 2867d7a6-8204-4f97-a894-cf477986cd7a successfully created container for instance 399e75b9-d089-4093-448b-b80e (STDOUT, CELL)#
#2025 06 08 17:45:36.685#Z#DEBUG#031013a4-4490-11f0-9695-eeee0a988120.mck-portal-srv#flowable-async-job-executor-thread-6057#
[PollStartAppStatusExecution] 4d8f45b0-79dd-4bee-823d-05b0e2a2c48d [2025-06-08T17:45:28.338824] Downloading droplet... (STDOUT, CELL)#
#2025 06 08 17:45:36.685#Z#DEBUG#031013a4-4490-11f0-9695-eeee0a988120.mck-portal-srv#flowable-async-job-executor-thread-6057#
[PollStartAppStatusExecution] 4d8f45b0-79dd-4bee-823d-05b0e2a2c48d [2025-06-08T17:45:35.830214] Downloaded droplet (115.6M) (STDOUT, CELL)#
#2025 06 08 17:45:36.685#Z#DEBUG#031013a4-4490-11f0-9695-eeee0a988120.mck-portal-srv#flowable-async-job-executor-thread-6057#
[PollStartAppStatusExecution] 4d8f45b0-79dd-4bee-823d-05b0e2a2c48d [2025-06-08T17:45:35.830415] Starting health monitoring of container (STDOUT, CELL)#
#2025 06 08 17:45:36.685#Z#DEBUG#031013a4-4490-11f0-9695-eeee0a988120.mck-portal-srv#flowable-async-job-executor-thread-6057#
[PollStartAppStatusExecution] 4d8f45b0-79dd-4bee-823d-05b0e2a2c48d [2025-06-08T17:45:35.921590] Invoking pre-start scripts. (STDOUT, APP/PROC/WEB)#
#2025 06 08 17:45:36.685#Z#DEBUG#031013a4-4490-11f0-9695-eeee0a988120.mck-portal-srv#flowable-async-job-executor-thread-6057#
[PollStartAppStatusExecution] 4d8f45b0-79dd-4bee-823d-05b0e2a2c48d [2025-06-08T17:45:36.140394] Invoking start command. (STDOUT, APP/PROC/WEB)#
#2025 06 08 17:45:46.650#Z#DEBUG#031013a4-4490-11f0-9695-eeee0a988120.mck-portal-srv#flowable-async-job-executor-thread-6063#
[PollStartAppStatusExecution] 4d8f45b0-79dd-4bee-823d-05b0e2a2c48d [2025-06-08T17:45:36.544654] > mck-portal@1.0.0 start (STDOUT, APP/PROC/WEB)#
#2025 06 08 17:45:46.650#Z#DEBUG#031013a4-4490-11f0-9695-eeee0a988120.mck-portal-srv#flowable-async-job-executor-thread-6063#
[PollStartAppStatusExecution] 4d8f45b0-79dd-4bee-823d-05b0e2a2c48d [2025-06-08T17:45:36.544685] > cds-serve (STDOUT, APP/PROC/WEB)#
#2025 06 08 17:45:46.650#Z#DEBUG#031013a4-4490-11f0-9695-eeee0a988120.mck-portal-srv#flowable-async-job-executor-thread-6063#
[PollStartAppStatusExecution] 4d8f45b0-79dd-4bee-823d-05b0e2a2c48d [2025-06-08T17:45:36.814496] [cds] - loading server from { file: 'srv/server.js' } (STDOUT, APP/PROC/WEB)#
#2025 06 08 17:45:46.650#Z#DEBUG#031013a4-4490-11f0-9695-eeee0a988120.mck-portal-srv#flowable-async-job-executor-thread-6063#
[PollStartAppStatusExecution] 4d8f45b0-79dd-4bee-823d-05b0e2a2c48d [2025-06-08T17:45:36.853791] CAP is Starting..... (STDOUT, APP/PROC/WEB)#
#2025 06 08 17:45:46.650#Z#DEBUG#031013a4-4490-11f0-9695-eeee0a988120.mck-portal-srv#flowable-async-job-executor-thread-6063#
[PollStartAppStatusExecution] 4d8f45b0-79dd-4bee-823d-05b0e2a2c48d [2025-06-08T17:45:37.004283] Error calling updateMediaFile in bootstrap: TypeError: Cannot destructure property 'MediaFile' of 'cds.entities' as it is undefined. (STDERR, APP/PROC/WEB)#
#2025 06 08 17:45:46.650#Z#DEBUG#031013a4-4490-11f0-9695-eeee0a988120.mck-portal-srv#flowable-async-job-executor-thread-6063#
[PollStartAppStatusExecution] 4d8f45b0-79dd-4bee-823d-05b0e2a2c48d [2025-06-08T17:45:37.004359] at updateMediaFile (/home/vcap/app/srv/server.js:8:13) (STDERR, APP/PROC/WEB)#
#2025 06 08 17:45:46.650#Z#DEBUG#031013a4-4490-11f0-9695-eeee0a988120.mck-portal-srv#flowable-async-job-executor-thread-6063#
[PollStartAppStatusExecution] 4d8f45b0-79dd-4bee-823d-05b0e2a2c48d [2025-06-08T17:45:37.004364] at cds.<anonymous> (/home/vcap/app/srv/server.js:162:15) (STDERR, APP/PROC/WEB)#
#2025 06 08 17:45:46.650#Z#DEBUG#031013a4-4490-11f0-9695-eeee0a988120.mck-portal-srv#flowable-async-job-executor-thread-6063#
[PollStartAppStatusExecution] 4d8f45b0-79dd-4bee-823d-05b0e2a2c48d [2025-06-08T17:45:37.004370] at cds.emit (node:events:529:35) (STDERR, APP/PROC/WEB)#
#2025 06 08 17:45:46.650#Z#DEBUG#031013a4-4490-11f0-9695-eeee0a988120.mck-portal-srv#flowable-async-job-executor-thread-6063#
[PollStartAppStatusExecution] 4d8f45b0-79dd-4bee-823d-05b0e2a2c48d [2025-06-08T17:45:37.004381] at cds.emit (/home/vcap/app/node_modules/@sap/cds/lib/index.js:18:23) (STDERR, APP/PROC/WEB)#
#2025 06 08 17:45:46.650#Z#DEBUG#031013a4-4490-11f0-9695-eeee0a988120.mck-portal-srv#flowable-async-job-executor-thread-6063#
[PollStartAppStatusExecution] 4d8f45b0-79dd-4bee-823d-05b0e2a2c48d [2025-06-08T17:45:37.004384] at cds_server (/home/vcap/app/node_modules/@sap/cds/server.js:39:7) (STDERR, APP/PROC/WEB)#
#2025 06 08 17:45:46.650#Z#DEBUG#031013a4-4490-11f0-9695-eeee0a988120.mck-portal-srv#flowable-async-job-executor-thread-6063#
[PollStartAppStatusExecution] 4d8f45b0-79dd-4bee-823d-05b0e2a2c48d [2025-06-08T17:45:37.004387] at serve (/home/vcap/app/node_modules/@sap/cds/bin/serve.js:204:24) (STDERR, APP/PROC/WEB)#
#2025 06 08 17:45:46.650#Z#DEBUG#031013a4-4490-11f0-9695-eeee0a988120.mck-portal-srv#flowable-async-job-executor-thread-6063#
[PollStartAppStatusExecution] 4d8f45b0-79dd-4bee-823d-05b0e2a2c48d [2025-06-08T17:45:37.315371] {"level":"info","logger":"cds","timestamp":"2025-06-08T17:45:37.314Z","layer":"cds","component_type":"application","container_id":"10.36.129.10","component_id":"4d8f45b0-79dd-4bee-823d-05b0e2a2c48d","component_name":"mck-portal-srv","component_instance":0,"source_instance":0,"organization_name":"McKesson Corporation_discovery-sunrise","organization_id":"557795fb-ec02-41f6-b249-2b9c73ac8438","space_name":"Datasphere_Dev","space_id":"2742a945-aac7-4753-a013-50fdd526e1db","msg":"loaded model from 1 file(s):\n","type":"log"} (STDOUT, APP/PROC/WEB)#
#2025 06 08 17:45:46.650#Z#DEBUG#031013a4-4490-11f0-9695-eeee0a988120.mck-portal-srv#flowable-async-job-executor-thread-6063#
[PollStartAppStatusExecution] 4d8f45b0-79dd-4bee-823d-05b0e2a2c48d [2025-06-08T17:45:37.315399] srv/csn.json (STDOUT, APP/PROC/WEB)#
#2025 06 08 17:45:46.650#Z#DEBUG#031013a4-4490-11f0-9695-eeee0a988120.mck-portal-srv#flowable-async-job-executor-thread-6063#
[PollStartAppStatusExecution] 4d8f45b0-79dd-4bee-823d-05b0e2a2c48d [2025-06-08T17:45:37.830309] {"level":"info","logger":"cds","timestamp":"2025-06-08T17:45:37.829Z","layer":"cds","component_type":"application","container_id":"10.36.129.10","component_id":"4d8f45b0-79dd-4bee-823d-05b0e2a2c48d","component_name":"mck-portal-srv","component_instance":0,"source_instance":0,"organization_name":"McKesson Corporation_discovery-sunrise","organization_id":"557795fb-ec02-41f6-b249-2b9c73ac8438","space_name":"Datasphere_Dev","space_id":"2742a945-aac7-4753-a013-50fdd526e1db","msg":"connect to db > hana {\n  database_id: '451e8954-27cd-4d2f-9402-3ca1944484c7',\n  host: '451e8954-27cd-4d2f-9402-3ca1944484c7.hana.prod-us20.hanacloud.ondemand.com',\n  port: '443',\n  driver: 'com.sap.db.jdbc.Driver',\n  url: 'jdbc:sap://451e8954-27cd-4d2f-9402-3ca1944484c7.hana.prod-us20.hanacloud.ondemand.com:443?encrypt=true&validateCertificate=true&currentschema=MCK_RQ2_301',\n  schema: 'MCK_RQ2_301',\n  certificate: '...',\n  hdi_user: 'MCK_RQ2_301_DB8P3SO5V9Z1XM0JA8K5QCSW1_DT',\n  hdi_password: '...',\n  user: 'MCK_RQ2_301_DB8P3SO5V9Z1XM0JA8K5QCSW1_RT',\n  password: '...'\n}","type":"log"} (STDOUT, APP/PROC/WEB)#
#2025 06 08 17:45:46.650#Z#DEBUG#031013a4-4490-11f0-9695-eeee0a988120.mck-portal-srv#flowable-async-job-executor-thread-6063#
[PollStartAppStatusExecution] 4d8f45b0-79dd-4bee-823d-05b0e2a2c48d [2025-06-08T17:45:37.879674] {"level":"info","logger":"cds","timestamp":"2025-06-08T17:45:37.878Z","layer":"cds","component_type":"application","container_id":"10.36.129.10","component_id":"4d8f45b0-79dd-4bee-823d-05b0e2a2c48d","component_name":"mck-portal-srv","component_instance":0,"source_instance":0,"organization_name":"McKesson Corporation_discovery-sunrise","organization_id":"557795fb-ec02-41f6-b249-2b9c73ac8438","space_name":"Datasphere_Dev","space_id":"2742a945-aac7-4753-a013-50fdd526e1db","msg":"using auth strategy {\n  kind: 'xsuaa',\n  impl: 'node_modules/@sap/cds/lib/srv/middlewares/auth/jwt-auth'\n} \n","type":"log"} (STDOUT, APP/PROC/WEB)#
#2025 06 08 17:45:46.650#Z#DEBUG#031013a4-4490-11f0-9695-eeee0a988120.mck-portal-srv#flowable-async-job-executor-thread-6063#
[PollStartAppStatusExecution] 4d8f45b0-79dd-4bee-823d-05b0e2a2c48d [2025-06-08T17:45:37.926351] {"level":"info","logger":"cds","timestamp":"2025-06-08T17:45:37.925Z","layer":"cds","component_type":"application","container_id":"10.36.129.10","component_id":"4d8f45b0-79dd-4bee-823d-05b0e2a2c48d","component_name":"mck-portal-srv","component_instance":0,"source_instance":0,"organization_name":"McKesson Corporation_discovery-sunrise","organization_id":"557795fb-ec02-41f6-b249-2b9c73ac8438","space_name":"Datasphere_Dev","space_id":"2742a945-aac7-4753-a013-50fdd526e1db","msg":"serving PROCESSING {\n  impl: 'node_modules/@sap/cds/libx/_runtime/common/Service.js',\n  path: '/odata/v4/processing'\n}","type":"log"} (STDOUT, APP/PROC/WEB)#
#2025 06 08 17:45:46.650#Z#DEBUG#031013a4-4490-11f0-9695-eeee0a988120.mck-portal-srv#flowable-async-job-executor-thread-6063#
[PollStartAppStatusExecution] 4d8f45b0-79dd-4bee-823d-05b0e2a2c48d [2025-06-08T17:45:37.927247] {"level":"info","logger":"cds","timestamp":"2025-06-08T17:45:37.926Z","layer":"cds","component_type":"application","container_id":"10.36.129.10","component_id":"4d8f45b0-79dd-4bee-823d-05b0e2a2c48d","component_name":"mck-portal-srv","component_instance":0,"source_instance":0,"organization_name":"McKesson Corporation_discovery-sunrise","organization_id":"557795fb-ec02-41f6-b249-2b9c73ac8438","space_name":"Datasphere_Dev","space_id":"2742a945-aac7-4753-a013-50fdd526e1db","msg":"serving INVENTORY {\n  impl: 'node_modules/@sap/cds/libx/_runtime/common/Service.js',\n  path: '/odata/v4/inventory'\n}","type":"log"} (STDOUT, APP/PROC/WEB)#
#2025 06 08 17:45:46.650#Z#DEBUG#031013a4-4490-11f0-9695-eeee0a988120.mck-portal-srv#flowable-async-job-executor-thread-6063#
[PollStartAppStatusExecution] 4d8f45b0-79dd-4bee-823d-05b0e2a2c48d [2025-06-08T17:45:37.927611] {"level":"info","logger":"cds","timestamp":"2025-06-08T17:45:37.927Z","layer":"cds","component_type":"application","container_id":"10.36.129.10","component_id":"4d8f45b0-79dd-4bee-823d-05b0e2a2c48d","component_name":"mck-portal-srv","component_instance":0,"source_instance":0,"organization_name":"McKesson Corporation_discovery-sunrise","organization_id":"557795fb-ec02-41f6-b249-2b9c73ac8438","space_name":"Datasphere_Dev","space_id":"2742a945-aac7-4753-a013-50fdd526e1db","msg":"serving SALES {\n  impl: 'node_modules/@sap/cds/libx/_runtime/common/Service.js',\n  path: '/odata/v4/sales'\n}","type":"log"} (STDOUT, APP/PROC/WEB)#
#2025 06 08 17:45:46.650#Z#DEBUG#031013a4-4490-11f0-9695-eeee0a988120.mck-portal-srv#flowable-async-job-executor-thread-6063#
[PollStartAppStatusExecution] 4d8f45b0-79dd-4bee-823d-05b0e2a2c48d [2025-06-08T17:45:37.928125] {"level":"info","logger":"cds","timestamp":"2025-06-08T17:45:37.927Z","layer":"cds","component_type":"application","container_id":"10.36.129.10","component_id":"4d8f45b0-79dd-4bee-823d-05b0e2a2c48d","component_name":"mck-portal-srv","component_instance":0,"source_instance":0,"organization_name":"McKesson Corporation_discovery-sunrise","organization_id":"557795fb-ec02-41f6-b249-2b9c73ac8438","space_name":"Datasphere_Dev","space_id":"2742a945-aac7-4753-a013-50fdd526e1db","msg":"serving CUSTOMERS {\n  impl: 'node_modules/@sap/cds/libx/_runtime/common/Service.js',\n  path: '/odata/v4/customers'\n}","type":"log"} (STDOUT, APP/PROC/WEB)#
#2025 06 08 17:45:46.650#Z#DEBUG#031013a4-4490-11f0-9695-eeee0a988120.mck-portal-srv#flowable-async-job-executor-thread-6063#
[PollStartAppStatusExecution] 4d8f45b0-79dd-4bee-823d-05b0e2a2c48d [2025-06-08T17:45:37.928631] {"level":"info","logger":"cds","timestamp":"2025-06-08T17:45:37.928Z","layer":"cds","component_type":"application","container_id":"10.36.129.10","component_id":"4d8f45b0-79dd-4bee-823d-05b0e2a2c48d","component_name":"mck-portal-srv","component_instance":0,"source_instance":0,"organization_name":"McKesson Corporation_discovery-sunrise","organization_id":"557795fb-ec02-41f6-b249-2b9c73ac8438","space_name":"Datasphere_Dev","space_id":"2742a945-aac7-4753-a013-50fdd526e1db","msg":"serving FINANCE {\n  impl: 'node_modules/@sap/cds/libx/_runtime/common/Service.js',\n  path: '/odata/v4/finance'\n}","type":"log"} (STDOUT, APP/PROC/WEB)#
#2025 06 08 17:45:46.650#Z#DEBUG#031013a4-4490-11f0-9695-eeee0a988120.mck-portal-srv#flowable-async-job-executor-thread-6063#
[PollStartAppStatusExecution] 4d8f45b0-79dd-4bee-823d-05b0e2a2c48d [2025-06-08T17:45:37.929089] {"level":"info","logger":"cds","timestamp":"2025-06-08T17:45:37.928Z","layer":"cds","component_type":"application","container_id":"10.36.129.10","component_id":"4d8f45b0-79dd-4bee-823d-05b0e2a2c48d","component_name":"mck-portal-srv","component_instance":0,"source_instance":0,"organization_name":"McKesson Corporation_discovery-sunrise","organization_id":"557795fb-ec02-41f6-b249-2b9c73ac8438","space_name":"Datasphere_Dev","space_id":"2742a945-aac7-4753-a013-50fdd526e1db","msg":"serving MAINPAGE {\n  impl: 'node_modules/@sap/cds/libx/_runtime/common/Service.js',\n  path: '/odata/v4/mainpage'\n}","type":"log"} (STDOUT, APP/PROC/WEB)#
#2025 06 08 17:45:46.650#Z#DEBUG#031013a4-4490-11f0-9695-eeee0a988120.mck-portal-srv#flowable-async-job-executor-thread-6063#
[PollStartAppStatusExecution] 4d8f45b0-79dd-4bee-823d-05b0e2a2c48d [2025-06-08T17:45:37.929564] {"level":"info","logger":"cds","timestamp":"2025-06-08T17:45:37.929Z","layer":"cds","component_type":"application","container_id":"10.36.129.10","component_id":"4d8f45b0-79dd-4bee-823d-05b0e2a2c48d","component_name":"mck-portal-srv","component_instance":0,"source_instance":0,"organization_name":"McKesson Corporation_discovery-sunrise","organization_id":"557795fb-ec02-41f6-b249-2b9c73ac8438","space_name":"Datasphere_Dev","space_id":"2742a945-aac7-4753-a013-50fdd526e1db","msg":"serving CatalogService {\n  impl: 'node_modules/@sap/cds/libx/_runtime/common/Service.js',\n  path: '/odata/v4/catalog'\n}","type":"log"} (STDOUT, APP/PROC/WEB)#
#2025 06 08 17:45:46.650#Z#DEBUG#031013a4-4490-11f0-9695-eeee0a988120.mck-portal-srv#flowable-async-job-executor-thread-6063#
[PollStartAppStatusExecution] 4d8f45b0-79dd-4bee-823d-05b0e2a2c48d [2025-06-08T17:45:37.930631] {"level":"info","logger":"cds","timestamp":"2025-06-08T17:45:37.930Z","layer":"cds","component_type":"application","container_id":"10.36.129.10","component_id":"4d8f45b0-79dd-4bee-823d-05b0e2a2c48d","component_name":"mck-portal-srv","component_instance":0,"source_instance":0,"organization_name":"McKesson Corporation_discovery-sunrise","organization_id":"557795fb-ec02-41f6-b249-2b9c73ac8438","space_name":"Datasphere_Dev","space_id":"2742a945-aac7-4753-a013-50fdd526e1db","msg":"serving Media {\n  impl: 'node_modules/@sap/cds/libx/_runtime/common/Service.js',\n  path: '/odata/v4/media'\n}","type":"log"} (STDOUT, APP/PROC/WEB)#
#2025 06 08 17:45:46.650#Z#DEBUG#031013a4-4490-11f0-9695-eeee0a988120.mck-portal-srv#flowable-async-job-executor-thread-6063#
[PollStartAppStatusExecution] 4d8f45b0-79dd-4bee-823d-05b0e2a2c48d [2025-06-08T17:45:37.937234] {"level":"info","logger":"cds","timestamp":"2025-06-08T17:45:37.936Z","layer":"cds","component_type":"application","container_id":"10.36.129.10","component_id":"4d8f45b0-79dd-4bee-823d-05b0e2a2c48d","component_name":"mck-portal-srv","component_instance":0,"source_instance":0,"organization_name":"McKesson Corporation_discovery-sunrise","organization_id":"557795fb-ec02-41f6-b249-2b9c73ac8438","space_name":"Datasphere_Dev","space_id":"2742a945-aac7-4753-a013-50fdd526e1db","msg":"server listening on { url: 'http://localhost:8080' }","type":"log"} (STDOUT, APP/PROC/WEB)#
#2025 06 08 17:45:46.650#Z#DEBUG#031013a4-4490-11f0-9695-eeee0a988120.mck-portal-srv#flowable-async-job-executor-thread-6063#
[PollStartAppStatusExecution] 4d8f45b0-79dd-4bee-823d-05b0e2a2c48d [2025-06-08T17:45:37.937537] [cds] - server launched at 6/8/2025, 5:45:36 PM, version: 8.9.2, in: 1.096s (STDOUT, APP/PROC/WEB)#
#2025 06 08 17:45:46.650#Z#DEBUG#031013a4-4490-11f0-9695-eeee0a988120.mck-portal-srv#flowable-async-job-executor-thread-6063#
[PollStartAppStatusExecution] 4d8f45b0-79dd-4bee-823d-05b0e2a2c48d [2025-06-08T17:45:39.417094] Container became healthy (STDOUT, CELL)#
#2025 06 08 17:45:46.650#Z#DEBUG#031013a4-4490-11f0-9695-eeee0a988120.mck-portal-srv#flowable-async-job-executor-thread-6063#
[PollStartAppStatusExecution] 4d8f45b0-79dd-4bee-823d-05b0e2a2c48d [2025-06-08T17:45:39.446043] Process became ready with guid 4d8f45b0-79dd-4bee-823d-05b0e2a2c48d payload: {"instance"=>"399e75b9-d089-4093-448b-b80e", "index"=>0, "cell_id"=>"2867d7a6-8204-4f97-a894-cf477986cd7a", "ready"=>true, "version"=>"8ac0f738-f558-42c8-b6de-2db342cd8e79"} (STDOUT, API)#
#2025 06 08 17:45:46.650#Z#DEBUG#031013a4-4490-11f0-9695-eeee0a988120.mck-portal-srv#flowable-async-job-executor-thread-6063#
[PollStartAppStatusExecution] 4d8f45b0-79dd-4bee-823d-05b0e2a2c48d [2025-06-08T17:45:43.405755] Cell fed64197-e9d6-461a-aae4-87f0d46bb5b4 destroying container for instance 102e23a2-962d-45b2-6985-5972 (STDOUT, CELL)#
#2025 06 08 17:45:46.650#Z#DEBUG#031013a4-4490-11f0-9695-eeee0a988120.mck-portal-srv#flowable-async-job-executor-thread-6063#
[PollStartAppStatusExecution] 4d8f45b0-79dd-4bee-823d-05b0e2a2c48d [2025-06-08T17:45:43.542044] Exit status 137 (STDOUT, PROXY)#
#2025 06 08 17:45:46.650#Z#DEBUG#031013a4-4490-11f0-9695-eeee0a988120.mck-portal-srv#flowable-async-job-executor-thread-6063#
[PollStartAppStatusExecution] 4d8f45b0-79dd-4bee-823d-05b0e2a2c48d [2025-06-08T17:45:45.467006] Cell fed64197-e9d6-461a-aae4-87f0d46bb5b4 successfully destroyed container for instance 102e23a2-962d-45b2-6985-5972 (STDOUT, CELL)#
