#2025 01 20 21:07:32.964#Z#DEBUG#3e9c0372-d772-11ef-a5e8-eeee0a917297.mck-portal#flowable-async-job-executor-thread-5654#
[PollStageAppStatusExecution] 1c575421-2958-42d7-baf3-70da83739adf [2025-01-20T20:54:12.516908] Uploading app package for app with guid 1c575421-2958-42d7-baf3-70da83739adf (STDOUT, API)#
#2025 01 20 21:07:32.964#Z#DEBUG#3e9c0372-d772-11ef-a5e8-eeee0a917297.mck-portal#flowable-async-job-executor-thread-5654#
[PollStageAppStatusExecution] 1c575421-2958-42d7-baf3-70da83739adf [2025-01-20T20:54:12.843526] Updated app with guid 1c575421-2958-42d7-baf3-70da83739adf ({"environment_variables"=>"[PRIVATE DATA HIDDEN]"}) (STDOUT, API)#
#2025 01 20 21:07:32.964#Z#DEBUG#3e9c0372-d772-11ef-a5e8-eeee0a917297.mck-portal#flowable-async-job-executor-thread-5654#
[PollStageAppStatusExecution] 1c575421-2958-42d7-baf3-70da83739adf [2025-01-20T20:54:22.168501] Stopping app with guid 1c575421-2958-42d7-baf3-70da83739adf (STDOUT, API)#
#2025 01 20 21:07:32.964#Z#DEBUG#3e9c0372-d772-11ef-a5e8-eeee0a917297.mck-portal#flowable-async-job-executor-thread-5654#
[PollStageAppStatusExecution] 1c575421-2958-42d7-baf3-70da83739adf [2025-01-20T20:54:22.224026] Cell f3586a5f-5e3c-4bf8-b1be-4b7127277bf7 stopping instance 9694dd78-58da-4f51-4117-bdab (STDOUT, CELL)#
#2025 01 20 21:07:32.964#Z#DEBUG#3e9c0372-d772-11ef-a5e8-eeee0a917297.mck-portal#flowable-async-job-executor-thread-5654#
[PollStageAppStatusExecution] 1c575421-2958-42d7-baf3-70da83739adf [2025-01-20T20:54:22.394748] Creating build for app with guid 1c575421-2958-42d7-baf3-70da83739adf (STDOUT, API)#
#2025 01 20 21:07:32.964#Z#DEBUG#3e9c0372-d772-11ef-a5e8-eeee0a917297.mck-portal#flowable-async-job-executor-thread-5654#
[PollStageAppStatusExecution] 1c575421-2958-42d7-baf3-70da83739adf [2025-01-20T20:54:22.896590] Downloading zero_trust_sidecar_buildpack_1_6... (STDOUT, STG)#
#2025 01 20 21:07:32.964#Z#DEBUG#3e9c0372-d772-11ef-a5e8-eeee0a917297.mck-portal#flowable-async-job-executor-thread-5654#
[PollStageAppStatusExecution] 1c575421-2958-42d7-baf3-70da83739adf [2025-01-20T20:54:22.896597] Downloading nginx_buildpack... (STDOUT, STG)#
#2025 01 20 21:07:32.964#Z#DEBUG#3e9c0372-d772-11ef-a5e8-eeee0a917297.mck-portal#flowable-async-job-executor-thread-5654#
[PollStageAppStatusExecution] 1c575421-2958-42d7-baf3-70da83739adf [2025-01-20T20:54:22.910775] Downloaded nginx_buildpack (STDOUT, STG)#
#2025 01 20 21:07:32.964#Z#DEBUG#3e9c0372-d772-11ef-a5e8-eeee0a917297.mck-portal#flowable-async-job-executor-thread-5654#
[PollStageAppStatusExecution] 1c575421-2958-42d7-baf3-70da83739adf [2025-01-20T20:54:22.910805] Downloading nodejs_buildpack... (STDOUT, STG)#
#2025 01 20 21:07:32.964#Z#DEBUG#3e9c0372-d772-11ef-a5e8-eeee0a917297.mck-portal#flowable-async-job-executor-thread-5654#
[PollStageAppStatusExecution] 1c575421-2958-42d7-baf3-70da83739adf [2025-01-20T20:54:22.913042] Downloaded zero_trust_sidecar_buildpack_1_6 (STDOUT, STG)#
#2025 01 20 21:07:32.964#Z#DEBUG#3e9c0372-d772-11ef-a5e8-eeee0a917297.mck-portal#flowable-async-job-executor-thread-5654#
[PollStageAppStatusExecution] 1c575421-2958-42d7-baf3-70da83739adf [2025-01-20T20:54:22.920695] Downloading staticfile_buildpack... (STDOUT, STG)#
#2025 01 20 21:07:32.964#Z#DEBUG#3e9c0372-d772-11ef-a5e8-eeee0a917297.mck-portal#flowable-async-job-executor-thread-5654#
[PollStageAppStatusExecution] 1c575421-2958-42d7-baf3-70da83739adf [2025-01-20T20:54:22.924265] Downloaded nodejs_buildpack (STDOUT, STG)#
#2025 01 20 21:07:32.964#Z#DEBUG#3e9c0372-d772-11ef-a5e8-eeee0a917297.mck-portal#flowable-async-job-executor-thread-5654#
[PollStageAppStatusExecution] 1c575421-2958-42d7-baf3-70da83739adf [2025-01-20T20:54:22.924295] Downloading java_buildpack... (STDOUT, STG)#
#2025 01 20 21:07:32.964#Z#DEBUG#3e9c0372-d772-11ef-a5e8-eeee0a917297.mck-portal#flowable-async-job-executor-thread-5654#
[PollStageAppStatusExecution] 1c575421-2958-42d7-baf3-70da83739adf [2025-01-20T20:54:22.934524] Downloaded staticfile_buildpack (STDOUT, STG)#
#2025 01 20 21:07:32.964#Z#DEBUG#3e9c0372-d772-11ef-a5e8-eeee0a917297.mck-portal#flowable-async-job-executor-thread-5654#
[PollStageAppStatusExecution] 1c575421-2958-42d7-baf3-70da83739adf [2025-01-20T20:54:22.934573] Downloading sap_java_buildpack_jakarta_2_22... (STDOUT, STG)#
#2025 01 20 21:07:32.964#Z#DEBUG#3e9c0372-d772-11ef-a5e8-eeee0a917297.mck-portal#flowable-async-job-executor-thread-5654#
[PollStageAppStatusExecution] 1c575421-2958-42d7-baf3-70da83739adf [2025-01-20T20:54:22.938993] Downloaded java_buildpack (STDOUT, STG)#
#2025 01 20 21:07:32.964#Z#DEBUG#3e9c0372-d772-11ef-a5e8-eeee0a917297.mck-portal#flowable-async-job-executor-thread-5654#
[PollStageAppStatusExecution] 1c575421-2958-42d7-baf3-70da83739adf [2025-01-20T20:54:22.939034] Downloading binary_buildpack... (STDOUT, STG)#
#2025 01 20 21:07:32.964#Z#DEBUG#3e9c0372-d772-11ef-a5e8-eeee0a917297.mck-portal#flowable-async-job-executor-thread-5654#
[PollStageAppStatusExecution] 1c575421-2958-42d7-baf3-70da83739adf [2025-01-20T20:54:22.946876] Downloaded sap_java_buildpack_jakarta_2_22 (STDOUT, STG)#
#2025 01 20 21:07:32.964#Z#DEBUG#3e9c0372-d772-11ef-a5e8-eeee0a917297.mck-portal#flowable-async-job-executor-thread-5654#
[PollStageAppStatusExecution] 1c575421-2958-42d7-baf3-70da83739adf [2025-01-20T20:54:22.946901] Downloading sap_java_buildpack... (STDOUT, STG)#
#2025 01 20 21:07:32.964#Z#DEBUG#3e9c0372-d772-11ef-a5e8-eeee0a917297.mck-portal#flowable-async-job-executor-thread-5654#
[PollStageAppStatusExecution] 1c575421-2958-42d7-baf3-70da83739adf [2025-01-20T20:54:22.948547] Downloaded binary_buildpack (STDOUT, STG)#
#2025 01 20 21:07:32.964#Z#DEBUG#3e9c0372-d772-11ef-a5e8-eeee0a917297.mck-portal#flowable-async-job-executor-thread-5654#
[PollStageAppStatusExecution] 1c575421-2958-42d7-baf3-70da83739adf [2025-01-20T20:54:22.948570] Downloading sap_java_buildpack_1_107... (STDOUT, STG)#
#2025 01 20 21:07:32.964#Z#DEBUG#3e9c0372-d772-11ef-a5e8-eeee0a917297.mck-portal#flowable-async-job-executor-thread-5654#
[PollStageAppStatusExecution] 1c575421-2958-42d7-baf3-70da83739adf [2025-01-20T20:54:22.957459] Downloaded sap_java_buildpack (STDOUT, STG)#
#2025 01 20 21:07:32.964#Z#DEBUG#3e9c0372-d772-11ef-a5e8-eeee0a917297.mck-portal#flowable-async-job-executor-thread-5654#
[PollStageAppStatusExecution] 1c575421-2958-42d7-baf3-70da83739adf [2025-01-20T20:54:22.957497] Downloading sap_java_buildpack_1_106... (STDOUT, STG)#
#2025 01 20 21:07:32.964#Z#DEBUG#3e9c0372-d772-11ef-a5e8-eeee0a917297.mck-portal#flowable-async-job-executor-thread-5654#
[PollStageAppStatusExecution] 1c575421-2958-42d7-baf3-70da83739adf [2025-01-20T20:54:22.961279] Downloaded sap_java_buildpack_1_107 (STDOUT, STG)#
#2025 01 20 21:07:32.964#Z#DEBUG#3e9c0372-d772-11ef-a5e8-eeee0a917297.mck-portal#flowable-async-job-executor-thread-5654#
[PollStageAppStatusExecution] 1c575421-2958-42d7-baf3-70da83739adf [2025-01-20T20:54:22.961300] Downloading sap_java_buildpack_1_105... (STDOUT, STG)#
#2025 01 20 21:07:32.964#Z#DEBUG#3e9c0372-d772-11ef-a5e8-eeee0a917297.mck-portal#flowable-async-job-executor-thread-5654#
[PollStageAppStatusExecution] 1c575421-2958-42d7-baf3-70da83739adf [2025-01-20T20:54:22.972870] Downloaded sap_java_buildpack_1_106 (STDOUT, STG)#
#2025 01 20 21:07:32.964#Z#DEBUG#3e9c0372-d772-11ef-a5e8-eeee0a917297.mck-portal#flowable-async-job-executor-thread-5654#
[PollStageAppStatusExecution] 1c575421-2958-42d7-baf3-70da83739adf [2025-01-20T20:54:22.972897] Downloading sap_java_buildpack_jakarta... (STDOUT, STG)#
#2025 01 20 21:07:32.964#Z#DEBUG#3e9c0372-d772-11ef-a5e8-eeee0a917297.mck-portal#flowable-async-job-executor-thread-5654#
[PollStageAppStatusExecution] 1c575421-2958-42d7-baf3-70da83739adf [2025-01-20T20:54:22.974474] Downloaded sap_java_buildpack_1_105 (STDOUT, STG)#
#2025 01 20 21:07:32.964#Z#DEBUG#3e9c0372-d772-11ef-a5e8-eeee0a917297.mck-portal#flowable-async-job-executor-thread-5654#
[PollStageAppStatusExecution] 1c575421-2958-42d7-baf3-70da83739adf [2025-01-20T20:54:22.974504] Downloading sap_java_buildpack_jakarta_2_20... (STDOUT, STG)#
#2025 01 20 21:07:32.964#Z#DEBUG#3e9c0372-d772-11ef-a5e8-eeee0a917297.mck-portal#flowable-async-job-executor-thread-5654#
[PollStageAppStatusExecution] 1c575421-2958-42d7-baf3-70da83739adf [2025-01-20T20:54:22.984676] Downloaded sap_java_buildpack_jakarta (STDOUT, STG)#
#2025 01 20 21:07:32.964#Z#DEBUG#3e9c0372-d772-11ef-a5e8-eeee0a917297.mck-portal#flowable-async-job-executor-thread-5654#
[PollStageAppStatusExecution] 1c575421-2958-42d7-baf3-70da83739adf [2025-01-20T20:54:22.984701] Downloading sap_java_buildpack_jakarta_2_21... (STDOUT, STG)#
#2025 01 20 21:07:32.964#Z#DEBUG#3e9c0372-d772-11ef-a5e8-eeee0a917297.mck-portal#flowable-async-job-executor-thread-5654#
[PollStageAppStatusExecution] 1c575421-2958-42d7-baf3-70da83739adf [2025-01-20T20:54:22.987775] Downloaded sap_java_buildpack_jakarta_2_20 (STDOUT, STG)#
#2025 01 20 21:07:32.964#Z#DEBUG#3e9c0372-d772-11ef-a5e8-eeee0a917297.mck-portal#flowable-async-job-executor-thread-5654#
[PollStageAppStatusExecution] 1c575421-2958-42d7-baf3-70da83739adf [2025-01-20T20:54:22.987817] Downloading sap_java_buildpack_jakarta_2_18... (STDOUT, STG)#
#2025 01 20 21:07:32.964#Z#DEBUG#3e9c0372-d772-11ef-a5e8-eeee0a917297.mck-portal#flowable-async-job-executor-thread-5654#
[PollStageAppStatusExecution] 1c575421-2958-42d7-baf3-70da83739adf [2025-01-20T20:54:22.995927] Downloaded sap_java_buildpack_jakarta_2_21 (STDOUT, STG)#
#2025 01 20 21:07:32.964#Z#DEBUG#3e9c0372-d772-11ef-a5e8-eeee0a917297.mck-portal#flowable-async-job-executor-thread-5654#
[PollStageAppStatusExecution] 1c575421-2958-42d7-baf3-70da83739adf [2025-01-20T20:54:22.995961] Downloading go_buildpack... (STDOUT, STG)#
#2025 01 20 21:07:32.964#Z#DEBUG#3e9c0372-d772-11ef-a5e8-eeee0a917297.mck-portal#flowable-async-job-executor-thread-5654#
[PollStageAppStatusExecution] 1c575421-2958-42d7-baf3-70da83739adf [2025-01-20T20:54:22.999323] Downloaded sap_java_buildpack_jakarta_2_18 (STDOUT, STG)#
#2025 01 20 21:07:32.964#Z#DEBUG#3e9c0372-d772-11ef-a5e8-eeee0a917297.mck-portal#flowable-async-job-executor-thread-5654#
[PollStageAppStatusExecution] 1c575421-2958-42d7-baf3-70da83739adf [2025-01-20T20:54:22.999350] Downloading zero_trust_sidecar_buildpack_1_5... (STDOUT, STG)#
#2025 01 20 21:07:32.964#Z#DEBUG#3e9c0372-d772-11ef-a5e8-eeee0a917297.mck-portal#flowable-async-job-executor-thread-5654#
[PollStageAppStatusExecution] 1c575421-2958-42d7-baf3-70da83739adf [2025-01-20T20:54:23.008143] Downloaded go_buildpack (STDOUT, STG)#
#2025 01 20 21:07:32.964#Z#DEBUG#3e9c0372-d772-11ef-a5e8-eeee0a917297.mck-portal#flowable-async-job-executor-thread-5654#
[PollStageAppStatusExecution] 1c575421-2958-42d7-baf3-70da83739adf [2025-01-20T20:54:23.008168] Downloading zero_trust_sidecar_buildpack_1_3... (STDOUT, STG)#
#2025 01 20 21:07:32.964#Z#DEBUG#3e9c0372-d772-11ef-a5e8-eeee0a917297.mck-portal#flowable-async-job-executor-thread-5654#
[PollStageAppStatusExecution] 1c575421-2958-42d7-baf3-70da83739adf [2025-01-20T20:54:23.011825] Downloaded zero_trust_sidecar_buildpack_1_5 (STDOUT, STG)#
#2025 01 20 21:07:32.964#Z#DEBUG#3e9c0372-d772-11ef-a5e8-eeee0a917297.mck-portal#flowable-async-job-executor-thread-5654#
[PollStageAppStatusExecution] 1c575421-2958-42d7-baf3-70da83739adf [2025-01-20T20:54:23.011848] Downloading zero_trust_sidecar_buildpack... (STDOUT, STG)#
#2025 01 20 21:07:32.964#Z#DEBUG#3e9c0372-d772-11ef-a5e8-eeee0a917297.mck-portal#flowable-async-job-executor-thread-5654#
[PollStageAppStatusExecution] 1c575421-2958-42d7-baf3-70da83739adf [2025-01-20T20:54:23.018151] Downloaded zero_trust_sidecar_buildpack_1_3 (STDOUT, STG)#
#2025 01 20 21:07:32.964#Z#DEBUG#3e9c0372-d772-11ef-a5e8-eeee0a917297.mck-portal#flowable-async-job-executor-thread-5654#
[PollStageAppStatusExecution] 1c575421-2958-42d7-baf3-70da83739adf [2025-01-20T20:54:23.018189] Downloading python_buildpack... (STDOUT, STG)#
#2025 01 20 21:07:32.964#Z#DEBUG#3e9c0372-d772-11ef-a5e8-eeee0a917297.mck-portal#flowable-async-job-executor-thread-5654#
[PollStageAppStatusExecution] 1c575421-2958-42d7-baf3-70da83739adf [2025-01-20T20:54:23.025138] Downloaded zero_trust_sidecar_buildpack (STDOUT, STG)#
#2025 01 20 21:07:32.964#Z#DEBUG#3e9c0372-d772-11ef-a5e8-eeee0a917297.mck-portal#flowable-async-job-executor-thread-5654#
[PollStageAppStatusExecution] 1c575421-2958-42d7-baf3-70da83739adf [2025-01-20T20:54:23.025161] Downloading php_buildpack... (STDOUT, STG)#
#2025 01 20 21:07:32.964#Z#DEBUG#3e9c0372-d772-11ef-a5e8-eeee0a917297.mck-portal#flowable-async-job-executor-thread-5654#
[PollStageAppStatusExecution] 1c575421-2958-42d7-baf3-70da83739adf [2025-01-20T20:54:23.030248] Downloaded python_buildpack (STDOUT, STG)#
#2025 01 20 21:07:32.964#Z#DEBUG#3e9c0372-d772-11ef-a5e8-eeee0a917297.mck-portal#flowable-async-job-executor-thread-5654#
[PollStageAppStatusExecution] 1c575421-2958-42d7-baf3-70da83739adf [2025-01-20T20:54:23.038012] Downloaded php_buildpack (STDOUT, STG)#
#2025 01 20 21:07:32.964#Z#DEBUG#3e9c0372-d772-11ef-a5e8-eeee0a917297.mck-portal#flowable-async-job-executor-thread-5654#
[PollStageAppStatusExecution] 1c575421-2958-42d7-baf3-70da83739adf [2025-01-20T20:54:23.038083] Cell 61217269-d57d-40e1-9f62-4923e34e8173 creating container for instance fb6915a5-db85-4a70-934a-7fe9444a3216 (STDOUT, STG)#
#2025 01 20 21:07:32.964#Z#DEBUG#3e9c0372-d772-11ef-a5e8-eeee0a917297.mck-portal#flowable-async-job-executor-thread-5654#
[PollStageAppStatusExecution] 1c575421-2958-42d7-baf3-70da83739adf [2025-01-20T20:54:23.518940] Security group rules were updated (STDOUT, STG)#
#2025 01 20 21:07:32.964#Z#DEBUG#3e9c0372-d772-11ef-a5e8-eeee0a917297.mck-portal#flowable-async-job-executor-thread-5654#
[PollStageAppStatusExecution] 1c575421-2958-42d7-baf3-70da83739adf [2025-01-20T20:54:23.581143] Cell 61217269-d57d-40e1-9f62-4923e34e8173 successfully created container for instance fb6915a5-db85-4a70-934a-7fe9444a3216 (STDOUT, STG)#
#2025 01 20 21:07:32.964#Z#DEBUG#3e9c0372-d772-11ef-a5e8-eeee0a917297.mck-portal#flowable-async-job-executor-thread-5654#
[PollStageAppStatusExecution] 1c575421-2958-42d7-baf3-70da83739adf [2025-01-20T20:54:23.928128] Downloading app package... (STDOUT, STG)#
#2025 01 20 21:07:32.964#Z#DEBUG#3e9c0372-d772-11ef-a5e8-eeee0a917297.mck-portal#flowable-async-job-executor-thread-5654#
[PollStageAppStatusExecution] 1c575421-2958-42d7-baf3-70da83739adf [2025-01-20T20:54:23.928230] Downloading build artifacts cache... (STDOUT, STG)#
#2025 01 20 21:07:32.964#Z#DEBUG#3e9c0372-d772-11ef-a5e8-eeee0a917297.mck-portal#flowable-async-job-executor-thread-5654#
[PollStageAppStatusExecution] 1c575421-2958-42d7-baf3-70da83739adf [2025-01-20T20:54:23.953040] Downloaded build artifacts cache (224B) (STDOUT, STG)#
#2025 01 20 21:07:32.964#Z#DEBUG#3e9c0372-d772-11ef-a5e8-eeee0a917297.mck-portal#flowable-async-job-executor-thread-5654#
[PollStageAppStatusExecution] 1c575421-2958-42d7-baf3-70da83739adf [2025-01-20T20:54:24.977541] Downloaded app package (7.4M) (STDOUT, STG)#
#2025 01 20 21:07:32.964#Z#DEBUG#3e9c0372-d772-11ef-a5e8-eeee0a917297.mck-portal#flowable-async-job-executor-thread-5654#
[PollStageAppStatusExecution] 1c575421-2958-42d7-baf3-70da83739adf [2025-01-20T20:54:25.641787] -----> Nodejs Buildpack version 1.8.30 (STDOUT, STG)#
#2025 01 20 21:07:32.964#Z#DEBUG#3e9c0372-d772-11ef-a5e8-eeee0a917297.mck-portal#flowable-async-job-executor-thread-5654#
[PollStageAppStatusExecution] 1c575421-2958-42d7-baf3-70da83739adf [2025-01-20T20:54:26.012610] -----> Bootstrapping python (STDOUT, STG)#
#2025 01 20 21:07:32.964#Z#DEBUG#3e9c0372-d772-11ef-a5e8-eeee0a917297.mck-portal#flowable-async-job-executor-thread-5654#
[PollStageAppStatusExecution] 1c575421-2958-42d7-baf3-70da83739adf [2025-01-20T20:54:26.012634] -----> Installing python 3.11.10 (STDOUT, STG)#
#2025 01 20 21:07:32.964#Z#DEBUG#3e9c0372-d772-11ef-a5e8-eeee0a917297.mck-portal#flowable-async-job-executor-thread-5654#
[PollStageAppStatusExecution] 1c575421-2958-42d7-baf3-70da83739adf [2025-01-20T20:54:26.012707] Copy [/tmp/buildpacks/82589c9a8ddc2533/dependencies/1702ca2a28e126415ac89dabbae15144/python_3.11.10_linux_x64_cflinuxfs4_3bbfe1c5.tgz] (STDOUT, STG)#
#2025 01 20 21:07:32.964#Z#DEBUG#3e9c0372-d772-11ef-a5e8-eeee0a917297.mck-portal#flowable-async-job-executor-thread-5654#
[PollStageAppStatusExecution] 1c575421-2958-42d7-baf3-70da83739adf [2025-01-20T20:54:29.706693] -----> Installing binaries (STDOUT, STG)#
#2025 01 20 21:07:32.964#Z#DEBUG#3e9c0372-d772-11ef-a5e8-eeee0a917297.mck-portal#flowable-async-job-executor-thread-5654#
[PollStageAppStatusExecution] 1c575421-2958-42d7-baf3-70da83739adf [2025-01-20T20:54:29.706872] engines.node (package.json): ^20 (STDOUT, STG)#
#2025 01 20 21:07:32.964#Z#DEBUG#3e9c0372-d772-11ef-a5e8-eeee0a917297.mck-portal#flowable-async-job-executor-thread-5654#
[PollStageAppStatusExecution] 1c575421-2958-42d7-baf3-70da83739adf [2025-01-20T20:54:29.706907] engines.npm (package.json): unspecified (use default) (STDOUT, STG)#
#2025 01 20 21:07:32.964#Z#DEBUG#3e9c0372-d772-11ef-a5e8-eeee0a917297.mck-portal#flowable-async-job-executor-thread-5654#
[PollStageAppStatusExecution] 1c575421-2958-42d7-baf3-70da83739adf [2025-01-20T20:54:29.706922] -----> Installing node 20.18.0 (STDOUT, STG)#
#2025 01 20 21:07:32.964#Z#DEBUG#3e9c0372-d772-11ef-a5e8-eeee0a917297.mck-portal#flowable-async-job-executor-thread-5654#
[PollStageAppStatusExecution] 1c575421-2958-42d7-baf3-70da83739adf [2025-01-20T20:54:29.707176] Copy [/tmp/buildpacks/82589c9a8ddc2533/dependencies/aa0b24acf498179e56ffe08b335562ce/node_20.18.0_linux_x64_cflinuxfs4_db6d7cd8.tgz] (STDOUT, STG)#
#2025 01 20 21:07:32.964#Z#DEBUG#3e9c0372-d772-11ef-a5e8-eeee0a917297.mck-portal#flowable-async-job-executor-thread-5654#
[PollStageAppStatusExecution] 1c575421-2958-42d7-baf3-70da83739adf [2025-01-20T20:54:31.681594] Using default npm version: 10.8.2 (STDOUT, STG)#
#2025 01 20 21:07:32.964#Z#DEBUG#3e9c0372-d772-11ef-a5e8-eeee0a917297.mck-portal#flowable-async-job-executor-thread-5654#
[PollStageAppStatusExecution] 1c575421-2958-42d7-baf3-70da83739adf [2025-01-20T20:54:31.681625] -----> Installing yarn 1.22.19 (STDOUT, STG)#
#2025 01 20 21:07:32.964#Z#DEBUG#3e9c0372-d772-11ef-a5e8-eeee0a917297.mck-portal#flowable-async-job-executor-thread-5654#
[PollStageAppStatusExecution] 1c575421-2958-42d7-baf3-70da83739adf [2025-01-20T20:54:31.681894] Copy [/tmp/buildpacks/82589c9a8ddc2533/dependencies/0f06052381cbcef1593bd279ca3d9458/yarn_1.22.19_linux_noarch_any-stack_32d0e82e.tgz] (STDOUT, STG)#
#2025 01 20 21:07:32.964#Z#DEBUG#3e9c0372-d772-11ef-a5e8-eeee0a917297.mck-portal#flowable-async-job-executor-thread-5654#
[PollStageAppStatusExecution] 1c575421-2958-42d7-baf3-70da83739adf [2025-01-20T20:54:31.993222] Installed yarn 1.22.19 (STDOUT, STG)#
#2025 01 20 21:07:32.964#Z#DEBUG#3e9c0372-d772-11ef-a5e8-eeee0a917297.mck-portal#flowable-async-job-executor-thread-5654#
[PollStageAppStatusExecution] 1c575421-2958-42d7-baf3-70da83739adf [2025-01-20T20:54:31.993242] -----> Creating runtime environment (STDOUT, STG)#
#2025 01 20 21:07:32.964#Z#DEBUG#3e9c0372-d772-11ef-a5e8-eeee0a917297.mck-portal#flowable-async-job-executor-thread-5654#
[PollStageAppStatusExecution] 1c575421-2958-42d7-baf3-70da83739adf [2025-01-20T20:54:31.994959] NODE_ENV=production (STDOUT, STG)#
#2025 01 20 21:07:32.964#Z#DEBUG#3e9c0372-d772-11ef-a5e8-eeee0a917297.mck-portal#flowable-async-job-executor-thread-5654#
[PollStageAppStatusExecution] 1c575421-2958-42d7-baf3-70da83739adf [2025-01-20T20:54:31.994970] NODE_HOME=/tmp/contents1690241412/deps/0/node (STDOUT, STG)#
#2025 01 20 21:07:32.964#Z#DEBUG#3e9c0372-d772-11ef-a5e8-eeee0a917297.mck-portal#flowable-async-job-executor-thread-5654#
[PollStageAppStatusExecution] 1c575421-2958-42d7-baf3-70da83739adf [2025-01-20T20:54:31.994978] NODE_MODULES_CACHE=true (STDOUT, STG)#
#2025 01 20 21:07:32.964#Z#DEBUG#3e9c0372-d772-11ef-a5e8-eeee0a917297.mck-portal#flowable-async-job-executor-thread-5654#
[PollStageAppStatusExecution] 1c575421-2958-42d7-baf3-70da83739adf [2025-01-20T20:54:31.994981] NODE_VERBOSE=false (STDOUT, STG)#
#2025 01 20 21:07:32.964#Z#DEBUG#3e9c0372-d772-11ef-a5e8-eeee0a917297.mck-portal#flowable-async-job-executor-thread-5654#
[PollStageAppStatusExecution] 1c575421-2958-42d7-baf3-70da83739adf [2025-01-20T20:54:31.994984] NPM_CONFIG_LOGLEVEL=error (STDOUT, STG)#
#2025 01 20 21:07:32.964#Z#DEBUG#3e9c0372-d772-11ef-a5e8-eeee0a917297.mck-portal#flowable-async-job-executor-thread-5654#
[PollStageAppStatusExecution] 1c575421-2958-42d7-baf3-70da83739adf [2025-01-20T20:54:31.994988] NPM_CONFIG_PRODUCTION=true (STDOUT, STG)#
#2025 01 20 21:07:32.964#Z#DEBUG#3e9c0372-d772-11ef-a5e8-eeee0a917297.mck-portal#flowable-async-job-executor-thread-5654#
[PollStageAppStatusExecution] 1c575421-2958-42d7-baf3-70da83739adf [2025-01-20T20:54:31.995083] -----> Building dependencies (STDOUT, STG)#
#2025 01 20 21:07:32.964#Z#DEBUG#3e9c0372-d772-11ef-a5e8-eeee0a917297.mck-portal#flowable-async-job-executor-thread-5654#
[PollStageAppStatusExecution] 1c575421-2958-42d7-baf3-70da83739adf [2025-01-20T20:54:31.995091] Prebuild detected (node_modules already exists) (STDOUT, STG)#
#2025 01 20 21:07:32.964#Z#DEBUG#3e9c0372-d772-11ef-a5e8-eeee0a917297.mck-portal#flowable-async-job-executor-thread-5654#
[PollStageAppStatusExecution] 1c575421-2958-42d7-baf3-70da83739adf [2025-01-20T20:54:31.995097] Rebuilding any native modules (STDOUT, STG)#
#2025 01 20 21:07:32.964#Z#DEBUG#3e9c0372-d772-11ef-a5e8-eeee0a917297.mck-portal#flowable-async-job-executor-thread-5654#
[PollStageAppStatusExecution] 1c575421-2958-42d7-baf3-70da83739adf [2025-01-20T20:54:32.690022] rebuilt dependencies successfully (STDOUT, STG)#
#2025 01 20 21:07:32.964#Z#DEBUG#3e9c0372-d772-11ef-a5e8-eeee0a917297.mck-portal#flowable-async-job-executor-thread-5654#
[PollStageAppStatusExecution] 1c575421-2958-42d7-baf3-70da83739adf [2025-01-20T20:54:32.692216] npm notice (STDOUT, STG)#
#2025 01 20 21:07:32.964#Z#DEBUG#3e9c0372-d772-11ef-a5e8-eeee0a917297.mck-portal#flowable-async-job-executor-thread-5654#
[PollStageAppStatusExecution] 1c575421-2958-42d7-baf3-70da83739adf [2025-01-20T20:54:32.692234] npm notice New major version of npm available! 10.8.2 -> 11.0.0 (STDOUT, STG)#
#2025 01 20 21:07:32.964#Z#DEBUG#3e9c0372-d772-11ef-a5e8-eeee0a917297.mck-portal#flowable-async-job-executor-thread-5654#
[PollStageAppStatusExecution] 1c575421-2958-42d7-baf3-70da83739adf [2025-01-20T20:54:32.692239] npm notice Changelog: https://github.com/npm/cli/releases/tag/v11.0.0 (STDOUT, STG)#
#2025 01 20 21:07:32.964#Z#DEBUG#3e9c0372-d772-11ef-a5e8-eeee0a917297.mck-portal#flowable-async-job-executor-thread-5654#
[PollStageAppStatusExecution] 1c575421-2958-42d7-baf3-70da83739adf [2025-01-20T20:54:32.692241] npm notice To update run: npm install -g npm@11.0.0 (STDOUT, STG)#
#2025 01 20 21:07:32.964#Z#DEBUG#3e9c0372-d772-11ef-a5e8-eeee0a917297.mck-portal#flowable-async-job-executor-thread-5654#
[PollStageAppStatusExecution] 1c575421-2958-42d7-baf3-70da83739adf [2025-01-20T20:54:32.692243] npm notice (STDOUT, STG)#
#2025 01 20 21:07:32.964#Z#DEBUG#3e9c0372-d772-11ef-a5e8-eeee0a917297.mck-portal#flowable-async-job-executor-thread-5654#
[PollStageAppStatusExecution] 1c575421-2958-42d7-baf3-70da83739adf [2025-01-20T20:54:32.704932] Installing any new modules (package.json + package-lock.json) (STDOUT, STG)#
#2025 01 20 21:07:32.964#Z#DEBUG#3e9c0372-d772-11ef-a5e8-eeee0a917297.mck-portal#flowable-async-job-executor-thread-5654#
[PollStageAppStatusExecution] 1c575421-2958-42d7-baf3-70da83739adf [2025-01-20T20:54:33.411434] up to date in 627ms (STDOUT, STG)#
#2025 01 20 21:07:32.964#Z#DEBUG#3e9c0372-d772-11ef-a5e8-eeee0a917297.mck-portal#flowable-async-job-executor-thread-5654#
[PollStageAppStatusExecution] 1c575421-2958-42d7-baf3-70da83739adf [2025-01-20T20:54:33.411501] 20 packages are looking for funding (STDOUT, STG)#
#2025 01 20 21:07:32.964#Z#DEBUG#3e9c0372-d772-11ef-a5e8-eeee0a917297.mck-portal#flowable-async-job-executor-thread-5654#
[PollStageAppStatusExecution] 1c575421-2958-42d7-baf3-70da83739adf [2025-01-20T20:54:33.411507] run `npm fund` for details (STDOUT, STG)#
#2025 01 20 21:07:32.964#Z#DEBUG#3e9c0372-d772-11ef-a5e8-eeee0a917297.mck-portal#flowable-async-job-executor-thread-5654#
[PollStageAppStatusExecution] 1c575421-2958-42d7-baf3-70da83739adf [2025-01-20T20:54:34.252413] Contrast Security no credentials found. Will not write environment files. (STDOUT, STG)#
#2025 01 20 21:07:32.964#Z#DEBUG#3e9c0372-d772-11ef-a5e8-eeee0a917297.mck-portal#flowable-async-job-executor-thread-5654#
[PollStageAppStatusExecution] 1c575421-2958-42d7-baf3-70da83739adf [2025-01-20T20:54:43.295514] Exit status 0 (STDOUT, STG)#
#2025 01 20 21:07:32.964#Z#DEBUG#3e9c0372-d772-11ef-a5e8-eeee0a917297.mck-portal#flowable-async-job-executor-thread-5654#
[PollStageAppStatusExecution] 1c575421-2958-42d7-baf3-70da83739adf [2025-01-20T20:54:43.295602] Uploading droplet, build artifacts cache... (STDOUT, STG)#
#2025 01 20 21:07:32.964#Z#DEBUG#3e9c0372-d772-11ef-a5e8-eeee0a917297.mck-portal#flowable-async-job-executor-thread-5654#
[PollStageAppStatusExecution] 1c575421-2958-42d7-baf3-70da83739adf [2025-01-20T20:54:43.295644] Uploading droplet... (STDOUT, STG)#
#2025 01 20 21:07:32.964#Z#DEBUG#3e9c0372-d772-11ef-a5e8-eeee0a917297.mck-portal#flowable-async-job-executor-thread-5654#
[PollStageAppStatusExecution] 1c575421-2958-42d7-baf3-70da83739adf [2025-01-20T20:54:43.295660] Uploading build artifacts cache... (STDOUT, STG)#
#2025 01 20 21:07:32.964#Z#DEBUG#3e9c0372-d772-11ef-a5e8-eeee0a917297.mck-portal#flowable-async-job-executor-thread-5654#
[PollStageAppStatusExecution] 1c575421-2958-42d7-baf3-70da83739adf [2025-01-20T20:54:43.317803] Uploaded build artifacts cache (224B) (STDOUT, STG)#
#2025 01 20 21:07:32.964#Z#DEBUG#3e9c0372-d772-11ef-a5e8-eeee0a917297.mck-portal#flowable-async-job-executor-thread-5654#
[PollStageAppStatusExecution] 1c575421-2958-42d7-baf3-70da83739adf [2025-01-20T20:54:44.195151] Creating droplet for app with guid 1c575421-2958-42d7-baf3-70da83739adf (STDOUT, API)#
#2025 01 20 21:07:32.964#Z#DEBUG#3e9c0372-d772-11ef-a5e8-eeee0a917297.mck-portal#flowable-async-job-executor-thread-5654#
[PollStageAppStatusExecution] 1c575421-2958-42d7-baf3-70da83739adf [2025-01-20T20:54:49.266783] Uploaded droplet (52.4M) (STDOUT, STG)#
#2025 01 20 21:07:32.964#Z#DEBUG#3e9c0372-d772-11ef-a5e8-eeee0a917297.mck-portal#flowable-async-job-executor-thread-5654#
[PollStageAppStatusExecution] 1c575421-2958-42d7-baf3-70da83739adf [2025-01-20T20:54:49.283086] Uploading complete (STDOUT, STG)#
#2025 01 20 21:07:32.964#Z#DEBUG#3e9c0372-d772-11ef-a5e8-eeee0a917297.mck-portal#flowable-async-job-executor-thread-5654#
[PollStageAppStatusExecution] 1c575421-2958-42d7-baf3-70da83739adf [2025-01-20T20:54:49.642555] Cell 61217269-d57d-40e1-9f62-4923e34e8173 stopping instance fb6915a5-db85-4a70-934a-7fe9444a3216 (STDOUT, STG)#
#2025 01 20 21:07:32.964#Z#DEBUG#3e9c0372-d772-11ef-a5e8-eeee0a917297.mck-portal#flowable-async-job-executor-thread-5654#
[PollStageAppStatusExecution] 1c575421-2958-42d7-baf3-70da83739adf [2025-01-20T20:54:49.642583] Cell 61217269-d57d-40e1-9f62-4923e34e8173 destroying container for instance fb6915a5-db85-4a70-934a-7fe9444a3216 (STDOUT, STG)#
#2025 01 20 21:07:32.964#Z#DEBUG#3e9c0372-d772-11ef-a5e8-eeee0a917297.mck-portal#flowable-async-job-executor-thread-5654#
[PollStageAppStatusExecution] 1c575421-2958-42d7-baf3-70da83739adf [2025-01-20T20:54:52.072603] Updated app with guid 1c575421-2958-42d7-baf3-70da83739adf ({:droplet_guid=>"4f0555da-60fe-4731-b2ee-f47f06e2459f"}) (STDOUT, API)#
#2025 01 20 21:07:32.964#Z#DEBUG#3e9c0372-d772-11ef-a5e8-eeee0a917297.mck-portal#flowable-async-job-executor-thread-5654#
[PollStageAppStatusExecution] 1c575421-2958-42d7-baf3-70da83739adf [2025-01-20T20:54:52.131260] Cell 61217269-d57d-40e1-9f62-4923e34e8173 successfully destroyed container for instance fb6915a5-db85-4a70-934a-7fe9444a3216 (STDOUT, STG)#
#2025 01 20 21:07:32.964#Z#DEBUG#3e9c0372-d772-11ef-a5e8-eeee0a917297.mck-portal#flowable-async-job-executor-thread-5654#
[PollStageAppStatusExecution] 1c575421-2958-42d7-baf3-70da83739adf [2025-01-20T20:54:52.325588] Creating revision for app with guid 1c575421-2958-42d7-baf3-70da83739adf (STDOUT, API)#
#2025 01 20 21:07:32.964#Z#DEBUG#3e9c0372-d772-11ef-a5e8-eeee0a917297.mck-portal#flowable-async-job-executor-thread-5654#
[PollStageAppStatusExecution] 1c575421-2958-42d7-baf3-70da83739adf [2025-01-20T20:54:52.367759] Starting app with guid 1c575421-2958-42d7-baf3-70da83739adf (STDOUT, API)#
#2025 01 20 21:07:32.964#Z#DEBUG#3e9c0372-d772-11ef-a5e8-eeee0a917297.mck-portal#flowable-async-job-executor-thread-5654#
[PollStageAppStatusExecution] 1c575421-2958-42d7-baf3-70da83739adf [2025-01-20T20:54:52.538850] Cell c69f69fd-7b4a-4e38-97ee-d79dab0fed51 creating container for instance 9e20b085-0911-40e8-673b-d5d9 (STDOUT, CELL)#
#2025 01 20 21:07:32.964#Z#DEBUG#3e9c0372-d772-11ef-a5e8-eeee0a917297.mck-portal#flowable-async-job-executor-thread-5654#
[PollStageAppStatusExecution] 1c575421-2958-42d7-baf3-70da83739adf [2025-01-20T20:54:53.384154] Security group rules were updated (STDOUT, CELL)#
#2025 01 20 21:07:32.964#Z#DEBUG#3e9c0372-d772-11ef-a5e8-eeee0a917297.mck-portal#flowable-async-job-executor-thread-5654#
[PollStageAppStatusExecution] 1c575421-2958-42d7-baf3-70da83739adf [2025-01-20T20:54:53.466804] Cell c69f69fd-7b4a-4e38-97ee-d79dab0fed51 successfully created container for instance 9e20b085-0911-40e8-673b-d5d9 (STDOUT, CELL)#
#2025 01 20 21:07:32.964#Z#DEBUG#3e9c0372-d772-11ef-a5e8-eeee0a917297.mck-portal#flowable-async-job-executor-thread-5654#
[PollStageAppStatusExecution] 1c575421-2958-42d7-baf3-70da83739adf [2025-01-20T20:54:54.440600] Downloading droplet... (STDOUT, CELL)#
#2025 01 20 21:07:32.964#Z#DEBUG#3e9c0372-d772-11ef-a5e8-eeee0a917297.mck-portal#flowable-async-job-executor-thread-5654#
[PollStageAppStatusExecution] 1c575421-2958-42d7-baf3-70da83739adf [2025-01-20T20:55:01.460459] Downloaded droplet (52.4M) (STDOUT, CELL)#
#2025 01 20 21:07:32.964#Z#DEBUG#3e9c0372-d772-11ef-a5e8-eeee0a917297.mck-portal#flowable-async-job-executor-thread-5654#
[PollStageAppStatusExecution] 1c575421-2958-42d7-baf3-70da83739adf [2025-01-20T20:55:01.460672] Starting health monitoring of container (STDOUT, CELL)#
#2025 01 20 21:07:32.964#Z#DEBUG#3e9c0372-d772-11ef-a5e8-eeee0a917297.mck-portal#flowable-async-job-executor-thread-5654#
[PollStageAppStatusExecution] 1c575421-2958-42d7-baf3-70da83739adf [2025-01-20T20:55:01.603163] Invoking pre-start scripts. (STDOUT, APP/PROC/WEB)#
#2025 01 20 21:07:32.964#Z#DEBUG#3e9c0372-d772-11ef-a5e8-eeee0a917297.mck-portal#flowable-async-job-executor-thread-5654#
[PollStageAppStatusExecution] 1c575421-2958-42d7-baf3-70da83739adf [2025-01-20T20:55:02.141970] Invoking start command. (STDOUT, APP/PROC/WEB)#
#2025 01 20 21:07:32.964#Z#DEBUG#3e9c0372-d772-11ef-a5e8-eeee0a917297.mck-portal#flowable-async-job-executor-thread-5654#
[PollStageAppStatusExecution] 1c575421-2958-42d7-baf3-70da83739adf [2025-01-20T20:55:02.908143] > start (STDOUT, APP/PROC/WEB)#
#2025 01 20 21:07:32.964#Z#DEBUG#3e9c0372-d772-11ef-a5e8-eeee0a917297.mck-portal#flowable-async-job-executor-thread-5654#
[PollStageAppStatusExecution] 1c575421-2958-42d7-baf3-70da83739adf [2025-01-20T20:55:02.908189] > node node_modules/@sap/approuter/approuter.js (STDOUT, APP/PROC/WEB)#
#2025 01 20 21:07:32.964#Z#DEBUG#3e9c0372-d772-11ef-a5e8-eeee0a917297.mck-portal#flowable-async-job-executor-thread-5654#
[PollStageAppStatusExecution] 1c575421-2958-42d7-baf3-70da83739adf [2025-01-20T20:55:03.470945] {"written_at":"2025-01-20T20:55:03.467Z","written_ts":1737406503467000000,"csn_component":"-","correlation_id":"-","type":"log","logger":"nodejs-logger","layer":"/LoggingLibrary","level":"warning","container_id":"10.36.193.14","component_type":"application","component_id":"1c575421-2958-42d7-baf3-70da83739adf","component_name":"mck-portal","component_instance":-1,"source_instance":-1,"organization_id":"557795fb-ec02-41f6-b249-2b9c73ac8438","organization_name":"McKesson Corporation_discovery-sunrise","space_id":"2742a945-aac7-4753-a013-50fdd526e1db","space_name":"Datasphere_Dev","context_id":"","msg":"Dynamic log level switching not available"} (STDOUT, APP/PROC/WEB)#
#2025 01 20 21:07:32.964#Z#DEBUG#3e9c0372-d772-11ef-a5e8-eeee0a917297.mck-portal#flowable-async-job-executor-thread-5654#
[PollStageAppStatusExecution] 1c575421-2958-42d7-baf3-70da83739adf [2025-01-20T20:55:04.203068] {"written_at":"2025-01-20T20:55:04.200Z","written_ts":1737406504200000000,"csn_component":"-","correlation_id":"m65iz2fd","type":"log","logger":"nodejs-logger","layer":"/approuter","level":"info","container_id":"10.36.193.14","component_type":"application","component_id":"1c575421-2958-42d7-baf3-70da83739adf","component_name":"mck-portal","component_instance":-1,"source_instance":-1,"organization_id":"557795fb-ec02-41f6-b249-2b9c73ac8438","organization_name":"McKesson Corporation_discovery-sunrise","space_id":"2742a945-aac7-4753-a013-50fdd526e1db","space_name":"Datasphere_Dev","context_id":"m65iz2fd","msg":"Application router version 17.1.0"} (STDOUT, APP/PROC/WEB)#
#2025 01 20 21:07:32.964#Z#DEBUG#3e9c0372-d772-11ef-a5e8-eeee0a917297.mck-portal#flowable-async-job-executor-thread-5654#
[PollStageAppStatusExecution] 1c575421-2958-42d7-baf3-70da83739adf [2025-01-20T20:55:04.212181] {"written_at":"2025-01-20T20:55:04.211Z","written_ts":1737406504211000000,"csn_component":"-","correlation_id":"m65iz2fn","type":"log","logger":"nodejs-logger","layer":"/Configuration","level":"info","container_id":"10.36.193.14","component_type":"application","component_id":"1c575421-2958-42d7-baf3-70da83739adf","component_name":"mck-portal","component_instance":-1,"source_instance":-1,"organization_id":"557795fb-ec02-41f6-b249-2b9c73ac8438","organization_name":"McKesson Corporation_discovery-sunrise","space_id":"2742a945-aac7-4753-a013-50fdd526e1db","space_name":"Datasphere_Dev","context_id":"m65iz2fn","msg":"No COOKIES environment variable"} (STDOUT, APP/PROC/WEB)#
#2025 01 20 21:07:32.964#Z#DEBUG#3e9c0372-d772-11ef-a5e8-eeee0a917297.mck-portal#flowable-async-job-executor-thread-5654#
[PollStageAppStatusExecution] 1c575421-2958-42d7-baf3-70da83739adf [2025-01-20T20:55:04.329144] {"written_at":"2025-01-20T20:55:04.328Z","written_ts":1737406504328000000,"csn_component":"-","correlation_id":"m65iz2fd","type":"log","logger":"nodejs-logger","layer":"/approuter","level":"info","container_id":"10.36.193.14","component_type":"application","component_id":"1c575421-2958-42d7-baf3-70da83739adf","component_name":"mck-portal","component_instance":-1,"source_instance":-1,"organization_id":"557795fb-ec02-41f6-b249-2b9c73ac8438","organization_name":"McKesson Corporation_discovery-sunrise","space_id":"2742a945-aac7-4753-a013-50fdd526e1db","space_name":"Datasphere_Dev","context_id":"m65iz2fd","msg":"Application router is listening on port: 8080"} (STDOUT, APP/PROC/WEB)#
#2025 01 20 21:07:32.964#Z#DEBUG#3e9c0372-d772-11ef-a5e8-eeee0a917297.mck-portal#flowable-async-job-executor-thread-5654#
[PollStageAppStatusExecution] 1c575421-2958-42d7-baf3-70da83739adf [2025-01-20T20:55:05.998185] Container became healthy (STDOUT, CELL)#
#2025 01 20 21:07:32.964#Z#DEBUG#3e9c0372-d772-11ef-a5e8-eeee0a917297.mck-portal#flowable-async-job-executor-thread-5654#
[PollStageAppStatusExecution] 1c575421-2958-42d7-baf3-70da83739adf [2025-01-20T20:55:06.029306] Process became ready with guid 1c575421-2958-42d7-baf3-70da83739adf payload: {"instance"=>"9e20b085-0911-40e8-673b-d5d9", "index"=>0, "cell_id"=>"c69f69fd-7b4a-4e38-97ee-d79dab0fed51", "ready"=>true, "version"=>"18d1c066-e148-4c19-9613-28bbc4ccdb8b"} (STDOUT, API)#
#2025 01 20 21:07:32.964#Z#DEBUG#3e9c0372-d772-11ef-a5e8-eeee0a917297.mck-portal#flowable-async-job-executor-thread-5654#
[PollStageAppStatusExecution] 1c575421-2958-42d7-baf3-70da83739adf [2025-01-20T20:55:28.509156] Cell f3586a5f-5e3c-4bf8-b1be-4b7127277bf7 destroying container for instance 9694dd78-58da-4f51-4117-bdab (STDOUT, CELL)#
#2025 01 20 21:07:32.964#Z#DEBUG#3e9c0372-d772-11ef-a5e8-eeee0a917297.mck-portal#flowable-async-job-executor-thread-5654#
[PollStageAppStatusExecution] 1c575421-2958-42d7-baf3-70da83739adf [2025-01-20T20:55:28.663798] Exit status 137 (STDOUT, PROXY)#
#2025 01 20 21:07:32.964#Z#DEBUG#3e9c0372-d772-11ef-a5e8-eeee0a917297.mck-portal#flowable-async-job-executor-thread-5654#
[PollStageAppStatusExecution] 1c575421-2958-42d7-baf3-70da83739adf [2025-01-20T20:55:30.509259] Cell f3586a5f-5e3c-4bf8-b1be-4b7127277bf7 successfully destroyed container for instance 9694dd78-58da-4f51-4117-bdab (STDOUT, CELL)#
#2025 01 20 21:07:32.964#Z#DEBUG#3e9c0372-d772-11ef-a5e8-eeee0a917297.mck-portal#flowable-async-job-executor-thread-5654#
[PollStageAppStatusExecution] 1c575421-2958-42d7-baf3-70da83739adf [2025-01-20T21:07:13.972224] Uploading app package for app with guid 1c575421-2958-42d7-baf3-70da83739adf (STDOUT, API)#
#2025 01 20 21:07:32.964#Z#DEBUG#3e9c0372-d772-11ef-a5e8-eeee0a917297.mck-portal#flowable-async-job-executor-thread-5654#
[PollStageAppStatusExecution] 1c575421-2958-42d7-baf3-70da83739adf [2025-01-20T21:07:14.278806] Updated app with guid 1c575421-2958-42d7-baf3-70da83739adf ({"environment_variables"=>"[PRIVATE DATA HIDDEN]"}) (STDOUT, API)#
#2025 01 20 21:07:32.964#Z#DEBUG#3e9c0372-d772-11ef-a5e8-eeee0a917297.mck-portal#flowable-async-job-executor-thread-5654#
[PollStageAppStatusExecution] 1c575421-2958-42d7-baf3-70da83739adf [2025-01-20T21:07:23.224502] Stopping app with guid 1c575421-2958-42d7-baf3-70da83739adf (STDOUT, API)#
#2025 01 20 21:07:32.964#Z#DEBUG#3e9c0372-d772-11ef-a5e8-eeee0a917297.mck-portal#flowable-async-job-executor-thread-5654#
[PollStageAppStatusExecution] 1c575421-2958-42d7-baf3-70da83739adf [2025-01-20T21:07:23.305968] Cell c69f69fd-7b4a-4e38-97ee-d79dab0fed51 stopping instance 9e20b085-0911-40e8-673b-d5d9 (STDOUT, CELL)#
#2025 01 20 21:07:32.964#Z#DEBUG#3e9c0372-d772-11ef-a5e8-eeee0a917297.mck-portal#flowable-async-job-executor-thread-5654#
[PollStageAppStatusExecution] 1c575421-2958-42d7-baf3-70da83739adf [2025-01-20T21:07:23.479855] Creating build for app with guid 1c575421-2958-42d7-baf3-70da83739adf (STDOUT, API)#
#2025 01 20 21:07:32.964#Z#DEBUG#3e9c0372-d772-11ef-a5e8-eeee0a917297.mck-portal#flowable-async-job-executor-thread-5654#
[PollStageAppStatusExecution] 1c575421-2958-42d7-baf3-70da83739adf [2025-01-20T21:07:24.078270] Downloading sap_java_buildpack... (STDOUT, STG)#
#2025 01 20 21:07:32.964#Z#DEBUG#3e9c0372-d772-11ef-a5e8-eeee0a917297.mck-portal#flowable-async-job-executor-thread-5654#
[PollStageAppStatusExecution] 1c575421-2958-42d7-baf3-70da83739adf [2025-01-20T21:07:24.078271] Downloading nodejs_buildpack... (STDOUT, STG)#
#2025 01 20 21:07:32.964#Z#DEBUG#3e9c0372-d772-11ef-a5e8-eeee0a917297.mck-portal#flowable-async-job-executor-thread-5654#
[PollStageAppStatusExecution] 1c575421-2958-42d7-baf3-70da83739adf [2025-01-20T21:07:24.098348] Downloaded nodejs_buildpack (STDOUT, STG)#
#2025 01 20 21:07:32.964#Z#DEBUG#3e9c0372-d772-11ef-a5e8-eeee0a917297.mck-portal#flowable-async-job-executor-thread-5654#
[PollStageAppStatusExecution] 1c575421-2958-42d7-baf3-70da83739adf [2025-01-20T21:07:24.098367] Downloading zero_trust_sidecar_buildpack_1_6... (STDOUT, STG)#
#2025 01 20 21:07:32.964#Z#DEBUG#3e9c0372-d772-11ef-a5e8-eeee0a917297.mck-portal#flowable-async-job-executor-thread-5654#
[PollStageAppStatusExecution] 1c575421-2958-42d7-baf3-70da83739adf [2025-01-20T21:07:24.099031] Downloaded sap_java_buildpack (STDOUT, STG)#
#2025 01 20 21:07:32.964#Z#DEBUG#3e9c0372-d772-11ef-a5e8-eeee0a917297.mck-portal#flowable-async-job-executor-thread-5654#
[PollStageAppStatusExecution] 1c575421-2958-42d7-baf3-70da83739adf [2025-01-20T21:07:24.099047] Downloading sap_java_buildpack_1_107... (STDOUT, STG)#
#2025 01 20 21:07:32.964#Z#DEBUG#3e9c0372-d772-11ef-a5e8-eeee0a917297.mck-portal#flowable-async-job-executor-thread-5654#
[PollStageAppStatusExecution] 1c575421-2958-42d7-baf3-70da83739adf [2025-01-20T21:07:24.114295] Downloaded zero_trust_sidecar_buildpack_1_6 (STDOUT, STG)#
#2025 01 20 21:07:32.964#Z#DEBUG#3e9c0372-d772-11ef-a5e8-eeee0a917297.mck-portal#flowable-async-job-executor-thread-5654#
[PollStageAppStatusExecution] 1c575421-2958-42d7-baf3-70da83739adf [2025-01-20T21:07:24.114318] Downloading sap_java_buildpack_1_106... (STDOUT, STG)#
#2025 01 20 21:07:32.964#Z#DEBUG#3e9c0372-d772-11ef-a5e8-eeee0a917297.mck-portal#flowable-async-job-executor-thread-5654#
[PollStageAppStatusExecution] 1c575421-2958-42d7-baf3-70da83739adf [2025-01-20T21:07:24.115945] Downloaded sap_java_buildpack_1_107 (STDOUT, STG)#
#2025 01 20 21:07:32.964#Z#DEBUG#3e9c0372-d772-11ef-a5e8-eeee0a917297.mck-portal#flowable-async-job-executor-thread-5654#
[PollStageAppStatusExecution] 1c575421-2958-42d7-baf3-70da83739adf [2025-01-20T21:07:24.115961] Downloading sap_java_buildpack_1_105... (STDOUT, STG)#
#2025 01 20 21:07:32.964#Z#DEBUG#3e9c0372-d772-11ef-a5e8-eeee0a917297.mck-portal#flowable-async-job-executor-thread-5654#
[PollStageAppStatusExecution] 1c575421-2958-42d7-baf3-70da83739adf [2025-01-20T21:07:24.129421] Downloaded sap_java_buildpack_1_106 (STDOUT, STG)#
#2025 01 20 21:07:32.964#Z#DEBUG#3e9c0372-d772-11ef-a5e8-eeee0a917297.mck-portal#flowable-async-job-executor-thread-5654#
[PollStageAppStatusExecution] 1c575421-2958-42d7-baf3-70da83739adf [2025-01-20T21:07:24.129453] Downloading sap_java_buildpack_jakarta... (STDOUT, STG)#
#2025 01 20 21:07:32.964#Z#DEBUG#3e9c0372-d772-11ef-a5e8-eeee0a917297.mck-portal#flowable-async-job-executor-thread-5654#
[PollStageAppStatusExecution] 1c575421-2958-42d7-baf3-70da83739adf [2025-01-20T21:07:24.131494] Downloaded sap_java_buildpack_1_105 (STDOUT, STG)#
#2025 01 20 21:07:32.964#Z#DEBUG#3e9c0372-d772-11ef-a5e8-eeee0a917297.mck-portal#flowable-async-job-executor-thread-5654#
[PollStageAppStatusExecution] 1c575421-2958-42d7-baf3-70da83739adf [2025-01-20T21:07:24.131511] Downloading sap_java_buildpack_jakarta_2_22... (STDOUT, STG)#
#2025 01 20 21:07:32.964#Z#DEBUG#3e9c0372-d772-11ef-a5e8-eeee0a917297.mck-portal#flowable-async-job-executor-thread-5654#
[PollStageAppStatusExecution] 1c575421-2958-42d7-baf3-70da83739adf [2025-01-20T21:07:24.140237] Downloaded sap_java_buildpack_jakarta (STDOUT, STG)#
#2025 01 20 21:07:32.964#Z#DEBUG#3e9c0372-d772-11ef-a5e8-eeee0a917297.mck-portal#flowable-async-job-executor-thread-5654#
[PollStageAppStatusExecution] 1c575421-2958-42d7-baf3-70da83739adf [2025-01-20T21:07:24.140253] Downloading sap_java_buildpack_jakarta_2_21... (STDOUT, STG)#
#2025 01 20 21:07:32.964#Z#DEBUG#3e9c0372-d772-11ef-a5e8-eeee0a917297.mck-portal#flowable-async-job-executor-thread-5654#
[PollStageAppStatusExecution] 1c575421-2958-42d7-baf3-70da83739adf [2025-01-20T21:07:24.146130] Downloaded sap_java_buildpack_jakarta_2_22 (STDOUT, STG)#
#2025 01 20 21:07:32.964#Z#DEBUG#3e9c0372-d772-11ef-a5e8-eeee0a917297.mck-portal#flowable-async-job-executor-thread-5654#
[PollStageAppStatusExecution] 1c575421-2958-42d7-baf3-70da83739adf [2025-01-20T21:07:24.146145] Downloading sap_java_buildpack_jakarta_2_18... (STDOUT, STG)#
#2025 01 20 21:07:32.964#Z#DEBUG#3e9c0372-d772-11ef-a5e8-eeee0a917297.mck-portal#flowable-async-job-executor-thread-5654#
[PollStageAppStatusExecution] 1c575421-2958-42d7-baf3-70da83739adf [2025-01-20T21:07:24.155537] Downloaded sap_java_buildpack_jakarta_2_21 (STDOUT, STG)#
#2025 01 20 21:07:32.964#Z#DEBUG#3e9c0372-d772-11ef-a5e8-eeee0a917297.mck-portal#flowable-async-job-executor-thread-5654#
[PollStageAppStatusExecution] 1c575421-2958-42d7-baf3-70da83739adf [2025-01-20T21:07:24.155553] Downloading sap_java_buildpack_jakarta_2_20... (STDOUT, STG)#
#2025 01 20 21:07:32.964#Z#DEBUG#3e9c0372-d772-11ef-a5e8-eeee0a917297.mck-portal#flowable-async-job-executor-thread-5654#
[PollStageAppStatusExecution] 1c575421-2958-42d7-baf3-70da83739adf [2025-01-20T21:07:24.159774] Downloaded sap_java_buildpack_jakarta_2_18 (STDOUT, STG)#
#2025 01 20 21:07:32.964#Z#DEBUG#3e9c0372-d772-11ef-a5e8-eeee0a917297.mck-portal#flowable-async-job-executor-thread-5654#
[PollStageAppStatusExecution] 1c575421-2958-42d7-baf3-70da83739adf [2025-01-20T21:07:24.159790] Downloading zero_trust_sidecar_buildpack_1_3... (STDOUT, STG)#
#2025 01 20 21:07:32.964#Z#DEBUG#3e9c0372-d772-11ef-a5e8-eeee0a917297.mck-portal#flowable-async-job-executor-thread-5654#
[PollStageAppStatusExecution] 1c575421-2958-42d7-baf3-70da83739adf [2025-01-20T21:07:24.166389] Downloaded sap_java_buildpack_jakarta_2_20 (STDOUT, STG)#
#2025 01 20 21:07:32.964#Z#DEBUG#3e9c0372-d772-11ef-a5e8-eeee0a917297.mck-portal#flowable-async-job-executor-thread-5654#
[PollStageAppStatusExecution] 1c575421-2958-42d7-baf3-70da83739adf [2025-01-20T21:07:24.166403] Downloading zero_trust_sidecar_buildpack... (STDOUT, STG)#
#2025 01 20 21:07:32.964#Z#DEBUG#3e9c0372-d772-11ef-a5e8-eeee0a917297.mck-portal#flowable-async-job-executor-thread-5654#
[PollStageAppStatusExecution] 1c575421-2958-42d7-baf3-70da83739adf [2025-01-20T21:07:24.175712] Downloaded zero_trust_sidecar_buildpack_1_3 (STDOUT, STG)#
#2025 01 20 21:07:32.964#Z#DEBUG#3e9c0372-d772-11ef-a5e8-eeee0a917297.mck-portal#flowable-async-job-executor-thread-5654#
[PollStageAppStatusExecution] 1c575421-2958-42d7-baf3-70da83739adf [2025-01-20T21:07:24.175735] Downloading staticfile_buildpack... (STDOUT, STG)#
#2025 01 20 21:07:32.964#Z#DEBUG#3e9c0372-d772-11ef-a5e8-eeee0a917297.mck-portal#flowable-async-job-executor-thread-5654#
[PollStageAppStatusExecution] 1c575421-2958-42d7-baf3-70da83739adf [2025-01-20T21:07:24.184122] Downloaded zero_trust_sidecar_buildpack (STDOUT, STG)#
#2025 01 20 21:07:32.964#Z#DEBUG#3e9c0372-d772-11ef-a5e8-eeee0a917297.mck-portal#flowable-async-job-executor-thread-5654#
[PollStageAppStatusExecution] 1c575421-2958-42d7-baf3-70da83739adf [2025-01-20T21:07:24.189878] Downloading php_buildpack... (STDOUT, STG)#
#2025 01 20 21:07:32.964#Z#DEBUG#3e9c0372-d772-11ef-a5e8-eeee0a917297.mck-portal#flowable-async-job-executor-thread-5654#
[PollStageAppStatusExecution] 1c575421-2958-42d7-baf3-70da83739adf [2025-01-20T21:07:24.191128] Downloaded staticfile_buildpack (STDOUT, STG)#
#2025 01 20 21:07:32.964#Z#DEBUG#3e9c0372-d772-11ef-a5e8-eeee0a917297.mck-portal#flowable-async-job-executor-thread-5654#
[PollStageAppStatusExecution] 1c575421-2958-42d7-baf3-70da83739adf [2025-01-20T21:07:24.191145] Downloading go_buildpack... (STDOUT, STG)#
#2025 01 20 21:07:32.965#Z#DEBUG#3e9c0372-d772-11ef-a5e8-eeee0a917297.mck-portal#flowable-async-job-executor-thread-5654#
[PollStageAppStatusExecution] 1c575421-2958-42d7-baf3-70da83739adf [2025-01-20T21:07:24.205477] Downloaded php_buildpack (STDOUT, STG)#
#2025 01 20 21:07:32.965#Z#DEBUG#3e9c0372-d772-11ef-a5e8-eeee0a917297.mck-portal#flowable-async-job-executor-thread-5654#
[PollStageAppStatusExecution] 1c575421-2958-42d7-baf3-70da83739adf [2025-01-20T21:07:24.205497] Downloading python_buildpack... (STDOUT, STG)#
#2025 01 20 21:07:32.965#Z#DEBUG#3e9c0372-d772-11ef-a5e8-eeee0a917297.mck-portal#flowable-async-job-executor-thread-5654#
[PollStageAppStatusExecution] 1c575421-2958-42d7-baf3-70da83739adf [2025-01-20T21:07:24.207067] Downloaded go_buildpack (STDOUT, STG)#
#2025 01 20 21:07:32.965#Z#DEBUG#3e9c0372-d772-11ef-a5e8-eeee0a917297.mck-portal#flowable-async-job-executor-thread-5654#
[PollStageAppStatusExecution] 1c575421-2958-42d7-baf3-70da83739adf [2025-01-20T21:07:24.207084] Downloading nginx_buildpack... (STDOUT, STG)#
#2025 01 20 21:07:32.965#Z#DEBUG#3e9c0372-d772-11ef-a5e8-eeee0a917297.mck-portal#flowable-async-job-executor-thread-5654#
[PollStageAppStatusExecution] 1c575421-2958-42d7-baf3-70da83739adf [2025-01-20T21:07:24.221197] Downloaded python_buildpack (STDOUT, STG)#
#2025 01 20 21:07:32.965#Z#DEBUG#3e9c0372-d772-11ef-a5e8-eeee0a917297.mck-portal#flowable-async-job-executor-thread-5654#
[PollStageAppStatusExecution] 1c575421-2958-42d7-baf3-70da83739adf [2025-01-20T21:07:24.221219] Downloading binary_buildpack... (STDOUT, STG)#
#2025 01 20 21:07:32.965#Z#DEBUG#3e9c0372-d772-11ef-a5e8-eeee0a917297.mck-portal#flowable-async-job-executor-thread-5654#
[PollStageAppStatusExecution] 1c575421-2958-42d7-baf3-70da83739adf [2025-01-20T21:07:24.222363] Downloaded nginx_buildpack (STDOUT, STG)#
#2025 01 20 21:07:32.965#Z#DEBUG#3e9c0372-d772-11ef-a5e8-eeee0a917297.mck-portal#flowable-async-job-executor-thread-5654#
[PollStageAppStatusExecution] 1c575421-2958-42d7-baf3-70da83739adf [2025-01-20T21:07:24.222378] Downloading zero_trust_sidecar_buildpack_1_5... (STDOUT, STG)#
#2025 01 20 21:07:32.965#Z#DEBUG#3e9c0372-d772-11ef-a5e8-eeee0a917297.mck-portal#flowable-async-job-executor-thread-5654#
[PollStageAppStatusExecution] 1c575421-2958-42d7-baf3-70da83739adf [2025-01-20T21:07:24.237563] Downloaded binary_buildpack (STDOUT, STG)#
#2025 01 20 21:07:32.965#Z#DEBUG#3e9c0372-d772-11ef-a5e8-eeee0a917297.mck-portal#flowable-async-job-executor-thread-5654#
[PollStageAppStatusExecution] 1c575421-2958-42d7-baf3-70da83739adf [2025-01-20T21:07:24.237578] Downloading java_buildpack... (STDOUT, STG)#
#2025 01 20 21:07:32.965#Z#DEBUG#3e9c0372-d772-11ef-a5e8-eeee0a917297.mck-portal#flowable-async-job-executor-thread-5654#
[PollStageAppStatusExecution] 1c575421-2958-42d7-baf3-70da83739adf [2025-01-20T21:07:24.238556] Downloaded zero_trust_sidecar_buildpack_1_5 (STDOUT, STG)#
#2025 01 20 21:07:32.965#Z#DEBUG#3e9c0372-d772-11ef-a5e8-eeee0a917297.mck-portal#flowable-async-job-executor-thread-5654#
[PollStageAppStatusExecution] 1c575421-2958-42d7-baf3-70da83739adf [2025-01-20T21:07:24.252770] Downloaded java_buildpack (STDOUT, STG)#
#2025 01 20 21:07:32.965#Z#DEBUG#3e9c0372-d772-11ef-a5e8-eeee0a917297.mck-portal#flowable-async-job-executor-thread-5654#
[PollStageAppStatusExecution] 1c575421-2958-42d7-baf3-70da83739adf [2025-01-20T21:07:24.252851] Cell 997e2e5d-f0cc-4271-9493-25231780cd5f creating container for instance 596372ff-3f65-47fc-a60b-42818b8d0930 (STDOUT, STG)#
#2025 01 20 21:07:32.965#Z#DEBUG#3e9c0372-d772-11ef-a5e8-eeee0a917297.mck-portal#flowable-async-job-executor-thread-5654#
[PollStageAppStatusExecution] 1c575421-2958-42d7-baf3-70da83739adf [2025-01-20T21:07:24.785444] Security group rules were updated (STDOUT, STG)#
#2025 01 20 21:07:32.965#Z#DEBUG#3e9c0372-d772-11ef-a5e8-eeee0a917297.mck-portal#flowable-async-job-executor-thread-5654#
[PollStageAppStatusExecution] 1c575421-2958-42d7-baf3-70da83739adf [2025-01-20T21:07:24.875480] Cell 997e2e5d-f0cc-4271-9493-25231780cd5f successfully created container for instance 596372ff-3f65-47fc-a60b-42818b8d0930 (STDOUT, STG)#
#2025 01 20 21:07:32.965#Z#DEBUG#3e9c0372-d772-11ef-a5e8-eeee0a917297.mck-portal#flowable-async-job-executor-thread-5654#
[PollStageAppStatusExecution] 1c575421-2958-42d7-baf3-70da83739adf [2025-01-20T21:07:25.052965] Downloading app package... (STDOUT, STG)#
#2025 01 20 21:07:32.965#Z#DEBUG#3e9c0372-d772-11ef-a5e8-eeee0a917297.mck-portal#flowable-async-job-executor-thread-5654#
[PollStageAppStatusExecution] 1c575421-2958-42d7-baf3-70da83739adf [2025-01-20T21:07:25.052965] Downloading build artifacts cache... (STDOUT, STG)#
#2025 01 20 21:07:32.965#Z#DEBUG#3e9c0372-d772-11ef-a5e8-eeee0a917297.mck-portal#flowable-async-job-executor-thread-5654#
[PollStageAppStatusExecution] 1c575421-2958-42d7-baf3-70da83739adf [2025-01-20T21:07:25.081752] Downloaded build artifacts cache (224B) (STDOUT, STG)#
#2025 01 20 21:07:32.965#Z#DEBUG#3e9c0372-d772-11ef-a5e8-eeee0a917297.mck-portal#flowable-async-job-executor-thread-5654#
[PollStageAppStatusExecution] 1c575421-2958-42d7-baf3-70da83739adf [2025-01-20T21:07:26.003465] Downloaded app package (7.4M) (STDOUT, STG)#
#2025 01 20 21:07:32.965#Z#DEBUG#3e9c0372-d772-11ef-a5e8-eeee0a917297.mck-portal#flowable-async-job-executor-thread-5654#
[PollStageAppStatusExecution] 1c575421-2958-42d7-baf3-70da83739adf [2025-01-20T21:07:26.660175] -----> Nodejs Buildpack version 1.8.30 (STDOUT, STG)#
#2025 01 20 21:07:32.965#Z#DEBUG#3e9c0372-d772-11ef-a5e8-eeee0a917297.mck-portal#flowable-async-job-executor-thread-5654#
[PollStageAppStatusExecution] 1c575421-2958-42d7-baf3-70da83739adf [2025-01-20T21:07:27.035019] -----> Bootstrapping python (STDOUT, STG)#
#2025 01 20 21:07:32.965#Z#DEBUG#3e9c0372-d772-11ef-a5e8-eeee0a917297.mck-portal#flowable-async-job-executor-thread-5654#
[PollStageAppStatusExecution] 1c575421-2958-42d7-baf3-70da83739adf [2025-01-20T21:07:27.035046] -----> Installing python 3.11.10 (STDOUT, STG)#
#2025 01 20 21:07:32.965#Z#DEBUG#3e9c0372-d772-11ef-a5e8-eeee0a917297.mck-portal#flowable-async-job-executor-thread-5654#
[PollStageAppStatusExecution] 1c575421-2958-42d7-baf3-70da83739adf [2025-01-20T21:07:27.035110] Copy [/tmp/buildpacks/82589c9a8ddc2533/dependencies/1702ca2a28e126415ac89dabbae15144/python_3.11.10_linux_x64_cflinuxfs4_3bbfe1c5.tgz] (STDOUT, STG)#
#2025 01 20 21:07:32.965#Z#DEBUG#3e9c0372-d772-11ef-a5e8-eeee0a917297.mck-portal#flowable-async-job-executor-thread-5654#
[PollStageAppStatusExecution] 1c575421-2958-42d7-baf3-70da83739adf [2025-01-20T21:07:30.775131] -----> Installing binaries (STDOUT, STG)#
#2025 01 20 21:07:32.965#Z#DEBUG#3e9c0372-d772-11ef-a5e8-eeee0a917297.mck-portal#flowable-async-job-executor-thread-5654#
[PollStageAppStatusExecution] 1c575421-2958-42d7-baf3-70da83739adf [2025-01-20T21:07:30.775328] engines.node (package.json): ^20 (STDOUT, STG)#
#2025 01 20 21:07:32.965#Z#DEBUG#3e9c0372-d772-11ef-a5e8-eeee0a917297.mck-portal#flowable-async-job-executor-thread-5654#
[PollStageAppStatusExecution] 1c575421-2958-42d7-baf3-70da83739adf [2025-01-20T21:07:30.775355] engines.npm (package.json): unspecified (use default) (STDOUT, STG)#
#2025 01 20 21:07:32.965#Z#DEBUG#3e9c0372-d772-11ef-a5e8-eeee0a917297.mck-portal#flowable-async-job-executor-thread-5654#
[PollStageAppStatusExecution] 1c575421-2958-42d7-baf3-70da83739adf [2025-01-20T21:07:30.775415] -----> Installing node 20.18.0 (STDOUT, STG)#
#2025 01 20 21:07:32.965#Z#DEBUG#3e9c0372-d772-11ef-a5e8-eeee0a917297.mck-portal#flowable-async-job-executor-thread-5654#
[PollStageAppStatusExecution] 1c575421-2958-42d7-baf3-70da83739adf [2025-01-20T21:07:30.775592] Copy [/tmp/buildpacks/82589c9a8ddc2533/dependencies/aa0b24acf498179e56ffe08b335562ce/node_20.18.0_linux_x64_cflinuxfs4_db6d7cd8.tgz] (STDOUT, STG)#
#2025 01 20 21:07:42.974#Z#DEBUG#3e9c0372-d772-11ef-a5e8-eeee0a917297.mck-portal#flowable-async-job-executor-thread-5665#
[PollStageAppStatusExecution] 1c575421-2958-42d7-baf3-70da83739adf [2025-01-20T21:07:32.750185] Using default npm version: 10.8.2 (STDOUT, STG)#
#2025 01 20 21:07:42.974#Z#DEBUG#3e9c0372-d772-11ef-a5e8-eeee0a917297.mck-portal#flowable-async-job-executor-thread-5665#
[PollStageAppStatusExecution] 1c575421-2958-42d7-baf3-70da83739adf [2025-01-20T21:07:32.750210] -----> Installing yarn 1.22.19 (STDOUT, STG)#
#2025 01 20 21:07:42.974#Z#DEBUG#3e9c0372-d772-11ef-a5e8-eeee0a917297.mck-portal#flowable-async-job-executor-thread-5665#
[PollStageAppStatusExecution] 1c575421-2958-42d7-baf3-70da83739adf [2025-01-20T21:07:32.750365] Copy [/tmp/buildpacks/82589c9a8ddc2533/dependencies/0f06052381cbcef1593bd279ca3d9458/yarn_1.22.19_linux_noarch_any-stack_32d0e82e.tgz] (STDOUT, STG)#
#2025 01 20 21:07:42.974#Z#DEBUG#3e9c0372-d772-11ef-a5e8-eeee0a917297.mck-portal#flowable-async-job-executor-thread-5665#
[PollStageAppStatusExecution] 1c575421-2958-42d7-baf3-70da83739adf [2025-01-20T21:07:33.056846] Installed yarn 1.22.19 (STDOUT, STG)#
#2025 01 20 21:07:42.974#Z#DEBUG#3e9c0372-d772-11ef-a5e8-eeee0a917297.mck-portal#flowable-async-job-executor-thread-5665#
[PollStageAppStatusExecution] 1c575421-2958-42d7-baf3-70da83739adf [2025-01-20T21:07:33.056881] -----> Creating runtime environment (STDOUT, STG)#
#2025 01 20 21:07:42.974#Z#DEBUG#3e9c0372-d772-11ef-a5e8-eeee0a917297.mck-portal#flowable-async-job-executor-thread-5665#
[PollStageAppStatusExecution] 1c575421-2958-42d7-baf3-70da83739adf [2025-01-20T21:07:33.058674] NODE_ENV=production (STDOUT, STG)#
#2025 01 20 21:07:42.974#Z#DEBUG#3e9c0372-d772-11ef-a5e8-eeee0a917297.mck-portal#flowable-async-job-executor-thread-5665#
[PollStageAppStatusExecution] 1c575421-2958-42d7-baf3-70da83739adf [2025-01-20T21:07:33.058694] NODE_HOME=/tmp/contents695341530/deps/0/node (STDOUT, STG)#
#2025 01 20 21:07:42.974#Z#DEBUG#3e9c0372-d772-11ef-a5e8-eeee0a917297.mck-portal#flowable-async-job-executor-thread-5665#
[PollStageAppStatusExecution] 1c575421-2958-42d7-baf3-70da83739adf [2025-01-20T21:07:33.058697] NODE_MODULES_CACHE=true (STDOUT, STG)#
#2025 01 20 21:07:42.974#Z#DEBUG#3e9c0372-d772-11ef-a5e8-eeee0a917297.mck-portal#flowable-async-job-executor-thread-5665#
[PollStageAppStatusExecution] 1c575421-2958-42d7-baf3-70da83739adf [2025-01-20T21:07:33.058700] NODE_VERBOSE=false (STDOUT, STG)#
#2025 01 20 21:07:42.974#Z#DEBUG#3e9c0372-d772-11ef-a5e8-eeee0a917297.mck-portal#flowable-async-job-executor-thread-5665#
[PollStageAppStatusExecution] 1c575421-2958-42d7-baf3-70da83739adf [2025-01-20T21:07:33.058706] NPM_CONFIG_LOGLEVEL=error (STDOUT, STG)#
#2025 01 20 21:07:42.974#Z#DEBUG#3e9c0372-d772-11ef-a5e8-eeee0a917297.mck-portal#flowable-async-job-executor-thread-5665#
[PollStageAppStatusExecution] 1c575421-2958-42d7-baf3-70da83739adf [2025-01-20T21:07:33.058711] NPM_CONFIG_PRODUCTION=true (STDOUT, STG)#
#2025 01 20 21:07:42.974#Z#DEBUG#3e9c0372-d772-11ef-a5e8-eeee0a917297.mck-portal#flowable-async-job-executor-thread-5665#
[PollStageAppStatusExecution] 1c575421-2958-42d7-baf3-70da83739adf [2025-01-20T21:07:33.058731] -----> Building dependencies (STDOUT, STG)#
#2025 01 20 21:07:42.974#Z#DEBUG#3e9c0372-d772-11ef-a5e8-eeee0a917297.mck-portal#flowable-async-job-executor-thread-5665#
[PollStageAppStatusExecution] 1c575421-2958-42d7-baf3-70da83739adf [2025-01-20T21:07:33.058734] Prebuild detected (node_modules already exists) (STDOUT, STG)#
#2025 01 20 21:07:42.974#Z#DEBUG#3e9c0372-d772-11ef-a5e8-eeee0a917297.mck-portal#flowable-async-job-executor-thread-5665#
[PollStageAppStatusExecution] 1c575421-2958-42d7-baf3-70da83739adf [2025-01-20T21:07:33.058801] Rebuilding any native modules (STDOUT, STG)#
#2025 01 20 21:07:42.974#Z#DEBUG#3e9c0372-d772-11ef-a5e8-eeee0a917297.mck-portal#flowable-async-job-executor-thread-5665#
[PollStageAppStatusExecution] 1c575421-2958-42d7-baf3-70da83739adf [2025-01-20T21:07:33.775801] rebuilt dependencies successfully (STDOUT, STG)#
#2025 01 20 21:07:42.974#Z#DEBUG#3e9c0372-d772-11ef-a5e8-eeee0a917297.mck-portal#flowable-async-job-executor-thread-5665#
[PollStageAppStatusExecution] 1c575421-2958-42d7-baf3-70da83739adf [2025-01-20T21:07:33.777845] npm notice (STDOUT, STG)#
#2025 01 20 21:07:42.974#Z#DEBUG#3e9c0372-d772-11ef-a5e8-eeee0a917297.mck-portal#flowable-async-job-executor-thread-5665#
[PollStageAppStatusExecution] 1c575421-2958-42d7-baf3-70da83739adf [2025-01-20T21:07:33.777866] npm notice New major version of npm available! 10.8.2 -> 11.0.0 (STDOUT, STG)#
#2025 01 20 21:07:42.974#Z#DEBUG#3e9c0372-d772-11ef-a5e8-eeee0a917297.mck-portal#flowable-async-job-executor-thread-5665#
[PollStageAppStatusExecution] 1c575421-2958-42d7-baf3-70da83739adf [2025-01-20T21:07:33.777874] npm notice Changelog: https://github.com/npm/cli/releases/tag/v11.0.0 (STDOUT, STG)#
#2025 01 20 21:07:42.974#Z#DEBUG#3e9c0372-d772-11ef-a5e8-eeee0a917297.mck-portal#flowable-async-job-executor-thread-5665#
[PollStageAppStatusExecution] 1c575421-2958-42d7-baf3-70da83739adf [2025-01-20T21:07:33.777877] npm notice To update run: npm install -g npm@11.0.0 (STDOUT, STG)#
#2025 01 20 21:07:42.974#Z#DEBUG#3e9c0372-d772-11ef-a5e8-eeee0a917297.mck-portal#flowable-async-job-executor-thread-5665#
[PollStageAppStatusExecution] 1c575421-2958-42d7-baf3-70da83739adf [2025-01-20T21:07:33.777883] npm notice (STDOUT, STG)#
#2025 01 20 21:07:42.974#Z#DEBUG#3e9c0372-d772-11ef-a5e8-eeee0a917297.mck-portal#flowable-async-job-executor-thread-5665#
[PollStageAppStatusExecution] 1c575421-2958-42d7-baf3-70da83739adf [2025-01-20T21:07:33.790445] Installing any new modules (package.json + package-lock.json) (STDOUT, STG)#
#2025 01 20 21:07:42.974#Z#DEBUG#3e9c0372-d772-11ef-a5e8-eeee0a917297.mck-portal#flowable-async-job-executor-thread-5665#
[PollStageAppStatusExecution] 1c575421-2958-42d7-baf3-70da83739adf [2025-01-20T21:07:34.528547] up to date in 659ms (STDOUT, STG)#
#2025 01 20 21:07:42.974#Z#DEBUG#3e9c0372-d772-11ef-a5e8-eeee0a917297.mck-portal#flowable-async-job-executor-thread-5665#
[PollStageAppStatusExecution] 1c575421-2958-42d7-baf3-70da83739adf [2025-01-20T21:07:34.528664] 20 packages are looking for funding (STDOUT, STG)#
#2025 01 20 21:07:42.974#Z#DEBUG#3e9c0372-d772-11ef-a5e8-eeee0a917297.mck-portal#flowable-async-job-executor-thread-5665#
[PollStageAppStatusExecution] 1c575421-2958-42d7-baf3-70da83739adf [2025-01-20T21:07:34.528684] run `npm fund` for details (STDOUT, STG)#
#2025 01 20 21:07:42.974#Z#DEBUG#3e9c0372-d772-11ef-a5e8-eeee0a917297.mck-portal#flowable-async-job-executor-thread-5665#
[PollStageAppStatusExecution] 1c575421-2958-42d7-baf3-70da83739adf [2025-01-20T21:07:35.389149] Contrast Security no credentials found. Will not write environment files. (STDOUT, STG)#
#2025 01 20 21:07:52.984#Z#DEBUG#3e9c0372-d772-11ef-a5e8-eeee0a917297.mck-portal#flowable-async-job-executor-thread-5671#
[PollStageAppStatusExecution] 1c575421-2958-42d7-baf3-70da83739adf [2025-01-20T21:07:44.371303] Exit status 0 (STDOUT, STG)#
#2025 01 20 21:07:52.984#Z#DEBUG#3e9c0372-d772-11ef-a5e8-eeee0a917297.mck-portal#flowable-async-job-executor-thread-5671#
[PollStageAppStatusExecution] 1c575421-2958-42d7-baf3-70da83739adf [2025-01-20T21:07:44.371362] Uploading droplet, build artifacts cache... (STDOUT, STG)#
#2025 01 20 21:07:52.984#Z#DEBUG#3e9c0372-d772-11ef-a5e8-eeee0a917297.mck-portal#flowable-async-job-executor-thread-5671#
[PollStageAppStatusExecution] 1c575421-2958-42d7-baf3-70da83739adf [2025-01-20T21:07:44.371409] Uploading droplet... (STDOUT, STG)#
#2025 01 20 21:07:52.984#Z#DEBUG#3e9c0372-d772-11ef-a5e8-eeee0a917297.mck-portal#flowable-async-job-executor-thread-5671#
[PollStageAppStatusExecution] 1c575421-2958-42d7-baf3-70da83739adf [2025-01-20T21:07:44.371466] Uploading build artifacts cache... (STDOUT, STG)#
#2025 01 20 21:07:52.984#Z#DEBUG#3e9c0372-d772-11ef-a5e8-eeee0a917297.mck-portal#flowable-async-job-executor-thread-5671#
[PollStageAppStatusExecution] 1c575421-2958-42d7-baf3-70da83739adf [2025-01-20T21:07:44.402569] Uploaded build artifacts cache (224B) (STDOUT, STG)#
#2025 01 20 21:07:52.984#Z#DEBUG#3e9c0372-d772-11ef-a5e8-eeee0a917297.mck-portal#flowable-async-job-executor-thread-5671#
[PollStageAppStatusExecution] 1c575421-2958-42d7-baf3-70da83739adf [2025-01-20T21:07:45.192734] Creating droplet for app with guid 1c575421-2958-42d7-baf3-70da83739adf (STDOUT, API)#
#2025 01 20 21:07:52.984#Z#DEBUG#3e9c0372-d772-11ef-a5e8-eeee0a917297.mck-portal#flowable-async-job-executor-thread-5671#
[PollStageAppStatusExecution] 1c575421-2958-42d7-baf3-70da83739adf [2025-01-20T21:07:49.289845] Uploaded droplet (52.4M) (STDOUT, STG)#
#2025 01 20 21:07:52.984#Z#DEBUG#3e9c0372-d772-11ef-a5e8-eeee0a917297.mck-portal#flowable-async-job-executor-thread-5671#
[PollStageAppStatusExecution] 1c575421-2958-42d7-baf3-70da83739adf [2025-01-20T21:07:49.311976] Uploading complete (STDOUT, STG)#
#2025 01 20 21:07:52.984#Z#DEBUG#3e9c0372-d772-11ef-a5e8-eeee0a917297.mck-portal#flowable-async-job-executor-thread-5671#
[PollStageAppStatusExecution] 1c575421-2958-42d7-baf3-70da83739adf [2025-01-20T21:07:49.610985] Cell 997e2e5d-f0cc-4271-9493-25231780cd5f stopping instance 596372ff-3f65-47fc-a60b-42818b8d0930 (STDOUT, STG)#
#2025 01 20 21:07:52.984#Z#DEBUG#3e9c0372-d772-11ef-a5e8-eeee0a917297.mck-portal#flowable-async-job-executor-thread-5671#
[PollStageAppStatusExecution] 1c575421-2958-42d7-baf3-70da83739adf [2025-01-20T21:07:49.611042] Cell 997e2e5d-f0cc-4271-9493-25231780cd5f destroying container for instance 596372ff-3f65-47fc-a60b-42818b8d0930 (STDOUT, STG)#
#2025 01 20 21:07:52.984#Z#DEBUG#3e9c0372-d772-11ef-a5e8-eeee0a917297.mck-portal#flowable-async-job-executor-thread-5671#
[PollStageAppStatusExecution] 1c575421-2958-42d7-baf3-70da83739adf [2025-01-20T21:07:51.924142] Cell 997e2e5d-f0cc-4271-9493-25231780cd5f successfully destroyed container for instance 596372ff-3f65-47fc-a60b-42818b8d0930 (STDOUT, STG)#
#2025 01 20 21:08:03.062#Z#DEBUG#3e9c0372-d772-11ef-a5e8-eeee0a917297.mck-portal#flowable-async-job-executor-thread-5680#
[PollStartAppStatusExecution] 1c575421-2958-42d7-baf3-70da83739adf [2025-01-20T21:07:53.062250] Updated app with guid 1c575421-2958-42d7-baf3-70da83739adf ({:droplet_guid=>"655cc140-670e-48b4-ab53-cae8ab829043"}) (STDOUT, API)#
#2025 01 20 21:08:03.062#Z#DEBUG#3e9c0372-d772-11ef-a5e8-eeee0a917297.mck-portal#flowable-async-job-executor-thread-5680#
[PollStartAppStatusExecution] 1c575421-2958-42d7-baf3-70da83739adf [2025-01-20T21:07:53.291807] Creating revision for app with guid 1c575421-2958-42d7-baf3-70da83739adf (STDOUT, API)#
#2025 01 20 21:08:03.062#Z#DEBUG#3e9c0372-d772-11ef-a5e8-eeee0a917297.mck-portal#flowable-async-job-executor-thread-5680#
[PollStartAppStatusExecution] 1c575421-2958-42d7-baf3-70da83739adf [2025-01-20T21:07:53.326519] Starting app with guid 1c575421-2958-42d7-baf3-70da83739adf (STDOUT, API)#
#2025 01 20 21:08:03.062#Z#DEBUG#3e9c0372-d772-11ef-a5e8-eeee0a917297.mck-portal#flowable-async-job-executor-thread-5680#
[PollStartAppStatusExecution] 1c575421-2958-42d7-baf3-70da83739adf [2025-01-20T21:07:53.504165] Cell 0fb6986b-8c40-4c04-8bde-53aee995a655 creating container for instance f659db8a-2a91-4ff2-63c1-c4c4 (STDOUT, CELL)#
#2025 01 20 21:08:03.062#Z#DEBUG#3e9c0372-d772-11ef-a5e8-eeee0a917297.mck-portal#flowable-async-job-executor-thread-5680#
[PollStartAppStatusExecution] 1c575421-2958-42d7-baf3-70da83739adf [2025-01-20T21:07:53.953966] Security group rules were updated (STDOUT, CELL)#
#2025 01 20 21:08:03.062#Z#DEBUG#3e9c0372-d772-11ef-a5e8-eeee0a917297.mck-portal#flowable-async-job-executor-thread-5680#
[PollStartAppStatusExecution] 1c575421-2958-42d7-baf3-70da83739adf [2025-01-20T21:07:54.015537] Cell 0fb6986b-8c40-4c04-8bde-53aee995a655 successfully created container for instance f659db8a-2a91-4ff2-63c1-c4c4 (STDOUT, CELL)#
#2025 01 20 21:08:03.062#Z#DEBUG#3e9c0372-d772-11ef-a5e8-eeee0a917297.mck-portal#flowable-async-job-executor-thread-5680#
[PollStartAppStatusExecution] 1c575421-2958-42d7-baf3-70da83739adf [2025-01-20T21:07:54.187664] Downloading droplet... (STDOUT, CELL)#
#2025 01 20 21:08:03.062#Z#DEBUG#3e9c0372-d772-11ef-a5e8-eeee0a917297.mck-portal#flowable-async-job-executor-thread-5680#
[PollStartAppStatusExecution] 1c575421-2958-42d7-baf3-70da83739adf [2025-01-20T21:07:57.980235] Downloaded droplet (52.4M) (STDOUT, CELL)#
#2025 01 20 21:08:03.062#Z#DEBUG#3e9c0372-d772-11ef-a5e8-eeee0a917297.mck-portal#flowable-async-job-executor-thread-5680#
[PollStartAppStatusExecution] 1c575421-2958-42d7-baf3-70da83739adf [2025-01-20T21:07:57.980497] Starting health monitoring of container (STDOUT, CELL)#
#2025 01 20 21:08:03.062#Z#DEBUG#3e9c0372-d772-11ef-a5e8-eeee0a917297.mck-portal#flowable-async-job-executor-thread-5680#
[PollStartAppStatusExecution] 1c575421-2958-42d7-baf3-70da83739adf [2025-01-20T21:07:58.052810] Invoking pre-start scripts. (STDOUT, APP/PROC/WEB)#
#2025 01 20 21:08:03.062#Z#DEBUG#3e9c0372-d772-11ef-a5e8-eeee0a917297.mck-portal#flowable-async-job-executor-thread-5680#
[PollStartAppStatusExecution] 1c575421-2958-42d7-baf3-70da83739adf [2025-01-20T21:07:58.264802] Invoking start command. (STDOUT, APP/PROC/WEB)#
#2025 01 20 21:08:03.062#Z#DEBUG#3e9c0372-d772-11ef-a5e8-eeee0a917297.mck-portal#flowable-async-job-executor-thread-5680#
[PollStartAppStatusExecution] 1c575421-2958-42d7-baf3-70da83739adf [2025-01-20T21:07:58.589910] > start (STDOUT, APP/PROC/WEB)#
#2025 01 20 21:08:03.062#Z#DEBUG#3e9c0372-d772-11ef-a5e8-eeee0a917297.mck-portal#flowable-async-job-executor-thread-5680#
[PollStartAppStatusExecution] 1c575421-2958-42d7-baf3-70da83739adf [2025-01-20T21:07:58.589939] > node node_modules/@sap/approuter/approuter.js (STDOUT, APP/PROC/WEB)#
#2025 01 20 21:08:03.062#Z#DEBUG#3e9c0372-d772-11ef-a5e8-eeee0a917297.mck-portal#flowable-async-job-executor-thread-5680#
[PollStartAppStatusExecution] 1c575421-2958-42d7-baf3-70da83739adf [2025-01-20T21:07:58.853907] {"written_at":"2025-01-20T21:07:58.851Z","written_ts":1737407278851000000,"csn_component":"-","correlation_id":"-","type":"log","logger":"nodejs-logger","layer":"/LoggingLibrary","level":"warning","container_id":"10.36.193.18","component_type":"application","component_id":"1c575421-2958-42d7-baf3-70da83739adf","component_name":"mck-portal","component_instance":-1,"source_instance":-1,"organization_id":"557795fb-ec02-41f6-b249-2b9c73ac8438","organization_name":"McKesson Corporation_discovery-sunrise","space_id":"2742a945-aac7-4753-a013-50fdd526e1db","space_name":"Datasphere_Dev","context_id":"","msg":"Dynamic log level switching not available"} (STDOUT, APP/PROC/WEB)#
#2025 01 20 21:08:03.062#Z#DEBUG#3e9c0372-d772-11ef-a5e8-eeee0a917297.mck-portal#flowable-async-job-executor-thread-5680#
[PollStartAppStatusExecution] 1c575421-2958-42d7-baf3-70da83739adf [2025-01-20T21:07:59.160193] {"written_at":"2025-01-20T21:07:59.159Z","written_ts":1737407279159000000,"csn_component":"-","correlation_id":"m65jfodz","type":"log","logger":"nodejs-logger","layer":"/approuter","level":"info","container_id":"10.36.193.18","component_type":"application","component_id":"1c575421-2958-42d7-baf3-70da83739adf","component_name":"mck-portal","component_instance":-1,"source_instance":-1,"organization_id":"557795fb-ec02-41f6-b249-2b9c73ac8438","organization_name":"McKesson Corporation_discovery-sunrise","space_id":"2742a945-aac7-4753-a013-50fdd526e1db","space_name":"Datasphere_Dev","context_id":"m65jfodz","msg":"Application router version 17.1.0"} (STDOUT, APP/PROC/WEB)#
#2025 01 20 21:08:03.062#Z#DEBUG#3e9c0372-d772-11ef-a5e8-eeee0a917297.mck-portal#flowable-async-job-executor-thread-5680#
[PollStartAppStatusExecution] 1c575421-2958-42d7-baf3-70da83739adf [2025-01-20T21:07:59.162973] {"written_at":"2025-01-20T21:07:59.162Z","written_ts":1737407279162000000,"csn_component":"-","correlation_id":"m65jfoe2","type":"log","logger":"nodejs-logger","layer":"/Configuration","level":"info","container_id":"10.36.193.18","component_type":"application","component_id":"1c575421-2958-42d7-baf3-70da83739adf","component_name":"mck-portal","component_instance":-1,"source_instance":-1,"organization_id":"557795fb-ec02-41f6-b249-2b9c73ac8438","organization_name":"McKesson Corporation_discovery-sunrise","space_id":"2742a945-aac7-4753-a013-50fdd526e1db","space_name":"Datasphere_Dev","context_id":"m65jfoe2","msg":"No COOKIES environment variable"} (STDOUT, APP/PROC/WEB)#
#2025 01 20 21:08:03.062#Z#DEBUG#3e9c0372-d772-11ef-a5e8-eeee0a917297.mck-portal#flowable-async-job-executor-thread-5680#
[PollStartAppStatusExecution] 1c575421-2958-42d7-baf3-70da83739adf [2025-01-20T21:07:59.200900] {"written_at":"2025-01-20T21:07:59.200Z","written_ts":1737407279200000000,"csn_component":"-","correlation_id":"m65jfodz","type":"log","logger":"nodejs-logger","layer":"/approuter","level":"info","container_id":"10.36.193.18","component_type":"application","component_id":"1c575421-2958-42d7-baf3-70da83739adf","component_name":"mck-portal","component_instance":-1,"source_instance":-1,"organization_id":"557795fb-ec02-41f6-b249-2b9c73ac8438","organization_name":"McKesson Corporation_discovery-sunrise","space_id":"2742a945-aac7-4753-a013-50fdd526e1db","space_name":"Datasphere_Dev","context_id":"m65jfodz","msg":"Application router is listening on port: 8080"} (STDOUT, APP/PROC/WEB)#
#2025 01 20 21:08:03.062#Z#DEBUG#3e9c0372-d772-11ef-a5e8-eeee0a917297.mck-portal#flowable-async-job-executor-thread-5680#
[PollStartAppStatusExecution] 1c575421-2958-42d7-baf3-70da83739adf [2025-01-20T21:08:00.760285] Container became healthy (STDOUT, CELL)#
#2025 01 20 21:08:03.062#Z#DEBUG#3e9c0372-d772-11ef-a5e8-eeee0a917297.mck-portal#flowable-async-job-executor-thread-5680#
[PollStartAppStatusExecution] 1c575421-2958-42d7-baf3-70da83739adf [2025-01-20T21:08:00.784703] Process became ready with guid 1c575421-2958-42d7-baf3-70da83739adf payload: {"instance"=>"f659db8a-2a91-4ff2-63c1-c4c4", "index"=>0, "cell_id"=>"0fb6986b-8c40-4c04-8bde-53aee995a655", "ready"=>true, "version"=>"d6ff9fad-193e-415f-945c-ab9a681a2b7d"} (STDOUT, API)#
